0001_0049_0012_0027_0027.jpg 1 49 12 27 27
0002_0011_0024_0065_0065.jpg 1 11 24 65 65
0003_0039_0041_0053_0053.jpg 1 39 41 53 53
0004_0035_0023_0041_0041.jpg 1 35 23 41 41
0005_0046_0036_0041_0041.jpg 1 46 36 41 41
0006_0051_0025_0030_0030.jpg 1 51 25 30 30
0007_0010_0026_0055_0055.jpg 1 10 26 55 55
0008_0016_0011_0055_0055.jpg 1 16 11 55 55
0009_0054_0018_0037_0037.jpg 1 54 18 37 37
0010_0023_0067_0024_0024.jpg 1 23 67 24 24
0011_0051_0033_0039_0039.jpg 1 51 33 39 39
0012_0040_0012_0041_0041.jpg 1 40 12 41 41
0013_0008_0004_0060_0060.jpg 1 8 4 60 60
0014_0007_0037_0038_0038.jpg 1 7 37 38 38
0015_0023_0035_0040_0040.jpg 1 23 35 40 40
0016_0013_0054_0033_0033.jpg 1 13 54 33 33
0017_0024_0027_0028_0028.jpg 1 24 27 28 28
0018_0006_0005_0064_0064.jpg 1 6 5 64 64
0019_0021_0027_0037_0037.jpg 1 21 27 37 37
0020_0018_0016_0036_0036.jpg 1 18 16 36 36
0021_0040_0031_0045_0045.jpg 1 40 31 45 45
0022_0027_0025_0066_0066.jpg 1 27 25 66 66
0023_0014_0033_0057_0057.jpg 1 14 33 57 57
0024_0007_0042_0052_0052.jpg 1 7 42 52 52
0025_0023_0032_0062_0062.jpg 1 23 32 62 62
0026_0033_0021_0061_0061.jpg 1 33 21 61 61
0027_0008_0023_0065_0065.jpg 1 8 23 65 65
0028_0021_0043_0049_0049.jpg 1 21 43 49 49
0029_0036_0042_0050_0050.jpg 1 36 42 50 50
0030_0022_0013_0034_0034.jpg 1 22 13 34 34
0031_0033_0049_0044_0044.jpg 1 33 49 44 44
0032_0012_0019_0038_0038.jpg 1 12 19 38 38
0033_0032_0033_0030_0030.jpg 1 32 33 30 30
0034_0035_0037_0042_0042.jpg 1 35 37 42 42
0035_0048_0015_0043_0043.jpg 1 48 15 43 43
0036_0039_0028_0027_0027.jpg 1 39 28 27 27
0037_0004_0033_0061_0061.jpg 1 4 33 61 61
0038_0021_0020_0046_0046.jpg 1 21 20 46 46
0039_0023_0019_0066_0066.jpg 1 23 19 66 66
0040_0031_0030_0048_0048.jpg 1 31 30 48 48
0041_0038_0039_0031_0031.jpg 1 38 39 31 31
0042_0009_0038_0051_0051.jpg 1 9 38 51 51
0043_0050_0031_0044_0044.jpg 1 50 31 44 44
0044_0015_0012_0046_0046.jpg 1 15 12 46 46
0045_0011_0045_0033_0033.jpg 1 11 45 33 33
0046_0028_0029_0059_0059.jpg 1 28 29 59 59
0047_0056_0020_0026_0026.jpg 1 56 20 26 26
0048_0008_0007_0055_0055.jpg 1 8 7 55 55
0049_0023_0014_0041_0041.jpg 1 23 14 41 41
0050_0047_0026_0041_0041.jpg 1 47 26 41 41
0051_0038_0043_0047_0047.jpg 1 38 43 47 47
0052_0035_0008_0049_0049.jpg 1 35 8 49 49
0053_0014_0053_0026_0026.jpg 1 14 53 26 26
0054_0024_0043_0046_0046.jpg 1 24 43 46 46
0055_0020_0007_0050_0050.jpg 1 20 7 50 50
0056_0025_0026_0029_0029.jpg 1 25 26 29 29
0057_0021_0017_0032_0032.jpg 1 21 17 32 32
0058_0039_0017_0030_0030.jpg 1 39 17 30 30
0059_0014_0015_0059_0059.jpg 1 14 15 59 59
0060_0044_0016_0049_0049.jpg 1 44 16 49 49
0061_0048_0010_0029_0029.jpg 1 48 10 29 29
0062_0028_0024_0026_0026.jpg 1 28 24 26 26
0063_0028_0018_0063_0063.jpg 1 28 18 63 63
0064_0056_0037_0035_0035.jpg 1 56 37 35 35
0065_0028_0009_0058_0058.jpg 1 28 9 58 58
0066_0030_0026_0041_0041.jpg 1 30 26 41 41
0067_0012_0007_0038_0038.jpg 1 12 7 38 38
0068_0016_0036_0026_0026.jpg 1 16 36 26 26
0069_0006_0015_0047_0047.jpg 1 6 15 47 47
0070_0009_0003_0066_0066.jpg 1 9 3 66 66
0071_0027_0010_0065_0065.jpg 1 27 10 65 65
0072_0025_0020_0032_0032.jpg 1 25 20 32 32
0073_0006_0015_0034_0034.jpg 1 6 15 34 34
0074_0040_0037_0039_0039.jpg 1 40 37 39 39
0075_0049_0008_0043_0043.jpg 1 49 8 43 43
0076_0040_0048_0036_0036.jpg 1 40 48 36 36
0077_0050_0052_0040_0040.jpg 1 50 52 40 40
0078_0007_0043_0035_0035.jpg 1 7 43 35 35
0079_0012_0026_0069_0069.jpg 1 12 26 69 69
0080_0021_0004_0069_0069.jpg 1 21 4 69 69
0081_0057_0008_0035_0035.jpg 1 57 8 35 35
0082_0037_0021_0045_0045.jpg 1 37 21 45 45
0083_0052_0052_0025_0025.jpg 1 52 52 25 25
0084_0016_0012_0065_0065.jpg 1 16 12 65 65
0085_0026_0042_0048_0048.jpg 1 26 42 48 48
0086_0006_0011_0057_0057.jpg 1 6 11 57 57
0087_0023_0024_0061_0061.jpg 1 23 24 61 61
0088_0030_0046_0043_0043.jpg 1 30 46 43 43
0089_0028_0021_0066_0066.jpg 1 28 21 66 66
0090_0028_0023_0066_0066.jpg 1 28 23 66 66
0091_0017_0020_0067_0067.jpg 1 17 20 67 67
0092_0042_0050_0032_0032.jpg 1 42 50 32 32
0093_0034_0015_0034_0034.jpg 1 34 15 34 34
0094_0030_0019_0037_0037.jpg 1 30 19 37 37
0095_0012_0021_0061_0061.jpg 1 12 21 61 61
0096_0010_0021_0027_0027.jpg 1 10 21 27 27
0097_0012_0053_0039_0039.jpg 1 12 53 39 39
0098_0042_0035_0040_0040.jpg 1 42 35 40 40
0099_0025_0022_0044_0044.jpg 1 25 22 44 44
0100_0012_0026_0051_0051.jpg 1 12 26 51 51
0101_0048_0050_0041_0041.jpg 1 48 50 41 41
0102_0036_0014_0048_0048.jpg 1 36 14 48 48
0103_0022_0037_0056_0056.jpg 1 22 37 56 56
0104_0016_0022_0057_0057.jpg 1 16 22 57 57
0105_0055_0027_0036_0036.jpg 1 55 27 36 36
0106_0031_0014_0032_0032.jpg 1 31 14 32 32
0107_0010_0011_0064_0064.jpg 1 10 11 64 64
0108_0020_0058_0034_0034.jpg 1 20 58 34 34
0109_0030_0020_0056_0056.jpg 1 30 20 56 56
0110_0025_0024_0069_0069.jpg 1 25 24 69 69
0111_0009_0031_0051_0051.jpg 1 9 31 51 51
0112_0010_0024_0052_0052.jpg 1 10 24 52 52
0113_0007_0015_0036_0036.jpg 1 7 15 36 36
0114_0048_0039_0039_0039.jpg 1 48 39 39 39
0115_0016_0007_0068_0068.jpg 1 16 7 68 68
0116_0019_0045_0043_0043.jpg 1 19 45 43 43
0117_0033_0036_0042_0042.jpg 1 33 36 42 42
0118_0031_0031_0047_0047.jpg 1 31 31 47 47
0119_0008_0023_0027_0027.jpg 1 8 23 27 27
0120_0028_0018_0057_0057.jpg 1 28 18 57 57
0121_0009_0019_0030_0030.jpg 1 9 19 30 30
0122_0052_0046_0033_0033.jpg 1 52 46 33 33
0123_0019_0013_0051_0051.jpg 1 19 13 51 51
0124_0057_0061_0028_0028.jpg 1 57 61 28 28
0125_0029_0010_0065_0065.jpg 1 29 10 65 65
0126_0049_0046_0032_0032.jpg 1 49 46 32 32
0127_0038_0026_0051_0051.jpg 1 38 26 51 51
0128_0009_0009_0043_0043.jpg 1 9 9 43 43
0129_0016_0009_0047_0047.jpg 1 16 9 47 47
0130_0022_0010_0050_0050.jpg 1 22 10 50 50
0131_0006_0014_0066_0066.jpg 1 6 14 66 66
0132_0039_0011_0027_0027.jpg 1 39 11 27 27
0133_0017_0013_0069_0069.jpg 1 17 13 69 69
0134_0042_0025_0043_0043.jpg 1 42 25 43 43
0135_0042_0017_0037_0037.jpg 1 42 17 37 37
0136_0007_0020_0047_0047.jpg 1 7 20 47 47
0137_0046_0019_0043_0043.jpg 1 46 19 43 43
0138_0033_0030_0058_0058.jpg 1 33 30 58 58
0139_0020_0007_0055_0055.jpg 1 20 7 55 55
0140_0008_0019_0062_0062.jpg 1 8 19 62 62
0141_0007_0015_0043_0043.jpg 1 7 15 43 43
0142_0035_0025_0060_0060.jpg 1 35 25 60 60
0143_0020_0052_0028_0028.jpg 1 20 52 28 28
0144_0046_0049_0029_0029.jpg 1 46 49 29 29
0145_0032_0012_0047_0047.jpg 1 32 12 47 47
0146_0013_0028_0052_0052.jpg 1 13 28 52 52
0147_0010_0029_0028_0028.jpg 1 10 29 28 28
0148_0028_0019_0052_0052.jpg 1 28 19 52 52
0149_0030_0031_0026_0026.jpg 1 30 31 26 26
0150_0030_0015_0032_0032.jpg 1 30 15 32 32
0151_0024_0044_0049_0049.jpg 1 24 44 49 49
0152_0033_0044_0024_0024.jpg 1 33 44 24 24
0153_0037_0026_0055_0055.jpg 1 37 26 55 55
0154_0053_0048_0027_0027.jpg 1 53 48 27 27
0155_0031_0014_0055_0055.jpg 1 31 14 55 55
0156_0023_0034_0026_0026.jpg 1 23 34 26 26
0157_0031_0043_0028_0028.jpg 1 31 43 28 28
0158_0030_0035_0042_0042.jpg 1 30 35 42 42
0159_0042_0022_0047_0047.jpg 1 42 22 47 47
0160_0019_0007_0039_0039.jpg 1 19 7 39 39
0161_0037_0025_0046_0046.jpg 1 37 25 46 46
0162_0055_0051_0037_0037.jpg 1 55 51 37 37
0163_0020_0058_0033_0033.jpg 1 20 58 33 33
0164_0008_0033_0053_0053.jpg 1 8 33 53 53
0165_0023_0013_0034_0034.jpg 1 23 13 34 34
0166_0040_0022_0045_0045.jpg 1 40 22 45 45
0167_0012_0007_0063_0063.jpg 1 12 7 63 63
0168_0007_0024_0060_0060.jpg 1 7 24 60 60
0169_0012_0025_0059_0059.jpg 1 12 25 59 59
0170_0011_0013_0056_0056.jpg 1 11 13 56 56
0171_0010_0019_0044_0044.jpg 1 10 19 44 44
0172_0035_0033_0057_0057.jpg 1 35 33 57 57
0173_0011_0015_0035_0035.jpg 1 11 15 35 35
0174_0051_0012_0028_0028.jpg 1 51 12 28 28
0175_0023_0034_0039_0039.jpg 1 23 34 39 39
0176_0018_0040_0042_0042.jpg 1 18 40 42 42
0177_0036_0038_0034_0034.jpg 1 36 38 34 34
0178_0026_0042_0047_0047.jpg 1 26 42 47 47
0179_0037_0008_0054_0054.jpg 1 37 8 54 54
0180_0006_0015_0064_0064.jpg 1 6 15 64 64
0181_0007_0022_0056_0056.jpg 1 7 22 56 56
0182_0014_0014_0069_0069.jpg 1 14 14 69 69
0183_0046_0034_0042_0042.jpg 1 46 34 42 42
0184_0031_0045_0025_0025.jpg 1 31 45 25 25
0185_0047_0009_0036_0036.jpg 1 47 9 36 36
0186_0052_0052_0024_0024.jpg 1 52 52 24 24
0187_0004_0039_0054_0054.jpg 1 4 39 54 54
0188_0029_0043_0024_0024.jpg 1 29 43 24 24
0189_0023_0013_0065_0065.jpg 1 23 13 65 65
0190_0027_0040_0050_0050.jpg 1 27 40 50 50
0191_0005_0011_0044_0044.jpg 1 5 11 44 44
0192_0036_0036_0056_0056.jpg 1 36 36 56 56
0193_0016_0036_0049_0049.jpg 1 16 36 49 49
0194_0019_0046_0031_0031.jpg 1 19 46 31 31
0195_0012_0015_0068_0068.jpg 1 12 15 68 68
0196_0021_0030_0060_0060.jpg 1 21 30 60 60
0197_0022_0018_0024_0024.jpg 1 22 18 24 24
0198_0019_0036_0046_0046.jpg 1 19 36 46 46
0199_0014_0039_0041_0041.jpg 1 14 39 41 41
0200_0043_0018_0044_0044.jpg 1 43 18 44 44
0201_0059_0012_0033_0033.jpg 1 59 12 33 33
0202_0010_0009_0062_0062.jpg 1 10 9 62 62
0203_0015_0010_0054_0054.jpg 1 15 10 54 54
0204_0056_0055_0034_0034.jpg 1 56 55 34 34
0205_0018_0032_0031_0031.jpg 1 18 32 31 31
0206_0027_0051_0040_0040.jpg 1 27 51 40 40
0207_0044_0010_0028_0028.jpg 1 44 10 28 28
0208_0026_0048_0032_0032.jpg 1 26 48 32 32
0209_0023_0037_0053_0053.jpg 1 23 37 53 53
0210_0025_0012_0041_0041.jpg 1 25 12 41 41
0211_0021_0030_0026_0026.jpg 1 21 30 26 26
0212_0009_0040_0046_0046.jpg 1 9 40 46 46
0213_0020_0023_0039_0039.jpg 1 20 23 39 39
0214_0031_0016_0052_0052.jpg 1 31 16 52 52
0215_0025_0035_0039_0039.jpg 1 25 35 39 39
0216_0052_0030_0032_0032.jpg 1 52 30 32 32
0217_0034_0043_0050_0050.jpg 1 34 43 50 50
0218_0016_0015_0053_0053.jpg 1 16 15 53 53
0219_0036_0031_0054_0054.jpg 1 36 31 54 54
0220_0038_0014_0027_0027.jpg 1 38 14 27 27
0221_0033_0036_0056_0056.jpg 1 33 36 56 56
0222_0021_0021_0066_0066.jpg 1 21 21 66 66
0223_0024_0022_0027_0027.jpg 1 24 22 27 27
0224_0031_0008_0062_0062.jpg 1 31 8 62 62
0225_0023_0011_0066_0066.jpg 1 23 11 66 66
0226_0005_0023_0066_0066.jpg 1 5 23 66 66
0227_0029_0034_0060_0060.jpg 1 29 34 60 60
0228_0011_0007_0041_0041.jpg 1 11 7 41 41
0229_0019_0018_0038_0038.jpg 1 19 18 38 38
0230_0019_0028_0047_0047.jpg 1 19 28 47 47
0231_0014_0011_0069_0069.jpg 1 14 11 69 69
0232_0029_0028_0055_0055.jpg 1 29 28 55 55
0233_0015_0014_0063_0063.jpg 1 15 14 63 63
0234_0033_0023_0042_0042.jpg 1 33 23 42 42
0235_0051_0050_0037_0037.jpg 1 51 50 37 37
0236_0016_0036_0045_0045.jpg 1 16 36 45 45
0237_0048_0009_0039_0039.jpg 1 48 9 39 39
0238_0053_0043_0026_0026.jpg 1 53 43 26 26
0239_0040_0032_0049_0049.jpg 1 40 32 49 49
0240_0025_0014_0059_0059.jpg 1 25 14 59 59
0241_0017_0047_0044_0044.jpg 1 17 47 44 44
0242_0020_0038_0042_0042.jpg 1 20 38 42 42
0243_0013_0045_0039_0039.jpg 1 13 45 39 39
0244_0029_0045_0028_0028.jpg 1 29 45 28 28
0245_0011_0040_0049_0049.jpg 1 11 40 49 49
0246_0030_0005_0052_0052.jpg 1 30 5 52 52
0247_0048_0017_0037_0037.jpg 1 48 17 37 37
0248_0036_0020_0044_0044.jpg 1 36 20 44 44
0249_0031_0023_0047_0047.jpg 1 31 23 47 47
0250_0017_0035_0050_0050.jpg 1 17 35 50 50
0251_0022_0040_0046_0046.jpg 1 22 40 46 46
0252_0032_0026_0040_0040.jpg 1 32 26 40 40
0253_0003_0020_0066_0066.jpg 1 3 20 66 66
0254_0021_0010_0036_0036.jpg 1 21 10 36 36
0255_0055_0056_0036_0036.jpg 1 55 56 36 36
0256_0015_0024_0043_0043.jpg 1 15 24 43 43
0257_0031_0007_0049_0049.jpg 1 31 7 49 49
0258_0031_0033_0062_0062.jpg 1 31 33 62 62
0259_0023_0036_0040_0040.jpg 1 23 36 40 40
0260_0024_0015_0055_0055.jpg 1 24 15 55 55
0261_0006_0018_0054_0054.jpg 1 6 18 54 54
0262_0033_0007_0056_0056.jpg 1 33 7 56 56
0263_0018_0023_0034_0034.jpg 1 18 23 34 34
0264_0035_0033_0042_0042.jpg 1 35 33 42 42
0265_0016_0055_0033_0033.jpg 1 16 55 33 33
0266_0013_0018_0043_0043.jpg 1 13 18 43 43
0267_0044_0042_0026_0026.jpg 1 44 42 26 26
0268_0023_0030_0051_0051.jpg 1 23 30 51 51
0269_0010_0028_0039_0039.jpg 1 10 28 39 39
0270_0015_0017_0066_0066.jpg 1 15 17 66 66
0271_0016_0029_0030_0030.jpg 1 16 29 30 30
0272_0016_0029_0046_0046.jpg 1 16 29 46 46
0273_0029_0049_0037_0037.jpg 1 29 49 37 37
0274_0040_0034_0049_0049.jpg 1 40 34 49 49
0275_0011_0009_0061_0061.jpg 1 11 9 61 61
0276_0058_0027_0026_0026.jpg 1 58 27 26 26
0277_0037_0016_0046_0046.jpg 1 37 16 46 46
0278_0012_0037_0054_0054.jpg 1 12 37 54 54
0279_0026_0047_0045_0045.jpg 1 26 47 45 45
0280_0061_0035_0026_0026.jpg 1 61 35 26 26
0281_0015_0011_0043_0043.jpg 1 15 11 43 43
0282_0014_0004_0063_0063.jpg 1 14 4 63 63
0283_0019_0024_0043_0043.jpg 1 19 24 43 43
0284_0018_0019_0056_0056.jpg 1 18 19 56 56
0285_0022_0035_0041_0041.jpg 1 22 35 41 41
0286_0007_0043_0031_0031.jpg 1 7 43 31 31
0287_0040_0008_0055_0055.jpg 1 40 8 55 55
0288_0019_0030_0063_0063.jpg 1 19 30 63 63
0289_0006_0009_0067_0067.jpg 1 6 9 67 67
0290_0035_0023_0039_0039.jpg 1 35 23 39 39
0291_0013_0027_0037_0037.jpg 1 13 27 37 37
0292_0019_0016_0057_0057.jpg 1 19 16 57 57
0293_0028_0025_0058_0058.jpg 1 28 25 58 58
0294_0012_0016_0065_0065.jpg 1 12 16 65 65
0295_0009_0010_0039_0039.jpg 1 9 10 39 39
0296_0022_0018_0060_0060.jpg 1 22 18 60 60
0297_0041_0008_0043_0043.jpg 1 41 8 43 43
0298_0029_0008_0052_0052.jpg 1 29 8 52 52
0299_0033_0027_0029_0029.jpg 1 33 27 29 29
0300_0013_0015_0066_0066.jpg 1 13 15 66 66
0301_0027_0023_0066_0066.jpg 1 27 23 66 66
0302_0006_0020_0058_0058.jpg 1 6 20 58 58
0303_0022_0018_0037_0037.jpg 1 22 18 37 37
0304_0013_0016_0064_0064.jpg 1 13 16 64 64
0305_0016_0003_0063_0063.jpg 1 16 3 63 63
0306_0034_0030_0059_0059.jpg 1 34 30 59 59
0307_0016_0018_0057_0057.jpg 1 16 18 57 57
0308_0017_0032_0047_0047.jpg 1 17 32 47 47
0309_0021_0030_0039_0039.jpg 1 21 30 39 39
0310_0020_0023_0058_0058.jpg 1 20 23 58 58
0311_0048_0007_0028_0028.jpg 1 48 7 28 28
0312_0026_0014_0060_0060.jpg 1 26 14 60 60
0313_0041_0022_0042_0042.jpg 1 41 22 42 42
0314_0018_0026_0051_0051.jpg 1 18 26 51 51
0315_0011_0013_0064_0064.jpg 1 11 13 64 64
0316_0005_0028_0068_0068.jpg 1 5 28 68 68
0317_0011_0020_0068_0068.jpg 1 11 20 68 68
0318_0007_0016_0065_0065.jpg 1 7 16 65 65
0319_0036_0036_0058_0058.jpg 1 36 36 58 58
0320_0027_0033_0060_0060.jpg 1 27 33 60 60
0321_0027_0009_0046_0046.jpg 1 27 9 46 46
0322_0026_0021_0041_0041.jpg 1 26 21 41 41
0323_0014_0048_0033_0033.jpg 1 14 48 33 33
0324_0046_0005_0047_0047.jpg 1 46 5 47 47
0325_0006_0011_0067_0067.jpg 1 6 11 67 67
0326_0008_0047_0047_0047.jpg 1 8 47 47 47
0327_0025_0018_0043_0043.jpg 1 25 18 43 43
0328_0012_0026_0061_0061.jpg 1 12 26 61 61
0329_0021_0023_0067_0067.jpg 1 21 23 67 67
0330_0004_0024_0069_0069.jpg 1 4 24 69 69
0331_0029_0025_0051_0051.jpg 1 29 25 51 51
0332_0019_0027_0058_0058.jpg 1 19 27 58 58
0333_0013_0037_0049_0049.jpg 1 13 37 49 49
0334_0025_0019_0067_0067.jpg 1 25 19 67 67
0335_0055_0057_0028_0028.jpg 1 55 57 28 28
0336_0011_0027_0061_0061.jpg 1 11 27 61 61
0337_0022_0034_0059_0059.jpg 1 22 34 59 59
0338_0011_0009_0062_0062.jpg 1 11 9 62 62
0339_0019_0003_0068_0068.jpg 1 19 3 68 68
0340_0020_0012_0064_0064.jpg 1 20 12 64 64
0341_0032_0046_0034_0034.jpg 1 32 46 34 34
0342_0031_0033_0037_0037.jpg 1 31 33 37 37
0343_0035_0038_0037_0037.jpg 1 35 38 37 37
0344_0020_0064_0028_0028.jpg 1 20 64 28 28
0345_0028_0030_0038_0038.jpg 1 28 30 38 38
0346_0046_0010_0048_0048.jpg 1 46 10 48 48
0347_0055_0009_0036_0036.jpg 1 55 9 36 36
0348_0018_0051_0040_0040.jpg 1 18 51 40 40
0349_0030_0010_0060_0060.jpg 1 30 10 60 60
0350_0032_0027_0045_0045.jpg 1 32 27 45 45
0351_0044_0058_0029_0029.jpg 1 44 58 29 29
0352_0041_0039_0035_0035.jpg 1 41 39 35 35
0353_0021_0011_0026_0026.jpg 1 21 11 26 26
0354_0033_0030_0060_0060.jpg 1 33 30 60 60
0355_0045_0049_0042_0042.jpg 1 45 49 42 42
0356_0034_0035_0054_0054.jpg 1 34 35 54 54
0357_0024_0022_0059_0059.jpg 1 24 22 59 59
0358_0028_0022_0052_0052.jpg 1 28 22 52 52
0359_0015_0029_0061_0061.jpg 1 15 29 61 61
0360_0047_0017_0031_0031.jpg 1 47 17 31 31
0361_0031_0036_0037_0037.jpg 1 31 36 37 37
0362_0015_0016_0062_0062.jpg 1 15 16 62 62
0363_0037_0049_0036_0036.jpg 1 37 49 36 36
0364_0015_0019_0061_0061.jpg 1 15 19 61 61
0365_0004_0010_0058_0058.jpg 1 4 10 58 58
0366_0041_0044_0042_0042.jpg 1 41 44 42 42
0367_0015_0030_0063_0063.jpg 1 15 30 63 63
0368_0019_0021_0068_0068.jpg 1 19 21 68 68
0369_0030_0008_0059_0059.jpg 1 30 8 59 59
0370_0056_0044_0030_0030.jpg 1 56 44 30 30
0371_0017_0041_0049_0049.jpg 1 17 41 49 49
0372_0032_0018_0062_0062.jpg 1 32 18 62 62
0373_0015_0045_0044_0044.jpg 1 15 45 44 44
0374_0012_0023_0038_0038.jpg 1 12 23 38 38
0375_0038_0021_0027_0027.jpg 1 38 21 27 27
0376_0036_0064_0025_0025.jpg 1 36 64 25 25
0377_0023_0025_0028_0028.jpg 1 23 25 28 28
0378_0051_0039_0031_0031.jpg 1 51 39 31 31
0379_0033_0017_0053_0053.jpg 1 33 17 53 53
0380_0016_0020_0065_0065.jpg 1 16 20 65 65
0381_0025_0017_0046_0046.jpg 1 25 17 46 46
0382_0030_0026_0031_0031.jpg 1 30 26 31 31
0383_0042_0021_0046_0046.jpg 1 42 21 46 46
0384_0010_0017_0033_0033.jpg 1 10 17 33 33
0385_0008_0037_0036_0036.jpg 1 8 37 36 36
0386_0016_0029_0055_0055.jpg 1 16 29 55 55
0387_0004_0010_0058_0058.jpg 1 4 10 58 58
0388_0010_0004_0064_0064.jpg 1 10 4 64 64
0389_0035_0033_0041_0041.jpg 1 35 33 41 41
0390_0006_0022_0064_0064.jpg 1 6 22 64 64
0391_0010_0039_0039_0039.jpg 1 10 39 39 39
0392_0052_0032_0027_0027.jpg 1 52 32 27 27
0393_0034_0038_0056_0056.jpg 1 34 38 56 56
0394_0012_0008_0042_0042.jpg 1 12 8 42 42
0395_0041_0021_0043_0043.jpg 1 41 21 43 43
0396_0021_0007_0044_0044.jpg 1 21 7 44 44
0397_0024_0022_0055_0055.jpg 1 24 22 55 55
0398_0017_0033_0039_0039.jpg 1 17 33 39 39
0399_0057_0033_0030_0030.jpg 1 57 33 30 30
0400_0005_0017_0049_0049.jpg 1 5 17 49 49
0401_0013_0004_0069_0069.jpg 1 13 4 69 69
0402_0020_0005_0067_0067.jpg 1 20 5 67 67
0403_0026_0014_0055_0055.jpg 1 26 14 55 55
0404_0017_0009_0056_0056.jpg 1 17 9 56 56
0405_0043_0025_0030_0030.jpg 1 43 25 30 30
0406_0022_0039_0029_0029.jpg 1 22 39 29 29
0407_0008_0017_0064_0064.jpg 1 8 17 64 64
0408_0007_0018_0068_0068.jpg 1 7 18 68 68
0409_0050_0007_0031_0031.jpg 1 50 7 31 31
0410_0018_0028_0058_0058.jpg 1 18 28 58 58
0411_0046_0029_0029_0029.jpg 1 46 29 29 29
0412_0006_0016_0058_0058.jpg 1 6 16 58 58
0413_0013_0023_0067_0067.jpg 1 13 23 67 67
0414_0018_0005_0064_0064.jpg 1 18 5 64 64
0415_0028_0034_0060_0060.jpg 1 28 34 60 60
0416_0054_0028_0026_0026.jpg 1 54 28 26 26
0417_0017_0050_0040_0040.jpg 1 17 50 40 40
0418_0033_0054_0032_0032.jpg 1 33 54 32 32
0419_0014_0016_0031_0031.jpg 1 14 16 31 31
0420_0012_0041_0028_0028.jpg 1 12 41 28 28
0421_0021_0005_0044_0044.jpg 1 21 5 44 44
0422_0006_0015_0061_0061.jpg 1 6 15 61 61
0423_0022_0020_0064_0064.jpg 1 22 20 64 64
0424_0029_0013_0058_0058.jpg 1 29 13 58 58
0425_0013_0026_0068_0068.jpg 1 13 26 68 68
0426_0025_0046_0035_0035.jpg 1 25 46 35 35
0427_0006_0005_0068_0068.jpg 1 6 5 68 68
0428_0009_0019_0058_0058.jpg 1 9 19 58 58
0429_0016_0009_0033_0033.jpg 1 16 9 33 33
0430_0009_0027_0035_0035.jpg 1 9 27 35 35
0431_0025_0022_0038_0038.jpg 1 25 22 38 38
0432_0009_0026_0060_0060.jpg 1 9 26 60 60
0433_0040_0031_0049_0049.jpg 1 40 31 49 49
0434_0022_0061_0032_0032.jpg 1 22 61 32 32
0435_0012_0022_0062_0062.jpg 1 12 22 62 62
0436_0036_0024_0049_0049.jpg 1 36 24 49 49
0437_0014_0052_0040_0040.jpg 1 14 52 40 40
0438_0038_0007_0028_0028.jpg 1 38 7 28 28
0439_0014_0006_0044_0044.jpg 1 14 6 44 44
0440_0009_0025_0063_0063.jpg 1 9 25 63 63
0441_0023_0050_0035_0035.jpg 1 23 50 35 35
0442_0016_0038_0035_0035.jpg 1 16 38 35 35
0443_0010_0027_0068_0068.jpg 1 10 27 68 68
0444_0015_0018_0047_0047.jpg 1 15 18 47 47
0445_0020_0035_0057_0057.jpg 1 20 35 57 57
0446_0034_0027_0045_0045.jpg 1 34 27 45 45
0447_0042_0026_0024_0024.jpg 1 42 26 24 24
0448_0030_0051_0027_0027.jpg 1 30 51 27 27
0449_0018_0029_0045_0045.jpg 1 18 29 45 45
0450_0028_0016_0050_0050.jpg 1 28 16 50 50
0451_0035_0041_0054_0054.jpg 1 35 41 54 54
0452_0032_0036_0055_0055.jpg 1 32 36 55 55
0453_0012_0034_0041_0041.jpg 1 12 34 41 41
0454_0009_0017_0039_0039.jpg 1 9 17 39 39
0455_0013_0008_0064_0064.jpg 1 13 8 64 64
0456_0052_0016_0037_0037.jpg 1 52 16 37 37
0457_0027_0045_0045_0045.jpg 1 27 45 45 45
0458_0025_0009_0040_0040.jpg 1 25 9 40 40
0459_0016_0008_0068_0068.jpg 1 16 8 68 68
0460_0023_0030_0024_0024.jpg 1 23 30 24 24
0461_0047_0042_0037_0037.jpg 1 47 42 37 37
0462_0013_0013_0057_0057.jpg 1 13 13 57 57
0463_0033_0010_0050_0050.jpg 1 33 10 50 50
0464_0015_0005_0047_0047.jpg 1 15 5 47 47
0465_0043_0039_0038_0038.jpg 1 43 39 38 38
0466_0021_0014_0042_0042.jpg 1 21 14 42 42
0467_0007_0005_0069_0069.jpg 1 7 5 69 69
0468_0025_0025_0054_0054.jpg 1 25 25 54 54
0469_0048_0043_0044_0044.jpg 1 48 43 44 44
0470_0026_0023_0050_0050.jpg 1 26 23 50 50
0471_0049_0036_0037_0037.jpg 1 49 36 37 37
0472_0036_0042_0042_0042.jpg 1 36 42 42 42
0473_0022_0012_0067_0067.jpg 1 22 12 67 67
0474_0011_0023_0054_0054.jpg 1 11 23 54 54
0475_0045_0052_0041_0041.jpg 1 45 52 41 41
0476_0044_0046_0040_0040.jpg 1 44 46 40 40
0477_0036_0034_0044_0044.jpg 1 36 34 44 44
0478_0044_0026_0041_0041.jpg 1 44 26 41 41
0479_0060_0015_0030_0030.jpg 1 60 15 30 30
0480_0011_0018_0046_0046.jpg 1 11 18 46 46
0481_0042_0042_0025_0025.jpg 1 42 42 25 25
0482_0031_0018_0064_0064.jpg 1 31 18 64 64
0483_0036_0015_0028_0028.jpg 1 36 15 28 28
0484_0035_0009_0054_0054.jpg 1 35 9 54 54
0485_0008_0018_0051_0051.jpg 1 8 18 51 51
0486_0025_0025_0065_0065.jpg 1 25 25 65 65
0487_0015_0011_0064_0064.jpg 1 15 11 64 64
0488_0046_0015_0045_0045.jpg 1 46 15 45 45
0489_0012_0016_0052_0052.jpg 1 12 16 52 52
0490_0009_0021_0065_0065.jpg 1 9 21 65 65
0491_0041_0043_0025_0025.jpg 1 41 43 25 25
0492_0011_0017_0069_0069.jpg 1 11 17 69 69
0493_0017_0011_0057_0057.jpg 1 17 11 57 57
0494_0053_0058_0035_0035.jpg 1 53 58 35 35
0495_0026_0037_0051_0051.jpg 1 26 37 51 51
0496_0054_0026_0037_0037.jpg 1 54 26 37 37
0497_0030_0016_0052_0052.jpg 1 30 16 52 52
0498_0029_0050_0044_0044.jpg 1 29 50 44 44
0499_0021_0034_0042_0042.jpg 1 21 34 42 42
0500_0027_0033_0024_0024.jpg 1 27 33 24 24
0501_0052_0049_0036_0036.jpg 1 52 49 36 36
0502_0008_0026_0058_0058.jpg 1 8 26 58 58
0503_0012_0013_0055_0055.jpg 1 12 13 55 55
0504_0049_0025_0033_0033.jpg 1 49 25 33 33
0505_0021_0037_0058_0058.jpg 1 21 37 58 58
0506_0043_0016_0048_0048.jpg 1 43 16 48 48
0507_0038_0017_0031_0031.jpg 1 38 17 31 31
0508_0020_0014_0046_0046.jpg 1 20 14 46 46
0509_0004_0032_0063_0063.jpg 1 4 32 63 63
0510_0059_0015_0033_0033.jpg 1 59 15 33 33
0511_0025_0049_0024_0024.jpg 1 25 49 24 24
0512_0018_0007_0035_0035.jpg 1 18 7 35 35
0513_0018_0039_0051_0051.jpg 1 18 39 51 51
0514_0052_0040_0040_0040.jpg 1 52 40 40 40
0515_0029_0041_0033_0033.jpg 1 29 41 33 33
0516_0025_0011_0050_0050.jpg 1 25 11 50 50
0517_0032_0037_0058_0058.jpg 1 32 37 58 58
0518_0026_0035_0059_0059.jpg 1 26 35 59 59
0519_0013_0028_0063_0063.jpg 1 13 28 63 63
0520_0043_0050_0024_0024.jpg 1 43 50 24 24
0521_0022_0027_0043_0043.jpg 1 22 27 43 43
0522_0017_0028_0041_0041.jpg 1 17 28 41 41
0523_0039_0009_0053_0053.jpg 1 39 9 53 53
0524_0021_0043_0051_0051.jpg 1 21 43 51 51
0525_0054_0020_0038_0038.jpg 1 54 20 38 38
0526_0021_0048_0041_0041.jpg 1 21 48 41 41
0527_0006_0003_0067_0067.jpg 1 6 3 67 67
0528_0028_0037_0056_0056.jpg 1 28 37 56 56
0529_0045_0066_0024_0024.jpg 1 45 66 24 24
0530_0012_0013_0024_0024.jpg 1 12 13 24 24
0531_0033_0034_0052_0052.jpg 1 33 34 52 52
0532_0027_0045_0031_0031.jpg 1 27 45 31 31
0533_0023_0027_0034_0034.jpg 1 23 27 34 34
0534_0044_0040_0040_0040.jpg 1 44 40 40 40
0535_0029_0013_0059_0059.jpg 1 29 13 59 59
0536_0049_0019_0036_0036.jpg 1 49 19 36 36
0537_0014_0025_0034_0034.jpg 1 14 25 34 34
0538_0057_0019_0029_0029.jpg 1 57 19 29 29
0539_0007_0049_0028_0028.jpg 1 7 49 28 28
0540_0028_0044_0029_0029.jpg 1 28 44 29 29
0541_0020_0006_0052_0052.jpg 1 20 6 52 52
0542_0040_0032_0049_0049.jpg 1 40 32 49 49
0543_0024_0024_0065_0065.jpg 1 24 24 65 65
0544_0011_0011_0064_0064.jpg 1 11 11 64 64
0545_0019_0018_0063_0063.jpg 1 19 18 63 63
0546_0032_0036_0049_0049.jpg 1 32 36 49 49
0547_0027_0035_0053_0053.jpg 1 27 35 53 53
0548_0024_0038_0052_0052.jpg 1 24 38 52 52
0549_0042_0048_0029_0029.jpg 1 42 48 29 29
0550_0039_0045_0037_0037.jpg 1 39 45 37 37
0551_0008_0022_0061_0061.jpg 1 8 22 61 61
0552_0021_0016_0043_0043.jpg 1 21 16 43 43
0553_0060_0058_0027_0027.jpg 1 60 58 27 27
0554_0042_0029_0032_0032.jpg 1 42 29 32 32
0555_0009_0031_0061_0061.jpg 1 9 31 61 61
0556_0041_0035_0024_0024.jpg 1 41 35 24 24
0557_0043_0027_0030_0030.jpg 1 43 27 30 30
0558_0011_0015_0055_0055.jpg 1 11 15 55 55
0559_0022_0024_0069_0069.jpg 1 22 24 69 69
0560_0032_0042_0051_0051.jpg 1 32 42 51 51
0561_0020_0029_0024_0024.jpg 1 20 29 24 24
0562_0025_0005_0058_0058.jpg 1 25 5 58 58
0563_0037_0011_0044_0044.jpg 1 37 11 44 44
0564_0029_0004_0067_0067.jpg 1 29 4 67 67
0565_0027_0037_0031_0031.jpg 1 27 37 31 31
0566_0008_0016_0029_0029.jpg 1 8 16 29 29
0567_0023_0016_0046_0046.jpg 1 23 16 46 46
0568_0028_0010_0066_0066.jpg 1 28 10 66 66
0569_0004_0017_0060_0060.jpg 1 4 17 60 60
0570_0026_0048_0034_0034.jpg 1 26 48 34 34
0571_0006_0034_0058_0058.jpg 1 6 34 58 58
0572_0009_0054_0036_0036.jpg 1 9 54 36 36
0573_0049_0046_0043_0043.jpg 1 49 46 43 43
0574_0036_0018_0056_0056.jpg 1 36 18 56 56
0575_0045_0008_0041_0041.jpg 1 45 8 41 41
0576_0043_0021_0042_0042.jpg 1 43 21 42 42
0577_0008_0018_0062_0062.jpg 1 8 18 62 62
0578_0006_0018_0052_0052.jpg 1 6 18 52 52
0579_0019_0017_0056_0056.jpg 1 19 17 56 56
0580_0017_0010_0059_0059.jpg 1 17 10 59 59
0581_0036_0018_0052_0052.jpg 1 36 18 52 52
0582_0035_0020_0051_0051.jpg 1 35 20 51 51
0583_0005_0024_0067_0067.jpg 1 5 24 67 67
0584_0030_0034_0048_0048.jpg 1 30 34 48 48
0585_0010_0015_0059_0059.jpg 1 10 15 59 59
0586_0041_0051_0043_0043.jpg 1 41 51 43 43
0587_0032_0045_0044_0044.jpg 1 32 45 44 44
0588_0037_0034_0051_0051.jpg 1 37 34 51 51
0589_0023_0047_0045_0045.jpg 1 23 47 45 45
0590_0008_0024_0066_0066.jpg 1 8 24 66 66
0591_0018_0005_0058_0058.jpg 1 18 5 58 58
0592_0009_0035_0043_0043.jpg 1 9 35 43 43
0593_0004_0030_0064_0064.jpg 1 4 30 64 64
0594_0007_0034_0033_0033.jpg 1 7 34 33 33
0595_0015_0024_0059_0059.jpg 1 15 24 59 59
0596_0038_0014_0032_0032.jpg 1 38 14 32 32
0597_0053_0051_0031_0031.jpg 1 53 51 31 31
0598_0036_0027_0026_0026.jpg 1 36 27 26 26
0599_0032_0043_0041_0041.jpg 1 32 43 41 41
0600_0052_0016_0031_0031.jpg 1 52 16 31 31
0601_0022_0022_0067_0067.jpg 1 22 22 67 67
0602_0016_0024_0061_0061.jpg 1 16 24 61 61
0603_0027_0025_0051_0051.jpg 1 27 25 51 51
0604_0015_0020_0049_0049.jpg 1 15 20 49 49
0605_0013_0018_0043_0043.jpg 1 13 18 43 43
0606_0036_0014_0054_0054.jpg 1 36 14 54 54
0607_0011_0004_0068_0068.jpg 1 11 4 68 68
0608_0021_0016_0056_0056.jpg 1 21 16 56 56
0609_0004_0015_0069_0069.jpg 1 4 15 69 69
0610_0047_0042_0035_0035.jpg 1 47 42 35 35
0611_0030_0018_0027_0027.jpg 1 30 18 27 27
0612_0005_0033_0049_0049.jpg 1 5 33 49 49
0613_0007_0011_0057_0057.jpg 1 7 11 57 57
0614_0037_0041_0053_0053.jpg 1 37 41 53 53
0615_0042_0021_0049_0049.jpg 1 42 21 49 49
0616_0060_0063_0025_0025.jpg 1 60 63 25 25
0617_0007_0041_0051_0051.jpg 1 7 41 51 51
0618_0032_0048_0040_0040.jpg 1 32 48 40 40
0619_0030_0027_0051_0051.jpg 1 30 27 51 51
0620_0055_0025_0030_0030.jpg 1 55 25 30 30
0621_0014_0032_0062_0062.jpg 1 14 32 62 62
0622_0012_0007_0054_0054.jpg 1 12 7 54 54
0623_0037_0043_0042_0042.jpg 1 37 43 42 42
0624_0026_0023_0050_0050.jpg 1 26 23 50 50
0625_0022_0041_0029_0029.jpg 1 22 41 29 29
0626_0046_0040_0032_0032.jpg 1 46 40 32 32
0627_0027_0020_0065_0065.jpg 1 27 20 65 65
0628_0027_0031_0051_0051.jpg 1 27 31 51 51
0629_0026_0043_0042_0042.jpg 1 26 43 42 42
0630_0038_0033_0031_0031.jpg 1 38 33 31 31
0631_0021_0029_0034_0034.jpg 1 21 29 34 34
0632_0042_0037_0048_0048.jpg 1 42 37 48 48
0633_0022_0036_0058_0058.jpg 1 22 36 58 58
0634_0007_0044_0046_0046.jpg 1 7 44 46 46
0635_0028_0030_0054_0054.jpg 1 28 30 54 54
0636_0034_0010_0052_0052.jpg 1 34 10 52 52
0637_0049_0016_0037_0037.jpg 1 49 16 37 37
0638_0062_0022_0024_0024.jpg 1 62 22 24 24
0639_0024_0009_0025_0025.jpg 1 24 9 25 25
0640_0008_0003_0069_0069.jpg 1 8 3 69 69
0641_0057_0036_0032_0032.jpg 1 57 36 32 32
0642_0041_0006_0033_0033.jpg 1 41 6 33 33
0643_0057_0053_0036_0036.jpg 1 57 53 36 36
0644_0047_0030_0035_0035.jpg 1 47 30 35 35
0645_0005_0011_0048_0048.jpg 1 5 11 48 48
0646_0031_0008_0055_0055.jpg 1 31 8 55 55
0647_0035_0030_0044_0044.jpg 1 35 30 44 44
0648_0019_0037_0044_0044.jpg 1 19 37 44 44
0649_0022_0016_0059_0059.jpg 1 22 16 59 59
0650_0037_0053_0029_0029.jpg 1 37 53 29 29
0651_0045_0039_0032_0032.jpg 1 45 39 32 32
0652_0006_0011_0038_0038.jpg 1 6 11 38 38
0653_0041_0017_0038_0038.jpg 1 41 17 38 38
0654_0016_0029_0033_0033.jpg 1 16 29 33 33
0655_0015_0043_0046_0046.jpg 1 15 43 46 46
0656_0029_0008_0065_0065.jpg 1 29 8 65 65
0657_0037_0019_0048_0048.jpg 1 37 19 48 48
0658_0022_0062_0030_0030.jpg 1 22 62 30 30
0659_0030_0006_0047_0047.jpg 1 30 6 47 47
0660_0028_0010_0064_0064.jpg 1 28 10 64 64
0661_0038_0010_0044_0044.jpg 1 38 10 44 44
0662_0050_0040_0043_0043.jpg 1 50 40 43 43
0663_0009_0029_0067_0067.jpg 1 9 29 67 67
0664_0007_0041_0040_0040.jpg 1 7 41 40 40
0665_0036_0033_0058_0058.jpg 1 36 33 58 58
0666_0051_0038_0024_0024.jpg 1 51 38 24 24
0667_0037_0031_0048_0048.jpg 1 37 31 48 48
0668_0059_0034_0029_0029.jpg 1 59 34 29 29
0669_0027_0047_0039_0039.jpg 1 27 47 39 39
0670_0022_0008_0058_0058.jpg 1 22 8 58 58
0671_0036_0028_0047_0047.jpg 1 36 28 47 47
0672_0030_0023_0064_0064.jpg 1 30 23 64 64
0673_0016_0038_0051_0051.jpg 1 16 38 51 51
0674_0034_0011_0057_0057.jpg 1 34 11 57 57
0675_0006_0023_0055_0055.jpg 1 6 23 55 55
0676_0029_0015_0044_0044.jpg 1 29 15 44 44
0677_0021_0009_0057_0057.jpg 1 21 9 57 57
0678_0045_0008_0045_0045.jpg 1 45 8 45 45
0679_0018_0019_0045_0045.jpg 1 18 19 45 45
0680_0022_0017_0056_0056.jpg 1 22 17 56 56
0681_0011_0025_0068_0068.jpg 1 11 25 68 68
0682_0049_0033_0038_0038.jpg 1 49 33 38 38
0683_0013_0051_0026_0026.jpg 1 13 51 26 26
0684_0014_0017_0060_0060.jpg 1 14 17 60 60
0685_0032_0044_0029_0029.jpg 1 32 44 29 29
0686_0019_0013_0036_0036.jpg 1 19 13 36 36
0687_0030_0028_0050_0050.jpg 1 30 28 50 50
0688_0036_0009_0055_0055.jpg 1 36 9 55 55
0689_0022_0008_0056_0056.jpg 1 22 8 56 56
0690_0025_0005_0059_0059.jpg 1 25 5 59 59
0691_0015_0025_0036_0036.jpg 1 15 25 36 36
0692_0007_0031_0057_0057.jpg 1 7 31 57 57
0693_0006_0039_0054_0054.jpg 1 6 39 54 54
0694_0041_0043_0047_0047.jpg 1 41 43 47 47
0695_0013_0023_0064_0064.jpg 1 13 23 64 64
0696_0003_0018_0067_0067.jpg 1 3 18 67 67
0697_0030_0038_0043_0043.jpg 1 30 38 43 43
0698_0013_0029_0040_0040.jpg 1 13 29 40 40
0699_0061_0060_0030_0030.jpg 1 61 60 30 30
0700_0014_0035_0051_0051.jpg 1 14 35 51 51
0701_0039_0021_0028_0028.jpg 1 39 21 28 28
0702_0036_0010_0055_0055.jpg 1 36 10 55 55
0703_0007_0048_0044_0044.jpg 1 7 48 44 44
0704_0046_0033_0027_0027.jpg 1 46 33 27 27
0705_0012_0026_0044_0044.jpg 1 12 26 44 44
0706_0005_0013_0051_0051.jpg 1 5 13 51 51
0707_0007_0020_0036_0036.jpg 1 7 20 36 36
0708_0029_0040_0043_0043.jpg 1 29 40 43 43
0709_0018_0032_0063_0063.jpg 1 18 32 63 63
0710_0019_0047_0045_0045.jpg 1 19 47 45 45
0711_0041_0053_0033_0033.jpg 1 41 53 33 33
0712_0016_0034_0048_0048.jpg 1 16 34 48 48
0713_0048_0052_0030_0030.jpg 1 48 52 30 30
0714_0038_0053_0025_0025.jpg 1 38 53 25 25
0715_0007_0013_0044_0044.jpg 1 7 13 44 44
0716_0007_0024_0069_0069.jpg 1 7 24 69 69
0717_0015_0041_0035_0035.jpg 1 15 41 35 35
0718_0012_0035_0033_0033.jpg 1 12 35 33 33
0719_0037_0021_0056_0056.jpg 1 37 21 56 56
0720_0008_0020_0050_0050.jpg 1 8 20 50 50
0721_0004_0033_0060_0060.jpg 1 4 33 60 60
0722_0035_0009_0052_0052.jpg 1 35 9 52 52
0723_0036_0018_0056_0056.jpg 1 36 18 56 56
0724_0020_0035_0053_0053.jpg 1 20 35 53 53
0725_0052_0063_0028_0028.jpg 1 52 63 28 28
0726_0041_0030_0033_0033.jpg 1 41 30 33 33
0727_0013_0016_0057_0057.jpg 1 13 16 57 57
0728_0025_0025_0069_0069.jpg 1 25 25 69 69
0729_0023_0014_0059_0059.jpg 1 23 14 59 59
0730_0035_0036_0057_0057.jpg 1 35 36 57 57
0731_0015_0019_0034_0034.jpg 1 15 19 34 34
0732_0023_0032_0063_0063.jpg 1 23 32 63 63
0733_0023_0023_0031_0031.jpg 1 23 23 31 31
0734_0029_0055_0024_0024.jpg 1 29 55 24 24
0735_0010_0041_0047_0047.jpg 1 10 41 47 47
0736_0022_0050_0025_0025.jpg 1 22 50 25 25
0737_0049_0017_0033_0033.jpg 1 49 17 33 33
0738_0018_0025_0063_0063.jpg 1 18 25 63 63
0739_0031_0058_0031_0031.jpg 1 31 58 31 31
0740_0020_0034_0032_0032.jpg 1 20 34 32 32
0741_0017_0017_0056_0056.jpg 1 17 17 56 56
0742_0018_0004_0052_0052.jpg 1 18 4 52 52
0743_0017_0050_0032_0032.jpg 1 17 50 32 32
0744_0012_0016_0049_0049.jpg 1 12 16 49 49
0745_0005_0008_0069_0069.jpg 1 5 8 69 69
0746_0022_0024_0025_0025.jpg 1 22 24 25 25
0747_0029_0043_0024_0024.jpg 1 29 43 24 24
0748_0038_0045_0031_0031.jpg 1 38 45 31 31
0749_0039_0007_0025_0025.jpg 1 39 7 25 25
0750_0018_0029_0067_0067.jpg 1 18 29 67 67
0751_0012_0012_0037_0037.jpg 1 12 12 37 37
0752_0006_0045_0045_0045.jpg 1 6 45 45 45
0753_0013_0023_0035_0035.jpg 1 13 23 35 35
0754_0044_0022_0026_0026.jpg 1 44 22 26 26
0755_0018_0021_0069_0069.jpg 1 18 21 69 69
0756_0033_0028_0056_0056.jpg 1 33 28 56 56
0757_0025_0016_0056_0056.jpg 1 25 16 56 56
0758_0012_0015_0031_0031.jpg 1 12 15 31 31
0759_0018_0017_0039_0039.jpg 1 18 17 39 39
0760_0037_0029_0025_0025.jpg 1 37 29 25 25
0761_0026_0014_0063_0063.jpg 1 26 14 63 63
0762_0042_0012_0033_0033.jpg 1 42 12 33 33
0763_0045_0043_0035_0035.jpg 1 45 43 35 35
0764_0055_0045_0031_0031.jpg 1 55 45 31 31
0765_0033_0030_0048_0048.jpg 1 33 30 48 48
0766_0021_0015_0064_0064.jpg 1 21 15 64 64
0767_0029_0042_0041_0041.jpg 1 29 42 41 41
0768_0028_0008_0062_0062.jpg 1 28 8 62 62
0769_0029_0037_0040_0040.jpg 1 29 37 40 40
0770_0056_0053_0026_0026.jpg 1 56 53 26 26
0771_0051_0013_0032_0032.jpg 1 51 13 32 32
0772_0007_0020_0058_0058.jpg 1 7 20 58 58
0773_0019_0015_0042_0042.jpg 1 19 15 42 42
0774_0019_0015_0064_0064.jpg 1 19 15 64 64
0775_0014_0030_0062_0062.jpg 1 14 30 62 62
0776_0036_0029_0047_0047.jpg 1 36 29 47 47
0777_0034_0014_0059_0059.jpg 1 34 14 59 59
0778_0005_0013_0064_0064.jpg 1 5 13 64 64
0779_0040_0047_0046_0046.jpg 1 40 47 46 46
0780_0012_0045_0045_0045.jpg 1 12 45 45 45
0781_0019_0013_0062_0062.jpg 1 19 13 62 62
0782_0017_0008_0034_0034.jpg 1 17 8 34 34
0783_0011_0005_0066_0066.jpg 1 11 5 66 66
0784_0015_0036_0058_0058.jpg 1 15 36 58 58
0785_0022_0031_0044_0044.jpg 1 22 31 44 44
0786_0045_0052_0035_0035.jpg 1 45 52 35 35
0787_0053_0045_0027_0027.jpg 1 53 45 27 27
0788_0015_0025_0054_0054.jpg 1 15 25 54 54
0789_0064_0012_0026_0026.jpg 1 64 12 26 26
0790_0028_0017_0043_0043.jpg 1 28 17 43 43
0791_0013_0016_0062_0062.jpg 1 13 16 62 62
0792_0011_0030_0059_0059.jpg 1 11 30 59 59
0793_0003_0005_0064_0064.jpg 1 3 5 64 64
0794_0031_0031_0041_0041.jpg 1 31 31 41 41
0795_0008_0004_0064_0064.jpg 1 8 4 64 64
0796_0034_0043_0038_0038.jpg 1 34 43 38 38
0797_0041_0008_0024_0024.jpg 1 41 8 24 24
0798_0024_0035_0044_0044.jpg 1 24 35 44 44
0799_0012_0010_0067_0067.jpg 1 12 10 67 67
0800_0014_0026_0052_0052.jpg 1 14 26 52 52
0801_0030_0047_0043_0043.jpg 1 30 47 43 43
0802_0014_0035_0039_0039.jpg 1 14 35 39 39
0803_0033_0017_0058_0058.jpg 1 33 17 58 58
0804_0034_0057_0032_0032.jpg 1 34 57 32 32
0805_0008_0055_0038_0038.jpg 1 8 55 38 38
0806_0028_0029_0060_0060.jpg 1 28 29 60 60
0807_0023_0027_0045_0045.jpg 1 23 27 45 45
0808_0027_0007_0057_0057.jpg 1 27 7 57 57
0809_0017_0017_0066_0066.jpg 1 17 17 66 66
0810_0010_0018_0048_0048.jpg 1 10 18 48 48
0811_0009_0022_0055_0055.jpg 1 9 22 55 55
0812_0010_0024_0048_0048.jpg 1 10 24 48 48
0813_0032_0026_0055_0055.jpg 1 32 26 55 55
0814_0020_0060_0030_0030.jpg 1 20 60 30 30
0815_0019_0047_0031_0031.jpg 1 19 47 31 31
0816_0022_0008_0065_0065.jpg 1 22 8 65 65
0817_0037_0041_0051_0051.jpg 1 37 41 51 51
0818_0030_0010_0025_0025.jpg 1 30 10 25 25
0819_0011_0039_0032_0032.jpg 1 11 39 32 32
0820_0024_0019_0063_0063.jpg 1 24 19 63 63
0821_0016_0022_0056_0056.jpg 1 16 22 56 56
0822_0051_0029_0035_0035.jpg 1 51 29 35 35
0823_0044_0025_0041_0041.jpg 1 44 25 41 41
0824_0020_0025_0038_0038.jpg 1 20 25 38 38
0825_0023_0018_0037_0037.jpg 1 23 18 37 37
0826_0042_0045_0046_0046.jpg 1 42 45 46 46
0827_0024_0015_0035_0035.jpg 1 24 15 35 35
0828_0029_0031_0051_0051.jpg 1 29 31 51 51
0829_0043_0046_0030_0030.jpg 1 43 46 30 30
0830_0007_0005_0059_0059.jpg 1 7 5 59 59
0831_0008_0010_0049_0049.jpg 1 8 10 49 49
0832_0056_0017_0033_0033.jpg 1 56 17 33 33
0833_0011_0025_0058_0058.jpg 1 11 25 58 58
0834_0018_0008_0061_0061.jpg 1 18 8 61 61
0835_0039_0038_0029_0029.jpg 1 39 38 29 29
0836_0028_0064_0025_0025.jpg 1 28 64 25 25
0837_0024_0008_0066_0066.jpg 1 24 8 66 66
0838_0043_0006_0046_0046.jpg 1 43 6 46 46
0839_0053_0046_0034_0034.jpg 1 53 46 34 34
0840_0018_0033_0034_0034.jpg 1 18 33 34 34
0841_0052_0040_0040_0040.jpg 1 52 40 40 40
0842_0061_0050_0028_0028.jpg 1 61 50 28 28
0843_0028_0056_0033_0033.jpg 1 28 56 33 33
0844_0041_0006_0053_0053.jpg 1 41 6 53 53
0845_0032_0025_0050_0050.jpg 1 32 25 50 50
0846_0011_0042_0051_0051.jpg 1 11 42 51 51
0847_0006_0048_0046_0046.jpg 1 6 48 46 46
0848_0036_0035_0050_0050.jpg 1 36 35 50 50
0849_0012_0008_0042_0042.jpg 1 12 8 42 42
0850_0022_0032_0025_0025.jpg 1 22 32 25 25
0851_0010_0010_0043_0043.jpg 1 10 10 43 43
0852_0025_0009_0052_0052.jpg 1 25 9 52 52
0853_0039_0020_0047_0047.jpg 1 39 20 47 47
0854_0025_0019_0060_0060.jpg 1 25 19 60 60
0855_0036_0010_0048_0048.jpg 1 36 10 48 48
0856_0035_0011_0059_0059.jpg 1 35 11 59 59
0857_0033_0015_0044_0044.jpg 1 33 15 44 44
0858_0047_0046_0033_0033.jpg 1 47 46 33 33
0859_0021_0017_0056_0056.jpg 1 21 17 56 56
0860_0036_0037_0029_0029.jpg 1 36 37 29 29
0861_0031_0007_0061_0061.jpg 1 31 7 61 61
0862_0012_0023_0038_0038.jpg 1 12 23 38 38
0863_0032_0014_0058_0058.jpg 1 32 14 58 58
0864_0010_0027_0064_0064.jpg 1 10 27 64 64
0865_0049_0048_0038_0038.jpg 1 49 48 38 38
0866_0006_0013_0064_0064.jpg 1 6 13 64 64
0867_0052_0029_0035_0035.jpg 1 52 29 35 35
0868_0038_0010_0039_0039.jpg 1 38 10 39 39
0869_0027_0018_0048_0048.jpg 1 27 18 48 48
0870_0026_0052_0034_0034.jpg 1 26 52 34 34
0871_0012_0025_0059_0059.jpg 1 12 25 59 59
0872_0038_0059_0029_0029.jpg 1 38 59 29 29
0873_0025_0012_0025_0025.jpg 1 25 12 25 25
0874_0043_0050_0042_0042.jpg 1 43 50 42 42
0875_0005_0004_0066_0066.jpg 1 5 4 66 66
0876_0009_0058_0033_0033.jpg 1 9 58 33 33
0877_0040_0056_0031_0031.jpg 1 40 56 31 31
0878_0013_0010_0025_0025.jpg 1 13 10 25 25
0879_0013_0031_0031_0031.jpg 1 13 31 31 31
0880_0026_0047_0042_0042.jpg 1 26 47 42 42
0881_0051_0016_0033_0033.jpg 1 51 16 33 33
0882_0011_0023_0062_0062.jpg 1 11 23 62 62
0883_0017_0021_0038_0038.jpg 1 17 21 38 38
0884_0020_0036_0036_0036.jpg 1 20 36 36 36
0885_0028_0026_0058_0058.jpg 1 28 26 58 58
0886_0023_0037_0039_0039.jpg 1 23 37 39 39
0887_0034_0036_0046_0046.jpg 1 34 36 46 46
0888_0006_0006_0052_0052.jpg 1 6 6 52 52
0889_0038_0022_0038_0038.jpg 1 38 22 38 38
0890_0037_0019_0057_0057.jpg 1 37 19 57 57
0891_0031_0013_0051_0051.jpg 1 31 13 51 51
0892_0025_0036_0033_0033.jpg 1 25 36 33 33
0893_0025_0023_0047_0047.jpg 1 25 23 47 47
0894_0005_0023_0067_0067.jpg 1 5 23 67 67
0895_0019_0017_0066_0066.jpg 1 19 17 66 66
0896_0024_0025_0066_0066.jpg 1 24 25 66 66
0897_0008_0020_0027_0027.jpg 1 8 20 27 27
0898_0058_0031_0033_0033.jpg 1 58 31 33 33
0899_0034_0042_0043_0043.jpg 1 34 42 43 43
0900_0015_0016_0052_0052.jpg 1 15 16 52 52
0901_0008_0045_0033_0033.jpg 1 8 45 33 33
0902_0016_0012_0064_0064.jpg 1 16 12 64 64
0903_0020_0061_0024_0024.jpg 1 20 61 24 24
0904_0025_0016_0058_0058.jpg 1 25 16 58 58
0905_0060_0058_0024_0024.jpg 1 60 58 24 24
0906_0041_0018_0052_0052.jpg 1 41 18 52 52
0907_0022_0025_0059_0059.jpg 1 22 25 59 59
0908_0004_0025_0063_0063.jpg 1 4 25 63 63
0909_0023_0006_0042_0042.jpg 1 23 6 42 42
0910_0021_0005_0069_0069.jpg 1 21 5 69 69
0911_0045_0058_0028_0028.jpg 1 45 58 28 28
0912_0027_0014_0064_0064.jpg 1 27 14 64 64
0913_0035_0043_0048_0048.jpg 1 35 43 48 48
0914_0012_0025_0044_0044.jpg 1 12 25 44 44
0915_0015_0009_0062_0062.jpg 1 15 9 62 62
0916_0017_0013_0068_0068.jpg 1 17 13 68 68
0917_0012_0032_0058_0058.jpg 1 12 32 58 58
0918_0010_0011_0053_0053.jpg 1 10 11 53 53
0919_0011_0045_0036_0036.jpg 1 11 45 36 36
0920_0015_0007_0056_0056.jpg 1 15 7 56 56
0921_0011_0023_0068_0068.jpg 1 11 23 68 68
0922_0007_0023_0062_0062.jpg 1 7 23 62 62
0923_0015_0029_0057_0057.jpg 1 15 29 57 57
0924_0005_0023_0053_0053.jpg 1 5 23 53 53
0925_0041_0046_0046_0046.jpg 1 41 46 46 46
0926_0029_0022_0039_0039.jpg 1 29 22 39 39
0927_0008_0020_0068_0068.jpg 1 8 20 68 68
0928_0015_0025_0036_0036.jpg 1 15 25 36 36
0929_0031_0008_0051_0051.jpg 1 31 8 51 51
0930_0011_0028_0063_0063.jpg 1 11 28 63 63
0931_0011_0029_0044_0044.jpg 1 11 29 44 44
0932_0005_0022_0048_0048.jpg 1 5 22 48 48
0933_0023_0050_0035_0035.jpg 1 23 50 35 35
0934_0027_0018_0054_0054.jpg 1 27 18 54 54
0935_0041_0021_0044_0044.jpg 1 41 21 44 44
0936_0018_0024_0069_0069.jpg 1 18 24 69 69
0937_0021_0034_0055_0055.jpg 1 21 34 55 55
0938_0046_0049_0027_0027.jpg 1 46 49 27 27
0939_0020_0011_0051_0051.jpg 1 20 11 51 51
0940_0028_0024_0060_0060.jpg 1 28 24 60 60
0941_0037_0040_0055_0055.jpg 1 37 40 55 55
0942_0016_0055_0025_0025.jpg 1 16 55 25 25
0943_0027_0011_0063_0063.jpg 1 27 11 63 63
0944_0015_0023_0061_0061.jpg 1 15 23 61 61
0945_0043_0011_0040_0040.jpg 1 43 11 40 40
0946_0016_0006_0064_0064.jpg 1 16 6 64 64
0947_0026_0016_0061_0061.jpg 1 26 16 61 61
0948_0043_0024_0028_0028.jpg 1 43 24 28 28
0949_0043_0009_0039_0039.jpg 1 43 9 39 39
0950_0028_0029_0050_0050.jpg 1 28 29 50 50
0951_0007_0005_0061_0061.jpg 1 7 5 61 61
0952_0045_0013_0041_0041.jpg 1 45 13 41 41
0953_0016_0004_0058_0058.jpg 1 16 4 58 58
0954_0040_0033_0038_0038.jpg 1 40 33 38 38
0955_0042_0017_0045_0045.jpg 1 42 17 45 45
0956_0017_0051_0027_0027.jpg 1 17 51 27 27
0957_0027_0008_0050_0050.jpg 1 27 8 50 50
0958_0049_0012_0028_0028.jpg 1 49 12 28 28
0959_0016_0031_0038_0038.jpg 1 16 31 38 38
0960_0013_0032_0046_0046.jpg 1 13 32 46 46
0961_0008_0029_0042_0042.jpg 1 8 29 42 42
0962_0018_0050_0042_0042.jpg 1 18 50 42 42
0963_0028_0011_0068_0068.jpg 1 28 11 68 68
0964_0015_0017_0059_0059.jpg 1 15 17 59 59
0965_0014_0004_0069_0069.jpg 1 14 4 69 69
0966_0011_0022_0047_0047.jpg 1 11 22 47 47
0967_0059_0019_0024_0024.jpg 1 59 19 24 24
0968_0008_0040_0055_0055.jpg 1 8 40 55 55
0969_0014_0009_0062_0062.jpg 1 14 9 62 62
0970_0013_0004_0058_0058.jpg 1 13 4 58 58
0971_0034_0043_0049_0049.jpg 1 34 43 49 49
0972_0007_0009_0067_0067.jpg 1 7 9 67 67
0973_0010_0045_0044_0044.jpg 1 10 45 44 44
0974_0009_0016_0057_0057.jpg 1 9 16 57 57
0975_0012_0024_0058_0058.jpg 1 12 24 58 58
0976_0023_0042_0048_0048.jpg 1 23 42 48 48
0977_0016_0010_0052_0052.jpg 1 16 10 52 52
0978_0058_0040_0028_0028.jpg 1 58 40 28 28
0979_0026_0020_0032_0032.jpg 1 26 20 32 32
0980_0014_0029_0061_0061.jpg 1 14 29 61 61
0981_0023_0030_0052_0052.jpg 1 23 30 52 52
0982_0029_0012_0046_0046.jpg 1 29 12 46 46
0983_0024_0045_0048_0048.jpg 1 24 45 48 48
0984_0025_0028_0034_0034.jpg 1 25 28 34 34
0985_0029_0019_0058_0058.jpg 1 29 19 58 58
0986_0024_0034_0025_0025.jpg 1 24 34 25 25
0987_0032_0042_0041_0041.jpg 1 32 42 41 41
0988_0018_0057_0031_0031.jpg 1 18 57 31 31
0989_0011_0015_0033_0033.jpg 1 11 15 33 33
0990_0005_0009_0049_0049.jpg 1 5 9 49 49
0991_0015_0029_0060_0060.jpg 1 15 29 60 60
0992_0065_0009_0025_0025.jpg 1 65 9 25 25
0993_0045_0022_0036_0036.jpg 1 45 22 36 36
0994_0011_0055_0033_0033.jpg 1 11 55 33 33
0995_0032_0055_0029_0029.jpg 1 32 55 29 29
0996_0050_0028_0033_0033.jpg 1 50 28 33 33
0997_0024_0041_0047_0047.jpg 1 24 41 47 47
0998_0009_0023_0044_0044.jpg 1 9 23 44 44
0999_0010_0026_0067_0067.jpg 1 10 26 67 67
1000_0025_0025_0065_0065.jpg 1 25 25 65 65
1001_0055_0021_0035_0035.jpg 1 55 21 35 35
1002_0048_0050_0033_0033.jpg 1 48 50 33 33
1003_0028_0028_0045_0045.jpg 1 28 28 45 45
1004_0008_0009_0065_0065.jpg 1 8 9 65 65
1005_0025_0044_0047_0047.jpg 1 25 44 47 47
1006_0027_0029_0062_0062.jpg 1 27 29 62 62
1007_0022_0050_0025_0025.jpg 1 22 50 25 25
1008_0023_0033_0049_0049.jpg 1 23 33 49 49
1009_0032_0004_0060_0060.jpg 1 32 4 60 60
1010_0047_0058_0025_0025.jpg 1 47 58 25 25
1011_0029_0032_0061_0061.jpg 1 29 32 61 61
1012_0022_0036_0039_0039.jpg 1 22 36 39 39
1013_0014_0019_0043_0043.jpg 1 14 19 43 43
1014_0044_0039_0049_0049.jpg 1 44 39 49 49
1015_0026_0005_0062_0062.jpg 1 26 5 62 62
1016_0038_0028_0048_0048.jpg 1 38 28 48 48
1017_0018_0026_0038_0038.jpg 1 18 26 38 38
1018_0015_0053_0036_0036.jpg 1 15 53 36 36
1019_0053_0042_0035_0035.jpg 1 53 42 35 35
1020_0024_0030_0065_0065.jpg 1 24 30 65 65
1021_0044_0012_0039_0039.jpg 1 44 12 39 39
1022_0039_0019_0034_0034.jpg 1 39 19 34 34
1023_0023_0009_0069_0069.jpg 1 23 9 69 69
1024_0022_0023_0065_0065.jpg 1 22 23 65 65
1025_0007_0038_0045_0045.jpg 1 7 38 45 45
1026_0016_0009_0066_0066.jpg 1 16 9 66 66
1027_0027_0022_0024_0024.jpg 1 27 22 24 24
1028_0011_0007_0048_0048.jpg 1 11 7 48 48
1029_0006_0039_0055_0055.jpg 1 6 39 55 55
1030_0019_0006_0066_0066.jpg 1 19 6 66 66
1031_0009_0007_0069_0069.jpg 1 9 7 69 69
1032_0051_0029_0042_0042.jpg 1 51 29 42 42
1033_0060_0034_0032_0032.jpg 1 60 34 32 32
1034_0038_0039_0042_0042.jpg 1 38 39 42 42
1035_0005_0035_0049_0049.jpg 1 5 35 49 49
1036_0038_0012_0049_0049.jpg 1 38 12 49 49
1037_0024_0006_0063_0063.jpg 1 24 6 63 63
1038_0035_0046_0026_0026.jpg 1 35 46 26 26
1039_0007_0016_0067_0067.jpg 1 7 16 67 67
1040_0025_0032_0048_0048.jpg 1 25 32 48 48
1041_0022_0012_0060_0060.jpg 1 22 12 60 60
1042_0030_0013_0043_0043.jpg 1 30 13 43 43
1043_0010_0026_0060_0060.jpg 1 10 26 60 60
1044_0023_0029_0054_0054.jpg 1 23 29 54 54
1045_0020_0051_0039_0039.jpg 1 20 51 39 39
1046_0021_0012_0045_0045.jpg 1 21 12 45 45
1047_0006_0011_0058_0058.jpg 1 6 11 58 58
1048_0032_0004_0060_0060.jpg 1 32 4 60 60
1049_0027_0020_0062_0062.jpg 1 27 20 62 62
1050_0019_0008_0038_0038.jpg 1 19 8 38 38
1051_0013_0015_0067_0067.jpg 1 13 15 67 67
1052_0036_0044_0026_0026.jpg 1 36 44 26 26
1053_0040_0026_0030_0030.jpg 1 40 26 30 30
1054_0009_0026_0061_0061.jpg 1 9 26 61 61
1055_0022_0033_0048_0048.jpg 1 22 33 48 48
1056_0022_0028_0056_0056.jpg 1 22 28 56 56
1057_0045_0045_0025_0025.jpg 1 45 45 25 25
1058_0030_0010_0033_0033.jpg 1 30 10 33 33
1059_0033_0025_0059_0059.jpg 1 33 25 59 59
1060_0016_0008_0063_0063.jpg 1 16 8 63 63
1061_0035_0053_0040_0040.jpg 1 35 53 40 40
1062_0021_0008_0058_0058.jpg 1 21 8 58 58
1063_0036_0029_0033_0033.jpg 1 36 29 33 33
1064_0026_0008_0051_0051.jpg 1 26 8 51 51
1065_0025_0015_0056_0056.jpg 1 25 15 56 56
1066_0023_0028_0059_0059.jpg 1 23 28 59 59
1067_0064_0023_0028_0028.jpg 1 64 23 28 28
1068_0018_0004_0062_0062.jpg 1 18 4 62 62
1069_0042_0047_0039_0039.jpg 1 42 47 39 39
1070_0016_0040_0035_0035.jpg 1 16 40 35 35
1071_0061_0042_0028_0028.jpg 1 61 42 28 28
1072_0006_0007_0058_0058.jpg 1 6 7 58 58
1073_0032_0007_0062_0062.jpg 1 32 7 62 62
1074_0024_0004_0065_0065.jpg 1 24 4 65 65
1075_0025_0048_0041_0041.jpg 1 25 48 41 41
1076_0012_0059_0029_0029.jpg 1 12 59 29 29
1077_0023_0024_0068_0068.jpg 1 23 24 68 68
1078_0006_0026_0069_0069.jpg 1 6 26 69 69
1079_0009_0007_0053_0053.jpg 1 9 7 53 53
1080_0034_0029_0041_0041.jpg 1 34 29 41 41
1081_0023_0015_0062_0062.jpg 1 23 15 62 62
1082_0029_0024_0044_0044.jpg 1 29 24 44 44
1083_0039_0020_0027_0027.jpg 1 39 20 27 27
1084_0026_0034_0034_0034.jpg 1 26 34 34 34
1085_0010_0024_0063_0063.jpg 1 10 24 63 63
1086_0021_0025_0062_0062.jpg 1 21 25 62 62
1087_0021_0010_0060_0060.jpg 1 21 10 60 60
1088_0033_0035_0038_0038.jpg 1 33 35 38 38
1089_0027_0025_0059_0059.jpg 1 27 25 59 59
1090_0025_0010_0066_0066.jpg 1 25 10 66 66
1091_0021_0008_0032_0032.jpg 1 21 8 32 32
1092_0029_0007_0033_0033.jpg 1 29 7 33 33
1093_0045_0010_0042_0042.jpg 1 45 10 42 42
1094_0013_0023_0047_0047.jpg 1 13 23 47 47
1095_0008_0008_0064_0064.jpg 1 8 8 64 64
1096_0008_0021_0030_0030.jpg 1 8 21 30 30
1097_0032_0038_0055_0055.jpg 1 32 38 55 55
1098_0044_0039_0031_0031.jpg 1 44 39 31 31
1099_0016_0009_0068_0068.jpg 1 16 9 68 68
1100_0017_0032_0062_0062.jpg 1 17 32 62 62
1101_0038_0004_0057_0057.jpg 1 38 4 57 57
1102_0059_0053_0031_0031.jpg 1 59 53 31 31
1103_0006_0015_0056_0056.jpg 1 6 15 56 56
1104_0033_0025_0060_0060.jpg 1 33 25 60 60
1105_0013_0024_0055_0055.jpg 1 13 24 55 55
1106_0006_0012_0052_0052.jpg 1 6 12 52 52
1107_0019_0026_0027_0027.jpg 1 19 26 27 27
1108_0004_0009_0065_0065.jpg 1 4 9 65 65
1109_0008_0021_0069_0069.jpg 1 8 21 69 69
1110_0014_0047_0045_0045.jpg 1 14 47 45 45
1111_0012_0011_0053_0053.jpg 1 12 11 53 53
1112_0036_0042_0043_0043.jpg 1 36 42 43 43
1113_0027_0032_0024_0024.jpg 1 27 32 24 24
1114_0018_0018_0039_0039.jpg 1 18 18 39 39
1115_0022_0027_0060_0060.jpg 1 22 27 60 60
1116_0058_0055_0026_0026.jpg 1 58 55 26 26
1117_0039_0032_0054_0054.jpg 1 39 32 54 54
1118_0029_0009_0053_0053.jpg 1 29 9 53 53
1119_0021_0026_0069_0069.jpg 1 21 26 69 69
1120_0007_0032_0031_0031.jpg 1 7 32 31 31
1121_0036_0041_0039_0039.jpg 1 36 41 39 39
1122_0032_0010_0043_0043.jpg 1 32 10 43 43
1123_0019_0013_0058_0058.jpg 1 19 13 58 58
1124_0050_0053_0039_0039.jpg 1 50 53 39 39
1125_0010_0023_0069_0069.jpg 1 10 23 69 69
1126_0043_0036_0028_0028.jpg 1 43 36 28 28
1127_0054_0033_0031_0031.jpg 1 54 33 31 31
1128_0046_0010_0035_0035.jpg 1 46 10 35 35
1129_0049_0052_0029_0029.jpg 1 49 52 29 29
1130_0025_0020_0069_0069.jpg 1 25 20 69 69
1131_0029_0027_0061_0061.jpg 1 29 27 61 61
1132_0033_0064_0025_0025.jpg 1 33 64 25 25
1133_0031_0030_0045_0045.jpg 1 31 30 45 45
1134_0013_0023_0060_0060.jpg 1 13 23 60 60
1135_0018_0022_0060_0060.jpg 1 18 22 60 60
1136_0028_0029_0057_0057.jpg 1 28 29 57 57
1137_0027_0024_0063_0063.jpg 1 27 24 63 63
1138_0014_0006_0046_0046.jpg 1 14 6 46 46
1139_0013_0011_0030_0030.jpg 1 13 11 30 30
1140_0031_0017_0051_0051.jpg 1 31 17 51 51
1141_0045_0025_0025_0025.jpg 1 45 25 25 25
1142_0024_0018_0037_0037.jpg 1 24 18 37 37
1143_0040_0036_0033_0033.jpg 1 40 36 33 33
1144_0016_0023_0059_0059.jpg 1 16 23 59 59
1145_0042_0031_0051_0051.jpg 1 42 31 51 51
1146_0012_0022_0050_0050.jpg 1 12 22 50 50
1147_0029_0033_0053_0053.jpg 1 29 33 53 53
1148_0023_0004_0063_0063.jpg 1 23 4 63 63
1149_0021_0014_0055_0055.jpg 1 21 14 55 55
1150_0023_0020_0063_0063.jpg 1 23 20 63 63
1151_0008_0009_0060_0060.jpg 1 8 9 60 60
1152_0024_0017_0069_0069.jpg 1 24 17 69 69
1153_0014_0038_0053_0053.jpg 1 14 38 53 53
1154_0008_0013_0037_0037.jpg 1 8 13 37 37
1155_0023_0037_0035_0035.jpg 1 23 37 35 35
1156_0028_0035_0042_0042.jpg 1 28 35 42 42
1157_0060_0025_0029_0029.jpg 1 60 25 29 29
1158_0019_0014_0069_0069.jpg 1 19 14 69 69
1159_0033_0028_0053_0053.jpg 1 33 28 53 53
1160_0019_0027_0055_0055.jpg 1 19 27 55 55
1161_0004_0024_0063_0063.jpg 1 4 24 63 63
1162_0020_0007_0047_0047.jpg 1 20 7 47 47
1163_0037_0034_0033_0033.jpg 1 37 34 33 33
1164_0048_0025_0025_0025.jpg 1 48 25 25 25
1165_0041_0059_0027_0027.jpg 1 41 59 27 27
1166_0009_0020_0064_0064.jpg 1 9 20 64 64
1167_0054_0025_0026_0026.jpg 1 54 25 26 26
1168_0037_0030_0054_0054.jpg 1 37 30 54 54
1169_0023_0022_0042_0042.jpg 1 23 22 42 42
1170_0031_0007_0028_0028.jpg 1 31 7 28 28
1171_0007_0027_0045_0045.jpg 1 7 27 45 45
1172_0033_0011_0050_0050.jpg 1 33 11 50 50
1173_0017_0022_0042_0042.jpg 1 17 22 42 42
1174_0021_0016_0053_0053.jpg 1 21 16 53 53
1175_0025_0009_0026_0026.jpg 1 25 9 26 26
1176_0014_0024_0038_0038.jpg 1 14 24 38 38
1177_0027_0019_0069_0069.jpg 1 27 19 69 69
1178_0020_0013_0062_0062.jpg 1 20 13 62 62
1179_0010_0024_0050_0050.jpg 1 10 24 50 50
1180_0006_0016_0067_0067.jpg 1 6 16 67 67
1181_0029_0027_0040_0040.jpg 1 29 27 40 40
1182_0051_0041_0033_0033.jpg 1 51 41 33 33
1183_0029_0008_0062_0062.jpg 1 29 8 62 62
1184_0051_0030_0027_0027.jpg 1 51 30 27 27
1185_0026_0031_0058_0058.jpg 1 26 31 58 58
1186_0010_0028_0061_0061.jpg 1 10 28 61 61
1187_0025_0010_0036_0036.jpg 1 25 10 36 36
1188_0021_0016_0064_0064.jpg 1 21 16 64 64
1189_0030_0027_0057_0057.jpg 1 30 27 57 57
1190_0020_0019_0028_0028.jpg 1 20 19 28 28
1191_0017_0014_0067_0067.jpg 1 17 14 67 67
1192_0013_0032_0048_0048.jpg 1 13 32 48 48
1193_0020_0008_0037_0037.jpg 1 20 8 37 37
1194_0023_0014_0054_0054.jpg 1 23 14 54 54
1195_0010_0026_0038_0038.jpg 1 10 26 38 38
1196_0029_0029_0066_0066.jpg 1 29 29 66 66
1197_0021_0026_0065_0065.jpg 1 21 26 65 65
1198_0024_0009_0046_0046.jpg 1 24 9 46 46
1199_0024_0040_0035_0035.jpg 1 24 40 35 35
1200_0025_0048_0026_0026.jpg 1 25 48 26 26
1201_0020_0018_0056_0056.jpg 1 20 18 56 56
1202_0037_0039_0046_0046.jpg 1 37 39 46 46
1203_0033_0019_0061_0061.jpg 1 33 19 61 61
1204_0012_0019_0050_0050.jpg 1 12 19 50 50
1205_0030_0025_0046_0046.jpg 1 30 25 46 46
1206_0020_0016_0063_0063.jpg 1 20 16 63 63
1207_0023_0016_0065_0065.jpg 1 23 16 65 65
1208_0032_0051_0030_0030.jpg 1 32 51 30 30
1209_0025_0021_0039_0039.jpg 1 25 21 39 39
1210_0056_0021_0031_0031.jpg 1 56 21 31 31
1211_0029_0019_0053_0053.jpg 1 29 19 53 53
1212_0052_0036_0029_0029.jpg 1 52 36 29 29
1213_0035_0053_0024_0024.jpg 1 35 53 24 24
1214_0059_0056_0026_0026.jpg 1 59 56 26 26
1215_0036_0016_0053_0053.jpg 1 36 16 53 53
1216_0005_0026_0065_0065.jpg 1 5 26 65 65
1217_0010_0032_0042_0042.jpg 1 10 32 42 42
1218_0023_0008_0037_0037.jpg 1 23 8 37 37
1219_0053_0041_0030_0030.jpg 1 53 41 30 30
1220_0015_0028_0065_0065.jpg 1 15 28 65 65
1221_0037_0026_0031_0031.jpg 1 37 26 31 31
1222_0036_0006_0050_0050.jpg 1 36 6 50 50
1223_0018_0020_0057_0057.jpg 1 18 20 57 57
1224_0017_0014_0051_0051.jpg 1 17 14 51 51
1225_0017_0047_0045_0045.jpg 1 17 47 45 45
1226_0032_0030_0030_0030.jpg 1 32 30 30 30
1227_0004_0008_0062_0062.jpg 1 4 8 62 62
1228_0015_0024_0035_0035.jpg 1 15 24 35 35
1229_0038_0047_0025_0025.jpg 1 38 47 25 25
1230_0042_0012_0034_0034.jpg 1 42 12 34 34
1231_0027_0018_0057_0057.jpg 1 27 18 57 57
1232_0027_0032_0048_0048.jpg 1 27 32 48 48
1233_0008_0028_0043_0043.jpg 1 8 28 43 43
1234_0017_0037_0032_0032.jpg 1 17 37 32 32
1235_0053_0060_0033_0033.jpg 1 53 60 33 33
1236_0035_0032_0044_0044.jpg 1 35 32 44 44
1237_0028_0061_0024_0024.jpg 1 28 61 24 24
1238_0031_0028_0061_0061.jpg 1 31 28 61 61
1239_0028_0007_0066_0066.jpg 1 28 7 66 66
1240_0008_0017_0065_0065.jpg 1 8 17 65 65
1241_0026_0022_0060_0060.jpg 1 26 22 60 60
1242_0005_0027_0067_0067.jpg 1 5 27 67 67
1243_0012_0017_0058_0058.jpg 1 12 17 58 58
1244_0027_0023_0068_0068.jpg 1 27 23 68 68
1245_0009_0013_0060_0060.jpg 1 9 13 60 60
1246_0017_0028_0058_0058.jpg 1 17 28 58 58
1247_0007_0019_0068_0068.jpg 1 7 19 68 68
1248_0054_0023_0034_0034.jpg 1 54 23 34 34
1249_0038_0034_0055_0055.jpg 1 38 34 55 55
1250_0016_0004_0066_0066.jpg 1 16 4 66 66
1251_0039_0011_0050_0050.jpg 1 39 11 50 50
1252_0041_0048_0045_0045.jpg 1 41 48 45 45
1253_0011_0036_0053_0053.jpg 1 11 36 53 53
1254_0036_0020_0054_0054.jpg 1 36 20 54 54
1255_0017_0036_0059_0059.jpg 1 17 36 59 59
1256_0019_0012_0049_0049.jpg 1 19 12 49 49
1257_0032_0047_0032_0032.jpg 1 32 47 32 32
1258_0022_0007_0064_0064.jpg 1 22 7 64 64
1259_0028_0019_0059_0059.jpg 1 28 19 59 59
1260_0015_0017_0034_0034.jpg 1 15 17 34 34
1261_0032_0015_0057_0057.jpg 1 32 15 57 57
1262_0014_0019_0043_0043.jpg 1 14 19 43 43
1263_0022_0011_0032_0032.jpg 1 22 11 32 32
1264_0037_0064_0024_0024.jpg 1 37 64 24 24
1265_0025_0035_0042_0042.jpg 1 25 35 42 42
1266_0059_0059_0029_0029.jpg 1 59 59 29 29
1267_0013_0010_0069_0069.jpg 1 13 10 69 69
1268_0062_0011_0028_0028.jpg 1 62 11 28 28
1269_0028_0015_0037_0037.jpg 1 28 15 37 37
1270_0017_0025_0043_0043.jpg 1 17 25 43 43
1271_0035_0015_0052_0052.jpg 1 35 15 52 52
1272_0021_0021_0045_0045.jpg 1 21 21 45 45
1273_0018_0033_0044_0044.jpg 1 18 33 44 44
1274_0016_0025_0064_0064.jpg 1 16 25 64 64
1275_0017_0012_0028_0028.jpg 1 17 12 28 28
1276_0030_0049_0025_0025.jpg 1 30 49 25 25
1277_0027_0024_0031_0031.jpg 1 27 24 31 31
1278_0017_0026_0039_0039.jpg 1 17 26 39 39
1279_0021_0006_0068_0068.jpg 1 21 6 68 68
1280_0042_0026_0053_0053.jpg 1 42 26 53 53
1281_0035_0050_0036_0036.jpg 1 35 50 36 36
1282_0007_0019_0066_0066.jpg 1 7 19 66 66
1283_0010_0034_0030_0030.jpg 1 10 34 30 30
1284_0026_0040_0051_0051.jpg 1 26 40 51 51
1285_0051_0018_0024_0024.jpg 1 51 18 24 24
1286_0050_0022_0025_0025.jpg 1 50 22 25 25
1287_0014_0052_0028_0028.jpg 1 14 52 28 28
1288_0008_0009_0029_0029.jpg 1 8 9 29 29
1289_0029_0029_0060_0060.jpg 1 29 29 60 60
1290_0031_0027_0063_0063.jpg 1 31 27 63 63
1291_0013_0026_0033_0033.jpg 1 13 26 33 33
1292_0023_0009_0046_0046.jpg 1 23 9 46 46
1293_0024_0036_0024_0024.jpg 1 24 36 24 24
1294_0016_0064_0027_0027.jpg 1 16 64 27 27
1295_0046_0028_0029_0029.jpg 1 46 28 29 29
1296_0033_0014_0060_0060.jpg 1 33 14 60 60
1297_0019_0020_0069_0069.jpg 1 19 20 69 69
1298_0028_0025_0056_0056.jpg 1 28 25 56 56
1299_0008_0022_0044_0044.jpg 1 8 22 44 44
1300_0032_0026_0058_0058.jpg 1 32 26 58 58
1301_0037_0018_0042_0042.jpg 1 37 18 42 42
1302_0011_0012_0064_0064.jpg 1 11 12 64 64
1303_0011_0016_0059_0059.jpg 1 11 16 59 59
1304_0018_0021_0048_0048.jpg 1 18 21 48 48
1305_0020_0020_0061_0061.jpg 1 20 20 61 61
1306_0010_0013_0061_0061.jpg 1 10 13 61 61
1307_0011_0023_0065_0065.jpg 1 11 23 65 65
1308_0025_0016_0060_0060.jpg 1 25 16 60 60
1309_0016_0008_0058_0058.jpg 1 16 8 58 58
1310_0006_0015_0045_0045.jpg 1 6 15 45 45
1311_0034_0019_0049_0049.jpg 1 34 19 49 49
1312_0042_0014_0038_0038.jpg 1 42 14 38 38
1313_0015_0040_0045_0045.jpg 1 15 40 45 45
1314_0019_0006_0049_0049.jpg 1 19 6 49 49
1315_0013_0034_0032_0032.jpg 1 13 34 32 32
1316_0028_0011_0053_0053.jpg 1 28 11 53 53
1317_0004_0010_0065_0065.jpg 1 4 10 65 65
1318_0035_0010_0041_0041.jpg 1 35 10 41 41
1319_0016_0012_0063_0063.jpg 1 16 12 63 63
1320_0022_0039_0048_0048.jpg 1 22 39 48 48
1321_0011_0018_0029_0029.jpg 1 11 18 29 29
1322_0018_0035_0059_0059.jpg 1 18 35 59 59
1323_0011_0025_0047_0047.jpg 1 11 25 47 47
1324_0044_0020_0025_0025.jpg 1 44 20 25 25
1325_0044_0038_0031_0031.jpg 1 44 38 31 31
1326_0005_0022_0060_0060.jpg 1 5 22 60 60
1327_0040_0053_0025_0025.jpg 1 40 53 25 25
1328_0018_0005_0054_0054.jpg 1 18 5 54 54
1329_0030_0039_0043_0043.jpg 1 30 39 43 43
1330_0021_0017_0038_0038.jpg 1 21 17 38 38
1331_0020_0031_0031_0031.jpg 1 20 31 31 31
1332_0023_0020_0051_0051.jpg 1 23 20 51 51
1333_0017_0035_0044_0044.jpg 1 17 35 44 44
1334_0021_0034_0041_0041.jpg 1 21 34 41 41
1335_0009_0014_0063_0063.jpg 1 9 14 63 63
1336_0051_0047_0025_0025.jpg 1 51 47 25 25
1337_0048_0033_0034_0034.jpg 1 48 33 34 34
1338_0013_0005_0061_0061.jpg 1 13 5 61 61
1339_0018_0013_0064_0064.jpg 1 18 13 64 64
1340_0054_0038_0036_0036.jpg 1 54 38 36 36
1341_0015_0026_0038_0038.jpg 1 15 26 38 38
1342_0032_0032_0063_0063.jpg 1 32 32 63 63
1343_0043_0035_0043_0043.jpg 1 43 35 43 43
1344_0029_0011_0057_0057.jpg 1 29 11 57 57
1345_0018_0025_0047_0047.jpg 1 18 25 47 47
1346_0024_0027_0038_0038.jpg 1 24 27 38 38
1347_0030_0019_0065_0065.jpg 1 30 19 65 65
1348_0044_0021_0033_0033.jpg 1 44 21 33 33
1349_0010_0038_0046_0046.jpg 1 10 38 46 46
1350_0019_0030_0055_0055.jpg 1 19 30 55 55
1351_0016_0020_0043_0043.jpg 1 16 20 43 43
1352_0025_0023_0065_0065.jpg 1 25 23 65 65
1353_0012_0020_0062_0062.jpg 1 12 20 62 62
1354_0014_0026_0037_0037.jpg 1 14 26 37 37
1355_0010_0005_0064_0064.jpg 1 10 5 64 64
1356_0031_0032_0025_0025.jpg 1 31 32 25 25
1357_0009_0011_0056_0056.jpg 1 9 11 56 56
1358_0029_0014_0059_0059.jpg 1 29 14 59 59
1359_0017_0013_0062_0062.jpg 1 17 13 62 62
1360_0043_0019_0042_0042.jpg 1 43 19 42 42
1361_0013_0029_0027_0027.jpg 1 13 29 27 27
1362_0019_0009_0066_0066.jpg 1 19 9 66 66
1363_0051_0021_0042_0042.jpg 1 51 21 42 42
1364_0043_0044_0025_0025.jpg 1 43 44 25 25
1365_0048_0035_0032_0032.jpg 1 48 35 32 32
1366_0021_0010_0067_0067.jpg 1 21 10 67 67
1367_0043_0054_0038_0038.jpg 1 43 54 38 38
1368_0008_0017_0064_0064.jpg 1 8 17 64 64
1369_0025_0029_0033_0033.jpg 1 25 29 33 33
1370_0026_0027_0058_0058.jpg 1 26 27 58 58
1371_0006_0005_0066_0066.jpg 1 6 5 66 66
1372_0010_0019_0059_0059.jpg 1 10 19 59 59
1373_0037_0023_0040_0040.jpg 1 37 23 40 40
1374_0038_0021_0044_0044.jpg 1 38 21 44 44
1375_0026_0010_0063_0063.jpg 1 26 10 63 63
1376_0010_0029_0067_0067.jpg 1 10 29 67 67
1377_0007_0016_0061_0061.jpg 1 7 16 61 61
1378_0031_0012_0058_0058.jpg 1 31 12 58 58
1379_0012_0014_0055_0055.jpg 1 12 14 55 55
1380_0014_0024_0054_0054.jpg 1 14 24 54 54
1381_0021_0037_0034_0034.jpg 1 21 37 34 34
1382_0011_0039_0055_0055.jpg 1 11 39 55 55
1383_0021_0031_0054_0054.jpg 1 21 31 54 54
1384_0014_0009_0056_0056.jpg 1 14 9 56 56
1385_0038_0005_0051_0051.jpg 1 38 5 51 51
1386_0012_0025_0059_0059.jpg 1 12 25 59 59
1387_0037_0029_0041_0041.jpg 1 37 29 41 41
1388_0042_0035_0025_0025.jpg 1 42 35 25 25
1389_0037_0041_0049_0049.jpg 1 37 41 49 49
1390_0018_0029_0063_0063.jpg 1 18 29 63 63
1391_0014_0031_0059_0059.jpg 1 14 31 59 59
1392_0034_0038_0033_0033.jpg 1 34 38 33 33
1393_0040_0013_0047_0047.jpg 1 40 13 47 47
1394_0044_0020_0038_0038.jpg 1 44 20 38 38
1395_0019_0022_0032_0032.jpg 1 19 22 32 32
1396_0023_0011_0069_0069.jpg 1 23 11 69 69
1397_0012_0014_0042_0042.jpg 1 12 14 42 42
1398_0054_0014_0033_0033.jpg 1 54 14 33 33
1399_0037_0012_0054_0054.jpg 1 37 12 54 54
1400_0047_0025_0047_0047.jpg 1 47 25 47 47
1401_0004_0015_0051_0051.jpg 1 4 15 51 51
1402_0010_0020_0039_0039.jpg 1 10 20 39 39
1403_0041_0017_0027_0027.jpg 1 41 17 27 27
1404_0028_0017_0067_0067.jpg 1 28 17 67 67
1405_0010_0032_0027_0027.jpg 1 10 32 27 27
1406_0056_0044_0024_0024.jpg 1 56 44 24 24
1407_0014_0014_0031_0031.jpg 1 14 14 31 31
1408_0022_0031_0036_0036.jpg 1 22 31 36 36
1409_0012_0005_0053_0053.jpg 1 12 5 53 53
1410_0021_0012_0059_0059.jpg 1 21 12 59 59
1411_0037_0036_0051_0051.jpg 1 37 36 51 51
1412_0007_0006_0052_0052.jpg 1 7 6 52 52
1413_0014_0007_0050_0050.jpg 1 14 7 50 50
1414_0027_0020_0061_0061.jpg 1 27 20 61 61
1415_0026_0011_0068_0068.jpg 1 26 11 68 68
1416_0009_0032_0043_0043.jpg 1 9 32 43 43
1417_0009_0016_0056_0056.jpg 1 9 16 56 56
1418_0003_0027_0062_0062.jpg 1 3 27 62 62
1419_0026_0035_0044_0044.jpg 1 26 35 44 44
1420_0019_0009_0062_0062.jpg 1 19 9 62 62
1421_0011_0012_0056_0056.jpg 1 11 12 56 56
1422_0030_0051_0032_0032.jpg 1 30 51 32 32
1423_0010_0017_0046_0046.jpg 1 10 17 46 46
1424_0029_0022_0028_0028.jpg 1 29 22 28 28
1425_0013_0009_0042_0042.jpg 1 13 9 42 42
1426_0028_0029_0055_0055.jpg 1 28 29 55 55
1427_0029_0020_0062_0062.jpg 1 29 20 62 62
1428_0014_0010_0066_0066.jpg 1 14 10 66 66
1429_0043_0016_0048_0048.jpg 1 43 16 48 48
1430_0022_0042_0044_0044.jpg 1 22 42 44 44
1431_0008_0037_0033_0033.jpg 1 8 37 33 33
1432_0055_0043_0033_0033.jpg 1 55 43 33 33
1433_0011_0006_0048_0048.jpg 1 11 6 48 48
1434_0023_0057_0033_0033.jpg 1 23 57 33 33
1435_0038_0031_0043_0043.jpg 1 38 31 43 43
1436_0023_0015_0065_0065.jpg 1 23 15 65 65
1437_0031_0035_0028_0028.jpg 1 31 35 28 28
1438_0020_0036_0055_0055.jpg 1 20 36 55 55
1439_0012_0052_0029_0029.jpg 1 12 52 29 29
1440_0028_0034_0028_0028.jpg 1 28 34 28 28
1441_0020_0022_0034_0034.jpg 1 20 22 34 34
1442_0027_0039_0036_0036.jpg 1 27 39 36 36
1443_0046_0036_0042_0042.jpg 1 46 36 42 42
1444_0019_0019_0038_0038.jpg 1 19 19 38 38
1445_0039_0023_0056_0056.jpg 1 39 23 56 56
1446_0022_0033_0057_0057.jpg 1 22 33 57 57
1447_0044_0034_0024_0024.jpg 1 44 34 24 24
1448_0036_0040_0045_0045.jpg 1 36 40 45 45
1449_0023_0010_0024_0024.jpg 1 23 10 24 24
1450_0014_0033_0062_0062.jpg 1 14 33 62 62
1451_0003_0018_0068_0068.jpg 1 3 18 68 68
1452_0022_0014_0058_0058.jpg 1 22 14 58 58
1453_0006_0013_0067_0067.jpg 1 6 13 67 67
1454_0041_0019_0041_0041.jpg 1 41 19 41 41
1455_0005_0032_0052_0052.jpg 1 5 32 52 52
1456_0047_0044_0045_0045.jpg 1 47 44 45 45
1457_0010_0018_0061_0061.jpg 1 10 18 61 61
1458_0011_0035_0045_0045.jpg 1 11 35 45 45
1459_0014_0040_0052_0052.jpg 1 14 40 52 52
1460_0039_0011_0045_0045.jpg 1 39 11 45 45
1461_0016_0062_0025_0025.jpg 1 16 62 25 25
1462_0017_0041_0053_0053.jpg 1 17 41 53 53
1463_0031_0031_0046_0046.jpg 1 31 31 46 46
1464_0009_0027_0064_0064.jpg 1 9 27 64 64
1465_0019_0058_0033_0033.jpg 1 19 58 33 33
1466_0012_0033_0059_0059.jpg 1 12 33 59 59
1467_0025_0026_0063_0063.jpg 1 25 26 63 63
1468_0007_0029_0067_0067.jpg 1 7 29 67 67
1469_0034_0015_0055_0055.jpg 1 34 15 55 55
1470_0012_0010_0028_0028.jpg 1 12 10 28 28
1471_0035_0037_0034_0034.jpg 1 35 37 34 34
1472_0019_0004_0059_0059.jpg 1 19 4 59 59
1473_0010_0052_0034_0034.jpg 1 10 52 34 34
1474_0028_0042_0047_0047.jpg 1 28 42 47 47
1475_0005_0005_0069_0069.jpg 1 5 5 69 69
1476_0051_0061_0028_0028.jpg 1 51 61 28 28
1477_0013_0015_0064_0064.jpg 1 13 15 64 64
1478_0043_0030_0032_0032.jpg 1 43 30 32 32
1479_0030_0023_0051_0051.jpg 1 30 23 51 51
1480_0014_0006_0056_0056.jpg 1 14 6 56 56
1481_0004_0026_0065_0065.jpg 1 4 26 65 65
1482_0028_0014_0067_0067.jpg 1 28 14 67 67
1483_0045_0021_0041_0041.jpg 1 45 21 41 41
1484_0011_0020_0053_0053.jpg 1 11 20 53 53
1485_0040_0013_0042_0042.jpg 1 40 13 42 42
1486_0026_0050_0031_0031.jpg 1 26 50 31 31
1487_0038_0036_0054_0054.jpg 1 38 36 54 54
1488_0036_0048_0033_0033.jpg 1 36 48 33 33
1489_0058_0013_0028_0028.jpg 1 58 13 28 28
1490_0016_0010_0067_0067.jpg 1 16 10 67 67
1491_0036_0040_0046_0046.jpg 1 36 40 46 46
1492_0046_0033_0041_0041.jpg 1 46 33 41 41
1493_0036_0020_0048_0048.jpg 1 36 20 48 48
1494_0019_0024_0041_0041.jpg 1 19 24 41 41
1495_0014_0021_0045_0045.jpg 1 14 21 45 45
1496_0041_0016_0031_0031.jpg 1 41 16 31 31
1497_0028_0009_0048_0048.jpg 1 28 9 48 48
1498_0031_0038_0035_0035.jpg 1 31 38 35 35
1499_0028_0022_0056_0056.jpg 1 28 22 56 56
1500_0024_0016_0051_0051.jpg 1 24 16 51 51
1501_0027_0040_0047_0047.jpg 1 27 40 47 47
1502_0017_0006_0062_0062.jpg 1 17 6 62 62
1503_0025_0007_0066_0066.jpg 1 25 7 66 66
1504_0008_0019_0049_0049.jpg 1 8 19 49 49
1505_0029_0044_0035_0035.jpg 1 29 44 35 35
1506_0018_0037_0029_0029.jpg 1 18 37 29 29
1507_0033_0006_0051_0051.jpg 1 33 6 51 51
1508_0033_0016_0052_0052.jpg 1 33 16 52 52
1509_0015_0037_0058_0058.jpg 1 15 37 58 58
1510_0057_0051_0024_0024.jpg 1 57 51 24 24
1511_0044_0020_0034_0034.jpg 1 44 20 34 34
1512_0041_0048_0042_0042.jpg 1 41 48 42 42
1513_0028_0022_0032_0032.jpg 1 28 22 32 32
1514_0035_0021_0046_0046.jpg 1 35 21 46 46
1515_0024_0005_0066_0066.jpg 1 24 5 66 66
1516_0041_0048_0031_0031.jpg 1 41 48 31 31
1517_0032_0028_0059_0059.jpg 1 32 28 59 59
1518_0009_0007_0038_0038.jpg 1 9 7 38 38
1519_0007_0015_0044_0044.jpg 1 7 15 44 44
1520_0017_0037_0048_0048.jpg 1 17 37 48 48
1521_0003_0003_0069_0069.jpg 1 3 3 69 69
1522_0029_0016_0062_0062.jpg 1 29 16 62 62
1523_0022_0013_0028_0028.jpg 1 22 13 28 28
1524_0004_0010_0060_0060.jpg 1 4 10 60 60
1525_0028_0007_0068_0068.jpg 1 28 7 68 68
1526_0008_0044_0040_0040.jpg 1 8 44 40 40
1527_0031_0058_0024_0024.jpg 1 31 58 24 24
1528_0033_0037_0053_0053.jpg 1 33 37 53 53
1529_0055_0013_0037_0037.jpg 1 55 13 37 37
1530_0055_0016_0036_0036.jpg 1 55 16 36 36
1531_0031_0035_0050_0050.jpg 1 31 35 50 50
1532_0042_0033_0032_0032.jpg 1 42 33 32 32
1533_0017_0044_0047_0047.jpg 1 17 44 47 47
1534_0020_0021_0026_0026.jpg 1 20 21 26 26
1535_0006_0033_0055_0055.jpg 1 6 33 55 55
1536_0003_0024_0066_0066.jpg 1 3 24 66 66
1537_0053_0042_0039_0039.jpg 1 53 42 39 39
1538_0021_0005_0049_0049.jpg 1 21 5 49 49
1539_0024_0011_0054_0054.jpg 1 24 11 54 54
1540_0013_0021_0062_0062.jpg 1 13 21 62 62
1541_0022_0009_0053_0053.jpg 1 22 9 53 53
1542_0037_0030_0056_0056.jpg 1 37 30 56 56
1543_0011_0020_0057_0057.jpg 1 11 20 57 57
1544_0017_0032_0058_0058.jpg 1 17 32 58 58
1545_0043_0026_0031_0031.jpg 1 43 26 31 31
1546_0032_0006_0063_0063.jpg 1 32 6 63 63
1547_0046_0030_0048_0048.jpg 1 46 30 48 48
1548_0015_0016_0034_0034.jpg 1 15 16 34 34
1549_0024_0024_0033_0033.jpg 1 24 24 33 33
1550_0020_0035_0052_0052.jpg 1 20 35 52 52
1551_0006_0022_0062_0062.jpg 1 6 22 62 62
1552_0029_0021_0025_0025.jpg 1 29 21 25 25
1553_0029_0024_0044_0044.jpg 1 29 24 44 44
1554_0017_0029_0047_0047.jpg 1 17 29 47 47
1555_0018_0010_0037_0037.jpg 1 18 10 37 37
1556_0028_0043_0042_0042.jpg 1 28 43 42 42
1557_0055_0047_0035_0035.jpg 1 55 47 35 35
1558_0044_0006_0048_0048.jpg 1 44 6 48 48
1559_0021_0019_0064_0064.jpg 1 21 19 64 64
1560_0038_0025_0050_0050.jpg 1 38 25 50 50
1561_0032_0014_0035_0035.jpg 1 32 14 35 35
1562_0017_0006_0063_0063.jpg 1 17 6 63 63
1563_0020_0041_0047_0047.jpg 1 20 41 47 47
1564_0036_0022_0047_0047.jpg 1 36 22 47 47
1565_0038_0031_0057_0057.jpg 1 38 31 57 57
1566_0027_0029_0065_0065.jpg 1 27 29 65 65
1567_0044_0029_0044_0044.jpg 1 44 29 44 44
1568_0026_0013_0053_0053.jpg 1 26 13 53 53
1569_0038_0048_0043_0043.jpg 1 38 48 43 43
1570_0007_0030_0052_0052.jpg 1 7 30 52 52
1571_0020_0013_0055_0055.jpg 1 20 13 55 55
1572_0048_0040_0031_0031.jpg 1 48 40 31 31
1573_0011_0034_0049_0049.jpg 1 11 34 49 49
1574_0049_0043_0030_0030.jpg 1 49 43 30 30
1575_0024_0003_0064_0064.jpg 1 24 3 64 64
1576_0016_0030_0058_0058.jpg 1 16 30 58 58
1577_0018_0012_0055_0055.jpg 1 18 12 55 55
1578_0033_0010_0056_0056.jpg 1 33 10 56 56
1579_0021_0039_0025_0025.jpg 1 21 39 25 25
1580_0024_0021_0053_0053.jpg 1 24 21 53 53
1581_0053_0008_0039_0039.jpg 1 53 8 39 39
1582_0040_0013_0054_0054.jpg 1 40 13 54 54
1583_0015_0014_0054_0054.jpg 1 15 14 54 54
1584_0008_0026_0060_0060.jpg 1 8 26 60 60
1585_0018_0046_0048_0048.jpg 1 18 46 48 48
1586_0024_0019_0069_0069.jpg 1 24 19 69 69
1587_0016_0014_0060_0060.jpg 1 16 14 60 60
1588_0038_0044_0039_0039.jpg 1 38 44 39 39
1589_0058_0049_0024_0024.jpg 1 58 49 24 24
1590_0026_0010_0032_0032.jpg 1 26 10 32 32
1591_0017_0017_0056_0056.jpg 1 17 17 56 56
1592_0015_0050_0036_0036.jpg 1 15 50 36 36
1593_0023_0053_0036_0036.jpg 1 23 53 36 36
1594_0030_0032_0055_0055.jpg 1 30 32 55 55
1595_0012_0049_0033_0033.jpg 1 12 49 33 33
1596_0014_0033_0042_0042.jpg 1 14 33 42 42
1597_0050_0033_0036_0036.jpg 1 50 33 36 36
1598_0018_0021_0052_0052.jpg 1 18 21 52 52
1599_0028_0007_0063_0063.jpg 1 28 7 63 63
1600_0033_0030_0060_0060.jpg 1 33 30 60 60
1601_0016_0015_0025_0025.jpg 1 16 15 25 25
1602_0017_0039_0038_0038.jpg 1 17 39 38 38
1603_0017_0007_0048_0048.jpg 1 17 7 48 48
1604_0031_0032_0036_0036.jpg 1 31 32 36 36
1605_0030_0026_0037_0037.jpg 1 30 26 37 37
1606_0014_0019_0065_0065.jpg 1 14 19 65 65
1607_0022_0018_0036_0036.jpg 1 22 18 36 36
1608_0048_0034_0037_0037.jpg 1 48 34 37 37
1609_0008_0006_0067_0067.jpg 1 8 6 67 67
1610_0038_0042_0036_0036.jpg 1 38 42 36 36
1611_0018_0021_0065_0065.jpg 1 18 21 65 65
1612_0044_0046_0024_0024.jpg 1 44 46 24 24
1613_0005_0015_0066_0066.jpg 1 5 15 66 66
1614_0059_0040_0029_0029.jpg 1 59 40 29 29
1615_0020_0007_0066_0066.jpg 1 20 7 66 66
1616_0004_0004_0060_0060.jpg 1 4 4 60 60
1617_0012_0050_0025_0025.jpg 1 12 50 25 25
1618_0027_0025_0054_0054.jpg 1 27 25 54 54
1619_0030_0009_0037_0037.jpg 1 30 9 37 37
1620_0042_0034_0033_0033.jpg 1 42 34 33 33
1621_0050_0014_0032_0032.jpg 1 50 14 32 32
1622_0018_0016_0029_0029.jpg 1 18 16 29 29
1623_0012_0030_0040_0040.jpg 1 12 30 40 40
1624_0030_0015_0057_0057.jpg 1 30 15 57 57
1625_0022_0026_0058_0058.jpg 1 22 26 58 58
1626_0036_0016_0049_0049.jpg 1 36 16 49 49
1627_0033_0019_0058_0058.jpg 1 33 19 58 58
1628_0039_0045_0049_0049.jpg 1 39 45 49 49
1629_0019_0010_0062_0062.jpg 1 19 10 62 62
1630_0042_0017_0041_0041.jpg 1 42 17 41 41
1631_0021_0022_0048_0048.jpg 1 21 22 48 48
1632_0060_0058_0025_0025.jpg 1 60 58 25 25
1633_0008_0029_0056_0056.jpg 1 8 29 56 56
1634_0048_0019_0042_0042.jpg 1 48 19 42 42
1635_0053_0024_0036_0036.jpg 1 53 24 36 36
1636_0035_0037_0029_0029.jpg 1 35 37 29 29
1637_0015_0035_0053_0053.jpg 1 15 35 53 53
1638_0005_0017_0050_0050.jpg 1 5 17 50 50
1639_0043_0015_0027_0027.jpg 1 43 15 27 27
1640_0022_0021_0033_0033.jpg 1 22 21 33 33
1641_0030_0060_0029_0029.jpg 1 30 60 29 29
1642_0025_0015_0041_0041.jpg 1 25 15 41 41
1643_0025_0009_0059_0059.jpg 1 25 9 59 59
1644_0034_0021_0050_0050.jpg 1 34 21 50 50
1645_0048_0017_0030_0030.jpg 1 48 17 30 30
1646_0023_0028_0052_0052.jpg 1 23 28 52 52
1647_0052_0029_0035_0035.jpg 1 52 29 35 35
1648_0026_0009_0063_0063.jpg 1 26 9 63 63
1649_0041_0057_0031_0031.jpg 1 41 57 31 31
1650_0026_0018_0064_0064.jpg 1 26 18 64 64
1651_0015_0033_0026_0026.jpg 1 15 33 26 26
1652_0022_0036_0028_0028.jpg 1 22 36 28 28
1653_0006_0021_0065_0065.jpg 1 6 21 65 65
1654_0020_0011_0030_0030.jpg 1 20 11 30 30
1655_0031_0051_0028_0028.jpg 1 31 51 28 28
1656_0021_0009_0045_0045.jpg 1 21 9 45 45
1657_0029_0054_0026_0026.jpg 1 29 54 26 26
1658_0019_0049_0044_0044.jpg 1 19 49 44 44
1659_0013_0023_0055_0055.jpg 1 13 23 55 55
1660_0043_0021_0047_0047.jpg 1 43 21 47 47
1661_0018_0016_0069_0069.jpg 1 18 16 69 69
1662_0022_0011_0069_0069.jpg 1 22 11 69 69
1663_0051_0050_0040_0040.jpg 1 51 50 40 40
1664_0033_0044_0028_0028.jpg 1 33 44 28 28
1665_0004_0026_0064_0064.jpg 1 4 26 64 64
1666_0026_0032_0049_0049.jpg 1 26 32 49 49
1667_0021_0024_0052_0052.jpg 1 21 24 52 52
1668_0014_0026_0061_0061.jpg 1 14 26 61 61
1669_0025_0053_0034_0034.jpg 1 25 53 34 34
1670_0039_0041_0053_0053.jpg 1 39 41 53 53
1671_0038_0028_0033_0033.jpg 1 38 28 33 33
1672_0034_0031_0060_0060.jpg 1 34 31 60 60
1673_0038_0015_0026_0026.jpg 1 38 15 26 26
1674_0017_0031_0045_0045.jpg 1 17 31 45 45
1675_0017_0013_0058_0058.jpg 1 17 13 58 58
1676_0025_0025_0068_0068.jpg 1 25 25 68 68
1677_0012_0018_0054_0054.jpg 1 12 18 54 54
1678_0021_0025_0057_0057.jpg 1 21 25 57 57
1679_0020_0006_0051_0051.jpg 1 20 6 51 51
1680_0007_0026_0054_0054.jpg 1 7 26 54 54
1681_0027_0037_0054_0054.jpg 1 27 37 54 54
1682_0020_0007_0028_0028.jpg 1 20 7 28 28
1683_0051_0016_0041_0041.jpg 1 51 16 41 41
1684_0024_0013_0051_0051.jpg 1 24 13 51 51
1685_0045_0051_0033_0033.jpg 1 45 51 33 33
1686_0003_0013_0063_0063.jpg 1 3 13 63 63
1687_0008_0033_0047_0047.jpg 1 8 33 47 47
1688_0008_0020_0057_0057.jpg 1 8 20 57 57
1689_0039_0023_0054_0054.jpg 1 39 23 54 54
1690_0038_0031_0046_0046.jpg 1 38 31 46 46
1691_0044_0018_0045_0045.jpg 1 44 18 45 45
1692_0024_0064_0027_0027.jpg 1 24 64 27 27
1693_0042_0025_0025_0025.jpg 1 42 25 25 25
1694_0024_0011_0052_0052.jpg 1 24 11 52 52
1695_0035_0012_0044_0044.jpg 1 35 12 44 44
1696_0022_0046_0042_0042.jpg 1 22 46 42 42
1697_0023_0064_0026_0026.jpg 1 23 64 26 26
1698_0016_0012_0033_0033.jpg 1 16 12 33 33
1699_0007_0015_0056_0056.jpg 1 7 15 56 56
1700_0017_0012_0061_0061.jpg 1 17 12 61 61
1701_0011_0008_0065_0065.jpg 1 11 8 65 65
1702_0016_0026_0051_0051.jpg 1 16 26 51 51
1703_0017_0036_0059_0059.jpg 1 17 36 59 59
1704_0018_0012_0058_0058.jpg 1 18 12 58 58
1705_0010_0043_0043_0043.jpg 1 10 43 43 43
1706_0039_0019_0037_0037.jpg 1 39 19 37 37
1707_0042_0008_0036_0036.jpg 1 42 8 36 36
1708_0010_0029_0064_0064.jpg 1 10 29 64 64
1709_0036_0028_0050_0050.jpg 1 36 28 50 50
1710_0013_0032_0050_0050.jpg 1 13 32 50 50
1711_0018_0028_0037_0037.jpg 1 18 28 37 37
1712_0029_0004_0061_0061.jpg 1 29 4 61 61
1713_0049_0019_0042_0042.jpg 1 49 19 42 42
1714_0004_0030_0065_0065.jpg 1 4 30 65 65
1715_0013_0029_0056_0056.jpg 1 13 29 56 56
1716_0009_0042_0042_0042.jpg 1 9 42 42 42
1717_0013_0010_0066_0066.jpg 1 13 10 66 66
1718_0058_0016_0030_0030.jpg 1 58 16 30 30
1719_0006_0025_0065_0065.jpg 1 6 25 65 65
1720_0023_0012_0042_0042.jpg 1 23 12 42 42
1721_0027_0046_0032_0032.jpg 1 27 46 32 32
1722_0052_0037_0036_0036.jpg 1 52 37 36 36
1723_0024_0021_0065_0065.jpg 1 24 21 65 65
1724_0047_0014_0044_0044.jpg 1 47 14 44 44
1725_0014_0017_0033_0033.jpg 1 14 17 33 33
1726_0022_0048_0032_0032.jpg 1 22 48 32 32
1727_0029_0007_0047_0047.jpg 1 29 7 47 47
1728_0029_0057_0031_0031.jpg 1 29 57 31 31
1729_0027_0058_0026_0026.jpg 1 27 58 26 26
1730_0028_0034_0052_0052.jpg 1 28 34 52 52
1731_0029_0010_0033_0033.jpg 1 29 10 33 33
1732_0031_0048_0024_0024.jpg 1 31 48 24 24
1733_0031_0051_0038_0038.jpg 1 31 51 38 38
1734_0016_0010_0062_0062.jpg 1 16 10 62 62
1735_0014_0033_0037_0037.jpg 1 14 33 37 37
1736_0027_0013_0034_0034.jpg 1 27 13 34 34
1737_0016_0020_0054_0054.jpg 1 16 20 54 54
1738_0008_0020_0056_0056.jpg 1 8 20 56 56
1739_0049_0035_0039_0039.jpg 1 49 35 39 39
1740_0031_0042_0045_0045.jpg 1 31 42 45 45
1741_0003_0014_0064_0064.jpg 1 3 14 64 64
1742_0053_0031_0038_0038.jpg 1 53 31 38 38
1743_0012_0020_0059_0059.jpg 1 12 20 59 59
1744_0048_0039_0026_0026.jpg 1 48 39 26 26
1745_0009_0008_0058_0058.jpg 1 9 8 58 58
1746_0034_0017_0052_0052.jpg 1 34 17 52 52
1747_0056_0057_0034_0034.jpg 1 56 57 34 34
1748_0018_0035_0048_0048.jpg 1 18 35 48 48
1749_0007_0018_0057_0057.jpg 1 7 18 57 57
1750_0029_0016_0044_0044.jpg 1 29 16 44 44
1751_0019_0030_0061_0061.jpg 1 19 30 61 61
1752_0047_0032_0041_0041.jpg 1 47 32 41 41
1753_0010_0012_0037_0037.jpg 1 10 12 37 37
1754_0039_0040_0050_0050.jpg 1 39 40 50 50
1755_0004_0033_0058_0058.jpg 1 4 33 58 58
1756_0016_0013_0064_0064.jpg 1 16 13 64 64
1757_0041_0041_0043_0043.jpg 1 41 41 43 43
1758_0030_0029_0063_0063.jpg 1 30 29 63 63
1759_0011_0024_0068_0068.jpg 1 11 24 68 68
1760_0058_0028_0031_0031.jpg 1 58 28 31 31
1761_0046_0012_0040_0040.jpg 1 46 12 40 40
1762_0016_0027_0066_0066.jpg 1 16 27 66 66
1763_0010_0028_0059_0059.jpg 1 10 28 59 59
1764_0012_0045_0037_0037.jpg 1 12 45 37 37
1765_0037_0038_0053_0053.jpg 1 37 38 53 53
1766_0027_0048_0034_0034.jpg 1 27 48 34 34
1767_0029_0026_0054_0054.jpg 1 29 26 54 54
1768_0017_0025_0051_0051.jpg 1 17 25 51 51
1769_0034_0020_0051_0051.jpg 1 34 20 51 51
1770_0020_0012_0045_0045.jpg 1 20 12 45 45
1771_0046_0012_0044_0044.jpg 1 46 12 44 44
1772_0019_0009_0062_0062.jpg 1 19 9 62 62
1773_0038_0060_0028_0028.jpg 1 38 60 28 28
1774_0009_0013_0066_0066.jpg 1 9 13 66 66
1775_0015_0013_0058_0058.jpg 1 15 13 58 58
1776_0052_0058_0025_0025.jpg 1 52 58 25 25
1777_0065_0009_0027_0027.jpg 1 65 9 27 27
1778_0019_0028_0056_0056.jpg 1 19 28 56 56
1779_0039_0033_0051_0051.jpg 1 39 33 51 51
1780_0009_0018_0062_0062.jpg 1 9 18 62 62
1781_0007_0014_0064_0064.jpg 1 7 14 64 64
1782_0013_0015_0044_0044.jpg 1 13 15 44 44
1783_0012_0014_0027_0027.jpg 1 12 14 27 27
1784_0005_0025_0064_0064.jpg 1 5 25 64 64
1785_0017_0041_0041_0041.jpg 1 17 41 41 41
1786_0007_0027_0059_0059.jpg 1 7 27 59 59
1787_0004_0006_0061_0061.jpg 1 4 6 61 61
1788_0015_0008_0031_0031.jpg 1 15 8 31 31
1789_0044_0033_0048_0048.jpg 1 44 33 48 48
1790_0033_0017_0060_0060.jpg 1 33 17 60 60
1791_0054_0020_0032_0032.jpg 1 54 20 32 32
1792_0021_0062_0030_0030.jpg 1 21 62 30 30
1793_0004_0022_0058_0058.jpg 1 4 22 58 58
1794_0022_0029_0027_0027.jpg 1 22 29 27 27
1795_0052_0041_0026_0026.jpg 1 52 41 26 26
1796_0012_0028_0067_0067.jpg 1 12 28 67 67
1797_0006_0017_0062_0062.jpg 1 6 17 62 62
1798_0015_0006_0043_0043.jpg 1 15 6 43 43
1799_0047_0033_0026_0026.jpg 1 47 33 26 26
1800_0035_0021_0034_0034.jpg 1 35 21 34 34
1801_0019_0005_0067_0067.jpg 1 19 5 67 67
1802_0011_0023_0064_0064.jpg 1 11 23 64 64
1803_0046_0039_0025_0025.jpg 1 46 39 25 25
1804_0026_0024_0068_0068.jpg 1 26 24 68 68
1805_0047_0049_0024_0024.jpg 1 47 49 24 24
1806_0018_0009_0060_0060.jpg 1 18 9 60 60
1807_0042_0038_0050_0050.jpg 1 42 38 50 50
1808_0025_0004_0061_0061.jpg 1 25 4 61 61
1809_0051_0014_0036_0036.jpg 1 51 14 36 36
1810_0030_0031_0040_0040.jpg 1 30 31 40 40
1811_0039_0032_0044_0044.jpg 1 39 32 44 44
1812_0063_0049_0026_0026.jpg 1 63 49 26 26
1813_0019_0009_0066_0066.jpg 1 19 9 66 66
1814_0010_0038_0036_0036.jpg 1 10 38 36 36
1815_0047_0016_0037_0037.jpg 1 47 16 37 37
1816_0016_0034_0046_0046.jpg 1 16 34 46 46
1817_0027_0019_0068_0068.jpg 1 27 19 68 68
1818_0004_0031_0064_0064.jpg 1 4 31 64 64
1819_0005_0011_0057_0057.jpg 1 5 11 57 57
1820_0060_0049_0028_0028.jpg 1 60 49 28 28
1821_0004_0034_0054_0054.jpg 1 4 34 54 54
1822_0013_0048_0044_0044.jpg 1 13 48 44 44
1823_0037_0048_0036_0036.jpg 1 37 48 36 36
1824_0009_0025_0069_0069.jpg 1 9 25 69 69
1825_0020_0013_0045_0045.jpg 1 20 13 45 45
1826_0025_0020_0031_0031.jpg 1 25 20 31 31
1827_0028_0037_0034_0034.jpg 1 28 37 34 34
1828_0011_0037_0045_0045.jpg 1 11 37 45 45
1829_0023_0020_0053_0053.jpg 1 23 20 53 53
1830_0029_0025_0059_0059.jpg 1 29 25 59 59
1831_0018_0026_0065_0065.jpg 1 18 26 65 65
1832_0007_0034_0033_0033.jpg 1 7 34 33 33
1833_0029_0034_0052_0052.jpg 1 29 34 52 52
1834_0016_0035_0044_0044.jpg 1 16 35 44 44
1835_0015_0032_0045_0045.jpg 1 15 32 45 45
1836_0030_0035_0038_0038.jpg 1 30 35 38 38
1837_0009_0022_0065_0065.jpg 1 9 22 65 65
1838_0053_0038_0032_0032.jpg 1 53 38 32 32
1839_0018_0026_0047_0047.jpg 1 18 26 47 47
1840_0024_0032_0051_0051.jpg 1 24 32 51 51
1841_0016_0018_0031_0031.jpg 1 16 18 31 31
1842_0019_0022_0036_0036.jpg 1 19 22 36 36
1843_0024_0024_0037_0037.jpg 1 24 24 37 37
1844_0018_0040_0040_0040.jpg 1 18 40 40 40
1845_0025_0034_0041_0041.jpg 1 25 34 41 41
1846_0038_0031_0049_0049.jpg 1 38 31 49 49
1847_0039_0047_0026_0026.jpg 1 39 47 26 26
1848_0021_0013_0029_0029.jpg 1 21 13 29 29
1849_0027_0027_0061_0061.jpg 1 27 27 61 61
1850_0020_0034_0036_0036.jpg 1 20 34 36 36
1851_0006_0039_0048_0048.jpg 1 6 39 48 48
1852_0019_0054_0033_0033.jpg 1 19 54 33 33
1853_0047_0064_0028_0028.jpg 1 47 64 28 28
1854_0045_0021_0024_0024.jpg 1 45 21 24 24
1855_0025_0019_0046_0046.jpg 1 25 19 46 46
1856_0045_0045_0044_0044.jpg 1 45 45 44 44
1857_0017_0031_0052_0052.jpg 1 17 31 52 52
1858_0008_0052_0031_0031.jpg 1 8 52 31 31
1859_0037_0010_0038_0038.jpg 1 37 10 38 38
1860_0034_0029_0054_0054.jpg 1 34 29 54 54
1861_0032_0053_0036_0036.jpg 1 32 53 36 36
1862_0015_0010_0060_0060.jpg 1 15 10 60 60
1863_0025_0052_0030_0030.jpg 1 25 52 30 30
1864_0011_0023_0054_0054.jpg 1 11 23 54 54
1865_0015_0012_0047_0047.jpg 1 15 12 47 47
1866_0028_0021_0068_0068.jpg 1 28 21 68 68
1867_0014_0003_0067_0067.jpg 1 14 3 67 67
1868_0013_0024_0069_0069.jpg 1 13 24 69 69
1869_0009_0031_0031_0031.jpg 1 9 31 31 31
1870_0012_0004_0067_0067.jpg 1 12 4 67 67
1871_0037_0024_0046_0046.jpg 1 37 24 46 46
1872_0023_0015_0063_0063.jpg 1 23 15 63 63
1873_0063_0011_0025_0025.jpg 1 63 11 25 25
1874_0004_0031_0061_0061.jpg 1 4 31 61 61
1875_0045_0025_0035_0035.jpg 1 45 25 35 35
1876_0030_0013_0063_0063.jpg 1 30 13 63 63
1877_0017_0045_0043_0043.jpg 1 17 45 43 43
1878_0023_0047_0044_0044.jpg 1 23 47 44 44
1879_0037_0027_0035_0035.jpg 1 37 27 35 35
1880_0029_0007_0055_0055.jpg 1 29 7 55 55
1881_0048_0012_0038_0038.jpg 1 48 12 38 38
1882_0059_0009_0033_0033.jpg 1 59 9 33 33
1883_0013_0032_0056_0056.jpg 1 13 32 56 56
1884_0032_0006_0055_0055.jpg 1 32 6 55 55
1885_0006_0004_0069_0069.jpg 1 6 4 69 69
1886_0029_0022_0062_0062.jpg 1 29 22 62 62
1887_0034_0030_0041_0041.jpg 1 34 30 41 41
1888_0009_0004_0059_0059.jpg 1 9 4 59 59
1889_0010_0029_0035_0035.jpg 1 10 29 35 35
1890_0033_0016_0047_0047.jpg 1 33 16 47 47
1891_0007_0035_0060_0060.jpg 1 7 35 60 60
1892_0038_0020_0036_0036.jpg 1 38 20 36 36
1893_0033_0027_0052_0052.jpg 1 33 27 52 52
1894_0012_0041_0042_0042.jpg 1 12 41 42 42
1895_0008_0021_0047_0047.jpg 1 8 21 47 47
1896_0030_0062_0030_0030.jpg 1 30 62 30 30
1897_0013_0010_0053_0053.jpg 1 13 10 53 53
1898_0021_0027_0065_0065.jpg 1 21 27 65 65
1899_0011_0022_0024_0024.jpg 1 11 22 24 24
1900_0026_0032_0028_0028.jpg 1 26 32 28 28
1901_0028_0021_0061_0061.jpg 1 28 21 61 61
1902_0015_0014_0059_0059.jpg 1 15 14 59 59
1903_0044_0034_0037_0037.jpg 1 44 34 37 37
1904_0022_0008_0025_0025.jpg 1 22 8 25 25
1905_0015_0033_0044_0044.jpg 1 15 33 44 44
1906_0021_0019_0048_0048.jpg 1 21 19 48 48
1907_0019_0024_0069_0069.jpg 1 19 24 69 69
1908_0023_0035_0028_0028.jpg 1 23 35 28 28
1909_0013_0037_0054_0054.jpg 1 13 37 54 54
1910_0023_0012_0061_0061.jpg 1 23 12 61 61
1911_0020_0014_0058_0058.jpg 1 20 14 58 58
1912_0016_0009_0063_0063.jpg 1 16 9 63 63
1913_0045_0021_0032_0032.jpg 1 45 21 32 32
1914_0040_0038_0024_0024.jpg 1 40 38 24 24
1915_0066_0067_0024_0024.jpg 1 66 67 24 24
1916_0046_0043_0040_0040.jpg 1 46 43 40 40
1917_0007_0026_0063_0063.jpg 1 7 26 63 63
1918_0016_0043_0045_0045.jpg 1 16 43 45 45
1919_0027_0012_0047_0047.jpg 1 27 12 47 47
1920_0015_0041_0048_0048.jpg 1 15 41 48 48
1921_0030_0025_0066_0066.jpg 1 30 25 66 66
1922_0018_0024_0068_0068.jpg 1 18 24 68 68
1923_0013_0018_0068_0068.jpg 1 13 18 68 68
1924_0056_0017_0028_0028.jpg 1 56 17 28 28
1925_0053_0061_0028_0028.jpg 1 53 61 28 28
1926_0050_0007_0039_0039.jpg 1 50 7 39 39
1927_0066_0019_0025_0025.jpg 1 66 19 25 25
1928_0018_0023_0030_0030.jpg 1 18 23 30 30
1929_0027_0010_0033_0033.jpg 1 27 10 33 33
1930_0057_0033_0027_0027.jpg 1 57 33 27 27
1931_0035_0019_0052_0052.jpg 1 35 19 52 52
1932_0015_0028_0029_0029.jpg 1 15 28 29 29
1933_0011_0022_0054_0054.jpg 1 11 22 54 54
1934_0040_0023_0049_0049.jpg 1 40 23 49 49
1935_0019_0021_0068_0068.jpg 1 19 21 68 68
1936_0012_0020_0044_0044.jpg 1 12 20 44 44
1937_0032_0008_0062_0062.jpg 1 32 8 62 62
1938_0035_0037_0051_0051.jpg 1 35 37 51 51
1939_0011_0013_0061_0061.jpg 1 11 13 61 61
1940_0029_0028_0066_0066.jpg 1 29 28 66 66
1941_0044_0044_0049_0049.jpg 1 44 44 49 49
1942_0006_0006_0066_0066.jpg 1 6 6 66 66
1943_0009_0021_0062_0062.jpg 1 9 21 62 62
1944_0019_0027_0042_0042.jpg 1 19 27 42 42
1945_0026_0013_0062_0062.jpg 1 26 13 62 62
1946_0026_0034_0030_0030.jpg 1 26 34 30 30
1947_0033_0021_0046_0046.jpg 1 33 21 46 46
1948_0013_0032_0045_0045.jpg 1 13 32 45 45
1949_0038_0014_0049_0049.jpg 1 38 14 49 49
1950_0026_0008_0050_0050.jpg 1 26 8 50 50
1951_0038_0048_0028_0028.jpg 1 38 48 28 28
1952_0009_0024_0062_0062.jpg 1 9 24 62 62
1953_0027_0037_0029_0029.jpg 1 27 37 29 29
1954_0006_0005_0065_0065.jpg 1 6 5 65 65
1955_0028_0047_0033_0033.jpg 1 28 47 33 33
1956_0036_0018_0048_0048.jpg 1 36 18 48 48
1957_0051_0036_0031_0031.jpg 1 51 36 31 31
1958_0014_0018_0025_0025.jpg 1 14 18 25 25
1959_0017_0040_0049_0049.jpg 1 17 40 49 49
1960_0024_0031_0041_0041.jpg 1 24 31 41 41
1961_0010_0016_0064_0064.jpg 1 10 16 64 64
1962_0005_0020_0044_0044.jpg 1 5 20 44 44
1963_0039_0015_0028_0028.jpg 1 39 15 28 28
1964_0011_0018_0051_0051.jpg 1 11 18 51 51
1965_0021_0019_0063_0063.jpg 1 21 19 63 63
1966_0016_0009_0057_0057.jpg 1 16 9 57 57
1967_0018_0011_0063_0063.jpg 1 18 11 63 63
1968_0015_0024_0064_0064.jpg 1 15 24 64 64
1969_0051_0053_0038_0038.jpg 1 51 53 38 38
1970_0027_0037_0043_0043.jpg 1 27 37 43 43
1971_0008_0053_0033_0033.jpg 1 8 53 33 33
1972_0045_0017_0049_0049.jpg 1 45 17 49 49
1973_0022_0015_0066_0066.jpg 1 22 15 66 66
1974_0017_0051_0037_0037.jpg 1 17 51 37 37
1975_0037_0050_0038_0038.jpg 1 37 50 38 38
1976_0026_0049_0030_0030.jpg 1 26 49 30 30
1977_0022_0026_0053_0053.jpg 1 22 26 53 53
1978_0012_0038_0046_0046.jpg 1 12 38 46 46
1979_0004_0025_0060_0060.jpg 1 4 25 60 60
1980_0024_0012_0061_0061.jpg 1 24 12 61 61
1981_0019_0038_0045_0045.jpg 1 19 38 45 45
1982_0026_0028_0049_0049.jpg 1 26 28 49 49
1983_0034_0028_0058_0058.jpg 1 34 28 58 58
1984_0028_0033_0027_0027.jpg 1 28 33 27 27
1985_0018_0011_0063_0063.jpg 1 18 11 63 63
1986_0021_0037_0042_0042.jpg 1 21 37 42 42
1987_0010_0050_0042_0042.jpg 1 10 50 42 42
1988_0012_0014_0044_0044.jpg 1 12 14 44 44
1989_0027_0007_0054_0054.jpg 1 27 7 54 54
1990_0010_0025_0042_0042.jpg 1 10 25 42 42
1991_0045_0045_0037_0037.jpg 1 45 45 37 37
1992_0026_0005_0049_0049.jpg 1 26 5 49 49
1993_0044_0035_0045_0045.jpg 1 44 35 45 45
1994_0028_0028_0063_0063.jpg 1 28 28 63 63
1995_0040_0043_0024_0024.jpg 1 40 43 24 24
1996_0026_0016_0055_0055.jpg 1 26 16 55 55
1997_0010_0026_0067_0067.jpg 1 10 26 67 67
1998_0046_0040_0025_0025.jpg 1 46 40 25 25
1999_0031_0006_0051_0051.jpg 1 31 6 51 51
2000_0007_0030_0064_0064.jpg 1 7 30 64 64
