0001_0023_0005_0053_0053.jpg 1 23 5 53 53
0002_0040_0013_0053_0053.jpg 1 40 13 53 53
0003_0016_0019_0069_0069.jpg 1 16 19 69 69
0004_0016_0040_0033_0033.jpg 1 16 40 33 33
0005_0016_0035_0033_0033.jpg 1 16 35 33 33
0006_0034_0019_0040_0040.jpg 1 34 19 40 40
0007_0036_0045_0041_0041.jpg 1 36 45 41 41
0008_0014_0032_0031_0031.jpg 1 14 32 31 31
0009_0025_0006_0041_0041.jpg 1 25 6 41 41
0010_0004_0013_0067_0067.jpg 1 4 13 67 67
0011_0011_0022_0027_0027.jpg 1 11 22 27 27
0012_0006_0029_0044_0044.jpg 1 6 29 44 44
0013_0018_0020_0034_0034.jpg 1 18 20 34 34
0014_0006_0026_0064_0064.jpg 1 6 26 64 64
0015_0031_0030_0063_0063.jpg 1 31 30 63 63
0016_0021_0018_0061_0061.jpg 1 21 18 61 61
0017_0005_0015_0068_0068.jpg 1 5 15 68 68
0018_0053_0045_0039_0039.jpg 1 53 45 39 39
0019_0019_0018_0052_0052.jpg 1 19 18 52 52
0020_0037_0047_0028_0028.jpg 1 37 47 28 28
0021_0013_0046_0044_0044.jpg 1 13 46 44 44
0022_0048_0041_0037_0037.jpg 1 48 41 37 37
0023_0006_0034_0033_0033.jpg 1 6 34 33 33
0024_0009_0006_0061_0061.jpg 1 9 6 61 61
0025_0006_0035_0054_0054.jpg 1 6 35 54 54
0026_0024_0016_0045_0045.jpg 1 24 16 45 45
0027_0038_0049_0038_0038.jpg 1 38 49 38 38
0028_0027_0012_0068_0068.jpg 1 27 12 68 68
0029_0016_0032_0046_0046.jpg 1 16 32 46 46
0030_0014_0017_0035_0035.jpg 1 14 17 35 35
0031_0024_0014_0032_0032.jpg 1 24 14 32 32
0032_0012_0033_0043_0043.jpg 1 12 33 43 43
0033_0017_0028_0040_0040.jpg 1 17 28 40 40
0034_0010_0023_0052_0052.jpg 1 10 23 52 52
0035_0014_0014_0066_0066.jpg 1 14 14 66 66
0036_0013_0012_0068_0068.jpg 1 13 12 68 68
0037_0014_0008_0030_0030.jpg 1 14 8 30 30
0038_0006_0034_0051_0051.jpg 1 6 34 51 51
0039_0012_0027_0064_0064.jpg 1 12 27 64 64
0040_0027_0065_0024_0024.jpg 1 27 65 24 24
0041_0005_0022_0062_0062.jpg 1 5 22 62 62
0042_0038_0028_0055_0055.jpg 1 38 28 55 55
0043_0011_0023_0057_0057.jpg 1 11 23 57 57
0044_0007_0039_0050_0050.jpg 1 7 39 50 50
0045_0023_0019_0041_0041.jpg 1 23 19 41 41
0046_0056_0020_0025_0025.jpg 1 56 20 25 25
0047_0007_0014_0061_0061.jpg 1 7 14 61 61
0048_0014_0024_0047_0047.jpg 1 14 24 47 47
0049_0059_0025_0031_0031.jpg 1 59 25 31 31
0050_0007_0033_0055_0055.jpg 1 7 33 55 55
0051_0023_0015_0050_0050.jpg 1 23 15 50 50
0052_0016_0041_0053_0053.jpg 1 16 41 53 53
0053_0033_0018_0053_0053.jpg 1 33 18 53 53
0054_0004_0012_0063_0063.jpg 1 4 12 63 63
0055_0017_0029_0062_0062.jpg 1 17 29 62 62
0056_0009_0011_0062_0062.jpg 1 9 11 62 62
0057_0033_0027_0046_0046.jpg 1 33 27 46 46
0058_0023_0013_0056_0056.jpg 1 23 13 56 56
0059_0017_0051_0029_0029.jpg 1 17 51 29 29
0060_0037_0027_0030_0030.jpg 1 37 27 30 30
0061_0018_0018_0056_0056.jpg 1 18 18 56 56
0062_0038_0055_0026_0026.jpg 1 38 55 26 26
0063_0006_0029_0041_0041.jpg 1 6 29 41 41
0064_0042_0039_0042_0042.jpg 1 42 39 42 42
0065_0031_0047_0037_0037.jpg 1 31 47 37 37
0066_0025_0048_0041_0041.jpg 1 25 48 41 41
0067_0012_0011_0033_0033.jpg 1 12 11 33 33
0068_0034_0009_0042_0042.jpg 1 34 9 42 42
0069_0050_0044_0044_0044.jpg 1 50 44 44 44
0070_0010_0023_0050_0050.jpg 1 10 23 50 50
0071_0005_0008_0057_0057.jpg 1 5 8 57 57
0072_0025_0029_0065_0065.jpg 1 25 29 65 65
0073_0039_0037_0034_0034.jpg 1 39 37 34 34
0074_0018_0007_0052_0052.jpg 1 18 7 52 52
0075_0035_0041_0042_0042.jpg 1 35 41 42 42
0076_0011_0005_0069_0069.jpg 1 11 5 69 69
0077_0014_0016_0032_0032.jpg 1 14 16 32 32
0078_0029_0023_0049_0049.jpg 1 29 23 49 49
0079_0037_0028_0053_0053.jpg 1 37 28 53 53
0080_0014_0014_0045_0045.jpg 1 14 14 45 45
0081_0015_0036_0045_0045.jpg 1 15 36 45 45
0082_0016_0015_0044_0044.jpg 1 16 15 44 44
0083_0043_0040_0030_0030.jpg 1 43 40 30 30
0084_0033_0028_0042_0042.jpg 1 33 28 42 42
0085_0019_0021_0056_0056.jpg 1 19 21 56 56
0086_0037_0053_0039_0039.jpg 1 37 53 39 39
0087_0013_0017_0055_0055.jpg 1 13 17 55 55
0088_0060_0013_0026_0026.jpg 1 60 13 26 26
0089_0030_0012_0066_0066.jpg 1 30 12 66 66
0090_0043_0008_0041_0041.jpg 1 43 8 41 41
0091_0055_0043_0034_0034.jpg 1 55 43 34 34
0092_0033_0008_0059_0059.jpg 1 33 8 59 59
0093_0011_0033_0057_0057.jpg 1 11 33 57 57
0094_0029_0023_0059_0059.jpg 1 29 23 59 59
0095_0007_0019_0053_0053.jpg 1 7 19 53 53
0096_0015_0015_0060_0060.jpg 1 15 15 60 60
0097_0013_0006_0061_0061.jpg 1 13 6 61 61
0098_0028_0011_0029_0029.jpg 1 28 11 29 29
0099_0054_0043_0031_0031.jpg 1 54 43 31 31
0100_0009_0042_0039_0039.jpg 1 9 42 39 39
0101_0048_0020_0044_0044.jpg 1 48 20 44 44
0102_0011_0046_0035_0035.jpg 1 11 46 35 35
0103_0036_0035_0040_0040.jpg 1 36 35 40 40
0104_0049_0062_0025_0025.jpg 1 49 62 25 25
0105_0006_0026_0051_0051.jpg 1 6 26 51 51
0106_0026_0036_0052_0052.jpg 1 26 36 52 52
0107_0020_0007_0062_0062.jpg 1 20 7 62 62
0108_0006_0013_0069_0069.jpg 1 6 13 69 69
0109_0016_0024_0038_0038.jpg 1 16 24 38 38
0110_0059_0054_0027_0027.jpg 1 59 54 27 27
0111_0032_0010_0037_0037.jpg 1 32 10 37 37
0112_0030_0035_0049_0049.jpg 1 30 35 49 49
0113_0023_0061_0024_0024.jpg 1 23 61 24 24
0114_0020_0032_0063_0063.jpg 1 20 32 63 63
0115_0015_0012_0049_0049.jpg 1 15 12 49 49
0116_0020_0045_0038_0038.jpg 1 20 45 38 38
0117_0031_0044_0041_0041.jpg 1 31 44 41 41
0118_0062_0040_0026_0026.jpg 1 62 40 26 26
0119_0024_0033_0029_0029.jpg 1 24 33 29 29
0120_0015_0037_0042_0042.jpg 1 15 37 42 42
0121_0008_0016_0051_0051.jpg 1 8 16 51 51
0122_0028_0028_0049_0049.jpg 1 28 28 49 49
0123_0019_0010_0067_0067.jpg 1 19 10 67 67
0124_0012_0029_0042_0042.jpg 1 12 29 42 42
0125_0010_0043_0052_0052.jpg 1 10 43 52 52
0126_0010_0016_0063_0063.jpg 1 10 16 63 63
0127_0021_0016_0030_0030.jpg 1 21 16 30 30
0128_0017_0036_0056_0056.jpg 1 17 36 56 56
0129_0012_0019_0069_0069.jpg 1 12 19 69 69
0130_0026_0025_0039_0039.jpg 1 26 25 39 39
0131_0006_0046_0046_0046.jpg 1 6 46 46 46
0132_0020_0034_0056_0056.jpg 1 20 34 56 56
0133_0014_0032_0042_0042.jpg 1 14 32 42 42
0134_0017_0017_0069_0069.jpg 1 17 17 69 69
0135_0007_0005_0044_0044.jpg 1 7 5 44 44
0136_0025_0031_0051_0051.jpg 1 25 31 51 51
0137_0009_0025_0035_0035.jpg 1 9 25 35 35
0138_0023_0041_0049_0049.jpg 1 23 41 49 49
0139_0023_0006_0053_0053.jpg 1 23 6 53 53
0140_0027_0028_0066_0066.jpg 1 27 28 66 66
0141_0046_0008_0028_0028.jpg 1 46 8 28 28
0142_0026_0035_0053_0053.jpg 1 26 35 53 53
0143_0009_0009_0039_0039.jpg 1 9 9 39 39
0144_0025_0016_0057_0057.jpg 1 25 16 57 57
0145_0037_0028_0055_0055.jpg 1 37 28 55 55
0146_0015_0011_0063_0063.jpg 1 15 11 63 63
0147_0021_0028_0068_0068.jpg 1 21 28 68 68
0148_0033_0037_0044_0044.jpg 1 33 37 44 44
0149_0035_0024_0026_0026.jpg 1 35 24 26 26
0150_0026_0009_0042_0042.jpg 1 26 9 42 42
0151_0029_0032_0061_0061.jpg 1 29 32 61 61
0152_0008_0014_0031_0031.jpg 1 8 14 31 31
0153_0046_0008_0039_0039.jpg 1 46 8 39 39
0154_0021_0023_0031_0031.jpg 1 21 23 31 31
0155_0010_0018_0066_0066.jpg 1 10 18 66 66
0156_0019_0034_0059_0059.jpg 1 19 34 59 59
0157_0045_0047_0037_0037.jpg 1 45 47 37 37
0158_0042_0005_0049_0049.jpg 1 42 5 49 49
0159_0038_0033_0049_0049.jpg 1 38 33 49 49
0160_0009_0008_0035_0035.jpg 1 9 8 35 35
0161_0019_0036_0037_0037.jpg 1 19 36 37 37
0162_0028_0008_0027_0027.jpg 1 28 8 27 27
0163_0010_0035_0057_0057.jpg 1 10 35 57 57
0164_0032_0015_0057_0057.jpg 1 32 15 57 57
0165_0021_0007_0053_0053.jpg 1 21 7 53 53
0166_0007_0021_0069_0069.jpg 1 7 21 69 69
0167_0031_0023_0052_0052.jpg 1 31 23 52 52
0168_0025_0003_0067_0067.jpg 1 25 3 67 67
0169_0006_0030_0056_0056.jpg 1 6 30 56 56
0170_0050_0052_0029_0029.jpg 1 50 52 29 29
0171_0039_0018_0027_0027.jpg 1 39 18 27 27
0172_0012_0057_0027_0027.jpg 1 12 57 27 27
0173_0005_0033_0044_0044.jpg 1 5 33 44 44
0174_0039_0049_0029_0029.jpg 1 39 49 29 29
0175_0043_0041_0044_0044.jpg 1 43 41 44 44
0176_0033_0015_0028_0028.jpg 1 33 15 28 28
0177_0028_0020_0062_0062.jpg 1 28 20 62 62
0178_0009_0033_0052_0052.jpg 1 9 33 52 52
0179_0038_0051_0040_0040.jpg 1 38 51 40 40
0180_0010_0016_0055_0055.jpg 1 10 16 55 55
0181_0014_0010_0037_0037.jpg 1 14 10 37 37
0182_0034_0024_0036_0036.jpg 1 34 24 36 36
0183_0044_0007_0047_0047.jpg 1 44 7 47 47
0184_0032_0049_0035_0035.jpg 1 32 49 35 35
0185_0017_0043_0049_0049.jpg 1 17 43 49 49
0186_0041_0020_0051_0051.jpg 1 41 20 51 51
0187_0059_0062_0030_0030.jpg 1 59 62 30 30
0188_0027_0037_0030_0030.jpg 1 27 37 30 30
0189_0004_0016_0068_0068.jpg 1 4 16 68 68
0190_0023_0051_0041_0041.jpg 1 23 51 41 41
0191_0011_0008_0054_0054.jpg 1 11 8 54 54
0192_0005_0027_0054_0054.jpg 1 5 27 54 54
0193_0030_0031_0056_0056.jpg 1 30 31 56 56
0194_0034_0054_0024_0024.jpg 1 34 54 24 24
0195_0007_0020_0033_0033.jpg 1 7 20 33 33
0196_0017_0020_0050_0050.jpg 1 17 20 50 50
0197_0058_0018_0031_0031.jpg 1 58 18 31 31
0198_0033_0017_0062_0062.jpg 1 33 17 62 62
0199_0015_0029_0067_0067.jpg 1 15 29 67 67
0200_0025_0027_0041_0041.jpg 1 25 27 41 41
0201_0016_0046_0027_0027.jpg 1 16 46 27 27
0202_0024_0014_0034_0034.jpg 1 24 14 34 34
0203_0015_0011_0069_0069.jpg 1 15 11 69 69
0204_0034_0027_0029_0029.jpg 1 34 27 29 29
0205_0028_0021_0067_0067.jpg 1 28 21 67 67
0206_0026_0038_0044_0044.jpg 1 26 38 44 44
0207_0008_0008_0069_0069.jpg 1 8 8 69 69
0208_0016_0005_0063_0063.jpg 1 16 5 63 63
0209_0052_0010_0029_0029.jpg 1 52 10 29 29
0210_0049_0041_0040_0040.jpg 1 49 41 40 40
0211_0035_0041_0037_0037.jpg 1 35 41 37 37
0212_0041_0013_0041_0041.jpg 1 41 13 41 41
0213_0027_0017_0064_0064.jpg 1 27 17 64 64
0214_0019_0013_0068_0068.jpg 1 19 13 68 68
0215_0042_0045_0038_0038.jpg 1 42 45 38 38
0216_0048_0030_0033_0033.jpg 1 48 30 33 33
0217_0017_0019_0059_0059.jpg 1 17 19 59 59
0218_0006_0029_0043_0043.jpg 1 6 29 43 43
0219_0030_0012_0058_0058.jpg 1 30 12 58 58
0220_0014_0032_0036_0036.jpg 1 14 32 36 36
0221_0028_0039_0031_0031.jpg 1 28 39 31 31
0222_0005_0031_0058_0058.jpg 1 5 31 58 58
0223_0031_0012_0064_0064.jpg 1 31 12 64 64
0224_0026_0012_0064_0064.jpg 1 26 12 64 64
0225_0038_0049_0024_0024.jpg 1 38 49 24 24
0226_0028_0028_0048_0048.jpg 1 28 28 48 48
0227_0056_0035_0029_0029.jpg 1 56 35 29 29
0228_0053_0026_0036_0036.jpg 1 53 26 36 36
0229_0039_0023_0050_0050.jpg 1 39 23 50 50
0230_0010_0012_0046_0046.jpg 1 10 12 46 46
0231_0033_0025_0037_0037.jpg 1 33 25 37 37
0232_0015_0019_0046_0046.jpg 1 15 19 46 46
0233_0012_0014_0055_0055.jpg 1 12 14 55 55
0234_0030_0046_0047_0047.jpg 1 30 46 47 47
0235_0014_0013_0066_0066.jpg 1 14 13 66 66
0236_0021_0013_0063_0063.jpg 1 21 13 63 63
0237_0034_0014_0058_0058.jpg 1 34 14 58 58
0238_0019_0029_0046_0046.jpg 1 19 29 46 46
0239_0034_0013_0053_0053.jpg 1 34 13 53 53
0240_0007_0028_0064_0064.jpg 1 7 28 64 64
0241_0005_0026_0057_0057.jpg 1 5 26 57 57
0242_0032_0017_0057_0057.jpg 1 32 17 57 57
0243_0044_0029_0042_0042.jpg 1 44 29 42 42
0244_0034_0023_0057_0057.jpg 1 34 23 57 57
0245_0044_0028_0038_0038.jpg 1 44 28 38 38
0246_0042_0011_0045_0045.jpg 1 42 11 45 45
0247_0008_0031_0048_0048.jpg 1 8 31 48 48
0248_0022_0009_0031_0031.jpg 1 22 9 31 31
0249_0040_0042_0047_0047.jpg 1 40 42 47 47
0250_0013_0014_0065_0065.jpg 1 13 14 65 65
0251_0055_0051_0026_0026.jpg 1 55 51 26 26
0252_0050_0013_0028_0028.jpg 1 50 13 28 28
0253_0022_0006_0038_0038.jpg 1 22 6 38 38
0254_0016_0015_0062_0062.jpg 1 16 15 62 62
0255_0035_0030_0052_0052.jpg 1 35 30 52 52
0256_0028_0055_0028_0028.jpg 1 28 55 28 28
0257_0022_0030_0031_0031.jpg 1 22 30 31 31
0258_0024_0034_0031_0031.jpg 1 24 34 31 31
0259_0046_0011_0035_0035.jpg 1 46 11 35 35
0260_0025_0020_0030_0030.jpg 1 25 20 30 30
0261_0023_0023_0055_0055.jpg 1 23 23 55 55
0262_0021_0026_0053_0053.jpg 1 21 26 53 53
0263_0018_0007_0066_0066.jpg 1 18 7 66 66
0264_0009_0005_0060_0060.jpg 1 9 5 60 60
0265_0025_0019_0069_0069.jpg 1 25 19 69 69
0266_0012_0017_0059_0059.jpg 1 12 17 59 59
0267_0006_0039_0052_0052.jpg 1 6 39 52 52
0268_0049_0015_0036_0036.jpg 1 49 15 36 36
0269_0007_0049_0036_0036.jpg 1 7 49 36 36
0270_0016_0029_0060_0060.jpg 1 16 29 60 60
0271_0006_0015_0057_0057.jpg 1 6 15 57 57
0272_0015_0036_0056_0056.jpg 1 15 36 56 56
0273_0016_0027_0047_0047.jpg 1 16 27 47 47
0274_0027_0040_0047_0047.jpg 1 27 40 47 47
0275_0022_0014_0039_0039.jpg 1 22 14 39 39
0276_0021_0027_0063_0063.jpg 1 21 27 63 63
0277_0018_0042_0046_0046.jpg 1 18 42 46 46
0278_0009_0024_0044_0044.jpg 1 9 24 44 44
0279_0034_0038_0048_0048.jpg 1 34 38 48 48
0280_0044_0018_0042_0042.jpg 1 44 18 42 42
0281_0014_0046_0044_0044.jpg 1 14 46 44 44
0282_0041_0034_0049_0049.jpg 1 41 34 49 49
0283_0016_0015_0069_0069.jpg 1 16 15 69 69
0284_0021_0026_0067_0067.jpg 1 21 26 67 67
0285_0040_0035_0043_0043.jpg 1 40 35 43 43
0286_0027_0031_0052_0052.jpg 1 27 31 52 52
0287_0049_0041_0032_0032.jpg 1 49 41 32 32
0288_0064_0036_0025_0025.jpg 1 64 36 25 25
0289_0006_0042_0044_0044.jpg 1 6 42 44 44
0290_0024_0027_0067_0067.jpg 1 24 27 67 67
0291_0025_0021_0058_0058.jpg 1 25 21 58 58
0292_0021_0003_0065_0065.jpg 1 21 3 65 65
0293_0004_0008_0066_0066.jpg 1 4 8 66 66
0294_0021_0005_0064_0064.jpg 1 21 5 64 64
0295_0008_0020_0058_0058.jpg 1 8 20 58 58
0296_0011_0027_0058_0058.jpg 1 11 27 58 58
0297_0008_0028_0057_0057.jpg 1 8 28 57 57
0298_0028_0023_0066_0066.jpg 1 28 23 66 66
0299_0040_0016_0031_0031.jpg 1 40 16 31 31
0300_0017_0020_0052_0052.jpg 1 17 20 52 52
0301_0008_0028_0037_0037.jpg 1 8 28 37 37
0302_0056_0043_0031_0031.jpg 1 56 43 31 31
0303_0021_0049_0032_0032.jpg 1 21 49 32 32
0304_0013_0006_0069_0069.jpg 1 13 6 69 69
0305_0026_0005_0061_0061.jpg 1 26 5 61 61
0306_0008_0015_0053_0053.jpg 1 8 15 53 53
0307_0023_0022_0068_0068.jpg 1 23 22 68 68
0308_0024_0015_0056_0056.jpg 1 24 15 56 56
0309_0040_0025_0053_0053.jpg 1 40 25 53 53
0310_0013_0030_0065_0065.jpg 1 13 30 65 65
0311_0017_0046_0037_0037.jpg 1 17 46 37 37
0312_0037_0050_0041_0041.jpg 1 37 50 41 41
0313_0026_0019_0067_0067.jpg 1 26 19 67 67
0314_0006_0029_0066_0066.jpg 1 6 29 66 66
0315_0019_0008_0059_0059.jpg 1 19 8 59 59
0316_0032_0037_0042_0042.jpg 1 32 37 42 42
0317_0019_0026_0044_0044.jpg 1 19 26 44 44
0318_0030_0028_0049_0049.jpg 1 30 28 49 49
0319_0022_0034_0051_0051.jpg 1 22 34 51 51
0320_0014_0053_0032_0032.jpg 1 14 53 32 32
0321_0027_0043_0025_0025.jpg 1 27 43 25 25
0322_0042_0043_0050_0050.jpg 1 42 43 50 50
0323_0008_0025_0066_0066.jpg 1 8 25 66 66
0324_0019_0010_0041_0041.jpg 1 19 10 41 41
0325_0021_0013_0069_0069.jpg 1 21 13 69 69
0326_0005_0014_0066_0066.jpg 1 5 14 66 66
0327_0036_0028_0046_0046.jpg 1 36 28 46 46
0328_0023_0009_0063_0063.jpg 1 23 9 63 63
0329_0040_0010_0044_0044.jpg 1 40 10 44 44
0330_0033_0008_0048_0048.jpg 1 33 8 48 48
0331_0026_0012_0069_0069.jpg 1 26 12 69 69
0332_0049_0018_0039_0039.jpg 1 49 18 39 39
0333_0043_0020_0044_0044.jpg 1 43 20 44 44
0334_0014_0033_0053_0053.jpg 1 14 33 53 53
0335_0014_0022_0061_0061.jpg 1 14 22 61 61
0336_0027_0009_0049_0049.jpg 1 27 9 49 49
0337_0010_0042_0045_0045.jpg 1 10 42 45 45
0338_0039_0016_0038_0038.jpg 1 39 16 38 38
0339_0032_0051_0034_0034.jpg 1 32 51 34 34
0340_0026_0023_0067_0067.jpg 1 26 23 67 67
0341_0016_0056_0035_0035.jpg 1 16 56 35 35
0342_0025_0004_0062_0062.jpg 1 25 4 62 62
0343_0004_0034_0059_0059.jpg 1 4 34 59 59
0344_0015_0042_0026_0026.jpg 1 15 42 26 26
0345_0007_0016_0066_0066.jpg 1 7 16 66 66
0346_0047_0021_0038_0038.jpg 1 47 21 38 38
0347_0027_0028_0066_0066.jpg 1 27 28 66 66
0348_0021_0019_0048_0048.jpg 1 21 19 48 48
0349_0014_0053_0024_0024.jpg 1 14 53 24 24
0350_0031_0009_0052_0052.jpg 1 31 9 52 52
0351_0044_0006_0042_0042.jpg 1 44 6 42 42
0352_0005_0028_0052_0052.jpg 1 5 28 52 52
0353_0047_0040_0044_0044.jpg 1 47 40 44 44
0354_0011_0028_0050_0050.jpg 1 11 28 50 50
0355_0039_0029_0054_0054.jpg 1 39 29 54 54
0356_0005_0025_0057_0057.jpg 1 5 25 57 57
0357_0029_0018_0024_0024.jpg 1 29 18 24 24
0358_0005_0026_0064_0064.jpg 1 5 26 64 64
0359_0051_0038_0025_0025.jpg 1 51 38 25 25
0360_0022_0043_0027_0027.jpg 1 22 43 27 27
0361_0011_0028_0066_0066.jpg 1 11 28 66 66
0362_0008_0007_0051_0051.jpg 1 8 7 51 51
0363_0018_0021_0064_0064.jpg 1 18 21 64 64
0364_0052_0016_0029_0029.jpg 1 52 16 29 29
0365_0035_0028_0024_0024.jpg 1 35 28 24 24
0366_0025_0024_0038_0038.jpg 1 25 24 38 38
0367_0020_0013_0045_0045.jpg 1 20 13 45 45
0368_0033_0014_0057_0057.jpg 1 33 14 57 57
0369_0019_0027_0058_0058.jpg 1 19 27 58 58
0370_0024_0019_0047_0047.jpg 1 24 19 47 47
0371_0011_0012_0040_0040.jpg 1 11 12 40 40
0372_0024_0027_0050_0050.jpg 1 24 27 50 50
0373_0006_0006_0057_0057.jpg 1 6 6 57 57
0374_0028_0030_0065_0065.jpg 1 28 30 65 65
0375_0032_0025_0052_0052.jpg 1 32 25 52 52
0376_0029_0017_0046_0046.jpg 1 29 17 46 46
0377_0018_0040_0052_0052.jpg 1 18 40 52 52
0378_0016_0033_0055_0055.jpg 1 16 33 55 55
0379_0012_0042_0044_0044.jpg 1 12 42 44 44
0380_0006_0031_0057_0057.jpg 1 6 31 57 57
0381_0024_0043_0044_0044.jpg 1 24 43 44 44
0382_0024_0005_0052_0052.jpg 1 24 5 52 52
0383_0031_0007_0046_0046.jpg 1 31 7 46 46
0384_0018_0016_0030_0030.jpg 1 18 16 30 30
0385_0054_0043_0035_0035.jpg 1 54 43 35 35
0386_0038_0041_0030_0030.jpg 1 38 41 30 30
0387_0038_0007_0055_0055.jpg 1 38 7 55 55
0388_0066_0049_0026_0026.jpg 1 66 49 26 26
0389_0037_0040_0052_0052.jpg 1 37 40 52 52
0390_0063_0030_0029_0029.jpg 1 63 30 29 29
0391_0021_0024_0048_0048.jpg 1 21 24 48 48
0392_0062_0031_0025_0025.jpg 1 62 31 25 25
0393_0038_0035_0057_0057.jpg 1 38 35 57 57
0394_0024_0005_0047_0047.jpg 1 24 5 47 47
0395_0011_0036_0057_0057.jpg 1 11 36 57 57
0396_0026_0054_0025_0025.jpg 1 26 54 25 25
0397_0008_0029_0060_0060.jpg 1 8 29 60 60
0398_0005_0017_0064_0064.jpg 1 5 17 64 64
0399_0021_0014_0056_0056.jpg 1 21 14 56 56
0400_0012_0017_0069_0069.jpg 1 12 17 69 69
0401_0023_0058_0024_0024.jpg 1 23 58 24 24
0402_0024_0025_0069_0069.jpg 1 24 25 69 69
0403_0007_0018_0067_0067.jpg 1 7 18 67 67
0404_0017_0027_0055_0055.jpg 1 17 27 55 55
0405_0026_0015_0065_0065.jpg 1 26 15 65 65
0406_0026_0021_0042_0042.jpg 1 26 21 42 42
0407_0052_0025_0025_0025.jpg 1 52 25 25 25
0408_0027_0011_0069_0069.jpg 1 27 11 69 69
0409_0050_0008_0032_0032.jpg 1 50 8 32 32
0410_0043_0029_0036_0036.jpg 1 43 29 36 36
0411_0036_0007_0040_0040.jpg 1 36 7 40 40
0412_0027_0004_0068_0068.jpg 1 27 4 68 68
0413_0007_0043_0049_0049.jpg 1 7 43 49 49
0414_0021_0017_0068_0068.jpg 1 21 17 68 68
0415_0014_0041_0028_0028.jpg 1 14 41 28 28
0416_0027_0026_0034_0034.jpg 1 27 26 34 34
0417_0013_0055_0029_0029.jpg 1 13 55 29 29
0418_0019_0022_0024_0024.jpg 1 19 22 24 24
0419_0054_0031_0026_0026.jpg 1 54 31 26 26
0420_0005_0034_0059_0059.jpg 1 5 34 59 59
0421_0028_0028_0066_0066.jpg 1 28 28 66 66
0422_0044_0058_0030_0030.jpg 1 44 58 30 30
0423_0050_0048_0034_0034.jpg 1 50 48 34 34
0424_0027_0030_0060_0060.jpg 1 27 30 60 60
0425_0061_0020_0025_0025.jpg 1 61 20 25 25
0426_0030_0016_0059_0059.jpg 1 30 16 59 59
0427_0051_0046_0033_0033.jpg 1 51 46 33 33
0428_0036_0017_0045_0045.jpg 1 36 17 45 45
0429_0037_0041_0038_0038.jpg 1 37 41 38 38
0430_0010_0017_0060_0060.jpg 1 10 17 60 60
0431_0010_0005_0052_0052.jpg 1 10 5 52 52
0432_0016_0006_0062_0062.jpg 1 16 6 62 62
0433_0011_0047_0042_0042.jpg 1 11 47 42 42
0434_0033_0053_0028_0028.jpg 1 33 53 28 28
0435_0007_0017_0054_0054.jpg 1 7 17 54 54
0436_0026_0024_0047_0047.jpg 1 26 24 47 47
0437_0059_0032_0025_0025.jpg 1 59 32 25 25
0438_0020_0025_0060_0060.jpg 1 20 25 60 60
0439_0018_0012_0062_0062.jpg 1 18 12 62 62
0440_0027_0021_0066_0066.jpg 1 27 21 66 66
0441_0046_0038_0031_0031.jpg 1 46 38 31 31
0442_0028_0043_0041_0041.jpg 1 28 43 41 41
0443_0028_0058_0033_0033.jpg 1 28 58 33 33
0444_0046_0039_0026_0026.jpg 1 46 39 26 26
0445_0036_0062_0026_0026.jpg 1 36 62 26 26
0446_0037_0038_0056_0056.jpg 1 37 38 56 56
0447_0023_0004_0051_0051.jpg 1 23 4 51 51
0448_0009_0014_0061_0061.jpg 1 9 14 61 61
0449_0018_0038_0051_0051.jpg 1 18 38 51 51
0450_0038_0040_0035_0035.jpg 1 38 40 35 35
0451_0035_0024_0048_0048.jpg 1 35 24 48 48
0452_0010_0026_0031_0031.jpg 1 10 26 31 31
0453_0053_0014_0036_0036.jpg 1 53 14 36 36
0454_0039_0046_0040_0040.jpg 1 39 46 40 40
0455_0010_0039_0028_0028.jpg 1 10 39 28 28
0456_0012_0014_0067_0067.jpg 1 12 14 67 67
0457_0009_0011_0048_0048.jpg 1 9 11 48 48
0458_0040_0007_0033_0033.jpg 1 40 7 33 33
0459_0006_0049_0038_0038.jpg 1 6 49 38 38
0460_0007_0010_0047_0047.jpg 1 7 10 47 47
0461_0014_0012_0067_0067.jpg 1 14 12 67 67
0462_0041_0024_0048_0048.jpg 1 41 24 48 48
0463_0013_0030_0060_0060.jpg 1 13 30 60 60
0464_0036_0060_0030_0030.jpg 1 36 60 30 30
0465_0015_0010_0026_0026.jpg 1 15 10 26 26
0466_0037_0050_0042_0042.jpg 1 37 50 42 42
0467_0005_0023_0044_0044.jpg 1 5 23 44 44
0468_0055_0036_0034_0034.jpg 1 55 36 34 34
0469_0013_0055_0034_0034.jpg 1 13 55 34 34
0470_0043_0015_0049_0049.jpg 1 43 15 49 49
0471_0023_0039_0048_0048.jpg 1 23 39 48 48
0472_0010_0014_0065_0065.jpg 1 10 14 65 65
0473_0030_0024_0065_0065.jpg 1 30 24 65 65
0474_0020_0052_0026_0026.jpg 1 20 52 26 26
0475_0025_0008_0058_0058.jpg 1 25 8 58 58
0476_0006_0024_0068_0068.jpg 1 6 24 68 68
0477_0026_0015_0062_0062.jpg 1 26 15 62 62
0478_0038_0041_0045_0045.jpg 1 38 41 45 45
0479_0015_0041_0041_0041.jpg 1 15 41 41 41
0480_0049_0013_0025_0025.jpg 1 49 13 25 25
0481_0033_0004_0060_0060.jpg 1 33 4 60 60
0482_0033_0014_0062_0062.jpg 1 33 14 62 62
0483_0029_0016_0066_0066.jpg 1 29 16 66 66
0484_0016_0023_0065_0065.jpg 1 16 23 65 65
0485_0019_0024_0068_0068.jpg 1 19 24 68 68
0486_0016_0061_0026_0026.jpg 1 16 61 26 26
0487_0051_0014_0039_0039.jpg 1 51 14 39 39
0488_0014_0025_0050_0050.jpg 1 14 25 50 50
0489_0032_0045_0045_0045.jpg 1 32 45 45 45
0490_0042_0011_0050_0050.jpg 1 42 11 50 50
0491_0009_0028_0049_0049.jpg 1 9 28 49 49
0492_0044_0017_0034_0034.jpg 1 44 17 34 34
0493_0052_0037_0034_0034.jpg 1 52 37 34 34
0494_0038_0043_0045_0045.jpg 1 38 43 45 45
0495_0036_0026_0028_0028.jpg 1 36 26 28 28
0496_0053_0029_0038_0038.jpg 1 53 29 38 38
0497_0024_0028_0045_0045.jpg 1 24 28 45 45
0498_0027_0017_0028_0028.jpg 1 27 17 28 28
0499_0032_0037_0041_0041.jpg 1 32 37 41 41
0500_0035_0007_0053_0053.jpg 1 35 7 53 53
0501_0041_0029_0032_0032.jpg 1 41 29 32 32
0502_0022_0045_0028_0028.jpg 1 22 45 28 28
0503_0028_0006_0046_0046.jpg 1 28 6 46 46
0504_0038_0015_0051_0051.jpg 1 38 15 51 51
0505_0031_0014_0036_0036.jpg 1 31 14 36 36
0506_0047_0021_0035_0035.jpg 1 47 21 35 35
0507_0018_0009_0042_0042.jpg 1 18 9 42 42
0508_0023_0026_0044_0044.jpg 1 23 26 44 44
0509_0026_0043_0046_0046.jpg 1 26 43 46 46
0510_0016_0030_0058_0058.jpg 1 16 30 58 58
0511_0051_0017_0036_0036.jpg 1 51 17 36 36
0512_0032_0021_0038_0038.jpg 1 32 21 38 38
0513_0014_0025_0034_0034.jpg 1 14 25 34 34
0514_0031_0034_0060_0060.jpg 1 31 34 60 60
0515_0006_0012_0061_0061.jpg 1 6 12 61 61
0516_0006_0008_0056_0056.jpg 1 6 8 56 56
0517_0058_0049_0032_0032.jpg 1 58 49 32 32
0518_0031_0028_0048_0048.jpg 1 31 28 48 48
0519_0034_0019_0049_0049.jpg 1 34 19 49 49
0520_0019_0017_0067_0067.jpg 1 19 17 67 67
0521_0036_0013_0050_0050.jpg 1 36 13 50 50
0522_0016_0029_0030_0030.jpg 1 16 29 30 30
0523_0019_0006_0063_0063.jpg 1 19 6 63 63
0524_0036_0034_0051_0051.jpg 1 36 34 51 51
0525_0037_0040_0047_0047.jpg 1 37 40 47 47
0526_0022_0007_0039_0039.jpg 1 22 7 39 39
0527_0024_0027_0056_0056.jpg 1 24 27 56 56
0528_0028_0036_0048_0048.jpg 1 28 36 48 48
0529_0025_0009_0061_0061.jpg 1 25 9 61 61
0530_0018_0044_0042_0042.jpg 1 18 44 42 42
0531_0018_0023_0029_0029.jpg 1 18 23 29 29
0532_0013_0032_0026_0026.jpg 1 13 32 26 26
0533_0047_0005_0045_0045.jpg 1 47 5 45 45
0534_0031_0009_0031_0031.jpg 1 31 9 31 31
0535_0029_0011_0050_0050.jpg 1 29 11 50 50
0536_0004_0014_0066_0066.jpg 1 4 14 66 66
0537_0043_0010_0050_0050.jpg 1 43 10 50 50
0538_0033_0040_0045_0045.jpg 1 33 40 45 45
0539_0014_0023_0066_0066.jpg 1 14 23 66 66
0540_0006_0014_0067_0067.jpg 1 6 14 67 67
0541_0048_0058_0028_0028.jpg 1 48 58 28 28
0542_0005_0004_0059_0059.jpg 1 5 4 59 59
0543_0046_0019_0024_0024.jpg 1 46 19 24 24
0544_0017_0026_0057_0057.jpg 1 17 26 57 57
0545_0016_0029_0051_0051.jpg 1 16 29 51 51
0546_0024_0042_0035_0035.jpg 1 24 42 35 35
0547_0025_0009_0055_0055.jpg 1 25 9 55 55
0548_0030_0044_0050_0050.jpg 1 30 44 50 50
0549_0033_0016_0038_0038.jpg 1 33 16 38 38
0550_0009_0022_0053_0053.jpg 1 9 22 53 53
0551_0041_0040_0047_0047.jpg 1 41 40 47 47
0552_0048_0007_0045_0045.jpg 1 48 7 45 45
0553_0041_0039_0053_0053.jpg 1 41 39 53 53
0554_0011_0013_0061_0061.jpg 1 11 13 61 61
0555_0034_0022_0055_0055.jpg 1 34 22 55 55
0556_0041_0027_0046_0046.jpg 1 41 27 46 46
0557_0010_0031_0024_0024.jpg 1 10 31 24 24
0558_0020_0047_0027_0027.jpg 1 20 47 27 27
0559_0008_0035_0047_0047.jpg 1 8 35 47 47
0560_0024_0017_0068_0068.jpg 1 24 17 68 68
0561_0028_0017_0044_0044.jpg 1 28 17 44 44
0562_0016_0022_0060_0060.jpg 1 16 22 60 60
0563_0015_0007_0065_0065.jpg 1 15 7 65 65
0564_0009_0019_0048_0048.jpg 1 9 19 48 48
0565_0012_0048_0039_0039.jpg 1 12 48 39 39
0566_0023_0024_0055_0055.jpg 1 23 24 55 55
0567_0008_0030_0058_0058.jpg 1 8 30 58 58
0568_0056_0039_0029_0029.jpg 1 56 39 29 29
0569_0014_0050_0025_0025.jpg 1 14 50 25 25
0570_0026_0023_0057_0057.jpg 1 26 23 57 57
0571_0013_0035_0031_0031.jpg 1 13 35 31 31
0572_0007_0022_0029_0029.jpg 1 7 22 29 29
0573_0029_0012_0030_0030.jpg 1 29 12 30 30
0574_0025_0005_0050_0050.jpg 1 25 5 50 50
0575_0048_0051_0036_0036.jpg 1 48 51 36 36
0576_0034_0034_0042_0042.jpg 1 34 34 42 42
0577_0015_0006_0048_0048.jpg 1 15 6 48 48
0578_0015_0036_0049_0049.jpg 1 15 36 49 49
0579_0019_0015_0067_0067.jpg 1 19 15 67 67
0580_0008_0005_0063_0063.jpg 1 8 5 63 63
0581_0004_0025_0068_0068.jpg 1 4 25 68 68
0582_0012_0012_0038_0038.jpg 1 12 12 38 38
0583_0018_0024_0055_0055.jpg 1 18 24 55 55
0584_0010_0010_0030_0030.jpg 1 10 10 30 30
0585_0008_0047_0044_0044.jpg 1 8 47 44 44
0586_0028_0030_0037_0037.jpg 1 28 30 37 37
0587_0024_0013_0024_0024.jpg 1 24 13 24 24
0588_0012_0033_0057_0057.jpg 1 12 33 57 57
0589_0043_0023_0041_0041.jpg 1 43 23 41 41
0590_0016_0025_0039_0039.jpg 1 16 25 39 39
0591_0040_0038_0039_0039.jpg 1 40 38 39 39
0592_0008_0051_0037_0037.jpg 1 8 51 37 37
0593_0053_0035_0033_0033.jpg 1 53 35 33 33
0594_0022_0026_0045_0045.jpg 1 22 26 45 45
0595_0020_0029_0056_0056.jpg 1 20 29 56 56
0596_0016_0020_0054_0054.jpg 1 16 20 54 54
0597_0027_0042_0030_0030.jpg 1 27 42 30 30
0598_0006_0027_0035_0035.jpg 1 6 27 35 35
0599_0009_0025_0066_0066.jpg 1 9 25 66 66
0600_0046_0023_0031_0031.jpg 1 46 23 31 31
0601_0011_0016_0042_0042.jpg 1 11 16 42 42
0602_0015_0024_0059_0059.jpg 1 15 24 59 59
0603_0024_0024_0038_0038.jpg 1 24 24 38 38
0604_0026_0007_0058_0058.jpg 1 26 7 58 58
0605_0040_0021_0032_0032.jpg 1 40 21 32 32
0606_0038_0019_0056_0056.jpg 1 38 19 56 56
0607_0046_0036_0037_0037.jpg 1 46 36 37 37
0608_0035_0006_0043_0043.jpg 1 35 6 43 43
0609_0010_0027_0037_0037.jpg 1 10 27 37 37
0610_0038_0020_0033_0033.jpg 1 38 20 33 33
0611_0027_0010_0038_0038.jpg 1 27 10 38 38
0612_0038_0007_0055_0055.jpg 1 38 7 55 55
0613_0039_0009_0055_0055.jpg 1 39 9 55 55
0614_0028_0010_0054_0054.jpg 1 28 10 54 54
0615_0033_0046_0040_0040.jpg 1 33 46 40 40
0616_0024_0021_0038_0038.jpg 1 24 21 38 38
0617_0044_0014_0033_0033.jpg 1 44 14 33 33
0618_0004_0006_0068_0068.jpg 1 4 6 68 68
0619_0028_0005_0060_0060.jpg 1 28 5 60 60
0620_0003_0012_0068_0068.jpg 1 3 12 68 68
0621_0037_0035_0044_0044.jpg 1 37 35 44 44
0622_0021_0024_0032_0032.jpg 1 21 24 32 32
0623_0031_0024_0063_0063.jpg 1 31 24 63 63
0624_0037_0036_0053_0053.jpg 1 37 36 53 53
0625_0010_0014_0052_0052.jpg 1 10 14 52 52
0626_0012_0023_0026_0026.jpg 1 12 23 26 26
0627_0027_0028_0030_0030.jpg 1 27 28 30 30
0628_0039_0046_0029_0029.jpg 1 39 46 29 29
0629_0025_0026_0025_0025.jpg 1 25 26 25 25
0630_0013_0029_0051_0051.jpg 1 13 29 51 51
0631_0013_0020_0033_0033.jpg 1 13 20 33 33
0632_0024_0026_0062_0062.jpg 1 24 26 62 62
0633_0055_0062_0028_0028.jpg 1 55 62 28 28
0634_0006_0025_0055_0055.jpg 1 6 25 55 55
0635_0014_0061_0030_0030.jpg 1 14 61 30 30
0636_0012_0055_0031_0031.jpg 1 12 55 31 31
0637_0037_0010_0043_0043.jpg 1 37 10 43 43
0638_0012_0004_0062_0062.jpg 1 12 4 62 62
0639_0013_0041_0026_0026.jpg 1 13 41 26 26
0640_0028_0016_0063_0063.jpg 1 28 16 63 63
0641_0032_0042_0040_0040.jpg 1 32 42 40 40
0642_0018_0028_0059_0059.jpg 1 18 28 59 59
0643_0047_0051_0032_0032.jpg 1 47 51 32 32
0644_0023_0027_0045_0045.jpg 1 23 27 45 45
0645_0030_0030_0057_0057.jpg 1 30 30 57 57
0646_0033_0015_0044_0044.jpg 1 33 15 44 44
0647_0015_0013_0037_0037.jpg 1 15 13 37 37
0648_0045_0014_0048_0048.jpg 1 45 14 48 48
0649_0045_0020_0029_0029.jpg 1 45 20 29 29
0650_0013_0036_0026_0026.jpg 1 13 36 26 26
0651_0034_0022_0060_0060.jpg 1 34 22 60 60
0652_0021_0020_0042_0042.jpg 1 21 20 42 42
0653_0011_0027_0063_0063.jpg 1 11 27 63 63
0654_0030_0023_0051_0051.jpg 1 30 23 51 51
0655_0009_0008_0068_0068.jpg 1 9 8 68 68
0656_0034_0009_0031_0031.jpg 1 34 9 31 31
0657_0011_0046_0041_0041.jpg 1 11 46 41 41
0658_0004_0007_0067_0067.jpg 1 4 7 67 67
0659_0021_0016_0044_0044.jpg 1 21 16 44 44
0660_0019_0016_0068_0068.jpg 1 19 16 68 68
0661_0028_0027_0062_0062.jpg 1 28 27 62 62
0662_0013_0014_0051_0051.jpg 1 13 14 51 51
0663_0053_0050_0037_0037.jpg 1 53 50 37 37
0664_0027_0040_0049_0049.jpg 1 27 40 49 49
0665_0013_0012_0056_0056.jpg 1 13 12 56 56
0666_0006_0042_0032_0032.jpg 1 6 42 32 32
0667_0015_0013_0065_0065.jpg 1 15 13 65 65
0668_0019_0039_0027_0027.jpg 1 19 39 27 27
0669_0021_0011_0069_0069.jpg 1 21 11 69 69
0670_0038_0053_0025_0025.jpg 1 38 53 25 25
0671_0007_0011_0050_0050.jpg 1 7 11 50 50
0672_0027_0018_0048_0048.jpg 1 27 18 48 48
0673_0004_0018_0069_0069.jpg 1 4 18 69 69
0674_0018_0005_0068_0068.jpg 1 18 5 68 68
0675_0013_0024_0047_0047.jpg 1 13 24 47 47
0676_0016_0048_0032_0032.jpg 1 16 48 32 32
0677_0011_0005_0067_0067.jpg 1 11 5 67 67
0678_0011_0051_0043_0043.jpg 1 11 51 43 43
0679_0023_0016_0048_0048.jpg 1 23 16 48 48
0680_0011_0033_0040_0040.jpg 1 11 33 40 40
0681_0018_0033_0036_0036.jpg 1 18 33 36 36
0682_0009_0036_0036_0036.jpg 1 9 36 36 36
0683_0037_0015_0056_0056.jpg 1 37 15 56 56
0684_0030_0015_0055_0055.jpg 1 30 15 55 55
0685_0013_0065_0024_0024.jpg 1 13 65 24 24
0686_0030_0055_0032_0032.jpg 1 30 55 32 32
0687_0024_0026_0058_0058.jpg 1 24 26 58 58
0688_0041_0020_0028_0028.jpg 1 41 20 28 28
0689_0022_0047_0037_0037.jpg 1 22 47 37 37
0690_0038_0014_0047_0047.jpg 1 38 14 47 47
0691_0023_0017_0036_0036.jpg 1 23 17 36 36
0692_0028_0012_0060_0060.jpg 1 28 12 60 60
0693_0038_0026_0045_0045.jpg 1 38 26 45 45
0694_0036_0019_0029_0029.jpg 1 36 19 29 29
0695_0041_0046_0042_0042.jpg 1 41 46 42 42
0696_0006_0005_0053_0053.jpg 1 6 5 53 53
0697_0010_0017_0038_0038.jpg 1 10 17 38 38
0698_0044_0045_0043_0043.jpg 1 44 45 43 43
0699_0030_0024_0056_0056.jpg 1 30 24 56 56
0700_0019_0010_0055_0055.jpg 1 19 10 55 55
0701_0025_0022_0049_0049.jpg 1 25 22 49 49
0702_0009_0015_0024_0024.jpg 1 9 15 24 24
0703_0019_0013_0068_0068.jpg 1 19 13 68 68
0704_0026_0015_0058_0058.jpg 1 26 15 58 58
0705_0008_0040_0024_0024.jpg 1 8 40 24 24
0706_0028_0014_0040_0040.jpg 1 28 14 40 40
0707_0023_0008_0060_0060.jpg 1 23 8 60 60
0708_0012_0010_0037_0037.jpg 1 12 10 37 37
0709_0020_0008_0043_0043.jpg 1 20 8 43 43
0710_0038_0009_0050_0050.jpg 1 38 9 50 50
0711_0013_0040_0053_0053.jpg 1 13 40 53 53
0712_0027_0011_0066_0066.jpg 1 27 11 66 66
0713_0016_0029_0042_0042.jpg 1 16 29 42 42
0714_0040_0048_0024_0024.jpg 1 40 48 24 24
0715_0015_0037_0054_0054.jpg 1 15 37 54 54
0716_0010_0030_0043_0043.jpg 1 10 30 43 43
0717_0019_0009_0024_0024.jpg 1 19 9 24 24
0718_0014_0040_0049_0049.jpg 1 14 40 49 49
0719_0031_0061_0030_0030.jpg 1 31 61 30 30
0720_0034_0027_0052_0052.jpg 1 34 27 52 52
0721_0031_0018_0062_0062.jpg 1 31 18 62 62
0722_0027_0018_0053_0053.jpg 1 27 18 53 53
0723_0035_0021_0049_0049.jpg 1 35 21 49 49
0724_0007_0045_0028_0028.jpg 1 7 45 28 28
0725_0008_0027_0067_0067.jpg 1 8 27 67 67
0726_0018_0011_0065_0065.jpg 1 18 11 65 65
0727_0058_0034_0025_0025.jpg 1 58 34 25 25
0728_0013_0033_0060_0060.jpg 1 13 33 60 60
0729_0032_0047_0035_0035.jpg 1 32 47 35 35
0730_0025_0015_0047_0047.jpg 1 25 15 47 47
0731_0056_0059_0026_0026.jpg 1 56 59 26 26
0732_0015_0012_0061_0061.jpg 1 15 12 61 61
0733_0021_0028_0033_0033.jpg 1 21 28 33 33
0734_0018_0038_0039_0039.jpg 1 18 38 39 39
0735_0028_0048_0046_0046.jpg 1 28 48 46 46
0736_0065_0018_0024_0024.jpg 1 65 18 24 24
0737_0020_0022_0061_0061.jpg 1 20 22 61 61
0738_0027_0027_0068_0068.jpg 1 27 27 68 68
0739_0027_0028_0024_0024.jpg 1 27 28 24 24
0740_0006_0032_0061_0061.jpg 1 6 32 61 61
0741_0010_0006_0060_0060.jpg 1 10 6 60 60
0742_0010_0017_0029_0029.jpg 1 10 17 29 29
0743_0017_0011_0056_0056.jpg 1 17 11 56 56
0744_0015_0049_0043_0043.jpg 1 15 49 43 43
0745_0004_0005_0055_0055.jpg 1 4 5 55 55
0746_0019_0019_0059_0059.jpg 1 19 19 59 59
0747_0051_0012_0038_0038.jpg 1 51 12 38 38
0748_0038_0036_0055_0055.jpg 1 38 36 55 55
0749_0042_0033_0043_0043.jpg 1 42 33 43 43
0750_0022_0038_0031_0031.jpg 1 22 38 31 31
0751_0014_0011_0066_0066.jpg 1 14 11 66 66
0752_0032_0041_0040_0040.jpg 1 32 41 40 40
0753_0020_0031_0056_0056.jpg 1 20 31 56 56
0754_0022_0017_0032_0032.jpg 1 22 17 32 32
0755_0021_0025_0038_0038.jpg 1 21 25 38 38
0756_0058_0012_0035_0035.jpg 1 58 12 35 35
0757_0016_0043_0046_0046.jpg 1 16 43 46 46
0758_0009_0040_0035_0035.jpg 1 9 40 35 35
0759_0029_0020_0026_0026.jpg 1 29 20 26 26
0760_0015_0009_0069_0069.jpg 1 15 9 69 69
0761_0033_0038_0052_0052.jpg 1 33 38 52 52
0762_0017_0013_0032_0032.jpg 1 17 13 32 32
0763_0007_0019_0063_0063.jpg 1 7 19 63 63
0764_0025_0039_0048_0048.jpg 1 25 39 48 48
0765_0013_0008_0059_0059.jpg 1 13 8 59 59
0766_0035_0017_0058_0058.jpg 1 35 17 58 58
0767_0022_0050_0042_0042.jpg 1 22 50 42 42
0768_0039_0011_0056_0056.jpg 1 39 11 56 56
0769_0033_0047_0047_0047.jpg 1 33 47 47 47
0770_0026_0008_0046_0046.jpg 1 26 8 46 46
0771_0017_0013_0028_0028.jpg 1 17 13 28 28
0772_0054_0045_0027_0027.jpg 1 54 45 27 27
0773_0029_0033_0050_0050.jpg 1 29 33 50 50
0774_0012_0050_0041_0041.jpg 1 12 50 41 41
0775_0020_0025_0027_0027.jpg 1 20 25 27 27
0776_0033_0011_0050_0050.jpg 1 33 11 50 50
0777_0030_0034_0044_0044.jpg 1 30 34 44 44
0778_0005_0022_0052_0052.jpg 1 5 22 52 52
0779_0057_0049_0030_0030.jpg 1 57 49 30 30
0780_0020_0010_0046_0046.jpg 1 20 10 46 46
0781_0034_0024_0061_0061.jpg 1 34 24 61 61
0782_0059_0041_0031_0031.jpg 1 59 41 31 31
0783_0021_0033_0060_0060.jpg 1 21 33 60 60
0784_0017_0009_0063_0063.jpg 1 17 9 63 63
0785_0027_0028_0063_0063.jpg 1 27 28 63 63
0786_0057_0063_0026_0026.jpg 1 57 63 26 26
0787_0020_0015_0062_0062.jpg 1 20 15 62 62
0788_0008_0043_0050_0050.jpg 1 8 43 50 50
0789_0039_0038_0031_0031.jpg 1 39 38 31 31
0790_0008_0033_0049_0049.jpg 1 8 33 49 49
0791_0025_0010_0057_0057.jpg 1 25 10 57 57
0792_0033_0010_0059_0059.jpg 1 33 10 59 59
0793_0020_0040_0054_0054.jpg 1 20 40 54 54
0794_0006_0010_0066_0066.jpg 1 6 10 66 66
0795_0027_0021_0067_0067.jpg 1 27 21 67 67
0796_0007_0021_0060_0060.jpg 1 7 21 60 60
0797_0015_0025_0044_0044.jpg 1 15 25 44 44
0798_0031_0035_0043_0043.jpg 1 31 35 43 43
0799_0054_0028_0032_0032.jpg 1 54 28 32 32
0800_0035_0018_0049_0049.jpg 1 35 18 49 49
0801_0033_0017_0063_0063.jpg 1 33 17 63 63
0802_0013_0026_0069_0069.jpg 1 13 26 69 69
0803_0032_0040_0024_0024.jpg 1 32 40 24 24
0804_0022_0018_0047_0047.jpg 1 22 18 47 47
0805_0031_0025_0061_0061.jpg 1 31 25 61 61
0806_0015_0030_0049_0049.jpg 1 15 30 49 49
0807_0023_0022_0063_0063.jpg 1 23 22 63 63
0808_0043_0046_0044_0044.jpg 1 43 46 44 44
0809_0016_0027_0069_0069.jpg 1 16 27 69 69
0810_0007_0009_0031_0031.jpg 1 7 9 31 31
0811_0018_0061_0029_0029.jpg 1 18 61 29 29
0812_0016_0021_0068_0068.jpg 1 16 21 68 68
0813_0018_0029_0047_0047.jpg 1 18 29 47 47
0814_0010_0026_0046_0046.jpg 1 10 26 46 46
0815_0012_0028_0044_0044.jpg 1 12 28 44 44
0816_0019_0037_0056_0056.jpg 1 19 37 56 56
0817_0042_0044_0034_0034.jpg 1 42 44 34 34
0818_0008_0029_0059_0059.jpg 1 8 29 59 59
0819_0020_0034_0032_0032.jpg 1 20 34 32 32
0820_0041_0028_0051_0051.jpg 1 41 28 51 51
0821_0007_0009_0062_0062.jpg 1 7 9 62 62
0822_0056_0037_0027_0027.jpg 1 56 37 27 27
0823_0041_0039_0053_0053.jpg 1 41 39 53 53
0824_0019_0011_0059_0059.jpg 1 19 11 59 59
0825_0005_0007_0060_0060.jpg 1 5 7 60 60
0826_0040_0012_0034_0034.jpg 1 40 12 34 34
0827_0049_0044_0026_0026.jpg 1 49 44 26 26
0828_0018_0013_0050_0050.jpg 1 18 13 50 50
0829_0022_0025_0065_0065.jpg 1 22 25 65 65
0830_0021_0018_0054_0054.jpg 1 21 18 54 54
0831_0025_0037_0033_0033.jpg 1 25 37 33 33
0832_0046_0045_0032_0032.jpg 1 46 45 32 32
0833_0018_0006_0048_0048.jpg 1 18 6 48 48
0834_0008_0027_0039_0039.jpg 1 8 27 39 39
0835_0013_0037_0054_0054.jpg 1 13 37 54 54
0836_0040_0033_0044_0044.jpg 1 40 33 44 44
0837_0023_0014_0047_0047.jpg 1 23 14 47 47
0838_0030_0047_0036_0036.jpg 1 30 47 36 36
0839_0038_0040_0052_0052.jpg 1 38 40 52 52
0840_0007_0029_0054_0054.jpg 1 7 29 54 54
0841_0048_0013_0042_0042.jpg 1 48 13 42 42
0842_0030_0010_0050_0050.jpg 1 30 10 50 50
0843_0016_0009_0063_0063.jpg 1 16 9 63 63
0844_0022_0006_0067_0067.jpg 1 22 6 67 67
0845_0024_0011_0066_0066.jpg 1 24 11 66 66
0846_0026_0037_0058_0058.jpg 1 26 37 58 58
0847_0007_0003_0064_0064.jpg 1 7 3 64 64
0848_0019_0012_0029_0029.jpg 1 19 12 29 29
0849_0052_0034_0038_0038.jpg 1 52 34 38 38
0850_0036_0047_0026_0026.jpg 1 36 47 26 26
0851_0012_0018_0034_0034.jpg 1 12 18 34 34
0852_0057_0056_0031_0031.jpg 1 57 56 31 31
0853_0003_0003_0065_0065.jpg 1 3 3 65 65
0854_0017_0056_0034_0034.jpg 1 17 56 34 34
0855_0055_0007_0035_0035.jpg 1 55 7 35 35
0856_0009_0039_0031_0031.jpg 1 9 39 31 31
0857_0034_0013_0060_0060.jpg 1 34 13 60 60
0858_0047_0024_0034_0034.jpg 1 47 24 34 34
0859_0028_0017_0041_0041.jpg 1 28 17 41 41
0860_0016_0011_0038_0038.jpg 1 16 11 38 38
0861_0022_0007_0069_0069.jpg 1 22 7 69 69
0862_0024_0036_0050_0050.jpg 1 24 36 50 50
0863_0045_0015_0048_0048.jpg 1 45 15 48 48
0864_0009_0043_0044_0044.jpg 1 9 43 44 44
0865_0026_0026_0061_0061.jpg 1 26 26 61 61
0866_0011_0040_0028_0028.jpg 1 11 40 28 28
0867_0056_0057_0026_0026.jpg 1 56 57 26 26
0868_0039_0005_0056_0056.jpg 1 39 5 56 56
0869_0042_0042_0042_0042.jpg 1 42 42 42 42
0870_0011_0038_0057_0057.jpg 1 11 38 57 57
0871_0015_0029_0042_0042.jpg 1 15 29 42 42
0872_0025_0023_0069_0069.jpg 1 25 23 69 69
0873_0017_0033_0057_0057.jpg 1 17 33 57 57
0874_0050_0059_0032_0032.jpg 1 50 59 32 32
0875_0014_0045_0041_0041.jpg 1 14 45 41 41
0876_0055_0010_0037_0037.jpg 1 55 10 37 37
0877_0010_0037_0046_0046.jpg 1 10 37 46 46
0878_0047_0025_0046_0046.jpg 1 47 25 46 46
0879_0018_0020_0062_0062.jpg 1 18 20 62 62
0880_0012_0013_0056_0056.jpg 1 12 13 56 56
0881_0052_0019_0037_0037.jpg 1 52 19 37 37
0882_0019_0053_0032_0032.jpg 1 19 53 32 32
0883_0007_0024_0047_0047.jpg 1 7 24 47 47
0884_0016_0025_0027_0027.jpg 1 16 25 27 27
0885_0003_0012_0068_0068.jpg 1 3 12 68 68
0886_0035_0050_0032_0032.jpg 1 35 50 32 32
0887_0026_0016_0065_0065.jpg 1 26 16 65 65
0888_0023_0018_0026_0026.jpg 1 23 18 26 26
0889_0005_0032_0057_0057.jpg 1 5 32 57 57
0890_0035_0028_0054_0054.jpg 1 35 28 54 54
0891_0013_0015_0062_0062.jpg 1 13 15 62 62
0892_0006_0036_0051_0051.jpg 1 6 36 51 51
0893_0012_0008_0062_0062.jpg 1 12 8 62 62
0894_0028_0016_0039_0039.jpg 1 28 16 39 39
0895_0009_0025_0053_0053.jpg 1 9 25 53 53
0896_0035_0030_0046_0046.jpg 1 35 30 46 46
0897_0067_0067_0024_0024.jpg 1 67 67 24 24
0898_0054_0056_0024_0024.jpg 1 54 56 24 24
0899_0020_0013_0063_0063.jpg 1 20 13 63 63
0900_0012_0006_0060_0060.jpg 1 12 6 60 60
0901_0023_0039_0032_0032.jpg 1 23 39 32 32
0902_0009_0015_0041_0041.jpg 1 9 15 41 41
0903_0028_0025_0063_0063.jpg 1 28 25 63 63
0904_0032_0012_0055_0055.jpg 1 32 12 55 55
0905_0025_0022_0060_0060.jpg 1 25 22 60 60
0906_0014_0056_0034_0034.jpg 1 14 56 34 34
0907_0030_0010_0036_0036.jpg 1 30 10 36 36
0908_0048_0018_0036_0036.jpg 1 48 18 36 36
0909_0024_0020_0048_0048.jpg 1 24 20 48 48
0910_0024_0005_0062_0062.jpg 1 24 5 62 62
0911_0034_0042_0043_0043.jpg 1 34 42 43 43
0912_0010_0029_0065_0065.jpg 1 10 29 65 65
0913_0011_0012_0059_0059.jpg 1 11 12 59 59
0914_0050_0019_0029_0029.jpg 1 50 19 29 29
0915_0005_0027_0052_0052.jpg 1 5 27 52 52
0916_0037_0036_0035_0035.jpg 1 37 36 35 35
0917_0012_0008_0049_0049.jpg 1 12 8 49 49
0918_0022_0021_0049_0049.jpg 1 22 21 49 49
0919_0043_0029_0049_0049.jpg 1 43 29 49 49
0920_0018_0009_0065_0065.jpg 1 18 9 65 65
0921_0049_0008_0029_0029.jpg 1 49 8 29 29
0922_0008_0014_0049_0049.jpg 1 8 14 49 49
0923_0004_0030_0058_0058.jpg 1 4 30 58 58
0924_0017_0020_0055_0055.jpg 1 17 20 55 55
0925_0034_0034_0024_0024.jpg 1 34 34 24 24
0926_0007_0027_0050_0050.jpg 1 7 27 50 50
0927_0032_0033_0025_0025.jpg 1 32 33 25 25
0928_0027_0016_0057_0057.jpg 1 27 16 57 57
0929_0023_0012_0024_0024.jpg 1 23 12 24 24
0930_0024_0006_0062_0062.jpg 1 24 6 62 62
0931_0010_0014_0057_0057.jpg 1 10 14 57 57
0932_0027_0008_0046_0046.jpg 1 27 8 46 46
0933_0017_0046_0025_0025.jpg 1 17 46 25 25
0934_0021_0009_0049_0049.jpg 1 21 9 49 49
0935_0053_0023_0039_0039.jpg 1 53 23 39 39
0936_0039_0018_0043_0043.jpg 1 39 18 43 43
0937_0023_0016_0061_0061.jpg 1 23 16 61 61
0938_0058_0037_0032_0032.jpg 1 58 37 32 32
0939_0005_0036_0049_0049.jpg 1 5 36 49 49
0940_0012_0020_0068_0068.jpg 1 12 20 68 68
0941_0023_0031_0035_0035.jpg 1 23 31 35 35
0942_0017_0032_0038_0038.jpg 1 17 32 38 38
0943_0054_0054_0026_0026.jpg 1 54 54 26 26
0944_0004_0032_0057_0057.jpg 1 4 32 57 57
0945_0019_0005_0043_0043.jpg 1 19 5 43 43
0946_0004_0022_0069_0069.jpg 1 4 22 69 69
0947_0041_0021_0051_0051.jpg 1 41 21 51 51
0948_0056_0030_0026_0026.jpg 1 56 30 26 26
0949_0026_0023_0028_0028.jpg 1 26 23 28 28
0950_0027_0037_0030_0030.jpg 1 27 37 30 30
0951_0037_0012_0057_0057.jpg 1 37 12 57 57
0952_0043_0017_0050_0050.jpg 1 43 17 50 50
0953_0015_0037_0046_0046.jpg 1 15 37 46 46
0954_0034_0038_0055_0055.jpg 1 34 38 55 55
0955_0006_0014_0049_0049.jpg 1 6 14 49 49
0956_0021_0064_0026_0026.jpg 1 21 64 26 26
0957_0006_0004_0061_0061.jpg 1 6 4 61 61
0958_0016_0006_0063_0063.jpg 1 16 6 63 63
0959_0032_0010_0053_0053.jpg 1 32 10 53 53
0960_0016_0004_0058_0058.jpg 1 16 4 58 58
0961_0039_0056_0032_0032.jpg 1 39 56 32 32
0962_0022_0025_0036_0036.jpg 1 22 25 36 36
0963_0017_0014_0069_0069.jpg 1 17 14 69 69
0964_0026_0020_0066_0066.jpg 1 26 20 66 66
0965_0028_0049_0025_0025.jpg 1 28 49 25 25
0966_0027_0043_0047_0047.jpg 1 27 43 47 47
0967_0055_0017_0034_0034.jpg 1 55 17 34 34
0968_0020_0022_0043_0043.jpg 1 20 22 43 43
0969_0016_0017_0058_0058.jpg 1 16 17 58 58
0970_0028_0030_0027_0027.jpg 1 28 30 27 27
0971_0033_0015_0061_0061.jpg 1 33 15 61 61
0972_0015_0034_0036_0036.jpg 1 15 34 36 36
0973_0037_0031_0024_0024.jpg 1 37 31 24 24
0974_0016_0032_0043_0043.jpg 1 16 32 43 43
0975_0037_0021_0035_0035.jpg 1 37 21 35 35
0976_0022_0009_0068_0068.jpg 1 22 9 68 68
0977_0022_0008_0066_0066.jpg 1 22 8 66 66
0978_0017_0018_0067_0067.jpg 1 17 18 67 67
0979_0039_0041_0036_0036.jpg 1 39 41 36 36
0980_0022_0008_0064_0064.jpg 1 22 8 64 64
0981_0017_0018_0049_0049.jpg 1 17 18 49 49
0982_0039_0007_0049_0049.jpg 1 39 7 49 49
0983_0028_0013_0067_0067.jpg 1 28 13 67 67
0984_0012_0028_0059_0059.jpg 1 12 28 59 59
0985_0024_0030_0037_0037.jpg 1 24 30 37 37
0986_0033_0024_0043_0043.jpg 1 33 24 43 43
0987_0010_0026_0062_0062.jpg 1 10 26 62 62
0988_0005_0013_0060_0060.jpg 1 5 13 60 60
0989_0029_0022_0061_0061.jpg 1 29 22 61 61
0990_0013_0014_0068_0068.jpg 1 13 14 68 68
0991_0011_0015_0056_0056.jpg 1 11 15 56 56
0992_0027_0023_0033_0033.jpg 1 27 23 33 33
0993_0046_0042_0041_0041.jpg 1 46 42 41 41
0994_0013_0031_0029_0029.jpg 1 13 31 29 29
0995_0011_0053_0034_0034.jpg 1 11 53 34 34
0996_0022_0029_0055_0055.jpg 1 22 29 55 55
0997_0005_0016_0049_0049.jpg 1 5 16 49 49
0998_0054_0013_0039_0039.jpg 1 54 13 39 39
0999_0030_0027_0056_0056.jpg 1 30 27 56 56
1000_0030_0016_0063_0063.jpg 1 30 16 63 63
1001_0045_0022_0031_0031.jpg 1 45 22 31 31
1002_0043_0054_0036_0036.jpg 1 43 54 36 36
1003_0015_0048_0038_0038.jpg 1 15 48 38 38
1004_0019_0029_0062_0062.jpg 1 19 29 62 62
1005_0012_0011_0061_0061.jpg 1 12 11 61 61
1006_0038_0034_0050_0050.jpg 1 38 34 50 50
1007_0012_0050_0025_0025.jpg 1 12 50 25 25
1008_0011_0044_0041_0041.jpg 1 11 44 41 41
1009_0032_0005_0060_0060.jpg 1 32 5 60 60
1010_0043_0034_0039_0039.jpg 1 43 34 39 39
1011_0022_0028_0047_0047.jpg 1 22 28 47 47
1012_0008_0016_0058_0058.jpg 1 8 16 58 58
1013_0017_0037_0046_0046.jpg 1 17 37 46 46
1014_0025_0020_0035_0035.jpg 1 25 20 35 35
1015_0034_0060_0030_0030.jpg 1 34 60 30 30
1016_0003_0016_0066_0066.jpg 1 3 16 66 66
1017_0044_0030_0041_0041.jpg 1 44 30 41 41
1018_0017_0016_0065_0065.jpg 1 17 16 65 65
1019_0058_0027_0025_0025.jpg 1 58 27 25 25
1020_0004_0006_0060_0060.jpg 1 4 6 60 60
1021_0032_0034_0059_0059.jpg 1 32 34 59 59
1022_0004_0023_0062_0062.jpg 1 4 23 62 62
1023_0004_0028_0062_0062.jpg 1 4 28 62 62
1024_0016_0051_0041_0041.jpg 1 16 51 41 41
1025_0040_0014_0029_0029.jpg 1 40 14 29 29
1026_0011_0038_0051_0051.jpg 1 11 38 51 51
1027_0021_0020_0068_0068.jpg 1 21 20 68 68
1028_0029_0025_0066_0066.jpg 1 29 25 66 66
1029_0014_0014_0066_0066.jpg 1 14 14 66 66
1030_0054_0049_0028_0028.jpg 1 54 49 28 28
1031_0017_0056_0033_0033.jpg 1 17 56 33 33
1032_0013_0014_0050_0050.jpg 1 13 14 50 50
1033_0017_0036_0052_0052.jpg 1 17 36 52 52
1034_0028_0044_0037_0037.jpg 1 28 44 37 37
1035_0055_0065_0024_0024.jpg 1 55 65 24 24
1036_0053_0042_0038_0038.jpg 1 53 42 38 38
1037_0015_0035_0058_0058.jpg 1 15 35 58 58
1038_0042_0047_0046_0046.jpg 1 42 47 46 46
1039_0016_0009_0064_0064.jpg 1 16 9 64 64
1040_0018_0029_0042_0042.jpg 1 18 29 42 42
1041_0053_0040_0027_0027.jpg 1 53 40 27 27
1042_0014_0016_0048_0048.jpg 1 14 16 48 48
1043_0017_0019_0059_0059.jpg 1 17 19 59 59
1044_0026_0020_0062_0062.jpg 1 26 20 62 62
1045_0014_0015_0067_0067.jpg 1 14 15 67 67
1046_0037_0005_0049_0049.jpg 1 37 5 49 49
1047_0014_0006_0063_0063.jpg 1 14 6 63 63
1048_0035_0028_0035_0035.jpg 1 35 28 35 35
1049_0044_0052_0040_0040.jpg 1 44 52 40 40
1050_0027_0052_0042_0042.jpg 1 27 52 42 42
1051_0006_0007_0060_0060.jpg 1 6 7 60 60
1052_0016_0017_0069_0069.jpg 1 16 17 69 69
1053_0031_0060_0026_0026.jpg 1 31 60 26 26
1054_0011_0037_0048_0048.jpg 1 11 37 48 48
1055_0005_0008_0054_0054.jpg 1 5 8 54 54
1056_0016_0012_0066_0066.jpg 1 16 12 66 66
1057_0035_0031_0051_0051.jpg 1 35 31 51 51
1058_0021_0027_0063_0063.jpg 1 21 27 63 63
1059_0038_0040_0049_0049.jpg 1 38 40 49 49
1060_0009_0031_0050_0050.jpg 1 9 31 50 50
1061_0028_0031_0060_0060.jpg 1 28 31 60 60
1062_0045_0039_0047_0047.jpg 1 45 39 47 47
1063_0011_0042_0038_0038.jpg 1 11 42 38 38
1064_0055_0025_0036_0036.jpg 1 55 25 36 36
1065_0032_0006_0054_0054.jpg 1 32 6 54 54
1066_0025_0025_0035_0035.jpg 1 25 25 35 35
1067_0046_0018_0043_0043.jpg 1 46 18 43 43
1068_0006_0006_0052_0052.jpg 1 6 6 52 52
1069_0026_0013_0050_0050.jpg 1 26 13 50 50
1070_0057_0009_0025_0025.jpg 1 57 9 25 25
1071_0025_0006_0063_0063.jpg 1 25 6 63 63
1072_0025_0026_0042_0042.jpg 1 25 26 42 42
1073_0051_0016_0041_0041.jpg 1 51 16 41 41
1074_0056_0038_0030_0030.jpg 1 56 38 30 30
1075_0017_0017_0059_0059.jpg 1 17 17 59 59
1076_0006_0020_0057_0057.jpg 1 6 20 57 57
1077_0039_0027_0048_0048.jpg 1 39 27 48 48
1078_0029_0013_0059_0059.jpg 1 29 13 59 59
1079_0029_0025_0058_0058.jpg 1 29 25 58 58
1080_0004_0018_0055_0055.jpg 1 4 18 55 55
1081_0010_0040_0037_0037.jpg 1 10 40 37 37
1082_0034_0018_0058_0058.jpg 1 34 18 58 58
1083_0020_0012_0064_0064.jpg 1 20 12 64 64
1084_0027_0007_0062_0062.jpg 1 27 7 62 62
1085_0010_0012_0046_0046.jpg 1 10 12 46 46
1086_0017_0018_0051_0051.jpg 1 17 18 51 51
1087_0022_0019_0057_0057.jpg 1 22 19 57 57
1088_0043_0017_0038_0038.jpg 1 43 17 38 38
1089_0008_0010_0042_0042.jpg 1 8 10 42 42
1090_0006_0016_0054_0054.jpg 1 6 16 54 54
1091_0015_0009_0030_0030.jpg 1 15 9 30 30
1092_0019_0055_0030_0030.jpg 1 19 55 30 30
1093_0032_0012_0057_0057.jpg 1 32 12 57 57
1094_0021_0025_0058_0058.jpg 1 21 25 58 58
1095_0023_0009_0068_0068.jpg 1 23 9 68 68
1096_0023_0004_0069_0069.jpg 1 23 4 69 69
1097_0045_0031_0024_0024.jpg 1 45 31 24 24
1098_0060_0054_0031_0031.jpg 1 60 54 31 31
1099_0035_0022_0058_0058.jpg 1 35 22 58 58
1100_0056_0044_0032_0032.jpg 1 56 44 32 32
1101_0014_0013_0059_0059.jpg 1 14 13 59 59
1102_0007_0008_0033_0033.jpg 1 7 8 33 33
1103_0033_0036_0053_0053.jpg 1 33 36 53 53
1104_0024_0014_0064_0064.jpg 1 24 14 64 64
1105_0006_0041_0042_0042.jpg 1 6 41 42 42
1106_0029_0023_0065_0065.jpg 1 29 23 65 65
1107_0018_0051_0031_0031.jpg 1 18 51 31 31
1108_0015_0019_0059_0059.jpg 1 15 19 59 59
1109_0015_0006_0067_0067.jpg 1 15 6 67 67
1110_0040_0042_0037_0037.jpg 1 40 42 37 37
1111_0063_0034_0028_0028.jpg 1 63 34 28 28
1112_0028_0066_0025_0025.jpg 1 28 66 25 25
1113_0015_0016_0048_0048.jpg 1 15 16 48 48
1114_0024_0029_0043_0043.jpg 1 24 29 43 43
1115_0004_0011_0060_0060.jpg 1 4 11 60 60
1116_0020_0027_0064_0064.jpg 1 20 27 64 64
1117_0010_0022_0061_0061.jpg 1 10 22 61 61
1118_0044_0021_0042_0042.jpg 1 44 21 42 42
1119_0028_0013_0039_0039.jpg 1 28 13 39 39
1120_0013_0009_0048_0048.jpg 1 13 9 48 48
1121_0036_0005_0054_0054.jpg 1 36 5 54 54
1122_0010_0034_0061_0061.jpg 1 10 34 61 61
1123_0024_0019_0063_0063.jpg 1 24 19 63 63
1124_0008_0026_0060_0060.jpg 1 8 26 60 60
1125_0022_0026_0058_0058.jpg 1 22 26 58 58
1126_0013_0019_0035_0035.jpg 1 13 19 35 35
1127_0004_0020_0060_0060.jpg 1 4 20 60 60
1128_0051_0046_0038_0038.jpg 1 51 46 38 38
1129_0035_0023_0026_0026.jpg 1 35 23 26 26
1130_0035_0047_0042_0042.jpg 1 35 47 42 42
1131_0019_0026_0042_0042.jpg 1 19 26 42 42
1132_0027_0020_0056_0056.jpg 1 27 20 56 56
1133_0023_0018_0062_0062.jpg 1 23 18 62 62
1134_0028_0027_0031_0031.jpg 1 28 27 31 31
1135_0010_0020_0053_0053.jpg 1 10 20 53 53
1136_0015_0022_0068_0068.jpg 1 15 22 68 68
1137_0021_0018_0067_0067.jpg 1 21 18 67 67
1138_0005_0048_0046_0046.jpg 1 5 48 46 46
1139_0019_0034_0057_0057.jpg 1 19 34 57 57
1140_0040_0029_0028_0028.jpg 1 40 29 28 28
1141_0028_0019_0063_0063.jpg 1 28 19 63 63
1142_0013_0041_0052_0052.jpg 1 13 41 52 52
1143_0032_0021_0032_0032.jpg 1 32 21 32 32
1144_0042_0018_0050_0050.jpg 1 42 18 50 50
1145_0035_0030_0054_0054.jpg 1 35 30 54 54
1146_0025_0046_0041_0041.jpg 1 25 46 41 41
1147_0032_0010_0024_0024.jpg 1 32 10 24 24
1148_0037_0004_0057_0057.jpg 1 37 4 57 57
1149_0025_0007_0066_0066.jpg 1 25 7 66 66
1150_0014_0012_0065_0065.jpg 1 14 12 65 65
1151_0013_0031_0051_0051.jpg 1 13 31 51 51
1152_0006_0010_0064_0064.jpg 1 6 10 64 64
1153_0007_0026_0066_0066.jpg 1 7 26 66 66
1154_0021_0046_0039_0039.jpg 1 21 46 39 39
1155_0030_0055_0027_0027.jpg 1 30 55 27 27
1156_0006_0050_0033_0033.jpg 1 6 50 33 33
1157_0013_0051_0030_0030.jpg 1 13 51 30 30
1158_0017_0025_0037_0037.jpg 1 17 25 37 37
1159_0046_0041_0044_0044.jpg 1 46 41 44 44
1160_0045_0047_0035_0035.jpg 1 45 47 35 35
1161_0015_0015_0041_0041.jpg 1 15 15 41 41
1162_0019_0045_0041_0041.jpg 1 19 45 41 41
1163_0046_0038_0028_0028.jpg 1 46 38 28 28
1164_0038_0047_0027_0027.jpg 1 38 47 27 27
1165_0006_0022_0068_0068.jpg 1 6 22 68 68
1166_0010_0012_0067_0067.jpg 1 10 12 67 67
1167_0048_0016_0040_0040.jpg 1 48 16 40 40
1168_0021_0006_0064_0064.jpg 1 21 6 64 64
1169_0033_0041_0033_0033.jpg 1 33 41 33 33
1170_0019_0007_0069_0069.jpg 1 19 7 69 69
1171_0018_0020_0046_0046.jpg 1 18 20 46 46
1172_0022_0035_0055_0055.jpg 1 22 35 55 55
1173_0008_0009_0066_0066.jpg 1 8 9 66 66
1174_0031_0066_0024_0024.jpg 1 31 66 24 24
1175_0041_0033_0036_0036.jpg 1 41 33 36 36
1176_0004_0037_0057_0057.jpg 1 4 37 57 57
1177_0030_0015_0042_0042.jpg 1 30 15 42 42
1178_0028_0016_0041_0041.jpg 1 28 16 41 41
1179_0032_0026_0047_0047.jpg 1 32 26 47 47
1180_0029_0039_0056_0056.jpg 1 29 39 56 56
1181_0027_0006_0060_0060.jpg 1 27 6 60 60
1182_0043_0045_0043_0043.jpg 1 43 45 43 43
1183_0037_0006_0051_0051.jpg 1 37 6 51 51
1184_0029_0013_0053_0053.jpg 1 29 13 53 53
1185_0024_0025_0029_0029.jpg 1 24 25 29 29
1186_0046_0013_0032_0032.jpg 1 46 13 32 32
1187_0035_0008_0055_0055.jpg 1 35 8 55 55
1188_0011_0019_0061_0061.jpg 1 11 19 61 61
1189_0048_0012_0036_0036.jpg 1 48 12 36 36
1190_0013_0018_0067_0067.jpg 1 13 18 67 67
1191_0014_0036_0055_0055.jpg 1 14 36 55 55
1192_0018_0032_0029_0029.jpg 1 18 32 29 29
1193_0025_0032_0049_0049.jpg 1 25 32 49 49
1194_0023_0007_0044_0044.jpg 1 23 7 44 44
1195_0035_0020_0043_0043.jpg 1 35 20 43 43
1196_0054_0058_0026_0026.jpg 1 54 58 26 26
1197_0050_0021_0033_0033.jpg 1 50 21 33 33
1198_0030_0041_0052_0052.jpg 1 30 41 52 52
1199_0003_0021_0068_0068.jpg 1 3 21 68 68
1200_0031_0048_0039_0039.jpg 1 31 48 39 39
1201_0025_0048_0043_0043.jpg 1 25 48 43 43
1202_0010_0054_0038_0038.jpg 1 10 54 38 38
1203_0013_0013_0059_0059.jpg 1 13 13 59 59
1204_0035_0005_0052_0052.jpg 1 35 5 52 52
1205_0051_0030_0038_0038.jpg 1 51 30 38 38
1206_0012_0051_0039_0039.jpg 1 12 51 39 39
1207_0007_0032_0062_0062.jpg 1 7 32 62 62
1208_0047_0022_0045_0045.jpg 1 47 22 45 45
1209_0027_0036_0050_0050.jpg 1 27 36 50 50
1210_0049_0037_0043_0043.jpg 1 49 37 43 43
1211_0035_0055_0030_0030.jpg 1 35 55 30 30
1212_0052_0051_0029_0029.jpg 1 52 51 29 29
1213_0021_0005_0057_0057.jpg 1 21 5 57 57
1214_0029_0012_0063_0063.jpg 1 29 12 63 63
1215_0016_0038_0037_0037.jpg 1 16 38 37 37
1216_0008_0023_0069_0069.jpg 1 8 23 69 69
1217_0021_0021_0057_0057.jpg 1 21 21 57 57
1218_0018_0024_0059_0059.jpg 1 18 24 59 59
1219_0008_0012_0068_0068.jpg 1 8 12 68 68
1220_0060_0022_0030_0030.jpg 1 60 22 30 30
1221_0062_0063_0024_0024.jpg 1 62 63 24 24
1222_0015_0012_0059_0059.jpg 1 15 12 59 59
1223_0014_0023_0055_0055.jpg 1 14 23 55 55
1224_0009_0052_0039_0039.jpg 1 9 52 39 39
1225_0010_0033_0034_0034.jpg 1 10 33 34 34
1226_0025_0053_0040_0040.jpg 1 25 53 40 40
1227_0041_0020_0028_0028.jpg 1 41 20 28 28
1228_0018_0061_0031_0031.jpg 1 18 61 31 31
1229_0021_0028_0037_0037.jpg 1 21 28 37 37
1230_0019_0020_0055_0055.jpg 1 19 20 55 55
1231_0027_0042_0035_0035.jpg 1 27 42 35 35
1232_0016_0031_0057_0057.jpg 1 16 31 57 57
1233_0009_0056_0037_0037.jpg 1 9 56 37 37
1234_0015_0061_0028_0028.jpg 1 15 61 28 28
1235_0047_0034_0042_0042.jpg 1 47 34 42 42
1236_0015_0030_0052_0052.jpg 1 15 30 52 52
1237_0024_0022_0066_0066.jpg 1 24 22 66 66
1238_0007_0036_0032_0032.jpg 1 7 36 32 32
1239_0057_0025_0034_0034.jpg 1 57 25 34 34
1240_0028_0034_0054_0054.jpg 1 28 34 54 54
1241_0051_0043_0039_0039.jpg 1 51 43 39 39
1242_0013_0031_0057_0057.jpg 1 13 31 57 57
1243_0036_0037_0030_0030.jpg 1 36 37 30 30
1244_0054_0020_0036_0036.jpg 1 54 20 36 36
1245_0048_0011_0037_0037.jpg 1 48 11 37 37
1246_0024_0031_0029_0029.jpg 1 24 31 29 29
1247_0022_0036_0035_0035.jpg 1 22 36 35 35
1248_0031_0007_0058_0058.jpg 1 31 7 58 58
1249_0005_0029_0049_0049.jpg 1 5 29 49 49
1250_0027_0012_0069_0069.jpg 1 27 12 69 69
1251_0027_0005_0064_0064.jpg 1 27 5 64 64
1252_0012_0032_0059_0059.jpg 1 12 32 59 59
1253_0041_0022_0053_0053.jpg 1 41 22 53 53
1254_0007_0038_0053_0053.jpg 1 7 38 53 53
1255_0057_0023_0035_0035.jpg 1 57 23 35 35
1256_0013_0040_0051_0051.jpg 1 13 40 51 51
1257_0010_0039_0045_0045.jpg 1 10 39 45 45
1258_0015_0016_0057_0057.jpg 1 15 16 57 57
1259_0031_0012_0062_0062.jpg 1 31 12 62 62
1260_0013_0022_0067_0067.jpg 1 13 22 67 67
1261_0017_0051_0031_0031.jpg 1 17 51 31 31
1262_0038_0005_0052_0052.jpg 1 38 5 52 52
1263_0026_0007_0069_0069.jpg 1 26 7 69 69
1264_0031_0034_0052_0052.jpg 1 31 34 52 52
1265_0054_0010_0024_0024.jpg 1 54 10 24 24
1266_0019_0026_0060_0060.jpg 1 19 26 60 60
1267_0009_0020_0058_0058.jpg 1 9 20 58 58
1268_0061_0050_0025_0025.jpg 1 61 50 25 25
1269_0010_0019_0067_0067.jpg 1 10 19 67 67
1270_0008_0058_0028_0028.jpg 1 8 58 28 28
1271_0055_0023_0036_0036.jpg 1 55 23 36 36
1272_0014_0004_0065_0065.jpg 1 14 4 65 65
1273_0026_0031_0063_0063.jpg 1 26 31 63 63
1274_0018_0026_0042_0042.jpg 1 18 26 42 42
1275_0010_0033_0040_0040.jpg 1 10 33 40 40
1276_0020_0014_0033_0033.jpg 1 20 14 33 33
1277_0024_0008_0049_0049.jpg 1 24 8 49 49
1278_0016_0027_0042_0042.jpg 1 16 27 42 42
1279_0053_0024_0025_0025.jpg 1 53 24 25 25
1280_0014_0030_0059_0059.jpg 1 14 30 59 59
1281_0052_0064_0026_0026.jpg 1 52 64 26 26
1282_0020_0051_0043_0043.jpg 1 20 51 43 43
1283_0008_0008_0044_0044.jpg 1 8 8 44 44
1284_0021_0010_0061_0061.jpg 1 21 10 61 61
1285_0048_0041_0033_0033.jpg 1 48 41 33 33
1286_0004_0026_0066_0066.jpg 1 4 26 66 66
1287_0022_0013_0068_0068.jpg 1 22 13 68 68
1288_0061_0042_0027_0027.jpg 1 61 42 27 27
1289_0018_0030_0048_0048.jpg 1 18 30 48 48
1290_0045_0049_0038_0038.jpg 1 45 49 38 38
1291_0019_0015_0032_0032.jpg 1 19 15 32 32
1292_0010_0018_0042_0042.jpg 1 10 18 42 42
1293_0035_0040_0030_0030.jpg 1 35 40 30 30
1294_0056_0013_0031_0031.jpg 1 56 13 31 31
1295_0021_0030_0066_0066.jpg 1 21 30 66 66
1296_0020_0035_0052_0052.jpg 1 20 35 52 52
1297_0023_0011_0068_0068.jpg 1 23 11 68 68
1298_0006_0008_0060_0060.jpg 1 6 8 60 60
1299_0041_0012_0054_0054.jpg 1 41 12 54 54
1300_0013_0038_0055_0055.jpg 1 13 38 55 55
1301_0008_0030_0063_0063.jpg 1 8 30 63 63
1302_0023_0026_0062_0062.jpg 1 23 26 62 62
1303_0026_0010_0058_0058.jpg 1 26 10 58 58
1304_0039_0036_0028_0028.jpg 1 39 36 28 28
1305_0007_0029_0044_0044.jpg 1 7 29 44 44
1306_0006_0036_0056_0056.jpg 1 6 36 56 56
1307_0037_0026_0052_0052.jpg 1 37 26 52 52
1308_0026_0044_0036_0036.jpg 1 26 44 36 36
1309_0032_0030_0039_0039.jpg 1 32 30 39 39
1310_0006_0005_0046_0046.jpg 1 6 5 46 46
1311_0006_0013_0046_0046.jpg 1 6 13 46 46
1312_0049_0034_0036_0036.jpg 1 49 34 36 36
1313_0027_0025_0065_0065.jpg 1 27 25 65 65
1314_0030_0004_0057_0057.jpg 1 30 4 57 57
1315_0018_0014_0060_0060.jpg 1 18 14 60 60
1316_0013_0027_0040_0040.jpg 1 13 27 40 40
1317_0054_0030_0037_0037.jpg 1 54 30 37 37
1318_0034_0011_0046_0046.jpg 1 34 11 46 46
1319_0025_0019_0038_0038.jpg 1 25 19 38 38
1320_0039_0040_0044_0044.jpg 1 39 40 44 44
1321_0043_0043_0048_0048.jpg 1 43 43 48 48
1322_0031_0007_0045_0045.jpg 1 31 7 45 45
1323_0040_0027_0052_0052.jpg 1 40 27 52 52
1324_0009_0013_0053_0053.jpg 1 9 13 53 53
1325_0022_0021_0066_0066.jpg 1 22 21 66 66
1326_0020_0055_0038_0038.jpg 1 20 55 38 38
1327_0016_0025_0069_0069.jpg 1 16 25 69 69
1328_0005_0025_0052_0052.jpg 1 5 25 52 52
1329_0026_0011_0049_0049.jpg 1 26 11 49 49
1330_0006_0029_0063_0063.jpg 1 6 29 63 63
1331_0019_0010_0063_0063.jpg 1 19 10 63 63
1332_0006_0035_0053_0053.jpg 1 6 35 53 53
1333_0005_0024_0058_0058.jpg 1 5 24 58 58
1334_0043_0010_0050_0050.jpg 1 43 10 50 50
1335_0036_0030_0046_0046.jpg 1 36 30 46 46
1336_0045_0008_0037_0037.jpg 1 45 8 37 37
1337_0027_0028_0047_0047.jpg 1 27 28 47 47
1338_0035_0045_0036_0036.jpg 1 35 45 36 36
1339_0009_0016_0052_0052.jpg 1 9 16 52 52
1340_0042_0047_0034_0034.jpg 1 42 47 34 34
1341_0019_0012_0064_0064.jpg 1 19 12 64 64
1342_0022_0023_0069_0069.jpg 1 22 23 69 69
1343_0022_0023_0057_0057.jpg 1 22 23 57 57
1344_0017_0024_0051_0051.jpg 1 17 24 51 51
1345_0027_0036_0059_0059.jpg 1 27 36 59 59
1346_0036_0039_0055_0055.jpg 1 36 39 55 55
1347_0017_0048_0046_0046.jpg 1 17 48 46 46
1348_0014_0011_0037_0037.jpg 1 14 11 37 37
1349_0007_0021_0060_0060.jpg 1 7 21 60 60
1350_0027_0054_0026_0026.jpg 1 27 54 26 26
1351_0011_0014_0032_0032.jpg 1 11 14 32 32
1352_0034_0055_0026_0026.jpg 1 34 55 26 26
1353_0008_0026_0067_0067.jpg 1 8 26 67 67
1354_0045_0053_0039_0039.jpg 1 45 53 39 39
1355_0024_0010_0056_0056.jpg 1 24 10 56 56
1356_0017_0022_0054_0054.jpg 1 17 22 54 54
1357_0014_0048_0025_0025.jpg 1 14 48 25 25
1358_0027_0021_0068_0068.jpg 1 27 21 68 68
1359_0055_0034_0037_0037.jpg 1 55 34 37 37
1360_0018_0030_0061_0061.jpg 1 18 30 61 61
1361_0028_0026_0037_0037.jpg 1 28 26 37 37
1362_0007_0004_0066_0066.jpg 1 7 4 66 66
1363_0018_0006_0068_0068.jpg 1 18 6 68 68
1364_0033_0016_0027_0027.jpg 1 33 16 27 27
1365_0017_0025_0052_0052.jpg 1 17 25 52 52
1366_0010_0016_0055_0055.jpg 1 10 16 55 55
1367_0026_0043_0032_0032.jpg 1 26 43 32 32
1368_0011_0024_0057_0057.jpg 1 11 24 57 57
1369_0030_0030_0037_0037.jpg 1 30 30 37 37
1370_0006_0018_0050_0050.jpg 1 6 18 50 50
1371_0035_0040_0047_0047.jpg 1 35 40 47 47
1372_0025_0005_0057_0057.jpg 1 25 5 57 57
1373_0041_0025_0031_0031.jpg 1 41 25 31 31
1374_0032_0009_0047_0047.jpg 1 32 9 47 47
1375_0008_0061_0031_0031.jpg 1 8 61 31 31
1376_0005_0005_0065_0065.jpg 1 5 5 65 65
1377_0043_0014_0030_0030.jpg 1 43 14 30 30
1378_0024_0038_0038_0038.jpg 1 24 38 38 38
1379_0017_0010_0055_0055.jpg 1 17 10 55 55
1380_0047_0042_0044_0044.jpg 1 47 42 44 44
1381_0008_0014_0041_0041.jpg 1 8 14 41 41
1382_0007_0039_0043_0043.jpg 1 7 39 43 43
1383_0010_0026_0043_0043.jpg 1 10 26 43 43
1384_0028_0021_0051_0051.jpg 1 28 21 51 51
1385_0023_0022_0061_0061.jpg 1 23 22 61 61
1386_0042_0045_0048_0048.jpg 1 42 45 48 48
1387_0032_0025_0057_0057.jpg 1 32 25 57 57
1388_0016_0026_0063_0063.jpg 1 16 26 63 63
1389_0045_0049_0036_0036.jpg 1 45 49 36 36
1390_0012_0013_0065_0065.jpg 1 12 13 65 65
1391_0005_0039_0052_0052.jpg 1 5 39 52 52
1392_0015_0051_0042_0042.jpg 1 15 51 42 42
1393_0051_0057_0033_0033.jpg 1 51 57 33 33
1394_0011_0011_0068_0068.jpg 1 11 11 68 68
1395_0037_0033_0054_0054.jpg 1 37 33 54 54
1396_0025_0019_0061_0061.jpg 1 25 19 61 61
1397_0004_0022_0066_0066.jpg 1 4 22 66 66
1398_0020_0026_0064_0064.jpg 1 20 26 64 64
1399_0028_0024_0039_0039.jpg 1 28 24 39 39
1400_0013_0042_0039_0039.jpg 1 13 42 39 39
1401_0020_0025_0030_0030.jpg 1 20 25 30 30
1402_0011_0048_0032_0032.jpg 1 11 48 32 32
1403_0018_0007_0064_0064.jpg 1 18 7 64 64
1404_0031_0009_0060_0060.jpg 1 31 9 60 60
1405_0034_0028_0047_0047.jpg 1 34 28 47 47
1406_0042_0028_0024_0024.jpg 1 42 28 24 24
1407_0047_0019_0047_0047.jpg 1 47 19 47 47
1408_0014_0032_0044_0044.jpg 1 14 32 44 44
1409_0013_0029_0066_0066.jpg 1 13 29 66 66
1410_0040_0017_0055_0055.jpg 1 40 17 55 55
1411_0007_0027_0069_0069.jpg 1 7 27 69 69
1412_0058_0059_0027_0027.jpg 1 58 59 27 27
1413_0028_0019_0062_0062.jpg 1 28 19 62 62
1414_0006_0020_0049_0049.jpg 1 6 20 49 49
1415_0018_0009_0049_0049.jpg 1 18 9 49 49
1416_0007_0016_0050_0050.jpg 1 7 16 50 50
1417_0021_0030_0031_0031.jpg 1 21 30 31 31
1418_0041_0006_0047_0047.jpg 1 41 6 47 47
1419_0008_0051_0038_0038.jpg 1 8 51 38 38
1420_0049_0055_0031_0031.jpg 1 49 55 31 31
1421_0020_0011_0049_0049.jpg 1 20 11 49 49
1422_0022_0011_0046_0046.jpg 1 22 11 46 46
1423_0030_0022_0062_0062.jpg 1 30 22 62 62
1424_0016_0048_0044_0044.jpg 1 16 48 44 44
1425_0007_0020_0032_0032.jpg 1 7 20 32 32
1426_0049_0024_0037_0037.jpg 1 49 24 37 37
1427_0013_0015_0056_0056.jpg 1 13 15 56 56
1428_0006_0021_0063_0063.jpg 1 6 21 63 63
1429_0035_0013_0060_0060.jpg 1 35 13 60 60
1430_0024_0020_0066_0066.jpg 1 24 20 66 66
1431_0017_0034_0030_0030.jpg 1 17 34 30 30
1432_0014_0011_0037_0037.jpg 1 14 11 37 37
1433_0028_0033_0057_0057.jpg 1 28 33 57 57
1434_0028_0006_0055_0055.jpg 1 28 6 55 55
1435_0026_0005_0050_0050.jpg 1 26 5 50 50
1436_0054_0046_0032_0032.jpg 1 54 46 32 32
1437_0020_0052_0035_0035.jpg 1 20 52 35 35
1438_0047_0014_0041_0041.jpg 1 47 14 41 41
1439_0039_0011_0044_0044.jpg 1 39 11 44 44
1440_0029_0043_0046_0046.jpg 1 29 43 46 46
1441_0018_0026_0067_0067.jpg 1 18 26 67 67
1442_0031_0018_0043_0043.jpg 1 31 18 43 43
1443_0013_0032_0028_0028.jpg 1 13 32 28 28
1444_0022_0036_0042_0042.jpg 1 22 36 42 42
1445_0033_0056_0025_0025.jpg 1 33 56 25 25
1446_0023_0022_0064_0064.jpg 1 23 22 64 64
1447_0009_0030_0065_0065.jpg 1 9 30 65 65
1448_0022_0018_0037_0037.jpg 1 22 18 37 37
1449_0018_0011_0030_0030.jpg 1 18 11 30 30
1450_0012_0042_0043_0043.jpg 1 12 42 43 43
1451_0020_0006_0068_0068.jpg 1 20 6 68 68
1452_0013_0016_0043_0043.jpg 1 13 16 43 43
1453_0012_0011_0059_0059.jpg 1 12 11 59 59
1454_0028_0006_0050_0050.jpg 1 28 6 50 50
1455_0010_0014_0050_0050.jpg 1 10 14 50 50
1456_0007_0017_0067_0067.jpg 1 7 17 67 67
1457_0035_0013_0047_0047.jpg 1 35 13 47 47
1458_0016_0028_0029_0029.jpg 1 16 28 29 29
1459_0019_0033_0058_0058.jpg 1 19 33 58 58
1460_0012_0011_0038_0038.jpg 1 12 11 38 38
1461_0036_0012_0053_0053.jpg 1 36 12 53 53
1462_0036_0050_0034_0034.jpg 1 36 50 34 34
1463_0034_0028_0031_0031.jpg 1 34 28 31 31
1464_0024_0030_0060_0060.jpg 1 24 30 60 60
1465_0046_0035_0045_0045.jpg 1 46 35 45 45
1466_0050_0050_0042_0042.jpg 1 50 50 42 42
1467_0007_0014_0063_0063.jpg 1 7 14 63 63
1468_0018_0024_0040_0040.jpg 1 18 24 40 40
1469_0007_0005_0059_0059.jpg 1 7 5 59 59
1470_0031_0050_0028_0028.jpg 1 31 50 28 28
1471_0006_0030_0063_0063.jpg 1 6 30 63 63
1472_0019_0005_0066_0066.jpg 1 19 5 66 66
1473_0033_0011_0044_0044.jpg 1 33 11 44 44
1474_0051_0042_0038_0038.jpg 1 51 42 38 38
1475_0033_0035_0050_0050.jpg 1 33 35 50 50
1476_0056_0055_0034_0034.jpg 1 56 55 34 34
1477_0039_0050_0040_0040.jpg 1 39 50 40 40
1478_0047_0031_0047_0047.jpg 1 47 31 47 47
1479_0013_0025_0061_0061.jpg 1 13 25 61 61
1480_0019_0049_0038_0038.jpg 1 19 49 38 38
1481_0037_0006_0034_0034.jpg 1 37 6 34 34
1482_0009_0013_0031_0031.jpg 1 9 13 31 31
1483_0005_0018_0069_0069.jpg 1 5 18 69 69
1484_0047_0019_0026_0026.jpg 1 47 19 26 26
1485_0046_0023_0045_0045.jpg 1 46 23 45 45
1486_0018_0022_0059_0059.jpg 1 18 22 59 59
1487_0006_0010_0055_0055.jpg 1 6 10 55 55
1488_0012_0011_0029_0029.jpg 1 12 11 29 29
1489_0023_0018_0035_0035.jpg 1 23 18 35 35
1490_0026_0033_0044_0044.jpg 1 26 33 44 44
1491_0030_0037_0050_0050.jpg 1 30 37 50 50
1492_0029_0029_0058_0058.jpg 1 29 29 58 58
1493_0014_0022_0039_0039.jpg 1 14 22 39 39
1494_0007_0005_0065_0065.jpg 1 7 5 65 65
1495_0021_0015_0064_0064.jpg 1 21 15 64 64
1496_0039_0051_0039_0039.jpg 1 39 51 39 39
1497_0024_0030_0047_0047.jpg 1 24 30 47 47
1498_0032_0018_0030_0030.jpg 1 32 18 30 30
1499_0016_0020_0048_0048.jpg 1 16 20 48 48
1500_0014_0026_0066_0066.jpg 1 14 26 66 66
1501_0052_0029_0029_0029.jpg 1 52 29 29 29
1502_0058_0027_0029_0029.jpg 1 58 27 29 29
1503_0045_0011_0029_0029.jpg 1 45 11 29 29
1504_0023_0044_0030_0030.jpg 1 23 44 30 30
1505_0056_0052_0027_0027.jpg 1 56 52 27 27
1506_0019_0010_0058_0058.jpg 1 19 10 58 58
1507_0064_0016_0027_0027.jpg 1 64 16 27 27
1508_0021_0021_0063_0063.jpg 1 21 21 63 63
1509_0022_0015_0049_0049.jpg 1 22 15 49 49
1510_0036_0006_0042_0042.jpg 1 36 6 42 42
1511_0010_0028_0049_0049.jpg 1 10 28 49 49
1512_0020_0035_0044_0044.jpg 1 20 35 44 44
1513_0017_0048_0043_0043.jpg 1 17 48 43 43
1514_0040_0014_0054_0054.jpg 1 40 14 54 54
1515_0032_0024_0047_0047.jpg 1 32 24 47 47
1516_0026_0034_0062_0062.jpg 1 26 34 62 62
1517_0019_0018_0045_0045.jpg 1 19 18 45 45
1518_0035_0006_0053_0053.jpg 1 35 6 53 53
1519_0042_0059_0032_0032.jpg 1 42 59 32 32
1520_0025_0027_0057_0057.jpg 1 25 27 57 57
1521_0033_0012_0040_0040.jpg 1 33 12 40 40
1522_0031_0040_0041_0041.jpg 1 31 40 41 41
1523_0015_0003_0069_0069.jpg 1 15 3 69 69
1524_0025_0052_0040_0040.jpg 1 25 52 40 40
1525_0029_0033_0024_0024.jpg 1 29 33 24 24
1526_0024_0011_0045_0045.jpg 1 24 11 45 45
1527_0025_0016_0063_0063.jpg 1 25 16 63 63
1528_0039_0013_0047_0047.jpg 1 39 13 47 47
1529_0011_0026_0026_0026.jpg 1 11 26 26 26
1530_0006_0008_0067_0067.jpg 1 6 8 67 67
1531_0026_0041_0041_0041.jpg 1 26 41 41 41
1532_0031_0022_0043_0043.jpg 1 31 22 43 43
1533_0020_0028_0064_0064.jpg 1 20 28 64 64
1534_0036_0023_0043_0043.jpg 1 36 23 43 43
1535_0045_0062_0028_0028.jpg 1 45 62 28 28
1536_0018_0013_0027_0027.jpg 1 18 13 27 27
1537_0033_0034_0058_0058.jpg 1 33 34 58 58
1538_0030_0008_0055_0055.jpg 1 30 8 55 55
1539_0031_0033_0024_0024.jpg 1 31 33 24 24
1540_0013_0014_0062_0062.jpg 1 13 14 62 62
1541_0033_0018_0030_0030.jpg 1 33 18 30 30
1542_0030_0013_0047_0047.jpg 1 30 13 47 47
1543_0012_0021_0058_0058.jpg 1 12 21 58 58
1544_0013_0056_0025_0025.jpg 1 13 56 25 25
1545_0007_0012_0039_0039.jpg 1 7 12 39 39
1546_0021_0027_0032_0032.jpg 1 21 27 32 32
1547_0056_0028_0031_0031.jpg 1 56 28 31 31
1548_0036_0048_0030_0030.jpg 1 36 48 30 30
1549_0036_0037_0058_0058.jpg 1 36 37 58 58
1550_0017_0054_0027_0027.jpg 1 17 54 27 27
1551_0010_0044_0046_0046.jpg 1 10 44 46 46
1552_0030_0010_0054_0054.jpg 1 30 10 54 54
1553_0025_0045_0024_0024.jpg 1 25 45 24 24
1554_0053_0047_0040_0040.jpg 1 53 47 40 40
1555_0018_0047_0045_0045.jpg 1 18 47 45 45
1556_0044_0036_0025_0025.jpg 1 44 36 25 25
1557_0055_0032_0031_0031.jpg 1 55 32 31 31
1558_0024_0020_0066_0066.jpg 1 24 20 66 66
1559_0039_0012_0046_0046.jpg 1 39 12 46 46
1560_0051_0042_0038_0038.jpg 1 51 42 38 38
1561_0032_0010_0064_0064.jpg 1 32 10 64 64
1562_0032_0056_0028_0028.jpg 1 32 56 28 28
1563_0023_0042_0040_0040.jpg 1 23 42 40 40
1564_0015_0007_0051_0051.jpg 1 15 7 51 51
1565_0024_0022_0062_0062.jpg 1 24 22 62 62
1566_0034_0022_0029_0029.jpg 1 34 22 29 29
1567_0022_0017_0051_0051.jpg 1 22 17 51 51
1568_0029_0031_0044_0044.jpg 1 29 31 44 44
1569_0008_0011_0050_0050.jpg 1 8 11 50 50
1570_0029_0032_0025_0025.jpg 1 29 32 25 25
1571_0022_0042_0050_0050.jpg 1 22 42 50 50
1572_0022_0004_0060_0060.jpg 1 22 4 60 60
1573_0041_0037_0033_0033.jpg 1 41 37 33 33
1574_0019_0020_0069_0069.jpg 1 19 20 69 69
1575_0028_0023_0061_0061.jpg 1 28 23 61 61
1576_0042_0030_0032_0032.jpg 1 42 30 32 32
1577_0026_0014_0041_0041.jpg 1 26 14 41 41
1578_0018_0057_0032_0032.jpg 1 18 57 32 32
1579_0023_0040_0049_0049.jpg 1 23 40 49 49
1580_0008_0005_0064_0064.jpg 1 8 5 64 64
1581_0008_0051_0033_0033.jpg 1 8 51 33 33
1582_0022_0013_0041_0041.jpg 1 22 13 41 41
1583_0031_0036_0053_0053.jpg 1 31 36 53 53
1584_0007_0012_0037_0037.jpg 1 7 12 37 37
1585_0007_0029_0056_0056.jpg 1 7 29 56 56
1586_0027_0035_0038_0038.jpg 1 27 35 38 38
1587_0029_0006_0049_0049.jpg 1 29 6 49 49
1588_0006_0008_0065_0065.jpg 1 6 8 65 65
1589_0038_0036_0028_0028.jpg 1 38 36 28 28
1590_0018_0009_0036_0036.jpg 1 18 9 36 36
1591_0059_0045_0027_0027.jpg 1 59 45 27 27
1592_0033_0060_0027_0027.jpg 1 33 60 27 27
1593_0013_0043_0035_0035.jpg 1 13 43 35 35
1594_0019_0019_0056_0056.jpg 1 19 19 56 56
1595_0059_0012_0031_0031.jpg 1 59 12 31 31
1596_0027_0025_0059_0059.jpg 1 27 25 59 59
1597_0040_0010_0052_0052.jpg 1 40 10 52 52
1598_0014_0008_0062_0062.jpg 1 14 8 62 62
1599_0048_0036_0041_0041.jpg 1 48 36 41 41
1600_0010_0026_0045_0045.jpg 1 10 26 45 45
1601_0029_0036_0044_0044.jpg 1 29 36 44 44
1602_0015_0045_0044_0044.jpg 1 15 45 44 44
1603_0032_0028_0041_0041.jpg 1 32 28 41 41
1604_0010_0020_0066_0066.jpg 1 10 20 66 66
1605_0017_0019_0044_0044.jpg 1 17 19 44 44
1606_0007_0043_0047_0047.jpg 1 7 43 47 47
1607_0051_0013_0025_0025.jpg 1 51 13 25 25
1608_0017_0008_0026_0026.jpg 1 17 8 26 26
1609_0007_0034_0061_0061.jpg 1 7 34 61 61
1610_0033_0034_0051_0051.jpg 1 33 34 51 51
1611_0060_0018_0024_0024.jpg 1 60 18 24 24
1612_0047_0012_0026_0026.jpg 1 47 12 26 26
1613_0057_0026_0027_0027.jpg 1 57 26 27 27
1614_0040_0036_0037_0037.jpg 1 40 36 37 37
1615_0016_0031_0060_0060.jpg 1 16 31 60 60
1616_0032_0034_0045_0045.jpg 1 32 34 45 45
1617_0008_0020_0068_0068.jpg 1 8 20 68 68
1618_0041_0008_0041_0041.jpg 1 41 8 41 41
1619_0006_0006_0052_0052.jpg 1 6 6 52 52
1620_0031_0004_0064_0064.jpg 1 31 4 64 64
1621_0029_0019_0025_0025.jpg 1 29 19 25 25
1622_0033_0012_0050_0050.jpg 1 33 12 50 50
1623_0015_0025_0063_0063.jpg 1 15 25 63 63
1624_0035_0045_0039_0039.jpg 1 35 45 39 39
1625_0010_0021_0054_0054.jpg 1 10 21 54 54
1626_0014_0041_0028_0028.jpg 1 14 41 28 28
1627_0048_0025_0038_0038.jpg 1 48 25 38 38
1628_0038_0050_0035_0035.jpg 1 38 50 35 35
1629_0011_0035_0057_0057.jpg 1 11 35 57 57
1630_0025_0020_0065_0065.jpg 1 25 20 65 65
1631_0028_0012_0050_0050.jpg 1 28 12 50 50
1632_0046_0034_0037_0037.jpg 1 46 34 37 37
1633_0012_0005_0062_0062.jpg 1 12 5 62 62
1634_0015_0027_0049_0049.jpg 1 15 27 49 49
1635_0017_0012_0055_0055.jpg 1 17 12 55 55
1636_0008_0042_0028_0028.jpg 1 8 42 28 28
1637_0033_0016_0048_0048.jpg 1 33 16 48 48
1638_0032_0010_0050_0050.jpg 1 32 10 50 50
1639_0030_0012_0048_0048.jpg 1 30 12 48 48
1640_0045_0028_0037_0037.jpg 1 45 28 37 37
1641_0017_0034_0044_0044.jpg 1 17 34 44 44
1642_0028_0041_0026_0026.jpg 1 28 41 26 26
1643_0038_0019_0039_0039.jpg 1 38 19 39 39
1644_0042_0056_0027_0027.jpg 1 42 56 27 27
1645_0028_0028_0062_0062.jpg 1 28 28 62 62
1646_0010_0015_0051_0051.jpg 1 10 15 51 51
1647_0051_0032_0031_0031.jpg 1 51 32 31 31
1648_0025_0003_0069_0069.jpg 1 25 3 69 69
1649_0006_0020_0050_0050.jpg 1 6 20 50 50
1650_0013_0043_0052_0052.jpg 1 13 43 52 52
1651_0018_0055_0036_0036.jpg 1 18 55 36 36
1652_0015_0015_0047_0047.jpg 1 15 15 47 47
1653_0043_0037_0024_0024.jpg 1 43 37 24 24
1654_0031_0024_0062_0062.jpg 1 31 24 62 62
1655_0012_0015_0068_0068.jpg 1 12 15 68 68
1656_0033_0043_0035_0035.jpg 1 33 43 35 35
1657_0032_0028_0029_0029.jpg 1 32 28 29 29
1658_0025_0023_0067_0067.jpg 1 25 23 67 67
1659_0040_0023_0055_0055.jpg 1 40 23 55 55
1660_0011_0014_0067_0067.jpg 1 11 14 67 67
1661_0034_0014_0033_0033.jpg 1 34 14 33 33
1662_0026_0037_0049_0049.jpg 1 26 37 49 49
1663_0034_0033_0057_0057.jpg 1 34 33 57 57
1664_0029_0005_0062_0062.jpg 1 29 5 62 62
1665_0064_0045_0026_0026.jpg 1 64 45 26 26
1666_0031_0022_0031_0031.jpg 1 31 22 31 31
1667_0015_0031_0065_0065.jpg 1 15 31 65 65
1668_0034_0012_0055_0055.jpg 1 34 12 55 55
1669_0028_0045_0048_0048.jpg 1 28 45 48 48
1670_0009_0008_0063_0063.jpg 1 9 8 63 63
1671_0033_0043_0030_0030.jpg 1 33 43 30 30
1672_0025_0024_0068_0068.jpg 1 25 24 68 68
1673_0014_0016_0067_0067.jpg 1 14 16 67 67
1674_0012_0041_0029_0029.jpg 1 12 41 29 29
1675_0031_0013_0053_0053.jpg 1 31 13 53 53
1676_0012_0016_0058_0058.jpg 1 12 16 58 58
1677_0056_0040_0029_0029.jpg 1 56 40 29 29
1678_0016_0049_0031_0031.jpg 1 16 49 31 31
1679_0035_0010_0035_0035.jpg 1 35 10 35 35
1680_0023_0013_0069_0069.jpg 1 23 13 69 69
1681_0028_0033_0036_0036.jpg 1 28 33 36 36
1682_0021_0027_0069_0069.jpg 1 21 27 69 69
1683_0011_0006_0064_0064.jpg 1 11 6 64 64
1684_0049_0047_0032_0032.jpg 1 49 47 32 32
1685_0011_0029_0062_0062.jpg 1 11 29 62 62
1686_0059_0050_0028_0028.jpg 1 59 50 28 28
1687_0011_0025_0048_0048.jpg 1 11 25 48 48
1688_0024_0038_0050_0050.jpg 1 24 38 50 50
1689_0047_0044_0042_0042.jpg 1 47 44 42 42
1690_0047_0018_0047_0047.jpg 1 47 18 47 47
1691_0041_0046_0036_0036.jpg 1 41 46 36 36
1692_0003_0023_0066_0066.jpg 1 3 23 66 66
1693_0012_0005_0068_0068.jpg 1 12 5 68 68
1694_0056_0032_0037_0037.jpg 1 56 32 37 37
1695_0032_0039_0049_0049.jpg 1 32 39 49 49
1696_0017_0036_0056_0056.jpg 1 17 36 56 56
1697_0050_0059_0028_0028.jpg 1 50 59 28 28
1698_0056_0008_0030_0030.jpg 1 56 8 30 30
1699_0010_0043_0028_0028.jpg 1 10 43 28 28
1700_0030_0015_0059_0059.jpg 1 30 15 59 59
1701_0016_0048_0043_0043.jpg 1 16 48 43 43
1702_0047_0025_0027_0027.jpg 1 47 25 27 27
1703_0018_0057_0035_0035.jpg 1 18 57 35 35
1704_0043_0016_0033_0033.jpg 1 43 16 33 33
1705_0009_0011_0059_0059.jpg 1 9 11 59 59
1706_0020_0010_0063_0063.jpg 1 20 10 63 63
1707_0036_0045_0036_0036.jpg 1 36 45 36 36
1708_0028_0023_0060_0060.jpg 1 28 23 60 60
1709_0024_0026_0061_0061.jpg 1 24 26 61 61
1710_0049_0043_0024_0024.jpg 1 49 43 24 24
1711_0011_0021_0066_0066.jpg 1 11 21 66 66
1712_0025_0007_0047_0047.jpg 1 25 7 47 47
1713_0042_0019_0037_0037.jpg 1 42 19 37 37
1714_0014_0030_0038_0038.jpg 1 14 30 38 38
1715_0015_0022_0067_0067.jpg 1 15 22 67 67
1716_0015_0030_0045_0045.jpg 1 15 30 45 45
1717_0042_0046_0040_0040.jpg 1 42 46 40 40
1718_0047_0006_0041_0041.jpg 1 47 6 41 41
1719_0017_0028_0040_0040.jpg 1 17 28 40 40
1720_0005_0009_0054_0054.jpg 1 5 9 54 54
1721_0022_0011_0069_0069.jpg 1 22 11 69 69
1722_0010_0004_0061_0061.jpg 1 10 4 61 61
1723_0028_0033_0063_0063.jpg 1 28 33 63 63
1724_0045_0036_0033_0033.jpg 1 45 36 33 33
1725_0022_0018_0061_0061.jpg 1 22 18 61 61
1726_0044_0057_0031_0031.jpg 1 44 57 31 31
1727_0012_0005_0057_0057.jpg 1 12 5 57 57
1728_0038_0020_0036_0036.jpg 1 38 20 36 36
1729_0036_0027_0025_0025.jpg 1 36 27 25 25
1730_0017_0024_0054_0054.jpg 1 17 24 54 54
1731_0009_0012_0028_0028.jpg 1 9 12 28 28
1732_0024_0033_0037_0037.jpg 1 24 33 37 37
1733_0030_0007_0053_0053.jpg 1 30 7 53 53
1734_0010_0009_0057_0057.jpg 1 10 9 57 57
1735_0005_0021_0064_0064.jpg 1 5 21 64 64
1736_0022_0005_0058_0058.jpg 1 22 5 58 58
1737_0007_0012_0048_0048.jpg 1 7 12 48 48
1738_0057_0014_0031_0031.jpg 1 57 14 31 31
1739_0004_0007_0053_0053.jpg 1 4 7 53 53
1740_0027_0016_0057_0057.jpg 1 27 16 57 57
1741_0033_0054_0030_0030.jpg 1 33 54 30 30
1742_0033_0008_0059_0059.jpg 1 33 8 59 59
1743_0006_0004_0067_0067.jpg 1 6 4 67 67
1744_0017_0016_0052_0052.jpg 1 17 16 52 52
1745_0041_0012_0027_0027.jpg 1 41 12 27 27
1746_0030_0012_0064_0064.jpg 1 30 12 64 64
1747_0008_0007_0069_0069.jpg 1 8 7 69 69
1748_0024_0020_0066_0066.jpg 1 24 20 66 66
1749_0011_0010_0035_0035.jpg 1 11 10 35 35
1750_0044_0017_0024_0024.jpg 1 44 17 24 24
1751_0048_0055_0024_0024.jpg 1 48 55 24 24
1752_0007_0025_0039_0039.jpg 1 7 25 39 39
1753_0007_0026_0044_0044.jpg 1 7 26 44 44
1754_0006_0022_0057_0057.jpg 1 6 22 57 57
1755_0061_0013_0029_0029.jpg 1 61 13 29 29
1756_0020_0012_0062_0062.jpg 1 20 12 62 62
1757_0025_0029_0024_0024.jpg 1 25 29 24 24
1758_0039_0059_0026_0026.jpg 1 39 59 26 26
1759_0024_0013_0058_0058.jpg 1 24 13 58 58
1760_0025_0003_0064_0064.jpg 1 25 3 64 64
1761_0027_0022_0024_0024.jpg 1 27 22 24 24
1762_0028_0031_0043_0043.jpg 1 28 31 43 43
1763_0017_0055_0026_0026.jpg 1 17 55 26 26
1764_0016_0025_0043_0043.jpg 1 16 25 43 43
1765_0053_0019_0037_0037.jpg 1 53 19 37 37
1766_0013_0018_0064_0064.jpg 1 13 18 64 64
1767_0035_0016_0059_0059.jpg 1 35 16 59 59
1768_0028_0010_0063_0063.jpg 1 28 10 63 63
1769_0013_0016_0053_0053.jpg 1 13 16 53 53
1770_0033_0015_0060_0060.jpg 1 33 15 60 60
1771_0035_0028_0034_0034.jpg 1 35 28 34 34
1772_0012_0008_0066_0066.jpg 1 12 8 66 66
1773_0033_0033_0054_0054.jpg 1 33 33 54 54
1774_0048_0049_0024_0024.jpg 1 48 49 24 24
1775_0016_0032_0031_0031.jpg 1 16 32 31 31
1776_0037_0033_0041_0041.jpg 1 37 33 41 41
1777_0036_0029_0026_0026.jpg 1 36 29 26 26
1778_0033_0005_0059_0059.jpg 1 33 5 59 59
1779_0016_0029_0053_0053.jpg 1 16 29 53 53
1780_0063_0033_0027_0027.jpg 1 63 33 27 27
1781_0010_0005_0069_0069.jpg 1 10 5 69 69
1782_0006_0018_0056_0056.jpg 1 6 18 56 56
1783_0007_0035_0041_0041.jpg 1 7 35 41 41
1784_0034_0026_0061_0061.jpg 1 34 26 61 61
1785_0010_0012_0038_0038.jpg 1 10 12 38 38
1786_0008_0036_0044_0044.jpg 1 8 36 44 44
1787_0008_0020_0068_0068.jpg 1 8 20 68 68
1788_0025_0020_0037_0037.jpg 1 25 20 37 37
1789_0032_0050_0032_0032.jpg 1 32 50 32 32
1790_0028_0053_0040_0040.jpg 1 28 53 40 40
1791_0013_0006_0061_0061.jpg 1 13 6 61 61
1792_0027_0015_0068_0068.jpg 1 27 15 68 68
1793_0040_0013_0055_0055.jpg 1 40 13 55 55
1794_0047_0036_0042_0042.jpg 1 47 36 42 42
1795_0046_0057_0036_0036.jpg 1 46 57 36 36
1796_0025_0045_0035_0035.jpg 1 25 45 35 35
1797_0018_0046_0039_0039.jpg 1 18 46 39 39
1798_0010_0045_0036_0036.jpg 1 10 45 36 36
1799_0014_0022_0049_0049.jpg 1 14 22 49 49
1800_0030_0047_0039_0039.jpg 1 30 47 39 39
1801_0027_0013_0064_0064.jpg 1 27 13 64 64
1802_0016_0022_0069_0069.jpg 1 16 22 69 69
1803_0025_0023_0059_0059.jpg 1 25 23 59 59
1804_0052_0057_0035_0035.jpg 1 52 57 35 35
1805_0015_0038_0043_0043.jpg 1 15 38 43 43
1806_0016_0015_0069_0069.jpg 1 16 15 69 69
1807_0051_0046_0036_0036.jpg 1 51 46 36 36
1808_0047_0022_0045_0045.jpg 1 47 22 45 45
1809_0007_0022_0061_0061.jpg 1 7 22 61 61
1810_0022_0027_0028_0028.jpg 1 22 27 28 28
1811_0030_0022_0051_0051.jpg 1 30 22 51 51
1812_0007_0010_0054_0054.jpg 1 7 10 54 54
1813_0031_0033_0054_0054.jpg 1 31 33 54 54
1814_0023_0014_0046_0046.jpg 1 23 14 46 46
1815_0058_0055_0032_0032.jpg 1 58 55 32 32
1816_0012_0026_0048_0048.jpg 1 12 26 48 48
1817_0023_0017_0064_0064.jpg 1 23 17 64 64
1818_0017_0023_0068_0068.jpg 1 17 23 68 68
1819_0036_0019_0038_0038.jpg 1 36 19 38 38
1820_0023_0035_0053_0053.jpg 1 23 35 53 53
1821_0006_0020_0036_0036.jpg 1 6 20 36 36
1822_0034_0052_0035_0035.jpg 1 34 52 35 35
1823_0019_0024_0057_0057.jpg 1 19 24 57 57
1824_0045_0016_0035_0035.jpg 1 45 16 35 35
1825_0036_0032_0059_0059.jpg 1 36 32 59 59
1826_0008_0021_0051_0051.jpg 1 8 21 51 51
1827_0016_0036_0046_0046.jpg 1 16 36 46 46
1828_0018_0025_0067_0067.jpg 1 18 25 67 67
1829_0042_0053_0037_0037.jpg 1 42 53 37 37
1830_0030_0006_0037_0037.jpg 1 30 6 37 37
1831_0034_0031_0058_0058.jpg 1 34 31 58 58
1832_0039_0007_0048_0048.jpg 1 39 7 48 48
1833_0013_0028_0063_0063.jpg 1 13 28 63 63
1834_0042_0051_0040_0040.jpg 1 42 51 40 40
1835_0017_0009_0059_0059.jpg 1 17 9 59 59
1836_0040_0040_0054_0054.jpg 1 40 40 54 54
1837_0026_0028_0063_0063.jpg 1 26 28 63 63
1838_0035_0026_0056_0056.jpg 1 35 26 56 56
1839_0009_0033_0050_0050.jpg 1 9 33 50 50
1840_0007_0013_0050_0050.jpg 1 7 13 50 50
1841_0014_0022_0026_0026.jpg 1 14 22 26 26
1842_0020_0040_0046_0046.jpg 1 20 40 46 46
1843_0042_0019_0050_0050.jpg 1 42 19 50 50
1844_0028_0020_0049_0049.jpg 1 28 20 49 49
1845_0033_0038_0036_0036.jpg 1 33 38 36 36
1846_0014_0013_0040_0040.jpg 1 14 13 40 40
1847_0017_0010_0061_0061.jpg 1 17 10 61 61
1848_0004_0014_0064_0064.jpg 1 4 14 64 64
1849_0015_0009_0056_0056.jpg 1 15 9 56 56
1850_0006_0010_0058_0058.jpg 1 6 10 58 58
1851_0007_0037_0040_0040.jpg 1 7 37 40 40
1852_0035_0038_0024_0024.jpg 1 35 38 24 24
1853_0054_0057_0027_0027.jpg 1 54 57 27 27
1854_0008_0025_0034_0034.jpg 1 8 25 34 34
1855_0030_0030_0034_0034.jpg 1 30 30 34 34
1856_0019_0008_0065_0065.jpg 1 19 8 65 65
1857_0014_0053_0029_0029.jpg 1 14 53 29 29
1858_0025_0024_0062_0062.jpg 1 25 24 62 62
1859_0010_0028_0068_0068.jpg 1 10 28 68 68
1860_0033_0037_0038_0038.jpg 1 33 37 38 38
1861_0019_0019_0062_0062.jpg 1 19 19 62 62
1862_0021_0018_0035_0035.jpg 1 21 18 35 35
1863_0024_0028_0045_0045.jpg 1 24 28 45 45
1864_0044_0008_0050_0050.jpg 1 44 8 50 50
1865_0030_0009_0033_0033.jpg 1 30 9 33 33
1866_0048_0023_0040_0040.jpg 1 48 23 40 40
1867_0057_0030_0026_0026.jpg 1 57 30 26 26
1868_0031_0041_0051_0051.jpg 1 31 41 51 51
1869_0026_0010_0050_0050.jpg 1 26 10 50 50
1870_0026_0023_0063_0063.jpg 1 26 23 63 63
1871_0008_0016_0064_0064.jpg 1 8 16 64 64
1872_0024_0037_0047_0047.jpg 1 24 37 47 47
1873_0049_0044_0035_0035.jpg 1 49 44 35 35
1874_0012_0016_0035_0035.jpg 1 12 16 35 35
1875_0042_0048_0034_0034.jpg 1 42 48 34 34
1876_0050_0007_0035_0035.jpg 1 50 7 35 35
1877_0038_0009_0036_0036.jpg 1 38 9 36 36
1878_0046_0019_0037_0037.jpg 1 46 19 37 37
1879_0038_0009_0024_0024.jpg 1 38 9 24 24
1880_0039_0029_0033_0033.jpg 1 39 29 33 33
1881_0057_0039_0033_0033.jpg 1 57 39 33 33
1882_0046_0012_0044_0044.jpg 1 46 12 44 44
1883_0028_0028_0059_0059.jpg 1 28 28 59 59
1884_0031_0014_0037_0037.jpg 1 31 14 37 37
1885_0021_0021_0043_0043.jpg 1 21 21 43 43
1886_0041_0061_0027_0027.jpg 1 41 61 27 27
1887_0054_0013_0038_0038.jpg 1 54 13 38 38
1888_0022_0043_0041_0041.jpg 1 22 43 41 41
1889_0040_0028_0030_0030.jpg 1 40 28 30 30
1890_0022_0021_0061_0061.jpg 1 22 21 61 61
1891_0024_0041_0024_0024.jpg 1 24 41 24 24
1892_0042_0052_0029_0029.jpg 1 42 52 29 29
1893_0026_0022_0044_0044.jpg 1 26 22 44 44
1894_0035_0027_0036_0036.jpg 1 35 27 36 36
1895_0008_0023_0027_0027.jpg 1 8 23 27 27
1896_0059_0018_0030_0030.jpg 1 59 18 30 30
1897_0018_0013_0038_0038.jpg 1 18 13 38 38
1898_0026_0039_0024_0024.jpg 1 26 39 24 24
1899_0026_0023_0047_0047.jpg 1 26 23 47 47
1900_0007_0019_0061_0061.jpg 1 7 19 61 61
1901_0011_0013_0044_0044.jpg 1 11 13 44 44
1902_0060_0061_0027_0027.jpg 1 60 61 27 27
1903_0016_0020_0063_0063.jpg 1 16 20 63 63
1904_0014_0029_0038_0038.jpg 1 14 29 38 38
1905_0018_0005_0057_0057.jpg 1 18 5 57 57
1906_0018_0017_0025_0025.jpg 1 18 17 25 25
1907_0034_0006_0059_0059.jpg 1 34 6 59 59
1908_0053_0054_0035_0035.jpg 1 53 54 35 35
1909_0016_0025_0037_0037.jpg 1 16 25 37 37
1910_0026_0011_0069_0069.jpg 1 26 11 69 69
1911_0017_0024_0025_0025.jpg 1 17 24 25 25
1912_0019_0027_0059_0059.jpg 1 19 27 59 59
1913_0017_0050_0030_0030.jpg 1 17 50 30 30
1914_0004_0014_0066_0066.jpg 1 4 14 66 66
1915_0047_0010_0045_0045.jpg 1 47 10 45 45
1916_0039_0010_0048_0048.jpg 1 39 10 48 48
1917_0022_0049_0036_0036.jpg 1 22 49 36 36
1918_0035_0032_0055_0055.jpg 1 35 32 55 55
1919_0033_0034_0043_0043.jpg 1 33 34 43 43
1920_0061_0054_0025_0025.jpg 1 61 54 25 25
1921_0050_0047_0040_0040.jpg 1 50 47 40 40
1922_0019_0018_0054_0054.jpg 1 19 18 54 54
1923_0031_0009_0060_0060.jpg 1 31 9 60 60
1924_0006_0029_0042_0042.jpg 1 6 29 42 42
1925_0035_0008_0058_0058.jpg 1 35 8 58 58
1926_0009_0025_0026_0026.jpg 1 9 25 26 26
1927_0010_0007_0031_0031.jpg 1 10 7 31 31
1928_0051_0031_0038_0038.jpg 1 51 31 38 38
1929_0013_0036_0054_0054.jpg 1 13 36 54 54
1930_0007_0017_0063_0063.jpg 1 7 17 63 63
1931_0008_0032_0033_0033.jpg 1 8 32 33 33
1932_0039_0023_0055_0055.jpg 1 39 23 55 55
1933_0007_0018_0049_0049.jpg 1 7 18 49 49
1934_0032_0005_0054_0054.jpg 1 32 5 54 54
1935_0032_0036_0054_0054.jpg 1 32 36 54 54
1936_0033_0045_0042_0042.jpg 1 33 45 42 42
1937_0021_0047_0035_0035.jpg 1 21 47 35 35
1938_0023_0030_0049_0049.jpg 1 23 30 49 49
1939_0033_0047_0046_0046.jpg 1 33 47 46 46
1940_0007_0016_0057_0057.jpg 1 7 16 57 57
1941_0022_0016_0054_0054.jpg 1 22 16 54 54
1942_0024_0052_0037_0037.jpg 1 24 52 37 37
1943_0054_0040_0030_0030.jpg 1 54 40 30 30
1944_0007_0021_0068_0068.jpg 1 7 21 68 68
1945_0020_0015_0053_0053.jpg 1 20 15 53 53
1946_0026_0030_0042_0042.jpg 1 26 30 42 42
1947_0011_0025_0051_0051.jpg 1 11 25 51 51
1948_0032_0007_0039_0039.jpg 1 32 7 39 39
1949_0022_0022_0055_0055.jpg 1 22 22 55 55
1950_0058_0030_0035_0035.jpg 1 58 30 35 35
1951_0065_0035_0027_0027.jpg 1 65 35 27 27
1952_0048_0028_0029_0029.jpg 1 48 28 29 29
1953_0048_0021_0036_0036.jpg 1 48 21 36 36
1954_0049_0036_0034_0034.jpg 1 49 36 34 34
1955_0016_0017_0042_0042.jpg 1 16 17 42 42
1956_0007_0015_0069_0069.jpg 1 7 15 69 69
1957_0019_0023_0047_0047.jpg 1 19 23 47 47
1958_0022_0046_0045_0045.jpg 1 22 46 45 45
1959_0052_0059_0034_0034.jpg 1 52 59 34 34
1960_0024_0028_0063_0063.jpg 1 24 28 63 63
1961_0034_0009_0056_0056.jpg 1 34 9 56 56
1962_0050_0048_0034_0034.jpg 1 50 48 34 34
1963_0026_0023_0065_0065.jpg 1 26 23 65 65
1964_0060_0008_0028_0028.jpg 1 60 8 28 28
1965_0024_0022_0055_0055.jpg 1 24 22 55 55
1966_0012_0016_0028_0028.jpg 1 12 16 28 28
1967_0014_0014_0046_0046.jpg 1 14 14 46 46
1968_0011_0027_0049_0049.jpg 1 11 27 49 49
1969_0011_0013_0058_0058.jpg 1 11 13 58 58
1970_0011_0020_0066_0066.jpg 1 11 20 66 66
1971_0024_0012_0066_0066.jpg 1 24 12 66 66
1972_0044_0009_0048_0048.jpg 1 44 9 48 48
1973_0005_0037_0056_0056.jpg 1 5 37 56 56
1974_0025_0032_0048_0048.jpg 1 25 32 48 48
1975_0014_0009_0024_0024.jpg 1 14 9 24 24
1976_0047_0041_0046_0046.jpg 1 47 41 46 46
1977_0057_0027_0033_0033.jpg 1 57 27 33 33
1978_0009_0005_0063_0063.jpg 1 9 5 63 63
1979_0026_0038_0056_0056.jpg 1 26 38 56 56
1980_0014_0020_0046_0046.jpg 1 14 20 46 46
1981_0042_0011_0051_0051.jpg 1 42 11 51 51
1982_0023_0017_0043_0043.jpg 1 23 17 43 43
1983_0016_0012_0053_0053.jpg 1 16 12 53 53
1984_0053_0055_0031_0031.jpg 1 53 55 31 31
1985_0008_0008_0056_0056.jpg 1 8 8 56 56
1986_0040_0019_0053_0053.jpg 1 40 19 53 53
1987_0029_0030_0051_0051.jpg 1 29 30 51 51
1988_0015_0057_0032_0032.jpg 1 15 57 32 32
1989_0032_0011_0026_0026.jpg 1 32 11 26 26
1990_0005_0028_0064_0064.jpg 1 5 28 64 64
1991_0037_0041_0044_0044.jpg 1 37 41 44 44
1992_0031_0039_0054_0054.jpg 1 31 39 54 54
1993_0012_0013_0063_0063.jpg 1 12 13 63 63
1994_0006_0006_0057_0057.jpg 1 6 6 57 57
1995_0025_0012_0040_0040.jpg 1 25 12 40 40
1996_0007_0054_0038_0038.jpg 1 7 54 38 38
1997_0020_0058_0024_0024.jpg 1 20 58 24 24
1998_0007_0038_0033_0033.jpg 1 7 38 33 33
1999_0027_0019_0067_0067.jpg 1 27 19 67 67
2000_0049_0038_0040_0040.jpg 1 49 38 40 40
