0001_0066_0067_0024_0024.jpg 1 66 67 24 24
0002_0047_0025_0038_0038.jpg 1 47 25 38 38
0003_0038_0047_0042_0042.jpg 1 38 47 42 42
0004_0006_0027_0050_0050.jpg 1 6 27 50 50
0005_0036_0040_0038_0038.jpg 1 36 40 38 38
0006_0004_0020_0067_0067.jpg 1 4 20 67 67
0007_0034_0014_0053_0053.jpg 1 34 14 53 53
0008_0020_0032_0057_0057.jpg 1 20 32 57 57
0009_0026_0009_0051_0051.jpg 1 26 9 51 51
0010_0025_0039_0027_0027.jpg 1 25 39 27 27
0011_0032_0021_0056_0056.jpg 1 32 21 56 56
0012_0066_0026_0025_0025.jpg 1 66 26 25 25
0013_0018_0003_0069_0069.jpg 1 18 3 69 69
0014_0027_0038_0040_0040.jpg 1 27 38 40 40
0015_0020_0044_0045_0045.jpg 1 20 44 45 45
0016_0048_0007_0042_0042.jpg 1 48 7 42 42
0017_0028_0009_0046_0046.jpg 1 28 9 46 46
0018_0020_0021_0050_0050.jpg 1 20 21 50 50
0019_0009_0021_0060_0060.jpg 1 9 21 60 60
0020_0030_0021_0028_0028.jpg 1 30 21 28 28
0021_0022_0032_0034_0034.jpg 1 22 32 34 34
0022_0014_0031_0045_0045.jpg 1 14 31 45 45
0023_0019_0004_0059_0059.jpg 1 19 4 59 59
0024_0031_0045_0049_0049.jpg 1 31 45 49 49
0025_0023_0029_0055_0055.jpg 1 23 29 55 55
0026_0015_0030_0032_0032.jpg 1 15 30 32 32
0027_0003_0015_0063_0063.jpg 1 3 15 63 63
0028_0012_0053_0034_0034.jpg 1 12 53 34 34
0029_0022_0009_0068_0068.jpg 1 22 9 68 68
0030_0037_0049_0026_0026.jpg 1 37 49 26 26
0031_0004_0018_0058_0058.jpg 1 4 18 58 58
0032_0042_0043_0037_0037.jpg 1 42 43 37 37
0033_0020_0024_0067_0067.jpg 1 20 24 67 67
0034_0040_0041_0041_0041.jpg 1 40 41 41 41
0035_0035_0031_0030_0030.jpg 1 35 31 30 30
0036_0036_0032_0028_0028.jpg 1 36 32 28 28
0037_0008_0045_0042_0042.jpg 1 8 45 42 42
0038_0022_0024_0062_0062.jpg 1 22 24 62 62
0039_0017_0012_0024_0024.jpg 1 17 12 24 24
0040_0015_0016_0064_0064.jpg 1 15 16 64 64
0041_0015_0047_0042_0042.jpg 1 15 47 42 42
0042_0022_0015_0035_0035.jpg 1 22 15 35 35
0043_0027_0011_0061_0061.jpg 1 27 11 61 61
0044_0025_0041_0037_0037.jpg 1 25 41 37 37
0045_0046_0058_0025_0025.jpg 1 46 58 25 25
0046_0003_0025_0067_0067.jpg 1 3 25 67 67
0047_0066_0041_0025_0025.jpg 1 66 41 25 25
0048_0011_0032_0057_0057.jpg 1 11 32 57 57
0049_0028_0004_0060_0060.jpg 1 28 4 60 60
0050_0045_0024_0047_0047.jpg 1 45 24 47 47
0051_0033_0029_0051_0051.jpg 1 33 29 51 51
0052_0005_0033_0047_0047.jpg 1 5 33 47 47
0053_0023_0027_0051_0051.jpg 1 23 27 51 51
0054_0009_0007_0050_0050.jpg 1 9 7 50 50
0055_0042_0060_0028_0028.jpg 1 42 60 28 28
0056_0031_0019_0027_0027.jpg 1 31 19 27 27
0057_0037_0058_0034_0034.jpg 1 37 58 34 34
0058_0011_0017_0065_0065.jpg 1 11 17 65 65
0059_0055_0013_0027_0027.jpg 1 55 13 27 27
0060_0041_0021_0028_0028.jpg 1 41 21 28 28
0061_0010_0031_0051_0051.jpg 1 10 31 51 51
0062_0061_0055_0031_0031.jpg 1 61 55 31 31
0063_0017_0013_0036_0036.jpg 1 17 13 36 36
0064_0036_0016_0051_0051.jpg 1 36 16 51 51
0065_0011_0037_0049_0049.jpg 1 11 37 49 49
0066_0058_0041_0026_0026.jpg 1 58 41 26 26
0067_0057_0041_0025_0025.jpg 1 57 41 25 25
0068_0022_0015_0026_0026.jpg 1 22 15 26 26
0069_0032_0045_0043_0043.jpg 1 32 45 43 43
0070_0039_0030_0048_0048.jpg 1 39 30 48 48
0071_0018_0018_0040_0040.jpg 1 18 18 40 40
0072_0027_0037_0053_0053.jpg 1 27 37 53 53
0073_0016_0021_0048_0048.jpg 1 16 21 48 48
0074_0042_0038_0042_0042.jpg 1 42 38 42 42
0075_0020_0033_0057_0057.jpg 1 20 33 57 57
0076_0025_0008_0064_0064.jpg 1 25 8 64 64
0077_0007_0036_0051_0051.jpg 1 7 36 51 51
0078_0023_0010_0052_0052.jpg 1 23 10 52 52
0079_0006_0021_0061_0061.jpg 1 6 21 61 61
0080_0026_0025_0064_0064.jpg 1 26 25 64 64
0081_0022_0037_0043_0043.jpg 1 22 37 43 43
0082_0033_0047_0040_0040.jpg 1 33 47 40 40
0083_0023_0005_0055_0055.jpg 1 23 5 55 55
0084_0060_0015_0030_0030.jpg 1 60 15 30 30
0085_0031_0033_0063_0063.jpg 1 31 33 63 63
0086_0053_0052_0035_0035.jpg 1 53 52 35 35
0087_0044_0017_0049_0049.jpg 1 44 17 49 49
0088_0030_0021_0065_0065.jpg 1 30 21 65 65
0089_0018_0014_0058_0058.jpg 1 18 14 58 58
0090_0014_0058_0031_0031.jpg 1 14 58 31 31
0091_0058_0009_0028_0028.jpg 1 58 9 28 28
0092_0008_0007_0038_0038.jpg 1 8 7 38 38
0093_0051_0043_0042_0042.jpg 1 51 43 42 42
0094_0029_0005_0049_0049.jpg 1 29 5 49 49
0095_0041_0013_0044_0044.jpg 1 41 13 44 44
0096_0006_0020_0067_0067.jpg 1 6 20 67 67
0097_0021_0036_0041_0041.jpg 1 21 36 41 41
0098_0033_0032_0039_0039.jpg 1 33 32 39 39
0099_0014_0017_0068_0068.jpg 1 14 17 68 68
0100_0007_0006_0061_0061.jpg 1 7 6 61 61
0101_0005_0017_0064_0064.jpg 1 5 17 64 64
0102_0034_0016_0056_0056.jpg 1 34 16 56 56
0103_0019_0014_0060_0060.jpg 1 19 14 60 60
0104_0044_0045_0048_0048.jpg 1 44 45 48 48
0105_0014_0037_0046_0046.jpg 1 14 37 46 46
0106_0043_0014_0048_0048.jpg 1 43 14 48 48
0107_0043_0046_0047_0047.jpg 1 43 46 47 47
0108_0014_0012_0051_0051.jpg 1 14 12 51 51
0109_0028_0053_0027_0027.jpg 1 28 53 27 27
0110_0035_0035_0057_0057.jpg 1 35 35 57 57
0111_0021_0021_0068_0068.jpg 1 21 21 68 68
0112_0050_0036_0042_0042.jpg 1 50 36 42 42
0113_0036_0064_0024_0024.jpg 1 36 64 24 24
0114_0026_0033_0058_0058.jpg 1 26 33 58 58
0115_0035_0022_0046_0046.jpg 1 35 22 46 46
0116_0012_0027_0032_0032.jpg 1 12 27 32 32
0117_0018_0043_0027_0027.jpg 1 18 43 27 27
0118_0032_0021_0055_0055.jpg 1 32 21 55 55
0119_0018_0007_0056_0056.jpg 1 18 7 56 56
0120_0036_0049_0042_0042.jpg 1 36 49 42 42
0121_0030_0030_0030_0030.jpg 1 30 30 30 30
0122_0016_0024_0061_0061.jpg 1 16 24 61 61
0123_0015_0026_0029_0029.jpg 1 15 26 29 29
0124_0023_0024_0064_0064.jpg 1 23 24 64 64
0125_0018_0013_0061_0061.jpg 1 18 13 61 61
0126_0020_0016_0062_0062.jpg 1 20 16 62 62
0127_0018_0025_0069_0069.jpg 1 18 25 69 69
0128_0027_0026_0061_0061.jpg 1 27 26 61 61
0129_0041_0053_0035_0035.jpg 1 41 53 35 35
0130_0038_0046_0039_0039.jpg 1 38 46 39 39
0131_0053_0007_0028_0028.jpg 1 53 7 28 28
0132_0032_0036_0051_0051.jpg 1 32 36 51 51
0133_0015_0041_0042_0042.jpg 1 15 41 42 42
0134_0017_0022_0049_0049.jpg 1 17 22 49 49
0135_0039_0026_0032_0032.jpg 1 39 26 32 32
0136_0022_0006_0050_0050.jpg 1 22 6 50 50
0137_0008_0019_0056_0056.jpg 1 8 19 56 56
0138_0026_0012_0030_0030.jpg 1 26 12 30 30
0139_0007_0027_0068_0068.jpg 1 7 27 68 68
0140_0045_0021_0042_0042.jpg 1 45 21 42 42
0141_0035_0012_0058_0058.jpg 1 35 12 58 58
0142_0036_0009_0036_0036.jpg 1 36 9 36 36
0143_0040_0026_0048_0048.jpg 1 40 26 48 48
0144_0008_0024_0067_0067.jpg 1 8 24 67 67
0145_0028_0013_0047_0047.jpg 1 28 13 47 47
0146_0024_0021_0038_0038.jpg 1 24 21 38 38
0147_0042_0024_0024_0024.jpg 1 42 24 24 24
0148_0047_0061_0031_0031.jpg 1 47 61 31 31
0149_0022_0018_0057_0057.jpg 1 22 18 57 57
0150_0017_0031_0062_0062.jpg 1 17 31 62 62
0151_0029_0017_0039_0039.jpg 1 29 17 39 39
0152_0021_0008_0049_0049.jpg 1 21 8 49 49
0153_0021_0024_0066_0066.jpg 1 21 24 66 66
0154_0019_0008_0067_0067.jpg 1 19 8 67 67
0155_0056_0046_0034_0034.jpg 1 56 46 34 34
0156_0026_0034_0030_0030.jpg 1 26 34 30 30
0157_0025_0029_0057_0057.jpg 1 25 29 57 57
0158_0035_0012_0053_0053.jpg 1 35 12 53 53
0159_0059_0043_0033_0033.jpg 1 59 43 33 33
0160_0025_0055_0036_0036.jpg 1 25 55 36 36
0161_0032_0055_0026_0026.jpg 1 32 55 26 26
0162_0042_0044_0035_0035.jpg 1 42 44 35 35
0163_0032_0021_0050_0050.jpg 1 32 21 50 50
0164_0037_0024_0036_0036.jpg 1 37 24 36 36
0165_0036_0023_0038_0038.jpg 1 36 23 38 38
0166_0027_0032_0049_0049.jpg 1 27 32 49 49
0167_0009_0037_0057_0057.jpg 1 9 37 57 57
0168_0027_0007_0064_0064.jpg 1 27 7 64 64
0169_0019_0012_0054_0054.jpg 1 19 12 54 54
0170_0011_0047_0032_0032.jpg 1 11 47 32 32
0171_0011_0015_0066_0066.jpg 1 11 15 66 66
0172_0046_0014_0031_0031.jpg 1 46 14 31 31
0173_0015_0027_0051_0051.jpg 1 15 27 51 51
0174_0029_0026_0034_0034.jpg 1 29 26 34 34
0175_0015_0007_0059_0059.jpg 1 15 7 59 59
0176_0012_0023_0052_0052.jpg 1 12 23 52 52
0177_0025_0010_0062_0062.jpg 1 25 10 62 62
0178_0044_0012_0048_0048.jpg 1 44 12 48 48
0179_0010_0017_0032_0032.jpg 1 10 17 32 32
0180_0006_0006_0048_0048.jpg 1 6 6 48 48
0181_0042_0018_0045_0045.jpg 1 42 18 45 45
0182_0032_0029_0043_0043.jpg 1 32 29 43 43
0183_0021_0026_0067_0067.jpg 1 21 26 67 67
0184_0014_0013_0066_0066.jpg 1 14 13 66 66
0185_0013_0015_0064_0064.jpg 1 13 15 64 64
0186_0012_0029_0062_0062.jpg 1 12 29 62 62
0187_0041_0015_0040_0040.jpg 1 41 15 40 40
0188_0049_0055_0030_0030.jpg 1 49 55 30 30
0189_0019_0029_0059_0059.jpg 1 19 29 59 59
0190_0036_0006_0050_0050.jpg 1 36 6 50 50
0191_0012_0047_0034_0034.jpg 1 12 47 34 34
0192_0033_0040_0051_0051.jpg 1 33 40 51 51
0193_0013_0016_0036_0036.jpg 1 13 16 36 36
0194_0008_0009_0056_0056.jpg 1 8 9 56 56
0195_0058_0018_0024_0024.jpg 1 58 18 24 24
0196_0039_0030_0053_0053.jpg 1 39 30 53 53
0197_0020_0036_0040_0040.jpg 1 20 36 40 40
0198_0021_0021_0064_0064.jpg 1 21 21 64 64
0199_0043_0022_0049_0049.jpg 1 43 22 49 49
0200_0034_0043_0030_0030.jpg 1 34 43 30 30
0201_0015_0027_0061_0061.jpg 1 15 27 61 61
0202_0012_0024_0044_0044.jpg 1 12 24 44 44
0203_0044_0040_0036_0036.jpg 1 44 40 36 36
0204_0022_0035_0059_0059.jpg 1 22 35 59 59
0205_0023_0055_0038_0038.jpg 1 23 55 38 38
0206_0030_0040_0049_0049.jpg 1 30 40 49 49
0207_0048_0040_0038_0038.jpg 1 48 40 38 38
0208_0016_0040_0052_0052.jpg 1 16 40 52 52
0209_0020_0045_0034_0034.jpg 1 20 45 34 34
0210_0056_0033_0036_0036.jpg 1 56 33 36 36
0211_0006_0029_0065_0065.jpg 1 6 29 65 65
0212_0020_0012_0065_0065.jpg 1 20 12 65 65
0213_0041_0006_0042_0042.jpg 1 41 6 42 42
0214_0006_0041_0044_0044.jpg 1 6 41 44 44
0215_0058_0053_0024_0024.jpg 1 58 53 24 24
0216_0034_0035_0049_0049.jpg 1 34 35 49 49
0217_0039_0013_0040_0040.jpg 1 39 13 40 40
0218_0040_0010_0049_0049.jpg 1 40 10 49 49
0219_0035_0024_0049_0049.jpg 1 35 24 49 49
0220_0027_0044_0029_0029.jpg 1 27 44 29 29
0221_0004_0005_0068_0068.jpg 1 4 5 68 68
0222_0026_0015_0052_0052.jpg 1 26 15 52 52
0223_0029_0015_0065_0065.jpg 1 29 15 65 65
0224_0012_0016_0064_0064.jpg 1 12 16 64 64
0225_0023_0023_0044_0044.jpg 1 23 23 44 44
0226_0005_0022_0060_0060.jpg 1 5 22 60 60
0227_0025_0026_0066_0066.jpg 1 25 26 66 66
0228_0008_0017_0061_0061.jpg 1 8 17 61 61
0229_0007_0018_0024_0024.jpg 1 7 18 24 24
0230_0010_0014_0045_0045.jpg 1 10 14 45 45
0231_0013_0008_0067_0067.jpg 1 13 8 67 67
0232_0023_0026_0063_0063.jpg 1 23 26 63 63
0233_0032_0007_0059_0059.jpg 1 32 7 59 59
0234_0014_0052_0038_0038.jpg 1 14 52 38 38
0235_0012_0018_0044_0044.jpg 1 12 18 44 44
0236_0029_0030_0050_0050.jpg 1 29 30 50 50
0237_0034_0048_0032_0032.jpg 1 34 48 32 32
0238_0023_0024_0052_0052.jpg 1 23 24 52 52
0239_0023_0027_0066_0066.jpg 1 23 27 66 66
0240_0033_0018_0037_0037.jpg 1 33 18 37 37
0241_0021_0028_0051_0051.jpg 1 21 28 51 51
0242_0014_0012_0058_0058.jpg 1 14 12 58 58
0243_0013_0003_0069_0069.jpg 1 13 3 69 69
0244_0035_0056_0024_0024.jpg 1 35 56 24 24
0245_0019_0012_0056_0056.jpg 1 19 12 56 56
0246_0033_0006_0049_0049.jpg 1 33 6 49 49
0247_0027_0059_0029_0029.jpg 1 27 59 29 29
0248_0040_0006_0040_0040.jpg 1 40 6 40 40
0249_0046_0036_0037_0037.jpg 1 46 36 37 37
0250_0028_0021_0033_0033.jpg 1 28 21 33 33
0251_0009_0005_0069_0069.jpg 1 9 5 69 69
0252_0018_0005_0065_0065.jpg 1 18 5 65 65
0253_0019_0016_0067_0067.jpg 1 19 16 67 67
0254_0007_0029_0025_0025.jpg 1 7 29 25 25
0255_0013_0037_0025_0025.jpg 1 13 37 25 25
0256_0035_0026_0059_0059.jpg 1 35 26 59 59
0257_0020_0024_0031_0031.jpg 1 20 24 31 31
0258_0014_0026_0069_0069.jpg 1 14 26 69 69
0259_0039_0028_0047_0047.jpg 1 39 28 47 47
0260_0045_0011_0049_0049.jpg 1 45 11 49 49
0261_0053_0053_0040_0040.jpg 1 53 53 40 40
0262_0046_0046_0033_0033.jpg 1 46 46 33 33
0263_0039_0017_0036_0036.jpg 1 39 17 36 36
0264_0029_0009_0062_0062.jpg 1 29 9 62 62
0265_0028_0035_0060_0060.jpg 1 28 35 60 60
0266_0009_0014_0048_0048.jpg 1 9 14 48 48
0267_0024_0013_0058_0058.jpg 1 24 13 58 58
0268_0014_0031_0049_0049.jpg 1 14 31 49 49
0269_0010_0019_0063_0063.jpg 1 10 19 63 63
0270_0058_0018_0029_0029.jpg 1 58 18 29 29
0271_0028_0013_0062_0062.jpg 1 28 13 62 62
0272_0043_0032_0040_0040.jpg 1 43 32 40 40
0273_0040_0033_0044_0044.jpg 1 40 33 44 44
0274_0028_0023_0055_0055.jpg 1 28 23 55 55
0275_0011_0037_0047_0047.jpg 1 11 37 47 47
0276_0009_0016_0031_0031.jpg 1 9 16 31 31
0277_0025_0005_0058_0058.jpg 1 25 5 58 58
0278_0026_0024_0058_0058.jpg 1 26 24 58 58
0279_0014_0045_0038_0038.jpg 1 14 45 38 38
0280_0027_0030_0064_0064.jpg 1 27 30 64 64
0281_0017_0027_0069_0069.jpg 1 17 27 69 69
0282_0014_0016_0068_0068.jpg 1 14 16 68 68
0283_0051_0058_0024_0024.jpg 1 51 58 24 24
0284_0032_0030_0059_0059.jpg 1 32 30 59 59
0285_0024_0028_0066_0066.jpg 1 24 28 66 66
0286_0015_0011_0069_0069.jpg 1 15 11 69 69
0287_0010_0035_0056_0056.jpg 1 10 35 56 56
0288_0012_0028_0067_0067.jpg 1 12 28 67 67
0289_0013_0024_0036_0036.jpg 1 13 24 36 36
0290_0010_0031_0048_0048.jpg 1 10 31 48 48
0291_0016_0038_0042_0042.jpg 1 16 38 42 42
0292_0014_0022_0069_0069.jpg 1 14 22 69 69
0293_0005_0019_0065_0065.jpg 1 5 19 65 65
0294_0032_0007_0064_0064.jpg 1 32 7 64 64
0295_0024_0014_0036_0036.jpg 1 24 14 36 36
0296_0005_0007_0051_0051.jpg 1 5 7 51 51
0297_0030_0012_0056_0056.jpg 1 30 12 56 56
0298_0011_0011_0059_0059.jpg 1 11 11 59 59
0299_0055_0045_0033_0033.jpg 1 55 45 33 33
0300_0043_0049_0040_0040.jpg 1 43 49 40 40
0301_0027_0010_0062_0062.jpg 1 27 10 62 62
0302_0039_0045_0042_0042.jpg 1 39 45 42 42
0303_0026_0039_0047_0047.jpg 1 26 39 47 47
0304_0031_0022_0032_0032.jpg 1 31 22 32 32
0305_0028_0028_0032_0032.jpg 1 28 28 32 32
0306_0021_0067_0025_0025.jpg 1 21 67 25 25
0307_0018_0032_0062_0062.jpg 1 18 32 62 62
0308_0038_0021_0027_0027.jpg 1 38 21 27 27
0309_0008_0029_0036_0036.jpg 1 8 29 36 36
0310_0007_0034_0055_0055.jpg 1 7 34 55 55
0311_0038_0050_0037_0037.jpg 1 38 50 37 37
0312_0031_0027_0051_0051.jpg 1 31 27 51 51
0313_0005_0004_0055_0055.jpg 1 5 4 55 55
0314_0023_0023_0052_0052.jpg 1 23 23 52 52
0315_0010_0020_0066_0066.jpg 1 10 20 66 66
0316_0007_0016_0069_0069.jpg 1 7 16 69 69
0317_0029_0028_0059_0059.jpg 1 29 28 59 59
0318_0007_0024_0058_0058.jpg 1 7 24 58 58
0319_0043_0025_0036_0036.jpg 1 43 25 36 36
0320_0026_0033_0032_0032.jpg 1 26 33 32 32
0321_0037_0037_0041_0041.jpg 1 37 37 41 41
0322_0056_0014_0033_0033.jpg 1 56 14 33 33
0323_0039_0011_0048_0048.jpg 1 39 11 48 48
0324_0065_0024_0026_0026.jpg 1 65 24 26 26
0325_0056_0022_0032_0032.jpg 1 56 22 32 32
0326_0015_0057_0027_0027.jpg 1 15 57 27 27
0327_0034_0036_0053_0053.jpg 1 34 36 53 53
0328_0015_0019_0068_0068.jpg 1 15 19 68 68
0329_0028_0024_0044_0044.jpg 1 28 24 44 44
0330_0009_0027_0064_0064.jpg 1 9 27 64 64
0331_0056_0011_0036_0036.jpg 1 56 11 36 36
0332_0051_0019_0030_0030.jpg 1 51 19 30 30
0333_0045_0017_0025_0025.jpg 1 45 17 25 25
0334_0029_0046_0040_0040.jpg 1 29 46 40 40
0335_0053_0061_0025_0025.jpg 1 53 61 25 25
0336_0023_0020_0064_0064.jpg 1 23 20 64 64
0337_0028_0022_0051_0051.jpg 1 28 22 51 51
0338_0029_0010_0047_0047.jpg 1 29 10 47 47
0339_0033_0034_0039_0039.jpg 1 33 34 39 39
0340_0026_0035_0056_0056.jpg 1 26 35 56 56
0341_0009_0035_0060_0060.jpg 1 9 35 60 60
0342_0011_0012_0066_0066.jpg 1 11 12 66 66
0343_0058_0009_0024_0024.jpg 1 58 9 24 24
0344_0055_0025_0036_0036.jpg 1 55 25 36 36
0345_0036_0049_0029_0029.jpg 1 36 49 29 29
0346_0032_0013_0040_0040.jpg 1 32 13 40 40
0347_0005_0025_0065_0065.jpg 1 5 25 65 65
0348_0029_0032_0034_0034.jpg 1 29 32 34 34
0349_0012_0041_0049_0049.jpg 1 12 41 49 49
0350_0037_0011_0036_0036.jpg 1 37 11 36 36
0351_0028_0027_0067_0067.jpg 1 28 27 67 67
0352_0023_0020_0054_0054.jpg 1 23 20 54 54
0353_0034_0019_0025_0025.jpg 1 34 19 25 25
0354_0058_0025_0024_0024.jpg 1 58 25 24 24
0355_0067_0050_0024_0024.jpg 1 67 50 24 24
0356_0017_0038_0033_0033.jpg 1 17 38 33 33
0357_0033_0005_0058_0058.jpg 1 33 5 58 58
0358_0028_0029_0062_0062.jpg 1 28 29 62 62
0359_0025_0018_0062_0062.jpg 1 25 18 62 62
0360_0024_0037_0036_0036.jpg 1 24 37 36 36
0361_0048_0047_0041_0041.jpg 1 48 47 41 41
0362_0009_0055_0034_0034.jpg 1 9 55 34 34
0363_0027_0031_0057_0057.jpg 1 27 31 57 57
0364_0018_0031_0039_0039.jpg 1 18 31 39 39
0365_0007_0011_0068_0068.jpg 1 7 11 68 68
0366_0045_0007_0042_0042.jpg 1 45 7 42 42
0367_0022_0039_0055_0055.jpg 1 22 39 55 55
0368_0028_0058_0030_0030.jpg 1 28 58 30 30
0369_0010_0025_0068_0068.jpg 1 10 25 68 68
0370_0028_0029_0062_0062.jpg 1 28 29 62 62
0371_0029_0040_0030_0030.jpg 1 29 40 30 30
0372_0019_0011_0061_0061.jpg 1 19 11 61 61
0373_0035_0035_0056_0056.jpg 1 35 35 56 56
0374_0020_0028_0066_0066.jpg 1 20 28 66 66
0375_0024_0007_0060_0060.jpg 1 24 7 60 60
0376_0019_0007_0048_0048.jpg 1 19 7 48 48
0377_0040_0025_0034_0034.jpg 1 40 25 34 34
0378_0024_0047_0030_0030.jpg 1 24 47 30 30
0379_0008_0006_0060_0060.jpg 1 8 6 60 60
0380_0045_0057_0029_0029.jpg 1 45 57 29 29
0381_0014_0040_0034_0034.jpg 1 14 40 34 34
0382_0058_0055_0028_0028.jpg 1 58 55 28 28
0383_0008_0008_0057_0057.jpg 1 8 8 57 57
0384_0015_0028_0042_0042.jpg 1 15 28 42 42
0385_0011_0047_0034_0034.jpg 1 11 47 34 34
0386_0014_0029_0046_0046.jpg 1 14 29 46 46
0387_0025_0021_0064_0064.jpg 1 25 21 64 64
0388_0024_0027_0051_0051.jpg 1 24 27 51 51
0389_0025_0005_0068_0068.jpg 1 25 5 68 68
0390_0021_0034_0061_0061.jpg 1 21 34 61 61
0391_0010_0022_0025_0025.jpg 1 10 22 25 25
0392_0017_0033_0052_0052.jpg 1 17 33 52 52
0393_0028_0021_0047_0047.jpg 1 28 21 47 47
0394_0035_0032_0058_0058.jpg 1 35 32 58 58
0395_0036_0030_0041_0041.jpg 1 36 30 41 41
0396_0038_0018_0048_0048.jpg 1 38 18 48 48
0397_0029_0024_0058_0058.jpg 1 29 24 58 58
0398_0026_0024_0058_0058.jpg 1 26 24 58 58
0399_0043_0053_0026_0026.jpg 1 43 53 26 26
0400_0053_0030_0038_0038.jpg 1 53 30 38 38
0401_0034_0009_0059_0059.jpg 1 34 9 59 59
0402_0046_0055_0035_0035.jpg 1 46 55 35 35
0403_0006_0009_0058_0058.jpg 1 6 9 58 58
0404_0038_0013_0052_0052.jpg 1 38 13 52 52
0405_0013_0018_0055_0055.jpg 1 13 18 55 55
0406_0035_0032_0048_0048.jpg 1 35 32 48 48
0407_0045_0016_0033_0033.jpg 1 45 16 33 33
0408_0030_0045_0047_0047.jpg 1 30 45 47 47
0409_0020_0005_0062_0062.jpg 1 20 5 62 62
0410_0023_0012_0060_0060.jpg 1 23 12 60 60
0411_0034_0034_0040_0040.jpg 1 34 34 40 40
0412_0007_0012_0055_0055.jpg 1 7 12 55 55
0413_0049_0012_0042_0042.jpg 1 49 12 42 42
0414_0025_0008_0040_0040.jpg 1 25 8 40 40
0415_0003_0010_0068_0068.jpg 1 3 10 68 68
0416_0015_0012_0050_0050.jpg 1 15 12 50 50
0417_0053_0036_0039_0039.jpg 1 53 36 39 39
0418_0016_0010_0063_0063.jpg 1 16 10 63 63
0419_0011_0048_0041_0041.jpg 1 11 48 41 41
0420_0016_0006_0039_0039.jpg 1 16 6 39 39
0421_0054_0033_0024_0024.jpg 1 54 33 24 24
0422_0018_0006_0062_0062.jpg 1 18 6 62 62
0423_0043_0034_0048_0048.jpg 1 43 34 48 48
0424_0055_0055_0033_0033.jpg 1 55 55 33 33
0425_0049_0014_0026_0026.jpg 1 49 14 26 26
0426_0032_0024_0057_0057.jpg 1 32 24 57 57
0427_0008_0053_0028_0028.jpg 1 8 53 28 28
0428_0024_0008_0036_0036.jpg 1 24 8 36 36
0429_0007_0018_0043_0043.jpg 1 7 18 43 43
0430_0036_0008_0040_0040.jpg 1 36 8 40 40
0431_0014_0007_0056_0056.jpg 1 14 7 56 56
0432_0046_0040_0031_0031.jpg 1 46 40 31 31
0433_0040_0049_0041_0041.jpg 1 40 49 41 41
0434_0005_0027_0068_0068.jpg 1 5 27 68 68
0435_0006_0028_0057_0057.jpg 1 6 28 57 57
0436_0033_0023_0035_0035.jpg 1 33 23 35 35
0437_0024_0011_0055_0055.jpg 1 24 11 55 55
0438_0031_0062_0024_0024.jpg 1 31 62 24 24
0439_0009_0017_0055_0055.jpg 1 9 17 55 55
0440_0036_0017_0053_0053.jpg 1 36 17 53 53
0441_0039_0039_0052_0052.jpg 1 39 39 52 52
0442_0030_0019_0043_0043.jpg 1 30 19 43 43
0443_0028_0011_0035_0035.jpg 1 28 11 35 35
0444_0036_0036_0037_0037.jpg 1 36 36 37 37
0445_0025_0018_0066_0066.jpg 1 25 18 66 66
0446_0039_0023_0045_0045.jpg 1 39 23 45 45
0447_0021_0010_0065_0065.jpg 1 21 10 65 65
0448_0037_0036_0052_0052.jpg 1 37 36 52 52
0449_0031_0041_0038_0038.jpg 1 31 41 38 38
0450_0027_0010_0056_0056.jpg 1 27 10 56 56
0451_0028_0022_0064_0064.jpg 1 28 22 64 64
0452_0064_0029_0027_0027.jpg 1 64 29 27 27
0453_0013_0008_0027_0027.jpg 1 13 8 27 27
0454_0013_0007_0041_0041.jpg 1 13 7 41 41
0455_0034_0031_0051_0051.jpg 1 34 31 51 51
0456_0049_0012_0033_0033.jpg 1 49 12 33 33
0457_0032_0035_0043_0043.jpg 1 32 35 43 43
0458_0027_0009_0027_0027.jpg 1 27 9 27 27
0459_0017_0009_0068_0068.jpg 1 17 9 68 68
0460_0027_0052_0033_0033.jpg 1 27 52 33 33
0461_0050_0054_0029_0029.jpg 1 50 54 29 29
0462_0023_0031_0063_0063.jpg 1 23 31 63 63
0463_0045_0042_0039_0039.jpg 1 45 42 39 39
0464_0014_0022_0060_0060.jpg 1 14 22 60 60
0465_0041_0027_0050_0050.jpg 1 41 27 50 50
0466_0038_0015_0050_0050.jpg 1 38 15 50 50
0467_0020_0011_0026_0026.jpg 1 20 11 26 26
0468_0016_0007_0043_0043.jpg 1 16 7 43 43
0469_0008_0030_0039_0039.jpg 1 8 30 39 39
0470_0023_0034_0027_0027.jpg 1 23 34 27 27
0471_0019_0025_0049_0049.jpg 1 19 25 49 49
0472_0026_0043_0031_0031.jpg 1 26 43 31 31
0473_0040_0054_0039_0039.jpg 1 40 54 39 39
0474_0041_0021_0050_0050.jpg 1 41 21 50 50
0475_0047_0018_0031_0031.jpg 1 47 18 31 31
0476_0057_0037_0033_0033.jpg 1 57 37 33 33
0477_0008_0009_0062_0062.jpg 1 8 9 62 62
0478_0015_0005_0060_0060.jpg 1 15 5 60 60
0479_0016_0019_0060_0060.jpg 1 16 19 60 60
0480_0044_0021_0036_0036.jpg 1 44 21 36 36
0481_0003_0014_0065_0065.jpg 1 3 14 65 65
0482_0028_0007_0038_0038.jpg 1 28 7 38 38
0483_0027_0041_0048_0048.jpg 1 27 41 48 48
0484_0034_0028_0051_0051.jpg 1 34 28 51 51
0485_0014_0059_0027_0027.jpg 1 14 59 27 27
0486_0057_0043_0032_0032.jpg 1 57 43 32 32
0487_0013_0007_0063_0063.jpg 1 13 7 63 63
0488_0017_0016_0028_0028.jpg 1 17 16 28 28
0489_0022_0003_0067_0067.jpg 1 22 3 67 67
0490_0009_0021_0066_0066.jpg 1 9 21 66 66
0491_0013_0035_0027_0027.jpg 1 13 35 27 27
0492_0024_0053_0037_0037.jpg 1 24 53 37 37
0493_0063_0019_0024_0024.jpg 1 63 19 24 24
0494_0021_0010_0024_0024.jpg 1 21 10 24 24
0495_0042_0039_0047_0047.jpg 1 42 39 47 47
0496_0012_0020_0058_0058.jpg 1 12 20 58 58
0497_0030_0049_0029_0029.jpg 1 30 49 29 29
0498_0024_0038_0053_0053.jpg 1 24 38 53 53
0499_0021_0031_0065_0065.jpg 1 21 31 65 65
0500_0021_0055_0038_0038.jpg 1 21 55 38 38
0501_0013_0036_0033_0033.jpg 1 13 36 33 33
0502_0022_0046_0025_0025.jpg 1 22 46 25 25
0503_0007_0022_0056_0056.jpg 1 7 22 56 56
0504_0030_0027_0054_0054.jpg 1 30 27 54 54
0505_0028_0008_0058_0058.jpg 1 28 8 58 58
0506_0006_0042_0046_0046.jpg 1 6 42 46 46
0507_0026_0007_0064_0064.jpg 1 26 7 64 64
0508_0035_0018_0055_0055.jpg 1 35 18 55 55
0509_0033_0041_0051_0051.jpg 1 33 41 51 51
0510_0046_0038_0039_0039.jpg 1 46 38 39 39
0511_0036_0033_0048_0048.jpg 1 36 33 48 48
0512_0038_0039_0050_0050.jpg 1 38 39 50 50
0513_0039_0019_0055_0055.jpg 1 39 19 55 55
0514_0039_0018_0056_0056.jpg 1 39 18 56 56
0515_0048_0029_0034_0034.jpg 1 48 29 34 34
0516_0035_0045_0045_0045.jpg 1 35 45 45 45
0517_0046_0045_0027_0027.jpg 1 46 45 27 27
0518_0041_0042_0041_0041.jpg 1 41 42 41 41
0519_0024_0007_0044_0044.jpg 1 24 7 44 44
0520_0029_0031_0036_0036.jpg 1 29 31 36 36
0521_0030_0012_0056_0056.jpg 1 30 12 56 56
0522_0037_0024_0047_0047.jpg 1 37 24 47 47
0523_0012_0016_0065_0065.jpg 1 12 16 65 65
0524_0008_0036_0047_0047.jpg 1 8 36 47 47
0525_0011_0020_0032_0032.jpg 1 11 20 32 32
0526_0027_0010_0069_0069.jpg 1 27 10 69 69
0527_0009_0029_0051_0051.jpg 1 9 29 51 51
0528_0024_0022_0048_0048.jpg 1 24 22 48 48
0529_0020_0033_0062_0062.jpg 1 20 33 62 62
0530_0034_0055_0035_0035.jpg 1 34 55 35 35
0531_0016_0007_0066_0066.jpg 1 16 7 66 66
0532_0023_0032_0056_0056.jpg 1 23 32 56 56
0533_0037_0014_0043_0043.jpg 1 37 14 43 43
0534_0061_0038_0028_0028.jpg 1 61 38 28 28
0535_0024_0026_0050_0050.jpg 1 24 26 50 50
0536_0022_0012_0064_0064.jpg 1 22 12 64 64
0537_0055_0045_0027_0027.jpg 1 55 45 27 27
0538_0038_0012_0057_0057.jpg 1 38 12 57 57
0539_0021_0035_0030_0030.jpg 1 21 35 30 30
0540_0012_0031_0059_0059.jpg 1 12 31 59 59
0541_0012_0008_0058_0058.jpg 1 12 8 58 58
0542_0010_0023_0047_0047.jpg 1 10 23 47 47
0543_0025_0028_0028_0028.jpg 1 25 28 28 28
0544_0008_0008_0067_0067.jpg 1 8 8 67 67
0545_0022_0008_0035_0035.jpg 1 22 8 35 35
0546_0020_0008_0069_0069.jpg 1 20 8 69 69
0547_0017_0018_0066_0066.jpg 1 17 18 66 66
0548_0032_0018_0048_0048.jpg 1 32 18 48 48
0549_0040_0038_0028_0028.jpg 1 40 38 28 28
0550_0040_0040_0024_0024.jpg 1 40 40 24 24
0551_0027_0040_0048_0048.jpg 1 27 40 48 48
0552_0008_0003_0069_0069.jpg 1 8 3 69 69
0553_0027_0021_0056_0056.jpg 1 27 21 56 56
0554_0020_0029_0060_0060.jpg 1 20 29 60 60
0555_0008_0042_0051_0051.jpg 1 8 42 51 51
0556_0035_0014_0053_0053.jpg 1 35 14 53 53
0557_0014_0050_0030_0030.jpg 1 14 50 30 30
0558_0046_0027_0024_0024.jpg 1 46 27 24 24
0559_0025_0033_0038_0038.jpg 1 25 33 38 38
0560_0020_0011_0067_0067.jpg 1 20 11 67 67
0561_0026_0013_0050_0050.jpg 1 26 13 50 50
0562_0012_0018_0065_0065.jpg 1 12 18 65 65
0563_0007_0009_0062_0062.jpg 1 7 9 62 62
0564_0030_0005_0063_0063.jpg 1 30 5 63 63
0565_0005_0038_0053_0053.jpg 1 5 38 53 53
0566_0025_0040_0032_0032.jpg 1 25 40 32 32
0567_0032_0049_0035_0035.jpg 1 32 49 35 35
0568_0017_0054_0031_0031.jpg 1 17 54 31 31
0569_0028_0008_0067_0067.jpg 1 28 8 67 67
0570_0013_0024_0029_0029.jpg 1 13 24 29 29
0571_0063_0030_0027_0027.jpg 1 63 30 27 27
0572_0029_0005_0052_0052.jpg 1 29 5 52 52
0573_0049_0026_0037_0037.jpg 1 49 26 37 37
0574_0048_0053_0029_0029.jpg 1 48 53 29 29
0575_0034_0009_0060_0060.jpg 1 34 9 60 60
0576_0029_0017_0058_0058.jpg 1 29 17 58 58
0577_0017_0025_0053_0053.jpg 1 17 25 53 53
0578_0014_0039_0050_0050.jpg 1 14 39 50 50
0579_0019_0051_0036_0036.jpg 1 19 51 36 36
0580_0026_0012_0067_0067.jpg 1 26 12 67 67
0581_0027_0037_0052_0052.jpg 1 27 37 52 52
0582_0033_0018_0058_0058.jpg 1 33 18 58 58
0583_0021_0012_0025_0025.jpg 1 21 12 25 25
0584_0034_0008_0056_0056.jpg 1 34 8 56 56
0585_0010_0032_0063_0063.jpg 1 10 32 63 63
0586_0018_0015_0047_0047.jpg 1 18 15 47 47
0587_0022_0028_0061_0061.jpg 1 22 28 61 61
0588_0018_0015_0043_0043.jpg 1 18 15 43 43
0589_0023_0039_0044_0044.jpg 1 23 39 44 44
0590_0053_0044_0027_0027.jpg 1 53 44 27 27
0591_0031_0037_0053_0053.jpg 1 31 37 53 53
0592_0036_0037_0035_0035.jpg 1 36 37 35 35
0593_0022_0030_0065_0065.jpg 1 22 30 65 65
0594_0022_0022_0061_0061.jpg 1 22 22 61 61
0595_0033_0056_0028_0028.jpg 1 33 56 28 28
0596_0006_0008_0047_0047.jpg 1 6 8 47 47
0597_0018_0037_0052_0052.jpg 1 18 37 52 52
0598_0027_0017_0040_0040.jpg 1 27 17 40 40
0599_0006_0029_0064_0064.jpg 1 6 29 64 64
0600_0024_0030_0059_0059.jpg 1 24 30 59 59
0601_0049_0009_0043_0043.jpg 1 49 9 43 43
0602_0033_0028_0036_0036.jpg 1 33 28 36 36
0603_0026_0063_0028_0028.jpg 1 26 63 28 28
0604_0027_0019_0068_0068.jpg 1 27 19 68 68
0605_0020_0023_0038_0038.jpg 1 20 23 38 38
0606_0009_0045_0030_0030.jpg 1 9 45 30 30
0607_0024_0022_0035_0035.jpg 1 24 22 35 35
0608_0029_0017_0055_0055.jpg 1 29 17 55 55
0609_0036_0028_0037_0037.jpg 1 36 28 37 37
0610_0015_0008_0062_0062.jpg 1 15 8 62 62
0611_0015_0011_0068_0068.jpg 1 15 11 68 68
0612_0048_0022_0032_0032.jpg 1 48 22 32 32
0613_0048_0016_0043_0043.jpg 1 48 16 43 43
0614_0004_0006_0063_0063.jpg 1 4 6 63 63
0615_0016_0020_0024_0024.jpg 1 16 20 24 24
0616_0014_0005_0067_0067.jpg 1 14 5 67 67
0617_0021_0031_0055_0055.jpg 1 21 31 55 55
0618_0011_0041_0042_0042.jpg 1 11 41 42 42
0619_0026_0025_0039_0039.jpg 1 26 25 39 39
0620_0020_0043_0039_0039.jpg 1 20 43 39 39
0621_0010_0022_0028_0028.jpg 1 10 22 28 28
0622_0040_0035_0038_0038.jpg 1 40 35 38 38
0623_0011_0059_0033_0033.jpg 1 11 59 33 33
0624_0004_0028_0063_0063.jpg 1 4 28 63 63
0625_0040_0014_0050_0050.jpg 1 40 14 50 50
0626_0032_0040_0054_0054.jpg 1 32 40 54 54
0627_0030_0008_0064_0064.jpg 1 30 8 64 64
0628_0039_0013_0043_0043.jpg 1 39 13 43 43
0629_0008_0034_0055_0055.jpg 1 8 34 55 55
0630_0033_0039_0052_0052.jpg 1 33 39 52 52
0631_0030_0033_0050_0050.jpg 1 30 33 50 50
0632_0035_0039_0041_0041.jpg 1 35 39 41 41
0633_0032_0011_0045_0045.jpg 1 32 11 45 45
0634_0018_0026_0052_0052.jpg 1 18 26 52 52
0635_0032_0024_0048_0048.jpg 1 32 24 48 48
0636_0003_0022_0066_0066.jpg 1 3 22 66 66
0637_0012_0021_0065_0065.jpg 1 12 21 65 65
0638_0035_0021_0054_0054.jpg 1 35 21 54 54
0639_0049_0009_0025_0025.jpg 1 49 9 25 25
0640_0026_0008_0069_0069.jpg 1 26 8 69 69
0641_0046_0054_0039_0039.jpg 1 46 54 39 39
0642_0045_0026_0048_0048.jpg 1 45 26 48 48
0643_0004_0006_0067_0067.jpg 1 4 6 67 67
0644_0052_0015_0036_0036.jpg 1 52 15 36 36
0645_0032_0011_0046_0046.jpg 1 32 11 46 46
0646_0011_0006_0062_0062.jpg 1 11 6 62 62
0647_0014_0027_0055_0055.jpg 1 14 27 55 55
0648_0061_0017_0031_0031.jpg 1 61 17 31 31
0649_0015_0016_0050_0050.jpg 1 15 16 50 50
0650_0055_0011_0032_0032.jpg 1 55 11 32 32
0651_0020_0024_0052_0052.jpg 1 20 24 52 52
0652_0040_0040_0031_0031.jpg 1 40 40 31 31
0653_0017_0038_0036_0036.jpg 1 17 38 36 36
0654_0031_0013_0057_0057.jpg 1 31 13 57 57
0655_0005_0030_0055_0055.jpg 1 5 30 55 55
0656_0036_0025_0056_0056.jpg 1 36 25 56 56
0657_0012_0030_0053_0053.jpg 1 12 30 53 53
0658_0031_0041_0042_0042.jpg 1 31 41 42 42
0659_0029_0011_0049_0049.jpg 1 29 11 49 49
0660_0043_0064_0024_0024.jpg 1 43 64 24 24
0661_0036_0008_0056_0056.jpg 1 36 8 56 56
0662_0017_0026_0052_0052.jpg 1 17 26 52 52
0663_0035_0037_0041_0041.jpg 1 35 37 41 41
0664_0005_0028_0050_0050.jpg 1 5 28 50 50
0665_0032_0033_0055_0055.jpg 1 32 33 55 55
0666_0012_0012_0059_0059.jpg 1 12 12 59 59
0667_0018_0029_0062_0062.jpg 1 18 29 62 62
0668_0025_0026_0051_0051.jpg 1 25 26 51 51
0669_0008_0053_0033_0033.jpg 1 8 53 33 33
0670_0027_0006_0060_0060.jpg 1 27 6 60 60
0671_0049_0050_0028_0028.jpg 1 49 50 28 28
0672_0012_0007_0069_0069.jpg 1 12 7 69 69
0673_0007_0023_0069_0069.jpg 1 7 23 69 69
0674_0018_0032_0046_0046.jpg 1 18 32 46 46
0675_0003_0017_0069_0069.jpg 1 3 17 69 69
0676_0022_0031_0039_0039.jpg 1 22 31 39 39
0677_0028_0033_0046_0046.jpg 1 28 33 46 46
0678_0050_0046_0034_0034.jpg 1 50 46 34 34
0679_0009_0014_0067_0067.jpg 1 9 14 67 67
0680_0022_0015_0057_0057.jpg 1 22 15 57 57
0681_0012_0009_0068_0068.jpg 1 12 9 68 68
0682_0012_0033_0044_0044.jpg 1 12 33 44 44
0683_0056_0060_0026_0026.jpg 1 56 60 26 26
0684_0022_0034_0024_0024.jpg 1 22 34 24 24
0685_0010_0052_0036_0036.jpg 1 10 52 36 36
0686_0016_0004_0062_0062.jpg 1 16 4 62 62
0687_0010_0027_0045_0045.jpg 1 10 27 45 45
0688_0043_0030_0028_0028.jpg 1 43 30 28 28
0689_0021_0040_0024_0024.jpg 1 21 40 24 24
0690_0023_0008_0064_0064.jpg 1 23 8 64 64
0691_0027_0051_0031_0031.jpg 1 27 51 31 31
0692_0005_0028_0058_0058.jpg 1 5 28 58 58
0693_0048_0030_0034_0034.jpg 1 48 30 34 34
0694_0053_0025_0030_0030.jpg 1 53 25 30 30
0695_0021_0021_0039_0039.jpg 1 21 21 39 39
0696_0037_0046_0029_0029.jpg 1 37 46 29 29
0697_0017_0027_0050_0050.jpg 1 17 27 50 50
0698_0011_0021_0056_0056.jpg 1 11 21 56 56
0699_0043_0033_0030_0030.jpg 1 43 33 30 30
0700_0004_0018_0068_0068.jpg 1 4 18 68 68
0701_0034_0037_0028_0028.jpg 1 34 37 28 28
0702_0042_0022_0035_0035.jpg 1 42 22 35 35
0703_0056_0018_0033_0033.jpg 1 56 18 33 33
0704_0025_0013_0059_0059.jpg 1 25 13 59 59
0705_0034_0043_0050_0050.jpg 1 34 43 50 50
0706_0030_0008_0060_0060.jpg 1 30 8 60 60
0707_0030_0016_0038_0038.jpg 1 30 16 38 38
0708_0050_0034_0024_0024.jpg 1 50 34 24 24
0709_0014_0015_0036_0036.jpg 1 14 15 36 36
0710_0038_0037_0057_0057.jpg 1 38 37 57 57
0711_0025_0014_0069_0069.jpg 1 25 14 69 69
0712_0026_0023_0051_0051.jpg 1 26 23 51 51
0713_0028_0034_0059_0059.jpg 1 28 34 59 59
0714_0059_0016_0033_0033.jpg 1 59 16 33 33
0715_0008_0023_0052_0052.jpg 1 8 23 52 52
0716_0010_0025_0051_0051.jpg 1 10 25 51 51
0717_0054_0020_0025_0025.jpg 1 54 20 25 25
0718_0020_0013_0061_0061.jpg 1 20 13 61 61
0719_0022_0013_0056_0056.jpg 1 22 13 56 56
0720_0010_0013_0053_0053.jpg 1 10 13 53 53
0721_0054_0032_0033_0033.jpg 1 54 32 33 33
0722_0025_0034_0037_0037.jpg 1 25 34 37 37
0723_0035_0021_0056_0056.jpg 1 35 21 56 56
0724_0039_0041_0045_0045.jpg 1 39 41 45 45
0725_0039_0033_0052_0052.jpg 1 39 33 52 52
0726_0003_0026_0069_0069.jpg 1 3 26 69 69
0727_0019_0032_0047_0047.jpg 1 19 32 47 47
0728_0006_0026_0069_0069.jpg 1 6 26 69 69
0729_0027_0013_0027_0027.jpg 1 27 13 27 27
0730_0022_0020_0030_0030.jpg 1 22 20 30 30
0731_0014_0007_0054_0054.jpg 1 14 7 54 54
0732_0018_0004_0060_0060.jpg 1 18 4 60 60
0733_0024_0067_0024_0024.jpg 1 24 67 24 24
0734_0027_0014_0057_0057.jpg 1 27 14 57 57
0735_0016_0010_0058_0058.jpg 1 16 10 58 58
0736_0021_0009_0050_0050.jpg 1 21 9 50 50
0737_0014_0013_0051_0051.jpg 1 14 13 51 51
0738_0046_0043_0044_0044.jpg 1 46 43 44 44
0739_0009_0027_0042_0042.jpg 1 9 27 42 42
0740_0021_0032_0052_0052.jpg 1 21 32 52 52
0741_0007_0014_0067_0067.jpg 1 7 14 67 67
0742_0004_0032_0061_0061.jpg 1 4 32 61 61
0743_0032_0029_0040_0040.jpg 1 32 29 40 40
0744_0023_0024_0068_0068.jpg 1 23 24 68 68
0745_0011_0037_0058_0058.jpg 1 11 37 58 58
0746_0029_0008_0037_0037.jpg 1 29 8 37 37
0747_0038_0019_0052_0052.jpg 1 38 19 52 52
0748_0006_0007_0046_0046.jpg 1 6 7 46 46
0749_0061_0013_0025_0025.jpg 1 61 13 25 25
0750_0027_0030_0062_0062.jpg 1 27 30 62 62
0751_0024_0025_0063_0063.jpg 1 24 25 63 63
0752_0019_0014_0066_0066.jpg 1 19 14 66 66
0753_0019_0010_0067_0067.jpg 1 19 10 67 67
0754_0010_0021_0063_0063.jpg 1 10 21 63 63
0755_0048_0030_0024_0024.jpg 1 48 30 24 24
0756_0030_0008_0055_0055.jpg 1 30 8 55 55
0757_0007_0032_0046_0046.jpg 1 7 32 46 46
0758_0049_0015_0027_0027.jpg 1 49 15 27 27
0759_0034_0013_0033_0033.jpg 1 34 13 33 33
0760_0013_0028_0054_0054.jpg 1 13 28 54 54
0761_0024_0037_0053_0053.jpg 1 24 37 53 53
0762_0015_0045_0026_0026.jpg 1 15 45 26 26
0763_0025_0034_0061_0061.jpg 1 25 34 61 61
0764_0007_0026_0063_0063.jpg 1 7 26 63 63
0765_0061_0009_0031_0031.jpg 1 61 9 31 31
0766_0025_0043_0049_0049.jpg 1 25 43 49 49
0767_0016_0026_0058_0058.jpg 1 16 26 58 58
0768_0015_0005_0060_0060.jpg 1 15 5 60 60
0769_0009_0005_0054_0054.jpg 1 9 5 54 54
0770_0019_0022_0061_0061.jpg 1 19 22 61 61
0771_0019_0027_0066_0066.jpg 1 19 27 66 66
0772_0045_0006_0037_0037.jpg 1 45 6 37 37
0773_0032_0008_0049_0049.jpg 1 32 8 49 49
0774_0027_0030_0064_0064.jpg 1 27 30 64 64
0775_0018_0019_0027_0027.jpg 1 18 19 27 27
0776_0005_0008_0069_0069.jpg 1 5 8 69 69
0777_0010_0014_0069_0069.jpg 1 10 14 69 69
0778_0021_0017_0029_0029.jpg 1 21 17 29 29
0779_0010_0019_0069_0069.jpg 1 10 19 69 69
0780_0060_0048_0027_0027.jpg 1 60 48 27 27
0781_0031_0017_0061_0061.jpg 1 31 17 61 61
0782_0050_0038_0031_0031.jpg 1 50 38 31 31
0783_0011_0023_0067_0067.jpg 1 11 23 67 67
0784_0048_0051_0034_0034.jpg 1 48 51 34 34
0785_0014_0054_0037_0037.jpg 1 14 54 37 37
0786_0027_0026_0044_0044.jpg 1 27 26 44 44
0787_0035_0019_0030_0030.jpg 1 35 19 30 30
0788_0047_0047_0041_0041.jpg 1 47 47 41 41
0789_0041_0017_0052_0052.jpg 1 41 17 52 52
0790_0040_0030_0040_0040.jpg 1 40 30 40 40
0791_0028_0014_0043_0043.jpg 1 28 14 43 43
0792_0059_0031_0030_0030.jpg 1 59 31 30 30
0793_0024_0015_0056_0056.jpg 1 24 15 56 56
0794_0009_0026_0069_0069.jpg 1 9 26 69 69
0795_0023_0033_0046_0046.jpg 1 23 33 46 46
0796_0010_0006_0068_0068.jpg 1 10 6 68 68
0797_0008_0010_0059_0059.jpg 1 8 10 59 59
0798_0024_0020_0046_0046.jpg 1 24 20 46 46
0799_0007_0013_0056_0056.jpg 1 7 13 56 56
0800_0014_0018_0069_0069.jpg 1 14 18 69 69
0801_0026_0019_0043_0043.jpg 1 26 19 43 43
0802_0007_0009_0054_0054.jpg 1 7 9 54 54
0803_0035_0028_0032_0032.jpg 1 35 28 32 32
0804_0023_0009_0063_0063.jpg 1 23 9 63 63
0805_0046_0029_0040_0040.jpg 1 46 29 40 40
0806_0031_0025_0055_0055.jpg 1 31 25 55 55
0807_0047_0064_0026_0026.jpg 1 47 64 26 26
0808_0021_0045_0028_0028.jpg 1 21 45 28 28
0809_0044_0053_0040_0040.jpg 1 44 53 40 40
0810_0018_0026_0062_0062.jpg 1 18 26 62 62
0811_0005_0019_0051_0051.jpg 1 5 19 51 51
0812_0012_0023_0033_0033.jpg 1 12 23 33 33
0813_0020_0035_0047_0047.jpg 1 20 35 47 47
0814_0027_0042_0049_0049.jpg 1 27 42 49 49
0815_0018_0029_0026_0026.jpg 1 18 29 26 26
0816_0049_0010_0034_0034.jpg 1 49 10 34 34
0817_0033_0014_0054_0054.jpg 1 33 14 54 54
0818_0015_0064_0028_0028.jpg 1 15 64 28 28
0819_0015_0012_0063_0063.jpg 1 15 12 63 63
0820_0028_0049_0029_0029.jpg 1 28 49 29 29
0821_0035_0009_0048_0048.jpg 1 35 9 48 48
0822_0025_0026_0068_0068.jpg 1 25 26 68 68
0823_0037_0045_0029_0029.jpg 1 37 45 29 29
0824_0024_0033_0027_0027.jpg 1 24 33 27 27
0825_0029_0033_0024_0024.jpg 1 29 33 24 24
0826_0036_0011_0052_0052.jpg 1 36 11 52 52
0827_0033_0010_0038_0038.jpg 1 33 10 38 38
0828_0007_0015_0068_0068.jpg 1 7 15 68 68
0829_0045_0034_0035_0035.jpg 1 45 34 35 35
0830_0031_0016_0046_0046.jpg 1 31 16 46 46
0831_0008_0034_0048_0048.jpg 1 8 34 48 48
0832_0033_0013_0049_0049.jpg 1 33 13 49 49
0833_0011_0021_0036_0036.jpg 1 11 21 36 36
0834_0019_0022_0069_0069.jpg 1 19 22 69 69
0835_0007_0046_0037_0037.jpg 1 7 46 37 37
0836_0022_0017_0037_0037.jpg 1 22 17 37 37
0837_0032_0058_0030_0030.jpg 1 32 58 30 30
0838_0019_0027_0059_0059.jpg 1 19 27 59 59
0839_0052_0059_0027_0027.jpg 1 52 59 27 27
0840_0046_0012_0045_0045.jpg 1 46 12 45 45
0841_0054_0027_0028_0028.jpg 1 54 27 28 28
0842_0006_0028_0044_0044.jpg 1 6 28 44 44
0843_0005_0018_0055_0055.jpg 1 5 18 55 55
0844_0023_0036_0038_0038.jpg 1 23 36 38 38
0845_0018_0007_0068_0068.jpg 1 18 7 68 68
0846_0042_0026_0042_0042.jpg 1 42 26 42 42
0847_0029_0029_0049_0049.jpg 1 29 29 49 49
0848_0011_0026_0029_0029.jpg 1 11 26 29 29
0849_0031_0040_0050_0050.jpg 1 31 40 50 50
0850_0026_0028_0061_0061.jpg 1 26 28 61 61
0851_0026_0037_0051_0051.jpg 1 26 37 51 51
0852_0026_0043_0047_0047.jpg 1 26 43 47 47
0853_0045_0040_0047_0047.jpg 1 45 40 47 47
0854_0021_0014_0041_0041.jpg 1 21 14 41 41
0855_0042_0008_0048_0048.jpg 1 42 8 48 48
0856_0029_0038_0048_0048.jpg 1 29 38 48 48
0857_0029_0031_0051_0051.jpg 1 29 31 51 51
0858_0017_0025_0054_0054.jpg 1 17 25 54 54
0859_0033_0041_0048_0048.jpg 1 33 41 48 48
0860_0039_0042_0044_0044.jpg 1 39 42 44 44
0861_0031_0012_0028_0028.jpg 1 31 12 28 28
0862_0013_0009_0029_0029.jpg 1 13 9 29 29
0863_0019_0017_0043_0043.jpg 1 19 17 43 43
0864_0009_0021_0063_0063.jpg 1 9 21 63 63
0865_0053_0051_0027_0027.jpg 1 53 51 27 27
0866_0012_0038_0049_0049.jpg 1 12 38 49 49
0867_0023_0051_0036_0036.jpg 1 23 51 36 36
0868_0014_0035_0053_0053.jpg 1 14 35 53 53
0869_0054_0036_0037_0037.jpg 1 54 36 37 37
0870_0010_0015_0044_0044.jpg 1 10 15 44 44
0871_0056_0020_0029_0029.jpg 1 56 20 29 29
0872_0053_0032_0034_0034.jpg 1 53 32 34 34
0873_0036_0057_0026_0026.jpg 1 36 57 26 26
0874_0014_0014_0043_0043.jpg 1 14 14 43 43
0875_0028_0029_0025_0025.jpg 1 28 29 25 25
0876_0026_0045_0040_0040.jpg 1 26 45 40 40
0877_0015_0024_0054_0054.jpg 1 15 24 54 54
0878_0006_0020_0037_0037.jpg 1 6 20 37 37
0879_0045_0020_0037_0037.jpg 1 45 20 37 37
0880_0012_0034_0056_0056.jpg 1 12 34 56 56
0881_0007_0011_0037_0037.jpg 1 7 11 37 37
0882_0026_0045_0044_0044.jpg 1 26 45 44 44
0883_0051_0011_0032_0032.jpg 1 51 11 32 32
0884_0029_0030_0055_0055.jpg 1 29 30 55 55
0885_0038_0033_0049_0049.jpg 1 38 33 49 49
0886_0040_0008_0040_0040.jpg 1 40 8 40 40
0887_0023_0030_0039_0039.jpg 1 23 30 39 39
0888_0016_0041_0026_0026.jpg 1 16 41 26 26
0889_0029_0062_0025_0025.jpg 1 29 62 25 25
0890_0051_0039_0031_0031.jpg 1 51 39 31 31
0891_0028_0021_0039_0039.jpg 1 28 21 39 39
0892_0047_0019_0030_0030.jpg 1 47 19 30 30
0893_0022_0017_0036_0036.jpg 1 22 17 36 36
0894_0012_0013_0027_0027.jpg 1 12 13 27 27
0895_0005_0004_0060_0060.jpg 1 5 4 60 60
0896_0039_0029_0043_0043.jpg 1 39 29 43 43
0897_0037_0039_0052_0052.jpg 1 37 39 52 52
0898_0007_0006_0048_0048.jpg 1 7 6 48 48
0899_0008_0034_0058_0058.jpg 1 8 34 58 58
0900_0035_0008_0050_0050.jpg 1 35 8 50 50
0901_0033_0058_0034_0034.jpg 1 33 58 34 34
0902_0028_0046_0039_0039.jpg 1 28 46 39 39
0903_0037_0045_0049_0049.jpg 1 37 45 49 49
0904_0007_0015_0054_0054.jpg 1 7 15 54 54
0905_0007_0029_0040_0040.jpg 1 7 29 40 40
0906_0021_0027_0067_0067.jpg 1 21 27 67 67
0907_0011_0029_0059_0059.jpg 1 11 29 59 59
0908_0008_0024_0069_0069.jpg 1 8 24 69 69
0909_0031_0010_0050_0050.jpg 1 31 10 50 50
0910_0030_0013_0060_0060.jpg 1 30 13 60 60
0911_0025_0013_0068_0068.jpg 1 25 13 68 68
0912_0035_0043_0038_0038.jpg 1 35 43 38 38
0913_0014_0034_0038_0038.jpg 1 14 34 38 38
0914_0029_0042_0049_0049.jpg 1 29 42 49 49
0915_0019_0018_0038_0038.jpg 1 19 18 38 38
0916_0028_0013_0061_0061.jpg 1 28 13 61 61
0917_0032_0049_0040_0040.jpg 1 32 49 40 40
0918_0024_0005_0065_0065.jpg 1 24 5 65 65
0919_0016_0022_0069_0069.jpg 1 16 22 69 69
0920_0005_0027_0067_0067.jpg 1 5 27 67 67
0921_0010_0004_0065_0065.jpg 1 10 4 65 65
0922_0055_0007_0038_0038.jpg 1 55 7 38 38
0923_0041_0030_0046_0046.jpg 1 41 30 46 46
0924_0013_0031_0060_0060.jpg 1 13 31 60 60
0925_0011_0007_0064_0064.jpg 1 11 7 64 64
0926_0027_0041_0052_0052.jpg 1 27 41 52 52
0927_0019_0035_0045_0045.jpg 1 19 35 45 45
0928_0032_0025_0062_0062.jpg 1 32 25 62 62
0929_0011_0029_0063_0063.jpg 1 11 29 63 63
0930_0021_0035_0035_0035.jpg 1 21 35 35 35
0931_0014_0027_0030_0030.jpg 1 14 27 30 30
0932_0033_0016_0059_0059.jpg 1 33 16 59 59
0933_0026_0012_0052_0052.jpg 1 26 12 52 52
0934_0022_0030_0060_0060.jpg 1 22 30 60 60
0935_0020_0048_0036_0036.jpg 1 20 48 36 36
0936_0019_0020_0033_0033.jpg 1 19 20 33 33
0937_0027_0012_0054_0054.jpg 1 27 12 54 54
0938_0015_0045_0030_0030.jpg 1 15 45 30 30
0939_0008_0025_0027_0027.jpg 1 8 25 27 27
0940_0050_0047_0040_0040.jpg 1 50 47 40 40
0941_0039_0009_0051_0051.jpg 1 39 9 51 51
0942_0041_0033_0047_0047.jpg 1 41 33 47 47
0943_0060_0053_0026_0026.jpg 1 60 53 26 26
0944_0007_0036_0024_0024.jpg 1 7 36 24 24
0945_0020_0038_0053_0053.jpg 1 20 38 53 53
0946_0035_0013_0051_0051.jpg 1 35 13 51 51
0947_0047_0012_0035_0035.jpg 1 47 12 35 35
0948_0027_0046_0030_0030.jpg 1 27 46 30 30
0949_0033_0030_0042_0042.jpg 1 33 30 42 42
0950_0013_0016_0069_0069.jpg 1 13 16 69 69
0951_0048_0027_0038_0038.jpg 1 48 27 38 38
0952_0026_0020_0047_0047.jpg 1 26 20 47 47
0953_0018_0030_0035_0035.jpg 1 18 30 35 35
0954_0037_0027_0041_0041.jpg 1 37 27 41 41
0955_0029_0030_0056_0056.jpg 1 29 30 56 56
0956_0012_0045_0027_0027.jpg 1 12 45 27 27
0957_0030_0031_0060_0060.jpg 1 30 31 60 60
0958_0016_0049_0025_0025.jpg 1 16 49 25 25
0959_0037_0027_0057_0057.jpg 1 37 27 57 57
0960_0019_0006_0067_0067.jpg 1 19 6 67 67
0961_0022_0039_0031_0031.jpg 1 22 39 31 31
0962_0037_0021_0045_0045.jpg 1 37 21 45 45
0963_0026_0031_0055_0055.jpg 1 26 31 55 55
0964_0026_0032_0054_0054.jpg 1 26 32 54 54
0965_0024_0008_0046_0046.jpg 1 24 8 46 46
0966_0024_0013_0054_0054.jpg 1 24 13 54 54
0967_0010_0013_0033_0033.jpg 1 10 13 33 33
0968_0043_0029_0024_0024.jpg 1 43 29 24 24
0969_0034_0046_0026_0026.jpg 1 34 46 26 26
0970_0027_0007_0067_0067.jpg 1 27 7 67 67
0971_0036_0020_0048_0048.jpg 1 36 20 48 48
0972_0034_0035_0060_0060.jpg 1 34 35 60 60
0973_0046_0038_0039_0039.jpg 1 46 38 39 39
0974_0040_0056_0036_0036.jpg 1 40 56 36 36
0975_0029_0014_0056_0056.jpg 1 29 14 56 56
0976_0036_0023_0035_0035.jpg 1 36 23 35 35
0977_0017_0030_0048_0048.jpg 1 17 30 48 48
0978_0019_0011_0067_0067.jpg 1 19 11 67 67
0979_0052_0010_0037_0037.jpg 1 52 10 37 37
0980_0020_0010_0041_0041.jpg 1 20 10 41 41
0981_0003_0025_0069_0069.jpg 1 3 25 69 69
0982_0013_0004_0069_0069.jpg 1 13 4 69 69
0983_0030_0029_0042_0042.jpg 1 30 29 42 42
0984_0009_0034_0056_0056.jpg 1 9 34 56 56
0985_0031_0028_0063_0063.jpg 1 31 28 63 63
0986_0004_0018_0066_0066.jpg 1 4 18 66 66
0987_0016_0054_0033_0033.jpg 1 16 54 33 33
0988_0009_0025_0052_0052.jpg 1 9 25 52 52
0989_0020_0003_0064_0064.jpg 1 20 3 64 64
0990_0044_0023_0027_0027.jpg 1 44 23 27 27
0991_0018_0014_0068_0068.jpg 1 18 14 68 68
0992_0015_0037_0053_0053.jpg 1 15 37 53 53
0993_0045_0042_0043_0043.jpg 1 45 42 43 43
0994_0044_0019_0044_0044.jpg 1 44 19 44 44
0995_0016_0010_0066_0066.jpg 1 16 10 66 66
0996_0039_0005_0055_0055.jpg 1 39 5 55 55
0997_0008_0016_0066_0066.jpg 1 8 16 66 66
0998_0021_0038_0055_0055.jpg 1 21 38 55 55
0999_0019_0030_0062_0062.jpg 1 19 30 62 62
1000_0026_0022_0063_0063.jpg 1 26 22 63 63
1001_0029_0034_0060_0060.jpg 1 29 34 60 60
1002_0009_0011_0029_0029.jpg 1 9 11 29 29
1003_0039_0049_0027_0027.jpg 1 39 49 27 27
1004_0041_0005_0046_0046.jpg 1 41 5 46 46
1005_0025_0022_0065_0065.jpg 1 25 22 65 65
1006_0016_0017_0063_0063.jpg 1 16 17 63 63
1007_0039_0018_0048_0048.jpg 1 39 18 48 48
1008_0012_0041_0034_0034.jpg 1 12 41 34 34
1009_0017_0020_0044_0044.jpg 1 17 20 44 44
1010_0064_0055_0026_0026.jpg 1 64 55 26 26
1011_0017_0018_0058_0058.jpg 1 17 18 58 58
1012_0017_0041_0026_0026.jpg 1 17 41 26 26
1013_0030_0012_0028_0028.jpg 1 30 12 28 28
1014_0059_0047_0029_0029.jpg 1 59 47 29 29
1015_0019_0039_0045_0045.jpg 1 19 39 45 45
1016_0020_0033_0059_0059.jpg 1 20 33 59 59
1017_0019_0006_0058_0058.jpg 1 19 6 58 58
1018_0030_0044_0038_0038.jpg 1 30 44 38 38
1019_0032_0041_0039_0039.jpg 1 32 41 39 39
1020_0043_0039_0030_0030.jpg 1 43 39 30 30
1021_0028_0026_0066_0066.jpg 1 28 26 66 66
1022_0012_0033_0032_0032.jpg 1 12 33 32 32
1023_0019_0029_0037_0037.jpg 1 19 29 37 37
1024_0033_0031_0024_0024.jpg 1 33 31 24 24
1025_0019_0017_0063_0063.jpg 1 19 17 63 63
1026_0019_0015_0067_0067.jpg 1 19 15 67 67
1027_0036_0049_0043_0043.jpg 1 36 49 43 43
1028_0046_0020_0035_0035.jpg 1 46 20 35 35
1029_0014_0011_0040_0040.jpg 1 14 11 40 40
1030_0033_0017_0035_0035.jpg 1 33 17 35 35
1031_0010_0022_0063_0063.jpg 1 10 22 63 63
1032_0026_0026_0063_0063.jpg 1 26 26 63 63
1033_0035_0028_0060_0060.jpg 1 35 28 60 60
1034_0013_0009_0033_0033.jpg 1 13 9 33 33
1035_0028_0006_0062_0062.jpg 1 28 6 62 62
1036_0007_0025_0028_0028.jpg 1 7 25 28 28
1037_0038_0031_0051_0051.jpg 1 38 31 51 51
1038_0006_0024_0068_0068.jpg 1 6 24 68 68
1039_0033_0015_0053_0053.jpg 1 33 15 53 53
1040_0024_0023_0045_0045.jpg 1 24 23 45 45
1041_0033_0011_0035_0035.jpg 1 33 11 35 35
1042_0047_0030_0040_0040.jpg 1 47 30 40 40
1043_0021_0045_0044_0044.jpg 1 21 45 44 44
1044_0057_0013_0033_0033.jpg 1 57 13 33 33
1045_0021_0060_0029_0029.jpg 1 21 60 29 29
1046_0020_0007_0045_0045.jpg 1 20 7 45 45
1047_0027_0042_0044_0044.jpg 1 27 42 44 44
1048_0017_0028_0041_0041.jpg 1 17 28 41 41
1049_0010_0006_0062_0062.jpg 1 10 6 62 62
1050_0028_0042_0052_0052.jpg 1 28 42 52 52
1051_0019_0007_0063_0063.jpg 1 19 7 63 63
1052_0036_0009_0059_0059.jpg 1 36 9 59 59
1053_0032_0030_0061_0061.jpg 1 32 30 61 61
1054_0058_0058_0034_0034.jpg 1 58 58 34 34
1055_0054_0058_0029_0029.jpg 1 54 58 29 29
1056_0021_0015_0052_0052.jpg 1 21 15 52 52
1057_0061_0039_0028_0028.jpg 1 61 39 28 28
1058_0033_0016_0048_0048.jpg 1 33 16 48 48
1059_0031_0030_0065_0065.jpg 1 31 30 65 65
1060_0028_0022_0048_0048.jpg 1 28 22 48 48
1061_0035_0040_0046_0046.jpg 1 35 40 46 46
1062_0014_0041_0050_0050.jpg 1 14 41 50 50
1063_0034_0041_0026_0026.jpg 1 34 41 26 26
1064_0035_0008_0055_0055.jpg 1 35 8 55 55
1065_0006_0050_0039_0039.jpg 1 6 50 39 39
1066_0024_0043_0043_0043.jpg 1 24 43 43 43
1067_0021_0012_0064_0064.jpg 1 21 12 64 64
1068_0015_0006_0058_0058.jpg 1 15 6 58 58
1069_0012_0008_0027_0027.jpg 1 12 8 27 27
1070_0020_0033_0051_0051.jpg 1 20 33 51 51
1071_0054_0051_0035_0035.jpg 1 54 51 35 35
1072_0007_0021_0053_0053.jpg 1 7 21 53 53
1073_0012_0026_0067_0067.jpg 1 12 26 67 67
1074_0039_0037_0031_0031.jpg 1 39 37 31 31
1075_0050_0062_0024_0024.jpg 1 50 62 24 24
1076_0017_0016_0069_0069.jpg 1 17 16 69 69
1077_0029_0051_0038_0038.jpg 1 29 51 38 38
1078_0015_0015_0059_0059.jpg 1 15 15 59 59
1079_0028_0041_0053_0053.jpg 1 28 41 53 53
1080_0015_0034_0035_0035.jpg 1 15 34 35 35
1081_0036_0038_0056_0056.jpg 1 36 38 56 56
1082_0021_0032_0053_0053.jpg 1 21 32 53 53
1083_0020_0011_0027_0027.jpg 1 20 11 27 27
1084_0013_0014_0065_0065.jpg 1 13 14 65 65
1085_0033_0012_0036_0036.jpg 1 33 12 36 36
1086_0032_0047_0046_0046.jpg 1 32 47 46 46
1087_0015_0027_0067_0067.jpg 1 15 27 67 67
1088_0013_0008_0052_0052.jpg 1 13 8 52 52
1089_0019_0018_0043_0043.jpg 1 19 18 43 43
1090_0015_0027_0036_0036.jpg 1 15 27 36 36
1091_0014_0019_0068_0068.jpg 1 14 19 68 68
1092_0009_0024_0048_0048.jpg 1 9 24 48 48
1093_0013_0008_0049_0049.jpg 1 13 8 49 49
1094_0018_0011_0050_0050.jpg 1 18 11 50 50
1095_0021_0025_0066_0066.jpg 1 21 25 66 66
1096_0045_0030_0046_0046.jpg 1 45 30 46 46
1097_0030_0035_0047_0047.jpg 1 30 35 47 47
1098_0016_0024_0039_0039.jpg 1 16 24 39 39
1099_0027_0015_0064_0064.jpg 1 27 15 64 64
1100_0048_0064_0028_0028.jpg 1 48 64 28 28
1101_0026_0024_0067_0067.jpg 1 26 24 67 67
1102_0016_0015_0024_0024.jpg 1 16 15 24 24
1103_0057_0060_0029_0029.jpg 1 57 60 29 29
1104_0020_0006_0054_0054.jpg 1 20 6 54 54
1105_0027_0015_0041_0041.jpg 1 27 15 41 41
1106_0027_0036_0046_0046.jpg 1 27 36 46 46
1107_0028_0031_0063_0063.jpg 1 28 31 63 63
1108_0011_0018_0043_0043.jpg 1 11 18 43 43
1109_0045_0015_0026_0026.jpg 1 45 15 26 26
1110_0052_0041_0024_0024.jpg 1 52 41 24 24
1111_0029_0027_0036_0036.jpg 1 29 27 36 36
1112_0011_0023_0069_0069.jpg 1 11 23 69 69
1113_0057_0018_0031_0031.jpg 1 57 18 31 31
1114_0018_0026_0054_0054.jpg 1 18 26 54 54
1115_0028_0040_0050_0050.jpg 1 28 40 50 50
1116_0023_0034_0059_0059.jpg 1 23 34 59 59
1117_0015_0018_0060_0060.jpg 1 15 18 60 60
1118_0005_0022_0068_0068.jpg 1 5 22 68 68
1119_0005_0027_0065_0065.jpg 1 5 27 65 65
1120_0011_0009_0026_0026.jpg 1 11 9 26 26
1121_0057_0008_0034_0034.jpg 1 57 8 34 34
1122_0030_0020_0055_0055.jpg 1 30 20 55 55
1123_0038_0044_0024_0024.jpg 1 38 44 24 24
1124_0029_0013_0050_0050.jpg 1 29 13 50 50
1125_0011_0038_0035_0035.jpg 1 11 38 35 35
1126_0025_0058_0034_0034.jpg 1 25 58 34 34
1127_0030_0053_0030_0030.jpg 1 30 53 30 30
1128_0006_0031_0060_0060.jpg 1 6 31 60 60
1129_0024_0016_0062_0062.jpg 1 24 16 62 62
1130_0020_0035_0060_0060.jpg 1 20 35 60 60
1131_0054_0020_0037_0037.jpg 1 54 20 37 37
1132_0027_0022_0068_0068.jpg 1 27 22 68 68
1133_0041_0027_0036_0036.jpg 1 41 27 36 36
1134_0037_0019_0029_0029.jpg 1 37 19 29 29
1135_0017_0032_0031_0031.jpg 1 17 32 31 31
1136_0023_0012_0061_0061.jpg 1 23 12 61 61
1137_0016_0025_0060_0060.jpg 1 16 25 60 60
1138_0059_0028_0030_0030.jpg 1 59 28 30 30
1139_0029_0030_0044_0044.jpg 1 29 30 44 44
1140_0038_0048_0042_0042.jpg 1 38 48 42 42
1141_0030_0025_0053_0053.jpg 1 30 25 53 53
1142_0004_0012_0062_0062.jpg 1 4 12 62 62
1143_0036_0023_0056_0056.jpg 1 36 23 56 56
1144_0031_0052_0032_0032.jpg 1 31 52 32 32
1145_0009_0031_0046_0046.jpg 1 9 31 46 46
1146_0026_0039_0042_0042.jpg 1 26 39 42 42
1147_0041_0051_0033_0033.jpg 1 41 51 33 33
1148_0007_0027_0036_0036.jpg 1 7 27 36 36
1149_0007_0010_0032_0032.jpg 1 7 10 32 32
1150_0029_0010_0056_0056.jpg 1 29 10 56 56
1151_0018_0014_0052_0052.jpg 1 18 14 52 52
1152_0011_0005_0057_0057.jpg 1 11 5 57 57
1153_0008_0030_0061_0061.jpg 1 8 30 61 61
1154_0032_0023_0063_0063.jpg 1 32 23 63 63
1155_0026_0022_0063_0063.jpg 1 26 22 63 63
1156_0023_0037_0054_0054.jpg 1 23 37 54 54
1157_0009_0035_0046_0046.jpg 1 9 35 46 46
1158_0006_0024_0049_0049.jpg 1 6 24 49 49
1159_0013_0004_0059_0059.jpg 1 13 4 59 59
1160_0027_0013_0058_0058.jpg 1 27 13 58 58
1161_0015_0029_0029_0029.jpg 1 15 29 29 29
1162_0048_0031_0027_0027.jpg 1 48 31 27 27
1163_0026_0007_0066_0066.jpg 1 26 7 66 66
1164_0007_0004_0062_0062.jpg 1 7 4 62 62
1165_0026_0040_0042_0042.jpg 1 26 40 42 42
1166_0004_0029_0065_0065.jpg 1 4 29 65 65
1167_0031_0015_0062_0062.jpg 1 31 15 62 62
1168_0015_0015_0057_0057.jpg 1 15 15 57 57
1169_0031_0020_0024_0024.jpg 1 31 20 24 24
1170_0057_0044_0033_0033.jpg 1 57 44 33 33
1171_0012_0024_0046_0046.jpg 1 12 24 46 46
1172_0036_0038_0056_0056.jpg 1 36 38 56 56
1173_0034_0034_0034_0034.jpg 1 34 34 34 34
1174_0007_0018_0069_0069.jpg 1 7 18 69 69
1175_0010_0023_0068_0068.jpg 1 10 23 68 68
1176_0045_0043_0049_0049.jpg 1 45 43 49 49
1177_0029_0036_0048_0048.jpg 1 29 36 48 48
1178_0023_0025_0027_0027.jpg 1 23 25 27 27
1179_0065_0011_0026_0026.jpg 1 65 11 26 26
1180_0060_0056_0031_0031.jpg 1 60 56 31 31
1181_0033_0023_0051_0051.jpg 1 33 23 51 51
1182_0015_0012_0055_0055.jpg 1 15 12 55 55
1183_0034_0007_0048_0048.jpg 1 34 7 48 48
1184_0021_0018_0065_0065.jpg 1 21 18 65 65
1185_0029_0032_0062_0062.jpg 1 29 32 62 62
1186_0040_0028_0049_0049.jpg 1 40 28 49 49
1187_0034_0048_0029_0029.jpg 1 34 48 29 29
1188_0025_0040_0044_0044.jpg 1 25 40 44 44
1189_0017_0032_0060_0060.jpg 1 17 32 60 60
1190_0022_0049_0044_0044.jpg 1 22 49 44 44
1191_0026_0059_0031_0031.jpg 1 26 59 31 31
1192_0027_0009_0067_0067.jpg 1 27 9 67 67
1193_0038_0020_0033_0033.jpg 1 38 20 33 33
1194_0024_0031_0057_0057.jpg 1 24 31 57 57
1195_0013_0026_0069_0069.jpg 1 13 26 69 69
1196_0035_0020_0029_0029.jpg 1 35 20 29 29
1197_0008_0017_0036_0036.jpg 1 8 17 36 36
1198_0021_0025_0042_0042.jpg 1 21 25 42 42
1199_0014_0040_0042_0042.jpg 1 14 40 42 42
1200_0025_0021_0044_0044.jpg 1 25 21 44 44
1201_0045_0026_0045_0045.jpg 1 45 26 45 45
1202_0029_0026_0060_0060.jpg 1 29 26 60 60
1203_0022_0031_0063_0063.jpg 1 22 31 63 63
1204_0024_0018_0044_0044.jpg 1 24 18 44 44
1205_0006_0027_0051_0051.jpg 1 6 27 51 51
1206_0034_0030_0049_0049.jpg 1 34 30 49 49
1207_0034_0028_0060_0060.jpg 1 34 28 60 60
1208_0010_0034_0053_0053.jpg 1 10 34 53 53
1209_0027_0017_0055_0055.jpg 1 27 17 55 55
1210_0050_0028_0029_0029.jpg 1 50 28 29 29
1211_0010_0010_0045_0045.jpg 1 10 10 45 45
1212_0022_0017_0059_0059.jpg 1 22 17 59 59
1213_0042_0053_0030_0030.jpg 1 42 53 30 30
1214_0024_0044_0033_0033.jpg 1 24 44 33 33
1215_0037_0038_0043_0043.jpg 1 37 38 43 43
1216_0049_0049_0028_0028.jpg 1 49 49 28 28
1217_0012_0021_0068_0068.jpg 1 12 21 68 68
1218_0048_0034_0024_0024.jpg 1 48 34 24 24
1219_0004_0029_0064_0064.jpg 1 4 29 64 64
1220_0033_0014_0031_0031.jpg 1 33 14 31 31
1221_0023_0027_0054_0054.jpg 1 23 27 54 54
1222_0027_0013_0061_0061.jpg 1 27 13 61 61
1223_0023_0011_0033_0033.jpg 1 23 11 33 33
1224_0012_0041_0047_0047.jpg 1 12 41 47 47
1225_0022_0048_0043_0043.jpg 1 22 48 43 43
1226_0013_0008_0038_0038.jpg 1 13 8 38 38
1227_0022_0011_0039_0039.jpg 1 22 11 39 39
1228_0009_0009_0054_0054.jpg 1 9 9 54 54
1229_0008_0048_0034_0034.jpg 1 8 48 34 34
1230_0008_0007_0034_0034.jpg 1 8 7 34 34
1231_0018_0022_0069_0069.jpg 1 18 22 69 69
1232_0054_0036_0033_0033.jpg 1 54 36 33 33
1233_0020_0020_0034_0034.jpg 1 20 20 34 34
1234_0059_0057_0033_0033.jpg 1 59 57 33 33
1235_0019_0024_0067_0067.jpg 1 19 24 67 67
1236_0043_0041_0039_0039.jpg 1 43 41 39 39
1237_0038_0049_0032_0032.jpg 1 38 49 32 32
1238_0011_0003_0068_0068.jpg 1 11 3 68 68
1239_0015_0027_0055_0055.jpg 1 15 27 55 55
1240_0019_0015_0052_0052.jpg 1 19 15 52 52
1241_0036_0034_0048_0048.jpg 1 36 34 48 48
1242_0060_0064_0025_0025.jpg 1 60 64 25 25
1243_0018_0027_0059_0059.jpg 1 18 27 59 59
1244_0020_0011_0058_0058.jpg 1 20 11 58 58
1245_0031_0012_0059_0059.jpg 1 31 12 59 59
1246_0031_0051_0029_0029.jpg 1 31 51 29 29
1247_0006_0025_0062_0062.jpg 1 6 25 62 62
1248_0058_0062_0024_0024.jpg 1 58 62 24 24
1249_0030_0033_0058_0058.jpg 1 30 33 58 58
1250_0026_0018_0027_0027.jpg 1 26 18 27 27
1251_0012_0025_0061_0061.jpg 1 12 25 61 61
1252_0025_0013_0064_0064.jpg 1 25 13 64 64
1253_0053_0029_0039_0039.jpg 1 53 29 39 39
1254_0046_0008_0026_0026.jpg 1 46 8 26 26
1255_0058_0044_0029_0029.jpg 1 58 44 29 29
1256_0022_0037_0054_0054.jpg 1 22 37 54 54
1257_0051_0013_0033_0033.jpg 1 51 13 33 33
1258_0039_0009_0027_0027.jpg 1 39 9 27 27
1259_0018_0041_0040_0040.jpg 1 18 41 40 40
1260_0047_0016_0031_0031.jpg 1 47 16 31 31
1261_0031_0009_0025_0025.jpg 1 31 9 25 25
1262_0024_0032_0062_0062.jpg 1 24 32 62 62
1263_0012_0046_0025_0025.jpg 1 12 46 25 25
1264_0053_0034_0026_0026.jpg 1 53 34 26 26
1265_0032_0026_0061_0061.jpg 1 32 26 61 61
1266_0024_0017_0064_0064.jpg 1 24 17 64 64
1267_0033_0007_0042_0042.jpg 1 33 7 42 42
1268_0032_0021_0063_0063.jpg 1 32 21 63 63
1269_0010_0006_0069_0069.jpg 1 10 6 69 69
1270_0021_0022_0059_0059.jpg 1 21 22 59 59
1271_0016_0056_0025_0025.jpg 1 16 56 25 25
1272_0028_0025_0067_0067.jpg 1 28 25 67 67
1273_0029_0004_0067_0067.jpg 1 29 4 67 67
1274_0023_0026_0048_0048.jpg 1 23 26 48 48
1275_0042_0033_0033_0033.jpg 1 42 33 33 33
1276_0009_0004_0068_0068.jpg 1 9 4 68 68
1277_0035_0012_0053_0053.jpg 1 35 12 53 53
1278_0007_0013_0067_0067.jpg 1 7 13 67 67
1279_0041_0049_0039_0039.jpg 1 41 49 39 39
1280_0034_0025_0054_0054.jpg 1 34 25 54 54
1281_0012_0035_0060_0060.jpg 1 12 35 60 60
1282_0005_0006_0064_0064.jpg 1 5 6 64 64
1283_0012_0045_0036_0036.jpg 1 12 45 36 36
1284_0014_0009_0054_0054.jpg 1 14 9 54 54
1285_0037_0064_0024_0024.jpg 1 37 64 24 24
1286_0009_0010_0059_0059.jpg 1 9 10 59 59
1287_0035_0022_0053_0053.jpg 1 35 22 53 53
1288_0034_0016_0037_0037.jpg 1 34 16 37 37
1289_0021_0007_0029_0029.jpg 1 21 7 29 29
1290_0048_0034_0033_0033.jpg 1 48 34 33 33
1291_0065_0040_0024_0024.jpg 1 65 40 24 24
1292_0017_0039_0050_0050.jpg 1 17 39 50 50
1293_0041_0043_0034_0034.jpg 1 41 43 34 34
1294_0008_0009_0038_0038.jpg 1 8 9 38 38
1295_0008_0012_0036_0036.jpg 1 8 12 36 36
1296_0009_0009_0027_0027.jpg 1 9 9 27 27
1297_0028_0010_0031_0031.jpg 1 28 10 31 31
1298_0036_0033_0053_0053.jpg 1 36 33 53 53
1299_0038_0024_0047_0047.jpg 1 38 24 47 47
1300_0015_0029_0055_0055.jpg 1 15 29 55 55
1301_0050_0035_0039_0039.jpg 1 50 35 39 39
1302_0039_0029_0045_0045.jpg 1 39 29 45 45
1303_0018_0017_0054_0054.jpg 1 18 17 54 54
1304_0009_0035_0039_0039.jpg 1 9 35 39 39
1305_0025_0013_0062_0062.jpg 1 25 13 62 62
1306_0023_0030_0064_0064.jpg 1 23 30 64 64
1307_0032_0013_0049_0049.jpg 1 32 13 49 49
1308_0031_0009_0053_0053.jpg 1 31 9 53 53
1309_0039_0008_0048_0048.jpg 1 39 8 48 48
1310_0007_0033_0030_0030.jpg 1 7 33 30 30
1311_0009_0011_0033_0033.jpg 1 9 11 33 33
1312_0037_0022_0043_0043.jpg 1 37 22 43 43
1313_0017_0026_0036_0036.jpg 1 17 26 36 36
1314_0057_0051_0024_0024.jpg 1 57 51 24 24
1315_0045_0013_0043_0043.jpg 1 45 13 43 43
1316_0027_0009_0063_0063.jpg 1 27 9 63 63
1317_0032_0049_0029_0029.jpg 1 32 49 29 29
1318_0019_0013_0045_0045.jpg 1 19 13 45 45
1319_0031_0030_0053_0053.jpg 1 31 30 53 53
1320_0017_0051_0042_0042.jpg 1 17 51 42 42
1321_0022_0018_0062_0062.jpg 1 22 18 62 62
1322_0062_0016_0025_0025.jpg 1 62 16 25 25
1323_0030_0044_0035_0035.jpg 1 30 44 35 35
1324_0007_0031_0063_0063.jpg 1 7 31 63 63
1325_0055_0038_0038_0038.jpg 1 55 38 38 38
1326_0018_0025_0053_0053.jpg 1 18 25 53 53
1327_0014_0039_0052_0052.jpg 1 14 39 52 52
1328_0053_0022_0037_0037.jpg 1 53 22 37 37
1329_0003_0012_0068_0068.jpg 1 3 12 68 68
1330_0047_0058_0028_0028.jpg 1 47 58 28 28
1331_0057_0032_0035_0035.jpg 1 57 32 35 35
1332_0032_0033_0049_0049.jpg 1 32 33 49 49
1333_0034_0061_0030_0030.jpg 1 34 61 30 30
1334_0009_0064_0025_0025.jpg 1 9 64 25 25
1335_0028_0020_0050_0050.jpg 1 28 20 50 50
1336_0044_0045_0047_0047.jpg 1 44 45 47 47
1337_0012_0018_0062_0062.jpg 1 12 18 62 62
1338_0012_0025_0059_0059.jpg 1 12 25 59 59
1339_0020_0015_0046_0046.jpg 1 20 15 46 46
1340_0007_0009_0068_0068.jpg 1 7 9 68 68
1341_0021_0014_0033_0033.jpg 1 21 14 33 33
1342_0017_0035_0050_0050.jpg 1 17 35 50 50
1343_0045_0053_0025_0025.jpg 1 45 53 25 25
1344_0049_0011_0044_0044.jpg 1 49 11 44 44
1345_0023_0036_0048_0048.jpg 1 23 36 48 48
1346_0024_0016_0066_0066.jpg 1 24 16 66 66
1347_0039_0038_0056_0056.jpg 1 39 38 56 56
1348_0041_0026_0039_0039.jpg 1 41 26 39 39
1349_0006_0021_0067_0067.jpg 1 6 21 67 67
1350_0040_0026_0055_0055.jpg 1 40 26 55 55
1351_0015_0037_0040_0040.jpg 1 15 37 40 40
1352_0020_0044_0030_0030.jpg 1 20 44 30 30
1353_0032_0006_0054_0054.jpg 1 32 6 54 54
1354_0027_0025_0067_0067.jpg 1 27 25 67 67
1355_0027_0014_0063_0063.jpg 1 27 14 63 63
1356_0020_0017_0061_0061.jpg 1 20 17 61 61
1357_0029_0011_0067_0067.jpg 1 29 11 67 67
1358_0021_0024_0058_0058.jpg 1 21 24 58 58
1359_0025_0033_0042_0042.jpg 1 25 33 42 42
1360_0053_0051_0038_0038.jpg 1 53 51 38 38
1361_0007_0033_0061_0061.jpg 1 7 33 61 61
1362_0048_0056_0026_0026.jpg 1 48 56 26 26
1363_0035_0025_0026_0026.jpg 1 35 25 26 26
1364_0012_0022_0029_0029.jpg 1 12 22 29 29
1365_0016_0020_0069_0069.jpg 1 16 20 69 69
1366_0028_0014_0030_0030.jpg 1 28 14 30 30
1367_0023_0047_0038_0038.jpg 1 23 47 38 38
1368_0017_0006_0051_0051.jpg 1 17 6 51 51
1369_0050_0028_0025_0025.jpg 1 50 28 25 25
1370_0024_0032_0044_0044.jpg 1 24 32 44 44
1371_0035_0005_0060_0060.jpg 1 35 5 60 60
1372_0048_0036_0028_0028.jpg 1 48 36 28 28
1373_0039_0042_0046_0046.jpg 1 39 42 46 46
1374_0014_0020_0058_0058.jpg 1 14 20 58 58
1375_0024_0034_0051_0051.jpg 1 24 34 51 51
1376_0026_0016_0051_0051.jpg 1 26 16 51 51
1377_0032_0022_0060_0060.jpg 1 32 22 60 60
1378_0029_0005_0065_0065.jpg 1 29 5 65 65
1379_0010_0051_0043_0043.jpg 1 10 51 43 43
1380_0043_0033_0045_0045.jpg 1 43 33 45 45
1381_0041_0020_0043_0043.jpg 1 41 20 43 43
1382_0016_0041_0052_0052.jpg 1 16 41 52 52
1383_0015_0032_0063_0063.jpg 1 15 32 63 63
1384_0035_0015_0041_0041.jpg 1 35 15 41 41
1385_0008_0059_0027_0027.jpg 1 8 59 27 27
1386_0029_0022_0064_0064.jpg 1 29 22 64 64
1387_0039_0005_0055_0055.jpg 1 39 5 55 55
1388_0009_0027_0061_0061.jpg 1 9 27 61 61
1389_0040_0006_0041_0041.jpg 1 40 6 41 41
1390_0016_0004_0069_0069.jpg 1 16 4 69 69
1391_0031_0004_0062_0062.jpg 1 31 4 62 62
1392_0004_0038_0056_0056.jpg 1 4 38 56 56
1393_0031_0035_0052_0052.jpg 1 31 35 52 52
1394_0010_0038_0051_0051.jpg 1 10 38 51 51
1395_0013_0022_0056_0056.jpg 1 13 22 56 56
1396_0014_0012_0063_0063.jpg 1 14 12 63 63
1397_0027_0031_0045_0045.jpg 1 27 31 45 45
1398_0026_0034_0041_0041.jpg 1 26 34 41 41
1399_0035_0064_0028_0028.jpg 1 35 64 28 28
1400_0007_0028_0035_0035.jpg 1 7 28 35 35
1401_0010_0016_0062_0062.jpg 1 10 16 62 62
1402_0018_0046_0029_0029.jpg 1 18 46 29 29
1403_0015_0014_0047_0047.jpg 1 15 14 47 47
1404_0013_0014_0064_0064.jpg 1 13 14 64 64
1405_0043_0022_0049_0049.jpg 1 43 22 49 49
1406_0043_0035_0024_0024.jpg 1 43 35 24 24
1407_0004_0034_0057_0057.jpg 1 4 34 57 57
1408_0012_0015_0028_0028.jpg 1 12 15 28 28
1409_0034_0030_0059_0059.jpg 1 34 30 59 59
1410_0013_0008_0053_0053.jpg 1 13 8 53 53
1411_0048_0036_0031_0031.jpg 1 48 36 31 31
1412_0035_0043_0029_0029.jpg 1 35 43 29 29
1413_0056_0017_0036_0036.jpg 1 56 17 36 36
1414_0046_0048_0028_0028.jpg 1 46 48 28 28
1415_0026_0044_0041_0041.jpg 1 26 44 41 41
1416_0017_0008_0060_0060.jpg 1 17 8 60 60
1417_0043_0037_0050_0050.jpg 1 43 37 50 50
1418_0046_0063_0025_0025.jpg 1 46 63 25 25
1419_0032_0014_0056_0056.jpg 1 32 14 56 56
1420_0028_0052_0035_0035.jpg 1 28 52 35 35
1421_0010_0005_0062_0062.jpg 1 10 5 62 62
1422_0004_0011_0056_0056.jpg 1 4 11 56 56
1423_0038_0019_0053_0053.jpg 1 38 19 53 53
1424_0049_0044_0039_0039.jpg 1 49 44 39 39
1425_0020_0049_0026_0026.jpg 1 20 49 26 26
1426_0034_0027_0057_0057.jpg 1 34 27 57 57
1427_0017_0023_0069_0069.jpg 1 17 23 69 69
1428_0018_0042_0048_0048.jpg 1 18 42 48 48
1429_0025_0050_0025_0025.jpg 1 25 50 25 25
1430_0005_0007_0063_0063.jpg 1 5 7 63 63
1431_0027_0003_0067_0067.jpg 1 27 3 67 67
1432_0028_0010_0035_0035.jpg 1 28 10 35 35
1433_0033_0041_0047_0047.jpg 1 33 41 47 47
1434_0033_0020_0043_0043.jpg 1 33 20 43 43
1435_0013_0040_0036_0036.jpg 1 13 40 36 36
1436_0023_0037_0031_0031.jpg 1 23 37 31 31
1437_0007_0039_0039_0039.jpg 1 7 39 39 39
1438_0025_0012_0065_0065.jpg 1 25 12 65 65
1439_0021_0016_0068_0068.jpg 1 21 16 68 68
1440_0013_0021_0050_0050.jpg 1 13 21 50 50
1441_0013_0009_0047_0047.jpg 1 13 9 47 47
1442_0003_0004_0066_0066.jpg 1 3 4 66 66
1443_0034_0044_0044_0044.jpg 1 34 44 44 44
1444_0010_0024_0045_0045.jpg 1 10 24 45 45
1445_0016_0030_0060_0060.jpg 1 16 30 60 60
1446_0014_0034_0046_0046.jpg 1 14 34 46 46
1447_0053_0036_0039_0039.jpg 1 53 36 39 39
1448_0009_0027_0065_0065.jpg 1 9 27 65 65
1449_0013_0007_0060_0060.jpg 1 13 7 60 60
1450_0018_0028_0039_0039.jpg 1 18 28 39 39
1451_0037_0042_0042_0042.jpg 1 37 42 42 42
1452_0008_0006_0067_0067.jpg 1 8 6 67 67
1453_0033_0010_0039_0039.jpg 1 33 10 39 39
1454_0018_0036_0056_0056.jpg 1 18 36 56 56
1455_0024_0031_0042_0042.jpg 1 24 31 42 42
1456_0007_0019_0043_0043.jpg 1 7 19 43 43
1457_0022_0027_0069_0069.jpg 1 22 27 69 69
1458_0014_0034_0046_0046.jpg 1 14 34 46 46
1459_0047_0029_0027_0027.jpg 1 47 29 27 27
1460_0019_0045_0043_0043.jpg 1 19 45 43 43
1461_0043_0040_0040_0040.jpg 1 43 40 40 40
1462_0059_0053_0031_0031.jpg 1 59 53 31 31
1463_0014_0030_0065_0065.jpg 1 14 30 65 65
1464_0044_0051_0038_0038.jpg 1 44 51 38 38
1465_0042_0048_0044_0044.jpg 1 42 48 44 44
1466_0027_0006_0063_0063.jpg 1 27 6 63 63
1467_0028_0034_0058_0058.jpg 1 28 34 58 58
1468_0056_0048_0031_0031.jpg 1 56 48 31 31
1469_0010_0007_0065_0065.jpg 1 10 7 65 65
1470_0042_0013_0036_0036.jpg 1 42 13 36 36
1471_0035_0043_0034_0034.jpg 1 35 43 34 34
1472_0046_0036_0034_0034.jpg 1 46 36 34 34
1473_0008_0015_0064_0064.jpg 1 8 15 64 64
1474_0005_0016_0066_0066.jpg 1 5 16 66 66
1475_0006_0012_0040_0040.jpg 1 6 12 40 40
1476_0006_0044_0047_0047.jpg 1 6 44 47 47
1477_0019_0039_0046_0046.jpg 1 19 39 46 46
1478_0005_0020_0043_0043.jpg 1 5 20 43 43
1479_0023_0033_0033_0033.jpg 1 23 33 33 33
1480_0028_0043_0048_0048.jpg 1 28 43 48 48
1481_0010_0008_0051_0051.jpg 1 10 8 51 51
1482_0013_0024_0051_0051.jpg 1 13 24 51 51
1483_0030_0033_0050_0050.jpg 1 30 33 50 50
1484_0053_0009_0037_0037.jpg 1 53 9 37 37
1485_0050_0034_0035_0035.jpg 1 50 34 35 35
1486_0035_0021_0028_0028.jpg 1 35 21 28 28
1487_0029_0024_0049_0049.jpg 1 29 24 49 49
1488_0044_0045_0040_0040.jpg 1 44 45 40 40
1489_0059_0006_0032_0032.jpg 1 59 6 32 32
1490_0012_0051_0027_0027.jpg 1 12 51 27 27
1491_0041_0019_0035_0035.jpg 1 41 19 35 35
1492_0040_0035_0028_0028.jpg 1 40 35 28 28
1493_0015_0029_0050_0050.jpg 1 15 29 50 50
1494_0010_0036_0039_0039.jpg 1 10 36 39 39
1495_0055_0018_0026_0026.jpg 1 55 18 26 26
1496_0006_0014_0055_0055.jpg 1 6 14 55 55
1497_0035_0044_0034_0034.jpg 1 35 44 34 34
1498_0022_0011_0033_0033.jpg 1 22 11 33 33
1499_0037_0015_0043_0043.jpg 1 37 15 43 43
1500_0017_0021_0029_0029.jpg 1 17 21 29 29
1501_0011_0043_0026_0026.jpg 1 11 43 26 26
1502_0019_0034_0059_0059.jpg 1 19 34 59 59
1503_0016_0012_0057_0057.jpg 1 16 12 57 57
1504_0028_0026_0063_0063.jpg 1 28 26 63 63
1505_0020_0047_0027_0027.jpg 1 20 47 27 27
1506_0036_0044_0049_0049.jpg 1 36 44 49 49
1507_0010_0026_0049_0049.jpg 1 10 26 49 49
1508_0029_0039_0045_0045.jpg 1 29 39 45 45
1509_0012_0042_0048_0048.jpg 1 12 42 48 48
1510_0051_0016_0033_0033.jpg 1 51 16 33 33
1511_0007_0011_0030_0030.jpg 1 7 11 30 30
1512_0031_0055_0034_0034.jpg 1 31 55 34 34
1513_0033_0016_0030_0030.jpg 1 33 16 30 30
1514_0009_0032_0059_0059.jpg 1 9 32 59 59
1515_0022_0047_0038_0038.jpg 1 22 47 38 38
1516_0009_0038_0028_0028.jpg 1 9 38 28 28
1517_0004_0013_0065_0065.jpg 1 4 13 65 65
1518_0019_0004_0068_0068.jpg 1 19 4 68 68
1519_0061_0061_0026_0026.jpg 1 61 61 26 26
1520_0057_0029_0028_0028.jpg 1 57 29 28 28
1521_0019_0010_0064_0064.jpg 1 19 10 64 64
1522_0008_0025_0068_0068.jpg 1 8 25 68 68
1523_0013_0009_0069_0069.jpg 1 13 9 69 69
1524_0031_0035_0057_0057.jpg 1 31 35 57 57
1525_0007_0009_0067_0067.jpg 1 7 9 67 67
1526_0014_0015_0068_0068.jpg 1 14 15 68 68
1527_0010_0035_0051_0051.jpg 1 10 35 51 51
1528_0023_0016_0065_0065.jpg 1 23 16 65 65
1529_0028_0018_0034_0034.jpg 1 28 18 34 34
1530_0033_0046_0042_0042.jpg 1 33 46 42 42
1531_0022_0008_0049_0049.jpg 1 22 8 49 49
1532_0051_0012_0039_0039.jpg 1 51 12 39 39
1533_0041_0031_0034_0034.jpg 1 41 31 34 34
1534_0014_0020_0035_0035.jpg 1 14 20 35 35
1535_0031_0008_0062_0062.jpg 1 31 8 62 62
1536_0043_0044_0045_0045.jpg 1 43 44 45 45
1537_0017_0024_0036_0036.jpg 1 17 24 36 36
1538_0010_0022_0060_0060.jpg 1 10 22 60 60
1539_0024_0013_0027_0027.jpg 1 24 13 27 27
1540_0026_0015_0024_0024.jpg 1 26 15 24 24
1541_0024_0040_0051_0051.jpg 1 24 40 51 51
1542_0020_0030_0040_0040.jpg 1 20 30 40 40
1543_0022_0009_0067_0067.jpg 1 22 9 67 67
1544_0029_0029_0066_0066.jpg 1 29 29 66 66
1545_0009_0012_0062_0062.jpg 1 9 12 62 62
1546_0026_0022_0067_0067.jpg 1 26 22 67 67
1547_0010_0005_0069_0069.jpg 1 10 5 69 69
1548_0027_0031_0055_0055.jpg 1 27 31 55 55
1549_0030_0007_0045_0045.jpg 1 30 7 45 45
1550_0028_0039_0053_0053.jpg 1 28 39 53 53
1551_0041_0034_0032_0032.jpg 1 41 34 32 32
1552_0033_0064_0027_0027.jpg 1 33 64 27 27
1553_0036_0008_0049_0049.jpg 1 36 8 49 49
1554_0029_0025_0058_0058.jpg 1 29 25 58 58
1555_0017_0025_0066_0066.jpg 1 17 25 66 66
1556_0016_0036_0041_0041.jpg 1 16 36 41 41
1557_0042_0025_0031_0031.jpg 1 42 25 31 31
1558_0036_0012_0051_0051.jpg 1 36 12 51 51
1559_0037_0021_0050_0050.jpg 1 37 21 50 50
1560_0016_0025_0067_0067.jpg 1 16 25 67 67
1561_0032_0036_0025_0025.jpg 1 32 36 25 25
1562_0027_0038_0054_0054.jpg 1 27 38 54 54
1563_0014_0033_0056_0056.jpg 1 14 33 56 56
1564_0047_0034_0032_0032.jpg 1 47 34 32 32
1565_0023_0003_0067_0067.jpg 1 23 3 67 67
1566_0012_0020_0060_0060.jpg 1 12 20 60 60
1567_0020_0018_0030_0030.jpg 1 20 18 30 30
1568_0013_0032_0027_0027.jpg 1 13 32 27 27
1569_0029_0049_0040_0040.jpg 1 29 49 40 40
1570_0038_0015_0055_0055.jpg 1 38 15 55 55
1571_0029_0027_0056_0056.jpg 1 29 27 56 56
1572_0042_0022_0045_0045.jpg 1 42 22 45 45
1573_0037_0019_0025_0025.jpg 1 37 19 25 25
1574_0023_0011_0045_0045.jpg 1 23 11 45 45
1575_0045_0026_0032_0032.jpg 1 45 26 32 32
1576_0011_0052_0027_0027.jpg 1 11 52 27 27
1577_0020_0024_0037_0037.jpg 1 20 24 37 37
1578_0021_0036_0045_0045.jpg 1 21 36 45 45
1579_0004_0029_0057_0057.jpg 1 4 29 57 57
1580_0030_0049_0032_0032.jpg 1 30 49 32 32
1581_0034_0048_0025_0025.jpg 1 34 48 25 25
1582_0024_0015_0029_0029.jpg 1 24 15 29 29
1583_0022_0010_0025_0025.jpg 1 22 10 25 25
1584_0027_0006_0056_0056.jpg 1 27 6 56 56
1585_0012_0048_0030_0030.jpg 1 12 48 30 30
1586_0027_0010_0032_0032.jpg 1 27 10 32 32
1587_0016_0066_0025_0025.jpg 1 16 66 25 25
1588_0064_0013_0027_0027.jpg 1 64 13 27 27
1589_0010_0035_0043_0043.jpg 1 10 35 43 43
1590_0032_0051_0042_0042.jpg 1 32 51 42 42
1591_0009_0021_0041_0041.jpg 1 9 21 41 41
1592_0038_0011_0052_0052.jpg 1 38 11 52 52
1593_0013_0012_0035_0035.jpg 1 13 12 35 35
1594_0014_0012_0055_0055.jpg 1 14 12 55 55
1595_0010_0012_0067_0067.jpg 1 10 12 67 67
1596_0030_0063_0026_0026.jpg 1 30 63 26 26
1597_0006_0041_0049_0049.jpg 1 6 41 49 49
1598_0033_0027_0063_0063.jpg 1 33 27 63 63
1599_0040_0020_0049_0049.jpg 1 40 20 49 49
1600_0025_0011_0066_0066.jpg 1 25 11 66 66
1601_0039_0024_0051_0051.jpg 1 39 24 51 51
1602_0017_0015_0057_0057.jpg 1 17 15 57 57
1603_0016_0028_0067_0067.jpg 1 16 28 67 67
1604_0008_0022_0026_0026.jpg 1 8 22 26 26
1605_0046_0044_0043_0043.jpg 1 46 44 43 43
1606_0015_0019_0032_0032.jpg 1 15 19 32 32
1607_0046_0024_0043_0043.jpg 1 46 24 43 43
1608_0008_0030_0062_0062.jpg 1 8 30 62 62
1609_0012_0018_0052_0052.jpg 1 12 18 52 52
1610_0004_0027_0066_0066.jpg 1 4 27 66 66
1611_0015_0038_0045_0045.jpg 1 15 38 45 45
1612_0027_0041_0025_0025.jpg 1 27 41 25 25
1613_0024_0007_0068_0068.jpg 1 24 7 68 68
1614_0013_0015_0034_0034.jpg 1 13 15 34 34
1615_0016_0009_0059_0059.jpg 1 16 9 59 59
1616_0013_0013_0033_0033.jpg 1 13 13 33 33
1617_0024_0034_0051_0051.jpg 1 24 34 51 51
1618_0017_0047_0032_0032.jpg 1 17 47 32 32
1619_0024_0012_0068_0068.jpg 1 24 12 68 68
1620_0021_0010_0059_0059.jpg 1 21 10 59 59
1621_0032_0047_0031_0031.jpg 1 32 47 31 31
1622_0036_0023_0047_0047.jpg 1 36 23 47 47
1623_0044_0037_0047_0047.jpg 1 44 37 47 47
1624_0039_0046_0030_0030.jpg 1 39 46 30 30
1625_0051_0047_0036_0036.jpg 1 51 47 36 36
1626_0006_0016_0062_0062.jpg 1 6 16 62 62
1627_0044_0023_0034_0034.jpg 1 44 23 34 34
1628_0007_0025_0060_0060.jpg 1 7 25 60 60
1629_0043_0041_0032_0032.jpg 1 43 41 32 32
1630_0019_0023_0044_0044.jpg 1 19 23 44 44
1631_0024_0018_0041_0041.jpg 1 24 18 41 41
1632_0046_0045_0035_0035.jpg 1 46 45 35 35
1633_0007_0013_0036_0036.jpg 1 7 13 36 36
1634_0004_0030_0065_0065.jpg 1 4 30 65 65
1635_0052_0011_0030_0030.jpg 1 52 11 30 30
1636_0024_0059_0029_0029.jpg 1 24 59 29 29
1637_0042_0024_0039_0039.jpg 1 42 24 39 39
1638_0019_0031_0030_0030.jpg 1 19 31 30 30
1639_0011_0016_0025_0025.jpg 1 11 16 25 25
1640_0043_0013_0025_0025.jpg 1 43 13 25 25
1641_0023_0027_0053_0053.jpg 1 23 27 53 53
1642_0051_0036_0041_0041.jpg 1 51 36 41 41
1643_0040_0037_0042_0042.jpg 1 40 37 42 42
1644_0030_0011_0059_0059.jpg 1 30 11 59 59
1645_0053_0012_0028_0028.jpg 1 53 12 28 28
1646_0005_0005_0066_0066.jpg 1 5 5 66 66
1647_0011_0016_0031_0031.jpg 1 11 16 31 31
1648_0020_0028_0027_0027.jpg 1 20 28 27 27
1649_0018_0025_0038_0038.jpg 1 18 25 38 38
1650_0060_0046_0027_0027.jpg 1 60 46 27 27
1651_0007_0012_0048_0048.jpg 1 7 12 48 48
1652_0028_0047_0046_0046.jpg 1 28 47 46 46
1653_0011_0030_0065_0065.jpg 1 11 30 65 65
1654_0047_0006_0034_0034.jpg 1 47 6 34 34
1655_0030_0014_0060_0060.jpg 1 30 14 60 60
1656_0029_0016_0059_0059.jpg 1 29 16 59 59
1657_0017_0026_0049_0049.jpg 1 17 26 49 49
1658_0017_0053_0031_0031.jpg 1 17 53 31 31
1659_0007_0007_0058_0058.jpg 1 7 7 58 58
1660_0022_0042_0029_0029.jpg 1 22 42 29 29
1661_0023_0010_0069_0069.jpg 1 23 10 69 69
1662_0027_0012_0063_0063.jpg 1 27 12 63 63
1663_0023_0054_0032_0032.jpg 1 23 54 32 32
1664_0027_0014_0061_0061.jpg 1 27 14 61 61
1665_0011_0007_0026_0026.jpg 1 11 7 26 26
1666_0034_0014_0037_0037.jpg 1 34 14 37 37
1667_0035_0013_0044_0044.jpg 1 35 13 44 44
1668_0010_0014_0067_0067.jpg 1 10 14 67 67
1669_0048_0039_0032_0032.jpg 1 48 39 32 32
1670_0049_0059_0032_0032.jpg 1 49 59 32 32
1671_0023_0059_0030_0030.jpg 1 23 59 30 30
1672_0029_0050_0031_0031.jpg 1 29 50 31 31
1673_0036_0036_0033_0033.jpg 1 36 36 33 33
1674_0017_0010_0062_0062.jpg 1 17 10 62 62
1675_0007_0018_0062_0062.jpg 1 7 18 62 62
1676_0041_0009_0024_0024.jpg 1 41 9 24 24
1677_0039_0042_0049_0049.jpg 1 39 42 49 49
1678_0030_0029_0066_0066.jpg 1 30 29 66 66
1679_0053_0011_0040_0040.jpg 1 53 11 40 40
1680_0028_0020_0043_0043.jpg 1 28 20 43 43
1681_0013_0039_0028_0028.jpg 1 13 39 28 28
1682_0031_0019_0036_0036.jpg 1 31 19 36 36
1683_0026_0016_0067_0067.jpg 1 26 16 67 67
1684_0041_0032_0040_0040.jpg 1 41 32 40 40
1685_0047_0010_0031_0031.jpg 1 47 10 31 31
1686_0008_0020_0037_0037.jpg 1 8 20 37 37
1687_0027_0010_0039_0039.jpg 1 27 10 39 39
1688_0039_0027_0050_0050.jpg 1 39 27 50 50
1689_0030_0029_0031_0031.jpg 1 30 29 31 31
1690_0048_0021_0039_0039.jpg 1 48 21 39 39
1691_0004_0008_0068_0068.jpg 1 4 8 68 68
1692_0021_0005_0068_0068.jpg 1 21 5 68 68
1693_0014_0020_0067_0067.jpg 1 14 20 67 67
1694_0007_0027_0062_0062.jpg 1 7 27 62 62
1695_0033_0018_0050_0050.jpg 1 33 18 50 50
1696_0043_0055_0033_0033.jpg 1 43 55 33 33
1697_0045_0011_0042_0042.jpg 1 45 11 42 42
1698_0065_0020_0026_0026.jpg 1 65 20 26 26
1699_0024_0009_0041_0041.jpg 1 24 9 41 41
1700_0016_0047_0034_0034.jpg 1 16 47 34 34
1701_0028_0017_0058_0058.jpg 1 28 17 58 58
1702_0010_0052_0028_0028.jpg 1 10 52 28 28
1703_0024_0007_0033_0033.jpg 1 24 7 33 33
1704_0007_0006_0067_0067.jpg 1 7 6 67 67
1705_0005_0011_0069_0069.jpg 1 5 11 69 69
1706_0015_0051_0043_0043.jpg 1 15 51 43 43
1707_0012_0029_0047_0047.jpg 1 12 29 47 47
1708_0033_0029_0045_0045.jpg 1 33 29 45 45
1709_0038_0021_0024_0024.jpg 1 38 21 24 24
1710_0031_0035_0058_0058.jpg 1 31 35 58 58
1711_0046_0038_0040_0040.jpg 1 46 38 40 40
1712_0018_0010_0041_0041.jpg 1 18 10 41 41
1713_0050_0031_0038_0038.jpg 1 50 31 38 38
1714_0017_0025_0061_0061.jpg 1 17 25 61 61
1715_0033_0009_0046_0046.jpg 1 33 9 46 46
1716_0006_0011_0056_0056.jpg 1 6 11 56 56
1717_0041_0015_0051_0051.jpg 1 41 15 51 51
1718_0027_0013_0058_0058.jpg 1 27 13 58 58
1719_0061_0023_0024_0024.jpg 1 61 23 24 24
1720_0039_0013_0034_0034.jpg 1 39 13 34 34
1721_0034_0033_0045_0045.jpg 1 34 33 45 45
1722_0026_0039_0031_0031.jpg 1 26 39 31 31
1723_0037_0047_0034_0034.jpg 1 37 47 34 34
1724_0038_0029_0049_0049.jpg 1 38 29 49 49
1725_0006_0026_0068_0068.jpg 1 6 26 68 68
1726_0023_0011_0054_0054.jpg 1 23 11 54 54
1727_0006_0015_0056_0056.jpg 1 6 15 56 56
1728_0052_0007_0039_0039.jpg 1 52 7 39 39
1729_0045_0029_0039_0039.jpg 1 45 29 39 39
1730_0016_0050_0032_0032.jpg 1 16 50 32 32
1731_0028_0021_0059_0059.jpg 1 28 21 59 59
1732_0012_0007_0045_0045.jpg 1 12 7 45 45
1733_0045_0010_0045_0045.jpg 1 45 10 45 45
1734_0023_0010_0063_0063.jpg 1 23 10 63 63
1735_0042_0030_0051_0051.jpg 1 42 30 51 51
1736_0017_0024_0025_0025.jpg 1 17 24 25 25
1737_0028_0013_0068_0068.jpg 1 28 13 68 68
1738_0011_0045_0031_0031.jpg 1 11 45 31 31
1739_0026_0013_0024_0024.jpg 1 26 13 24 24
1740_0008_0054_0035_0035.jpg 1 8 54 35 35
1741_0047_0009_0036_0036.jpg 1 47 9 36 36
1742_0018_0010_0065_0065.jpg 1 18 10 65 65
1743_0006_0023_0038_0038.jpg 1 6 23 38 38
1744_0018_0052_0037_0037.jpg 1 18 52 37 37
1745_0054_0043_0028_0028.jpg 1 54 43 28 28
1746_0023_0050_0024_0024.jpg 1 23 50 24 24
1747_0010_0035_0045_0045.jpg 1 10 35 45 45
1748_0041_0006_0046_0046.jpg 1 41 6 46 46
1749_0024_0012_0057_0057.jpg 1 24 12 57 57
1750_0018_0017_0061_0061.jpg 1 18 17 61 61
1751_0018_0026_0028_0028.jpg 1 18 26 28 28
1752_0009_0005_0049_0049.jpg 1 9 5 49 49
1753_0046_0025_0045_0045.jpg 1 46 25 45 45
1754_0044_0007_0049_0049.jpg 1 44 7 49 49
1755_0056_0050_0028_0028.jpg 1 56 50 28 28
1756_0061_0029_0029_0029.jpg 1 61 29 29 29
1757_0034_0036_0027_0027.jpg 1 34 36 27 27
1758_0009_0027_0043_0043.jpg 1 9 27 43 43
1759_0005_0007_0067_0067.jpg 1 5 7 67 67
1760_0003_0008_0067_0067.jpg 1 3 8 67 67
1761_0029_0046_0045_0045.jpg 1 29 46 45 45
1762_0022_0007_0064_0064.jpg 1 22 7 64 64
1763_0029_0029_0056_0056.jpg 1 29 29 56 56
1764_0052_0013_0027_0027.jpg 1 52 13 27 27
1765_0036_0007_0030_0030.jpg 1 36 7 30 30
1766_0020_0030_0053_0053.jpg 1 20 30 53 53
1767_0058_0057_0027_0027.jpg 1 58 57 27 27
1768_0006_0045_0034_0034.jpg 1 6 45 34 34
1769_0011_0009_0038_0038.jpg 1 11 9 38 38
1770_0012_0048_0034_0034.jpg 1 12 48 34 34
1771_0034_0031_0044_0044.jpg 1 34 31 44 44
1772_0015_0009_0059_0059.jpg 1 15 9 59 59
1773_0033_0014_0042_0042.jpg 1 33 14 42 42
1774_0007_0055_0035_0035.jpg 1 7 55 35 35
1775_0028_0014_0049_0049.jpg 1 28 14 49 49
1776_0016_0007_0069_0069.jpg 1 16 7 69 69
1777_0006_0024_0037_0037.jpg 1 6 24 37 37
1778_0041_0039_0041_0041.jpg 1 41 39 41 41
1779_0017_0018_0046_0046.jpg 1 17 18 46 46
1780_0041_0014_0052_0052.jpg 1 41 14 52 52
1781_0011_0048_0029_0029.jpg 1 11 48 29 29
1782_0020_0021_0063_0063.jpg 1 20 21 63 63
1783_0015_0014_0056_0056.jpg 1 15 14 56 56
1784_0018_0014_0056_0056.jpg 1 18 14 56 56
1785_0006_0017_0042_0042.jpg 1 6 17 42 42
1786_0045_0025_0037_0037.jpg 1 45 25 37 37
1787_0025_0033_0047_0047.jpg 1 25 33 47 47
1788_0046_0034_0046_0046.jpg 1 46 34 46 46
1789_0048_0030_0028_0028.jpg 1 48 30 28 28
1790_0033_0010_0046_0046.jpg 1 33 10 46 46
1791_0008_0021_0027_0027.jpg 1 8 21 27 27
1792_0016_0039_0046_0046.jpg 1 16 39 46 46
1793_0037_0008_0057_0057.jpg 1 37 8 57 57
1794_0019_0007_0049_0049.jpg 1 19 7 49 49
1795_0033_0034_0058_0058.jpg 1 33 34 58 58
1796_0015_0007_0030_0030.jpg 1 15 7 30 30
1797_0009_0005_0049_0049.jpg 1 9 5 49 49
1798_0031_0034_0055_0055.jpg 1 31 34 55 55
1799_0007_0022_0069_0069.jpg 1 7 22 69 69
1800_0040_0012_0052_0052.jpg 1 40 12 52 52
1801_0017_0023_0036_0036.jpg 1 17 23 36 36
1802_0052_0017_0029_0029.jpg 1 52 17 29 29
1803_0028_0004_0067_0067.jpg 1 28 4 67 67
1804_0021_0009_0067_0067.jpg 1 21 9 67 67
1805_0047_0034_0041_0041.jpg 1 47 34 41 41
1806_0007_0021_0032_0032.jpg 1 7 21 32 32
1807_0013_0009_0043_0043.jpg 1 13 9 43 43
1808_0027_0024_0055_0055.jpg 1 27 24 55 55
1809_0024_0010_0048_0048.jpg 1 24 10 48 48
1810_0035_0021_0057_0057.jpg 1 35 21 57 57
1811_0042_0024_0042_0042.jpg 1 42 24 42 42
1812_0035_0056_0031_0031.jpg 1 35 56 31 31
1813_0028_0047_0029_0029.jpg 1 28 47 29 29
1814_0027_0010_0037_0037.jpg 1 27 10 37 37
1815_0009_0016_0024_0024.jpg 1 9 16 24 24
1816_0007_0036_0058_0058.jpg 1 7 36 58 58
1817_0015_0060_0032_0032.jpg 1 15 60 32 32
1818_0027_0006_0062_0062.jpg 1 27 6 62 62
1819_0054_0007_0037_0037.jpg 1 54 7 37 37
1820_0042_0036_0045_0045.jpg 1 42 36 45 45
1821_0030_0015_0063_0063.jpg 1 30 15 63 63
1822_0047_0019_0033_0033.jpg 1 47 19 33 33
1823_0036_0047_0035_0035.jpg 1 36 47 35 35
1824_0012_0019_0042_0042.jpg 1 12 19 42 42
1825_0003_0006_0066_0066.jpg 1 3 6 66 66
1826_0047_0037_0030_0030.jpg 1 47 37 30 30
1827_0014_0020_0067_0067.jpg 1 14 20 67 67
1828_0049_0036_0031_0031.jpg 1 49 36 31 31
1829_0024_0052_0040_0040.jpg 1 24 52 40 40
1830_0037_0028_0046_0046.jpg 1 37 28 46 46
1831_0031_0038_0056_0056.jpg 1 31 38 56 56
1832_0044_0026_0026_0026.jpg 1 44 26 26 26
1833_0009_0024_0066_0066.jpg 1 9 24 66 66
1834_0010_0006_0066_0066.jpg 1 10 6 66 66
1835_0019_0008_0039_0039.jpg 1 19 8 39 39
1836_0021_0037_0031_0031.jpg 1 21 37 31 31
1837_0004_0014_0063_0063.jpg 1 4 14 63 63
1838_0009_0029_0056_0056.jpg 1 9 29 56 56
1839_0008_0043_0034_0034.jpg 1 8 43 34 34
1840_0033_0024_0052_0052.jpg 1 33 24 52 52
1841_0005_0034_0057_0057.jpg 1 5 34 57 57
1842_0035_0056_0035_0035.jpg 1 35 56 35 35
1843_0012_0015_0055_0055.jpg 1 12 15 55 55
1844_0015_0020_0069_0069.jpg 1 15 20 69 69
1845_0017_0004_0055_0055.jpg 1 17 4 55 55
1846_0018_0038_0037_0037.jpg 1 18 38 37 37
1847_0011_0045_0044_0044.jpg 1 11 45 44 44
1848_0009_0014_0056_0056.jpg 1 9 14 56 56
1849_0031_0010_0048_0048.jpg 1 31 10 48 48
1850_0017_0018_0051_0051.jpg 1 17 18 51 51
1851_0026_0029_0031_0031.jpg 1 26 29 31 31
1852_0035_0030_0060_0060.jpg 1 35 30 60 60
1853_0015_0005_0068_0068.jpg 1 15 5 68 68
1854_0026_0051_0030_0030.jpg 1 26 51 30 30
1855_0013_0004_0066_0066.jpg 1 13 4 66 66
1856_0008_0012_0063_0063.jpg 1 8 12 63 63
1857_0011_0024_0031_0031.jpg 1 11 24 31 31
1858_0017_0038_0043_0043.jpg 1 17 38 43 43
1859_0048_0038_0034_0034.jpg 1 48 38 34 34
1860_0011_0007_0066_0066.jpg 1 11 7 66 66
1861_0006_0018_0045_0045.jpg 1 6 18 45 45
1862_0034_0013_0056_0056.jpg 1 34 13 56 56
1863_0015_0009_0052_0052.jpg 1 15 9 52 52
1864_0019_0042_0047_0047.jpg 1 19 42 47 47
1865_0032_0061_0032_0032.jpg 1 32 61 32 32
1866_0044_0030_0043_0043.jpg 1 44 30 43 43
1867_0014_0034_0049_0049.jpg 1 14 34 49 49
1868_0047_0037_0036_0036.jpg 1 47 37 36 36
1869_0034_0013_0025_0025.jpg 1 34 13 25 25
1870_0015_0016_0047_0047.jpg 1 15 16 47 47
1871_0025_0019_0028_0028.jpg 1 25 19 28 28
1872_0019_0012_0046_0046.jpg 1 19 12 46 46
1873_0019_0006_0068_0068.jpg 1 19 6 68 68
1874_0032_0013_0046_0046.jpg 1 32 13 46 46
1875_0060_0017_0031_0031.jpg 1 60 17 31 31
1876_0040_0036_0052_0052.jpg 1 40 36 52 52
1877_0027_0046_0032_0032.jpg 1 27 46 32 32
1878_0009_0024_0031_0031.jpg 1 9 24 31 31
1879_0038_0049_0035_0035.jpg 1 38 49 35 35
1880_0030_0047_0026_0026.jpg 1 30 47 26 26
1881_0032_0009_0057_0057.jpg 1 32 9 57 57
1882_0014_0037_0031_0031.jpg 1 14 37 31 31
1883_0005_0034_0051_0051.jpg 1 5 34 51 51
1884_0028_0015_0064_0064.jpg 1 28 15 64 64
1885_0031_0028_0028_0028.jpg 1 31 28 28 28
1886_0021_0008_0049_0049.jpg 1 21 8 49 49
1887_0008_0014_0026_0026.jpg 1 8 14 26 26
1888_0010_0007_0060_0060.jpg 1 10 7 60 60
1889_0019_0009_0053_0053.jpg 1 19 9 53 53
1890_0024_0023_0051_0051.jpg 1 24 23 51 51
1891_0011_0011_0050_0050.jpg 1 11 11 50 50
1892_0041_0021_0046_0046.jpg 1 41 21 46 46
1893_0006_0048_0039_0039.jpg 1 6 48 39 39
1894_0020_0037_0051_0051.jpg 1 20 37 51 51
1895_0034_0031_0045_0045.jpg 1 34 31 45 45
1896_0058_0044_0034_0034.jpg 1 58 44 34 34
1897_0009_0039_0044_0044.jpg 1 9 39 44 44
1898_0036_0006_0043_0043.jpg 1 36 6 43 43
1899_0011_0013_0045_0045.jpg 1 11 13 45 45
1900_0014_0017_0031_0031.jpg 1 14 17 31 31
1901_0036_0043_0050_0050.jpg 1 36 43 50 50
1902_0052_0017_0027_0027.jpg 1 52 17 27 27
1903_0027_0009_0024_0024.jpg 1 27 9 24 24
1904_0003_0029_0067_0067.jpg 1 3 29 67 67
1905_0027_0023_0068_0068.jpg 1 27 23 68 68
1906_0035_0014_0060_0060.jpg 1 35 14 60 60
1907_0011_0061_0027_0027.jpg 1 11 61 27 27
1908_0058_0046_0029_0029.jpg 1 58 46 29 29
1909_0045_0042_0049_0049.jpg 1 45 42 49 49
1910_0026_0011_0063_0063.jpg 1 26 11 63 63
1911_0007_0016_0068_0068.jpg 1 7 16 68 68
1912_0029_0024_0043_0043.jpg 1 29 24 43 43
1913_0032_0007_0039_0039.jpg 1 32 7 39 39
1914_0032_0029_0045_0045.jpg 1 32 29 45 45
1915_0045_0021_0041_0041.jpg 1 45 21 41 41
1916_0036_0005_0052_0052.jpg 1 36 5 52 52
1917_0026_0012_0043_0043.jpg 1 26 12 43 43
1918_0038_0024_0028_0028.jpg 1 38 24 28 28
1919_0033_0064_0026_0026.jpg 1 33 64 26 26
1920_0042_0029_0042_0042.jpg 1 42 29 42 42
1921_0021_0020_0050_0050.jpg 1 21 20 50 50
1922_0028_0009_0036_0036.jpg 1 28 9 36 36
1923_0040_0016_0045_0045.jpg 1 40 16 45 45
1924_0037_0034_0024_0024.jpg 1 37 34 24 24
1925_0037_0038_0032_0032.jpg 1 37 38 32 32
1926_0027_0036_0046_0046.jpg 1 27 36 46 46
1927_0009_0015_0068_0068.jpg 1 9 15 68 68
1928_0016_0063_0027_0027.jpg 1 16 63 27 27
1929_0023_0020_0067_0067.jpg 1 23 20 67 67
1930_0024_0010_0059_0059.jpg 1 24 10 59 59
1931_0008_0049_0040_0040.jpg 1 8 49 40 40
1932_0025_0037_0044_0044.jpg 1 25 37 44 44
1933_0022_0038_0038_0038.jpg 1 22 38 38 38
1934_0057_0035_0027_0027.jpg 1 57 35 27 27
1935_0057_0031_0030_0030.jpg 1 57 31 30 30
1936_0012_0015_0060_0060.jpg 1 12 15 60 60
1937_0011_0033_0039_0039.jpg 1 11 33 39 39
1938_0007_0027_0029_0029.jpg 1 7 27 29 29
1939_0020_0006_0043_0043.jpg 1 20 6 43 43
1940_0044_0012_0036_0036.jpg 1 44 12 36 36
1941_0006_0013_0068_0068.jpg 1 6 13 68 68
1942_0056_0021_0037_0037.jpg 1 56 21 37 37
1943_0059_0055_0026_0026.jpg 1 59 55 26 26
1944_0040_0019_0036_0036.jpg 1 40 19 36 36
1945_0014_0019_0062_0062.jpg 1 14 19 62 62
1946_0054_0015_0038_0038.jpg 1 54 15 38 38
1947_0019_0015_0061_0061.jpg 1 19 15 61 61
1948_0009_0026_0052_0052.jpg 1 9 26 52 52
1949_0009_0016_0065_0065.jpg 1 9 16 65 65
1950_0034_0026_0056_0056.jpg 1 34 26 56 56
1951_0015_0009_0068_0068.jpg 1 15 9 68 68
1952_0039_0035_0051_0051.jpg 1 39 35 51 51
1953_0036_0010_0036_0036.jpg 1 36 10 36 36
1954_0047_0060_0029_0029.jpg 1 47 60 29 29
1955_0004_0035_0057_0057.jpg 1 4 35 57 57
1956_0036_0014_0043_0043.jpg 1 36 14 43 43
1957_0006_0008_0060_0060.jpg 1 6 8 60 60
1958_0040_0024_0042_0042.jpg 1 40 24 42 42
1959_0019_0024_0055_0055.jpg 1 19 24 55 55
1960_0052_0046_0034_0034.jpg 1 52 46 34 34
1961_0035_0040_0034_0034.jpg 1 35 40 34 34
1962_0024_0048_0042_0042.jpg 1 24 48 42 42
1963_0019_0009_0067_0067.jpg 1 19 9 67 67
1964_0013_0046_0033_0033.jpg 1 13 46 33 33
1965_0033_0034_0060_0060.jpg 1 33 34 60 60
1966_0007_0035_0057_0057.jpg 1 7 35 57 57
1967_0049_0035_0025_0025.jpg 1 49 35 25 25
1968_0029_0021_0066_0066.jpg 1 29 21 66 66
1969_0005_0011_0064_0064.jpg 1 5 11 64 64
1970_0042_0009_0047_0047.jpg 1 42 9 47 47
1971_0019_0015_0058_0058.jpg 1 19 15 58 58
1972_0041_0050_0044_0044.jpg 1 41 50 44 44
1973_0035_0010_0057_0057.jpg 1 35 10 57 57
1974_0043_0022_0046_0046.jpg 1 43 22 46 46
1975_0011_0012_0063_0063.jpg 1 11 12 63 63
1976_0027_0038_0027_0027.jpg 1 27 38 27 27
1977_0031_0012_0052_0052.jpg 1 31 12 52 52
1978_0004_0015_0055_0055.jpg 1 4 15 55 55
1979_0030_0008_0058_0058.jpg 1 30 8 58 58
1980_0007_0035_0047_0047.jpg 1 7 35 47 47
1981_0016_0050_0044_0044.jpg 1 16 50 44 44
1982_0041_0020_0037_0037.jpg 1 41 20 37 37
1983_0030_0023_0043_0043.jpg 1 30 23 43 43
1984_0008_0025_0026_0026.jpg 1 8 25 26 26
1985_0007_0013_0061_0061.jpg 1 7 13 61 61
1986_0019_0027_0037_0037.jpg 1 19 27 37 37
1987_0018_0062_0024_0024.jpg 1 18 62 24 24
1988_0010_0017_0063_0063.jpg 1 10 17 63 63
1989_0031_0034_0036_0036.jpg 1 31 34 36 36
1990_0039_0011_0050_0050.jpg 1 39 11 50 50
1991_0043_0039_0043_0043.jpg 1 43 39 43 43
1992_0029_0029_0056_0056.jpg 1 29 29 56 56
1993_0021_0020_0045_0045.jpg 1 21 20 45 45
1994_0024_0038_0056_0056.jpg 1 24 38 56 56
1995_0027_0009_0043_0043.jpg 1 27 9 43 43
1996_0040_0020_0037_0037.jpg 1 40 20 37 37
1997_0025_0035_0049_0049.jpg 1 25 35 49 49
1998_0020_0039_0030_0030.jpg 1 20 39 30 30
1999_0020_0019_0056_0056.jpg 1 20 19 56 56
2000_0020_0015_0047_0047.jpg 1 20 15 47 47
