0001_0015_0007_0068_0068.jpg 1 15 7 68 68
0002_0057_0016_0025_0025.jpg 1 57 16 25 25
0003_0053_0040_0032_0032.jpg 1 53 40 32 32
0004_0016_0027_0041_0041.jpg 1 16 27 41 41
0005_0011_0025_0069_0069.jpg 1 11 25 69 69
0006_0037_0006_0056_0056.jpg 1 37 6 56 56
0007_0004_0031_0052_0052.jpg 1 4 31 52 52
0008_0014_0009_0055_0055.jpg 1 14 9 55 55
0009_0031_0016_0054_0054.jpg 1 31 16 54 54
0010_0046_0013_0041_0041.jpg 1 46 13 41 41
0011_0044_0041_0042_0042.jpg 1 44 41 42 42
0012_0036_0009_0026_0026.jpg 1 36 9 26 26
0013_0017_0012_0043_0043.jpg 1 17 12 43 43
0014_0012_0018_0026_0026.jpg 1 12 18 26 26
0015_0007_0029_0063_0063.jpg 1 7 29 63 63
0016_0023_0006_0039_0039.jpg 1 23 6 39 39
0017_0013_0031_0052_0052.jpg 1 13 31 52 52
0018_0055_0041_0025_0025.jpg 1 55 41 25 25
0019_0016_0021_0066_0066.jpg 1 16 21 66 66
0020_0014_0034_0045_0045.jpg 1 14 34 45 45
0021_0022_0011_0060_0060.jpg 1 22 11 60 60
0022_0058_0052_0029_0029.jpg 1 58 52 29 29
0023_0017_0011_0069_0069.jpg 1 17 11 69 69
0024_0018_0029_0064_0064.jpg 1 18 29 64 64
0025_0049_0041_0044_0044.jpg 1 49 41 44 44
0026_0024_0020_0055_0055.jpg 1 24 20 55 55
0027_0022_0036_0031_0031.jpg 1 22 36 31 31
0028_0032_0019_0052_0052.jpg 1 32 19 52 52
0029_0019_0028_0051_0051.jpg 1 19 28 51 51
0030_0011_0030_0038_0038.jpg 1 11 30 38 38
0031_0016_0025_0049_0049.jpg 1 16 25 49 49
0032_0007_0033_0042_0042.jpg 1 7 33 42 42
0033_0047_0022_0037_0037.jpg 1 47 22 37 37
0034_0033_0038_0037_0037.jpg 1 33 38 37 37
0035_0034_0014_0053_0053.jpg 1 34 14 53 53
0036_0010_0019_0068_0068.jpg 1 10 19 68 68
0037_0022_0051_0030_0030.jpg 1 22 51 30 30
0038_0023_0014_0041_0041.jpg 1 23 14 41 41
0039_0053_0051_0037_0037.jpg 1 53 51 37 37
0040_0022_0055_0037_0037.jpg 1 22 55 37 37
0041_0030_0027_0028_0028.jpg 1 30 27 28 28
0042_0026_0011_0030_0030.jpg 1 26 11 30 30
0043_0022_0022_0061_0061.jpg 1 22 22 61 61
0044_0025_0033_0055_0055.jpg 1 25 33 55 55
0045_0006_0005_0041_0041.jpg 1 6 5 41 41
0046_0040_0046_0037_0037.jpg 1 40 46 37 37
0047_0011_0013_0031_0031.jpg 1 11 13 31 31
0048_0012_0012_0054_0054.jpg 1 12 12 54 54
0049_0030_0009_0056_0056.jpg 1 30 9 56 56
0050_0017_0030_0034_0034.jpg 1 17 30 34 34
0051_0008_0035_0026_0026.jpg 1 8 35 26 26
0052_0022_0005_0056_0056.jpg 1 22 5 56 56
0053_0006_0013_0063_0063.jpg 1 6 13 63 63
0054_0039_0062_0027_0027.jpg 1 39 62 27 27
0055_0039_0011_0045_0045.jpg 1 39 11 45 45
0056_0035_0025_0051_0051.jpg 1 35 25 51 51
0057_0006_0019_0058_0058.jpg 1 6 19 58 58
0058_0011_0042_0046_0046.jpg 1 11 42 46 46
0059_0021_0034_0033_0033.jpg 1 21 34 33 33
0060_0046_0012_0047_0047.jpg 1 46 12 47 47
0061_0042_0037_0034_0034.jpg 1 42 37 34 34
0062_0027_0036_0050_0050.jpg 1 27 36 50 50
0063_0038_0016_0041_0041.jpg 1 38 16 41 41
0064_0049_0051_0029_0029.jpg 1 49 51 29 29
0065_0022_0026_0054_0054.jpg 1 22 26 54 54
0066_0013_0010_0061_0061.jpg 1 13 10 61 61
0067_0054_0053_0038_0038.jpg 1 54 53 38 38
0068_0008_0016_0033_0033.jpg 1 8 16 33 33
0069_0012_0053_0033_0033.jpg 1 12 53 33 33
0070_0018_0007_0068_0068.jpg 1 18 7 68 68
0071_0009_0019_0069_0069.jpg 1 9 19 69 69
0072_0013_0022_0063_0063.jpg 1 13 22 63 63
0073_0008_0022_0056_0056.jpg 1 8 22 56 56
0074_0022_0016_0062_0062.jpg 1 22 16 62 62
0075_0028_0007_0051_0051.jpg 1 28 7 51 51
0076_0006_0017_0069_0069.jpg 1 6 17 69 69
0077_0030_0013_0053_0053.jpg 1 30 13 53 53
0078_0034_0054_0025_0025.jpg 1 34 54 25 25
0079_0023_0031_0024_0024.jpg 1 23 31 24 24
0080_0010_0047_0028_0028.jpg 1 10 47 28 28
0081_0045_0027_0038_0038.jpg 1 45 27 38 38
0082_0016_0068_0024_0024.jpg 1 16 68 24 24
0083_0060_0034_0028_0028.jpg 1 60 34 28 28
0084_0043_0013_0025_0025.jpg 1 43 13 25 25
0085_0034_0042_0025_0025.jpg 1 34 42 25 25
0086_0009_0023_0032_0032.jpg 1 9 23 32 32
0087_0042_0021_0029_0029.jpg 1 42 21 29 29
0088_0017_0020_0035_0035.jpg 1 17 20 35 35
0089_0006_0007_0052_0052.jpg 1 6 7 52 52
0090_0059_0037_0024_0024.jpg 1 59 37 24 24
0091_0025_0019_0062_0062.jpg 1 25 19 62 62
0092_0027_0048_0034_0034.jpg 1 27 48 34 34
0093_0014_0024_0059_0059.jpg 1 14 24 59 59
0094_0039_0049_0038_0038.jpg 1 39 49 38 38
0095_0038_0048_0041_0041.jpg 1 38 48 41 41
0096_0046_0035_0028_0028.jpg 1 46 35 28 28
0097_0021_0012_0066_0066.jpg 1 21 12 66 66
0098_0005_0024_0055_0055.jpg 1 5 24 55 55
0099_0013_0044_0045_0045.jpg 1 13 44 45 45
0100_0039_0025_0053_0053.jpg 1 39 25 53 53
0101_0017_0021_0058_0058.jpg 1 17 21 58 58
0102_0039_0039_0047_0047.jpg 1 39 39 47 47
0103_0036_0004_0059_0059.jpg 1 36 4 59 59
0104_0006_0004_0067_0067.jpg 1 6 4 67 67
0105_0057_0058_0027_0027.jpg 1 57 58 27 27
0106_0008_0041_0033_0033.jpg 1 8 41 33 33
0107_0021_0011_0037_0037.jpg 1 21 11 37 37
0108_0021_0015_0061_0061.jpg 1 21 15 61 61
0109_0017_0029_0061_0061.jpg 1 17 29 61 61
0110_0046_0038_0043_0043.jpg 1 46 38 43 43
0111_0007_0045_0024_0024.jpg 1 7 45 24 24
0112_0018_0040_0053_0053.jpg 1 18 40 53 53
0113_0041_0010_0040_0040.jpg 1 41 10 40 40
0114_0017_0020_0060_0060.jpg 1 17 20 60 60
0115_0008_0022_0058_0058.jpg 1 8 22 58 58
0116_0031_0030_0054_0054.jpg 1 31 30 54 54
0117_0006_0009_0058_0058.jpg 1 6 9 58 58
0118_0061_0028_0024_0024.jpg 1 61 28 24 24
0119_0030_0018_0064_0064.jpg 1 30 18 64 64
0120_0022_0010_0056_0056.jpg 1 22 10 56 56
0121_0040_0027_0052_0052.jpg 1 40 27 52 52
0122_0019_0015_0025_0025.jpg 1 19 15 25 25
0123_0009_0021_0066_0066.jpg 1 9 21 66 66
0124_0016_0068_0024_0024.jpg 1 16 68 24 24
0125_0034_0023_0041_0041.jpg 1 34 23 41 41
0126_0034_0008_0038_0038.jpg 1 34 8 38 38
0127_0005_0014_0067_0067.jpg 1 5 14 67 67
0128_0059_0039_0029_0029.jpg 1 59 39 29 29
0129_0036_0029_0028_0028.jpg 1 36 29 28 28
0130_0039_0021_0055_0055.jpg 1 39 21 55 55
0131_0020_0009_0059_0059.jpg 1 20 9 59 59
0132_0058_0048_0031_0031.jpg 1 58 48 31 31
0133_0028_0054_0038_0038.jpg 1 28 54 38 38
0134_0022_0025_0039_0039.jpg 1 22 25 39 39
0135_0031_0025_0059_0059.jpg 1 31 25 59 59
0136_0017_0029_0043_0043.jpg 1 17 29 43 43
0137_0039_0019_0054_0054.jpg 1 39 19 54 54
0138_0046_0049_0033_0033.jpg 1 46 49 33 33
0139_0029_0014_0065_0065.jpg 1 29 14 65 65
0140_0016_0007_0050_0050.jpg 1 16 7 50 50
0141_0013_0028_0066_0066.jpg 1 13 28 66 66
0142_0043_0035_0035_0035.jpg 1 43 35 35 35
0143_0009_0019_0039_0039.jpg 1 9 19 39 39
0144_0016_0018_0041_0041.jpg 1 16 18 41 41
0145_0009_0008_0064_0064.jpg 1 9 8 64 64
0146_0008_0027_0041_0041.jpg 1 8 27 41 41
0147_0042_0037_0040_0040.jpg 1 42 37 40 40
0148_0013_0027_0025_0025.jpg 1 13 27 25 25
0149_0024_0028_0065_0065.jpg 1 24 28 65 65
0150_0036_0005_0050_0050.jpg 1 36 5 50 50
0151_0017_0064_0026_0026.jpg 1 17 64 26 26
0152_0025_0031_0064_0064.jpg 1 25 31 64 64
0153_0018_0027_0042_0042.jpg 1 18 27 42 42
0154_0013_0026_0062_0062.jpg 1 13 26 62 62
0155_0005_0025_0053_0053.jpg 1 5 25 53 53
0156_0038_0032_0036_0036.jpg 1 38 32 36 36
0157_0037_0013_0038_0038.jpg 1 37 13 38 38
0158_0012_0042_0048_0048.jpg 1 12 42 48 48
0159_0022_0034_0060_0060.jpg 1 22 34 60 60
0160_0045_0009_0048_0048.jpg 1 45 9 48 48
0161_0046_0013_0025_0025.jpg 1 46 13 25 25
0162_0025_0057_0031_0031.jpg 1 25 57 31 31
0163_0032_0060_0026_0026.jpg 1 32 60 26 26
0164_0036_0021_0024_0024.jpg 1 36 21 24 24
0165_0038_0055_0033_0033.jpg 1 38 55 33 33
0166_0047_0033_0037_0037.jpg 1 47 33 37 37
0167_0025_0025_0057_0057.jpg 1 25 25 57 57
0168_0020_0042_0049_0049.jpg 1 20 42 49 49
0169_0019_0044_0050_0050.jpg 1 19 44 50 50
0170_0015_0013_0066_0066.jpg 1 15 13 66 66
0171_0031_0050_0026_0026.jpg 1 31 50 26 26
0172_0024_0008_0050_0050.jpg 1 24 8 50 50
0173_0033_0043_0046_0046.jpg 1 33 43 46 46
0174_0027_0006_0064_0064.jpg 1 27 6 64 64
0175_0037_0014_0055_0055.jpg 1 37 14 55 55
0176_0042_0011_0045_0045.jpg 1 42 11 45 45
0177_0019_0031_0048_0048.jpg 1 19 31 48 48
0178_0020_0019_0052_0052.jpg 1 20 19 52 52
0179_0019_0019_0061_0061.jpg 1 19 19 61 61
0180_0028_0045_0048_0048.jpg 1 28 45 48 48
0181_0015_0006_0069_0069.jpg 1 15 6 69 69
0182_0056_0008_0037_0037.jpg 1 56 8 37 37
0183_0015_0055_0030_0030.jpg 1 15 55 30 30
0184_0016_0020_0066_0066.jpg 1 16 20 66 66
0185_0013_0007_0043_0043.jpg 1 13 7 43 43
0186_0014_0052_0041_0041.jpg 1 14 52 41 41
0187_0010_0006_0047_0047.jpg 1 10 6 47 47
0188_0032_0025_0046_0046.jpg 1 32 25 46 46
0189_0013_0010_0026_0026.jpg 1 13 10 26 26
0190_0024_0023_0067_0067.jpg 1 24 23 67 67
0191_0042_0039_0031_0031.jpg 1 42 39 31 31
0192_0044_0030_0032_0032.jpg 1 44 30 32 32
0193_0028_0022_0068_0068.jpg 1 28 22 68 68
0194_0041_0014_0026_0026.jpg 1 41 14 26 26
0195_0037_0005_0057_0057.jpg 1 37 5 57 57
0196_0027_0007_0069_0069.jpg 1 27 7 69 69
0197_0028_0019_0067_0067.jpg 1 28 19 67 67
0198_0039_0025_0050_0050.jpg 1 39 25 50 50
0199_0032_0033_0028_0028.jpg 1 32 33 28 28
0200_0022_0044_0045_0045.jpg 1 22 44 45 45
0201_0007_0007_0067_0067.jpg 1 7 7 67 67
0202_0006_0014_0061_0061.jpg 1 6 14 61 61
0203_0019_0042_0029_0029.jpg 1 19 42 29 29
0204_0015_0020_0059_0059.jpg 1 15 20 59 59
0205_0010_0042_0046_0046.jpg 1 10 42 46 46
0206_0003_0025_0069_0069.jpg 1 3 25 69 69
0207_0017_0015_0036_0036.jpg 1 17 15 36 36
0208_0005_0008_0056_0056.jpg 1 5 8 56 56
0209_0027_0031_0051_0051.jpg 1 27 31 51 51
0210_0013_0028_0049_0049.jpg 1 13 28 49 49
0211_0045_0035_0034_0034.jpg 1 45 35 34 34
0212_0045_0026_0029_0029.jpg 1 45 26 29 29
0213_0046_0008_0040_0040.jpg 1 46 8 40 40
0214_0009_0018_0064_0064.jpg 1 9 18 64 64
0215_0023_0019_0032_0032.jpg 1 23 19 32 32
0216_0028_0037_0026_0026.jpg 1 28 37 26 26
0217_0035_0007_0060_0060.jpg 1 35 7 60 60
0218_0025_0011_0053_0053.jpg 1 25 11 53 53
0219_0024_0029_0065_0065.jpg 1 24 29 65 65
0220_0008_0033_0053_0053.jpg 1 8 33 53 53
0221_0037_0009_0031_0031.jpg 1 37 9 31 31
0222_0059_0042_0033_0033.jpg 1 59 42 33 33
0223_0039_0032_0043_0043.jpg 1 39 32 43 43
0224_0045_0016_0033_0033.jpg 1 45 16 33 33
0225_0052_0019_0041_0041.jpg 1 52 19 41 41
0226_0013_0044_0032_0032.jpg 1 13 44 32 32
0227_0021_0006_0061_0061.jpg 1 21 6 61 61
0228_0033_0037_0038_0038.jpg 1 33 37 38 38
0229_0029_0018_0024_0024.jpg 1 29 18 24 24
0230_0025_0016_0042_0042.jpg 1 25 16 42 42
0231_0023_0019_0055_0055.jpg 1 23 19 55 55
0232_0015_0023_0057_0057.jpg 1 15 23 57 57
0233_0050_0017_0037_0037.jpg 1 50 17 37 37
0234_0028_0028_0028_0028.jpg 1 28 28 28 28
0235_0009_0024_0055_0055.jpg 1 9 24 55 55
0236_0027_0026_0068_0068.jpg 1 27 26 68 68
0237_0057_0041_0028_0028.jpg 1 57 41 28 28
0238_0014_0024_0041_0041.jpg 1 14 24 41 41
0239_0006_0033_0063_0063.jpg 1 6 33 63 63
0240_0026_0031_0052_0052.jpg 1 26 31 52 52
0241_0038_0041_0051_0051.jpg 1 38 41 51 51
0242_0039_0013_0050_0050.jpg 1 39 13 50 50
0243_0031_0024_0059_0059.jpg 1 31 24 59 59
0244_0035_0048_0030_0030.jpg 1 35 48 30 30
0245_0005_0022_0057_0057.jpg 1 5 22 57 57
0246_0028_0014_0039_0039.jpg 1 28 14 39 39
0247_0025_0031_0035_0035.jpg 1 25 31 35 35
0248_0020_0030_0028_0028.jpg 1 20 30 28 28
0249_0065_0053_0027_0027.jpg 1 65 53 27 27
0250_0040_0038_0051_0051.jpg 1 40 38 51 51
0251_0043_0011_0036_0036.jpg 1 43 11 36 36
0252_0022_0027_0040_0040.jpg 1 22 27 40 40
0253_0005_0021_0041_0041.jpg 1 5 21 41 41
0254_0022_0014_0069_0069.jpg 1 22 14 69 69
0255_0028_0025_0056_0056.jpg 1 28 25 56 56
0256_0041_0014_0054_0054.jpg 1 41 14 54 54
0257_0007_0024_0065_0065.jpg 1 7 24 65 65
0258_0011_0005_0051_0051.jpg 1 11 5 51 51
0259_0012_0025_0037_0037.jpg 1 12 25 37 37
0260_0035_0012_0026_0026.jpg 1 35 12 26 26
0261_0008_0050_0035_0035.jpg 1 8 50 35 35
0262_0044_0019_0031_0031.jpg 1 44 19 31 31
0263_0023_0005_0053_0053.jpg 1 23 5 53 53
0264_0036_0013_0051_0051.jpg 1 36 13 51 51
0265_0046_0039_0028_0028.jpg 1 46 39 28 28
0266_0013_0012_0063_0063.jpg 1 13 12 63 63
0267_0019_0027_0048_0048.jpg 1 19 27 48 48
0268_0011_0065_0024_0024.jpg 1 11 65 24 24
0269_0038_0035_0027_0027.jpg 1 38 35 27 27
0270_0021_0028_0039_0039.jpg 1 21 28 39 39
0271_0015_0039_0051_0051.jpg 1 15 39 51 51
0272_0052_0051_0035_0035.jpg 1 52 51 35 35
0273_0025_0023_0057_0057.jpg 1 25 23 57 57
0274_0060_0009_0030_0030.jpg 1 60 9 30 30
0275_0010_0044_0033_0033.jpg 1 10 44 33 33
0276_0013_0007_0068_0068.jpg 1 13 7 68 68
0277_0014_0005_0051_0051.jpg 1 14 5 51 51
0278_0019_0018_0038_0038.jpg 1 19 18 38 38
0279_0044_0021_0038_0038.jpg 1 44 21 38 38
0280_0011_0026_0032_0032.jpg 1 11 26 32 32
0281_0030_0004_0052_0052.jpg 1 30 4 52 52
0282_0006_0013_0041_0041.jpg 1 6 13 41 41
0283_0046_0006_0033_0033.jpg 1 46 6 33 33
0284_0038_0046_0028_0028.jpg 1 38 46 28 28
0285_0049_0015_0035_0035.jpg 1 49 15 35 35
0286_0048_0009_0024_0024.jpg 1 48 9 24 24
0287_0028_0029_0059_0059.jpg 1 28 29 59 59
0288_0026_0041_0052_0052.jpg 1 26 41 52 52
0289_0010_0042_0034_0034.jpg 1 10 42 34 34
0290_0019_0045_0039_0039.jpg 1 19 45 39 39
0291_0015_0019_0024_0024.jpg 1 15 19 24 24
0292_0016_0006_0040_0040.jpg 1 16 6 40 40
0293_0007_0056_0031_0031.jpg 1 7 56 31 31
0294_0014_0025_0066_0066.jpg 1 14 25 66 66
0295_0034_0046_0039_0039.jpg 1 34 46 39 39
0296_0019_0030_0052_0052.jpg 1 19 30 52 52
0297_0032_0011_0038_0038.jpg 1 32 11 38 38
0298_0022_0046_0037_0037.jpg 1 22 46 37 37
0299_0004_0007_0055_0055.jpg 1 4 7 55 55
0300_0051_0009_0026_0026.jpg 1 51 9 26 26
0301_0004_0009_0061_0061.jpg 1 4 9 61 61
0302_0010_0025_0055_0055.jpg 1 10 25 55 55
0303_0060_0046_0029_0029.jpg 1 60 46 29 29
0304_0019_0008_0064_0064.jpg 1 19 8 64 64
0305_0005_0027_0055_0055.jpg 1 5 27 55 55
0306_0021_0010_0026_0026.jpg 1 21 10 26 26
0307_0054_0030_0030_0030.jpg 1 54 30 30 30
0308_0010_0031_0027_0027.jpg 1 10 31 27 27
0309_0012_0008_0048_0048.jpg 1 12 8 48 48
0310_0027_0018_0034_0034.jpg 1 27 18 34 34
0311_0020_0015_0063_0063.jpg 1 20 15 63 63
0312_0029_0022_0048_0048.jpg 1 29 22 48 48
0313_0044_0053_0031_0031.jpg 1 44 53 31 31
0314_0026_0029_0048_0048.jpg 1 26 29 48 48
0315_0018_0026_0069_0069.jpg 1 18 26 69 69
0316_0010_0022_0067_0067.jpg 1 10 22 67 67
0317_0018_0007_0063_0063.jpg 1 18 7 63 63
0318_0019_0029_0047_0047.jpg 1 19 29 47 47
0319_0008_0033_0026_0026.jpg 1 8 33 26 26
0320_0051_0013_0024_0024.jpg 1 51 13 24 24
0321_0020_0057_0029_0029.jpg 1 20 57 29 29
0322_0031_0036_0046_0046.jpg 1 31 36 46 46
0323_0019_0020_0069_0069.jpg 1 19 20 69 69
0324_0018_0013_0063_0063.jpg 1 18 13 63 63
0325_0024_0005_0048_0048.jpg 1 24 5 48 48
0326_0013_0052_0024_0024.jpg 1 13 52 24 24
0327_0032_0005_0057_0057.jpg 1 32 5 57 57
0328_0031_0060_0032_0032.jpg 1 31 60 32 32
0329_0023_0058_0031_0031.jpg 1 23 58 31 31
0330_0026_0009_0050_0050.jpg 1 26 9 50 50
0331_0025_0027_0050_0050.jpg 1 25 27 50 50
0332_0038_0012_0051_0051.jpg 1 38 12 51 51
0333_0013_0029_0049_0049.jpg 1 13 29 49 49
0334_0046_0055_0024_0024.jpg 1 46 55 24 24
0335_0050_0040_0042_0042.jpg 1 50 40 42 42
0336_0030_0029_0051_0051.jpg 1 30 29 51 51
0337_0037_0046_0039_0039.jpg 1 37 46 39 39
0338_0005_0037_0051_0051.jpg 1 5 37 51 51
0339_0027_0008_0045_0045.jpg 1 27 8 45 45
0340_0016_0031_0044_0044.jpg 1 16 31 44 44
0341_0050_0013_0032_0032.jpg 1 50 13 32 32
0342_0020_0021_0026_0026.jpg 1 20 21 26 26
0343_0029_0048_0031_0031.jpg 1 29 48 31 31
0344_0012_0041_0027_0027.jpg 1 12 41 27 27
0345_0019_0037_0031_0031.jpg 1 19 37 31 31
0346_0023_0024_0064_0064.jpg 1 23 24 64 64
0347_0052_0023_0029_0029.jpg 1 52 23 29 29
0348_0040_0019_0054_0054.jpg 1 40 19 54 54
0349_0012_0019_0054_0054.jpg 1 12 19 54 54
0350_0029_0041_0035_0035.jpg 1 29 41 35 35
0351_0041_0048_0045_0045.jpg 1 41 48 45 45
0352_0054_0027_0036_0036.jpg 1 54 27 36 36
0353_0032_0020_0042_0042.jpg 1 32 20 42 42
0354_0045_0049_0036_0036.jpg 1 45 49 36 36
0355_0026_0021_0062_0062.jpg 1 26 21 62 62
0356_0018_0032_0033_0033.jpg 1 18 32 33 33
0357_0007_0006_0067_0067.jpg 1 7 6 67 67
0358_0030_0015_0052_0052.jpg 1 30 15 52 52
0359_0023_0026_0056_0056.jpg 1 23 26 56 56
0360_0022_0016_0029_0029.jpg 1 22 16 29 29
0361_0045_0053_0037_0037.jpg 1 45 53 37 37
0362_0008_0009_0068_0068.jpg 1 8 9 68 68
0363_0010_0037_0052_0052.jpg 1 10 37 52 52
0364_0056_0056_0033_0033.jpg 1 56 56 33 33
0365_0029_0023_0029_0029.jpg 1 29 23 29 29
0366_0034_0051_0025_0025.jpg 1 34 51 25 25
0367_0033_0032_0043_0043.jpg 1 33 32 43 43
0368_0007_0025_0062_0062.jpg 1 7 25 62 62
0369_0013_0011_0025_0025.jpg 1 13 11 25 25
0370_0030_0028_0036_0036.jpg 1 30 28 36 36
0371_0012_0016_0061_0061.jpg 1 12 16 61 61
0372_0011_0012_0059_0059.jpg 1 11 12 59 59
0373_0028_0011_0051_0051.jpg 1 28 11 51 51
0374_0046_0042_0027_0027.jpg 1 46 42 27 27
0375_0031_0044_0039_0039.jpg 1 31 44 39 39
0376_0020_0047_0028_0028.jpg 1 20 47 28 28
0377_0021_0006_0046_0046.jpg 1 21 6 46 46
0378_0020_0003_0068_0068.jpg 1 20 3 68 68
0379_0021_0023_0065_0065.jpg 1 21 23 65 65
0380_0012_0016_0037_0037.jpg 1 12 16 37 37
0381_0035_0052_0031_0031.jpg 1 35 52 31 31
0382_0053_0008_0040_0040.jpg 1 53 8 40 40
0383_0023_0016_0042_0042.jpg 1 23 16 42 42
0384_0036_0025_0054_0054.jpg 1 36 25 54 54
0385_0019_0015_0055_0055.jpg 1 19 15 55 55
0386_0025_0017_0066_0066.jpg 1 25 17 66 66
0387_0018_0026_0031_0031.jpg 1 18 26 31 31
0388_0026_0005_0055_0055.jpg 1 26 5 55 55
0389_0020_0008_0042_0042.jpg 1 20 8 42 42
0390_0007_0014_0036_0036.jpg 1 7 14 36 36
0391_0028_0030_0065_0065.jpg 1 28 30 65 65
0392_0063_0041_0029_0029.jpg 1 63 41 29 29
0393_0025_0008_0034_0034.jpg 1 25 8 34 34
0394_0028_0043_0046_0046.jpg 1 28 43 46 46
0395_0016_0052_0024_0024.jpg 1 16 52 24 24
0396_0014_0055_0031_0031.jpg 1 14 55 31 31
0397_0044_0008_0038_0038.jpg 1 44 8 38 38
0398_0039_0044_0026_0026.jpg 1 39 44 26 26
0399_0035_0023_0047_0047.jpg 1 35 23 47 47
0400_0046_0028_0037_0037.jpg 1 46 28 37 37
0401_0052_0041_0028_0028.jpg 1 52 41 28 28
0402_0015_0004_0059_0059.jpg 1 15 4 59 59
0403_0029_0043_0042_0042.jpg 1 29 43 42 42
0404_0024_0007_0064_0064.jpg 1 24 7 64 64
0405_0010_0020_0047_0047.jpg 1 10 20 47 47
0406_0024_0034_0057_0057.jpg 1 24 34 57 57
0407_0008_0024_0042_0042.jpg 1 8 24 42 42
0408_0006_0026_0058_0058.jpg 1 6 26 58 58
0409_0041_0034_0031_0031.jpg 1 41 34 31 31
0410_0043_0041_0051_0051.jpg 1 43 41 51 51
0411_0021_0023_0024_0024.jpg 1 21 23 24 24
0412_0032_0014_0063_0063.jpg 1 32 14 63 63
0413_0020_0017_0061_0061.jpg 1 20 17 61 61
0414_0036_0027_0059_0059.jpg 1 36 27 59 59
0415_0018_0019_0034_0034.jpg 1 18 19 34 34
0416_0017_0043_0032_0032.jpg 1 17 43 32 32
0417_0033_0023_0031_0031.jpg 1 33 23 31 31
0418_0024_0021_0031_0031.jpg 1 24 21 31 31
0419_0010_0038_0026_0026.jpg 1 10 38 26 26
0420_0029_0031_0062_0062.jpg 1 29 31 62 62
0421_0034_0050_0031_0031.jpg 1 34 50 31 31
0422_0016_0068_0024_0024.jpg 1 16 68 24 24
0423_0006_0018_0065_0065.jpg 1 6 18 65 65
0424_0031_0030_0051_0051.jpg 1 31 30 51 51
0425_0028_0034_0047_0047.jpg 1 28 34 47 47
0426_0025_0004_0064_0064.jpg 1 25 4 64 64
0427_0012_0027_0069_0069.jpg 1 12 27 69 69
0428_0007_0045_0049_0049.jpg 1 7 45 49 49
0429_0007_0017_0058_0058.jpg 1 7 17 58 58
0430_0063_0020_0026_0026.jpg 1 63 20 26 26
0431_0011_0036_0042_0042.jpg 1 11 36 42 42
0432_0050_0009_0026_0026.jpg 1 50 9 26 26
0433_0011_0039_0050_0050.jpg 1 11 39 50 50
0434_0020_0007_0069_0069.jpg 1 20 7 69 69
0435_0054_0061_0031_0031.jpg 1 54 61 31 31
0436_0007_0029_0065_0065.jpg 1 7 29 65 65
0437_0040_0014_0054_0054.jpg 1 40 14 54 54
0438_0009_0026_0065_0065.jpg 1 9 26 65 65
0439_0029_0040_0050_0050.jpg 1 29 40 50 50
0440_0026_0015_0060_0060.jpg 1 26 15 60 60
0441_0030_0026_0025_0025.jpg 1 30 26 25 25
0442_0014_0021_0065_0065.jpg 1 14 21 65 65
0443_0009_0046_0048_0048.jpg 1 9 46 48 48
0444_0025_0025_0034_0034.jpg 1 25 25 34 34
0445_0020_0016_0025_0025.jpg 1 20 16 25 25
0446_0051_0028_0035_0035.jpg 1 51 28 35 35
0447_0040_0046_0039_0039.jpg 1 40 46 39 39
0448_0008_0036_0037_0037.jpg 1 8 36 37 37
0449_0016_0007_0059_0059.jpg 1 16 7 59 59
0450_0024_0026_0049_0049.jpg 1 24 26 49 49
0451_0040_0030_0041_0041.jpg 1 40 30 41 41
0452_0026_0039_0054_0054.jpg 1 26 39 54 54
0453_0010_0020_0047_0047.jpg 1 10 20 47 47
0454_0010_0041_0043_0043.jpg 1 10 41 43 43
0455_0032_0031_0039_0039.jpg 1 32 31 39 39
0456_0031_0036_0057_0057.jpg 1 31 36 57 57
0457_0024_0035_0053_0053.jpg 1 24 35 53 53
0458_0021_0021_0050_0050.jpg 1 21 21 50 50
0459_0028_0021_0045_0045.jpg 1 28 21 45 45
0460_0030_0004_0064_0064.jpg 1 30 4 64 64
0461_0013_0023_0053_0053.jpg 1 13 23 53 53
0462_0036_0014_0024_0024.jpg 1 36 14 24 24
0463_0017_0014_0048_0048.jpg 1 17 14 48 48
0464_0051_0026_0039_0039.jpg 1 51 26 39 39
0465_0024_0014_0047_0047.jpg 1 24 14 47 47
0466_0022_0013_0065_0065.jpg 1 22 13 65 65
0467_0046_0014_0035_0035.jpg 1 46 14 35 35
0468_0021_0022_0043_0043.jpg 1 21 22 43 43
0469_0029_0057_0028_0028.jpg 1 29 57 28 28
0470_0006_0027_0067_0067.jpg 1 6 27 67 67
0471_0052_0053_0040_0040.jpg 1 52 53 40 40
0472_0010_0007_0057_0057.jpg 1 10 7 57 57
0473_0032_0045_0037_0037.jpg 1 32 45 37 37
0474_0006_0039_0049_0049.jpg 1 6 39 49 49
0475_0045_0051_0027_0027.jpg 1 45 51 27 27
0476_0022_0004_0057_0057.jpg 1 22 4 57 57
0477_0015_0014_0068_0068.jpg 1 15 14 68 68
0478_0031_0031_0064_0064.jpg 1 31 31 64 64
0479_0008_0011_0047_0047.jpg 1 8 11 47 47
0480_0052_0026_0038_0038.jpg 1 52 26 38 38
0481_0041_0044_0047_0047.jpg 1 41 44 47 47
0482_0017_0017_0049_0049.jpg 1 17 17 49 49
0483_0047_0062_0027_0027.jpg 1 47 62 27 27
0484_0038_0042_0049_0049.jpg 1 38 42 49 49
0485_0006_0018_0063_0063.jpg 1 6 18 63 63
0486_0036_0035_0032_0032.jpg 1 36 35 32 32
0487_0009_0051_0037_0037.jpg 1 9 51 37 37
0488_0045_0049_0027_0027.jpg 1 45 49 27 27
0489_0011_0018_0047_0047.jpg 1 11 18 47 47
0490_0042_0061_0025_0025.jpg 1 42 61 25 25
0491_0036_0007_0027_0027.jpg 1 36 7 27 27
0492_0016_0018_0069_0069.jpg 1 16 18 69 69
0493_0029_0024_0024_0024.jpg 1 29 24 24 24
0494_0023_0043_0051_0051.jpg 1 23 43 51 51
0495_0048_0061_0031_0031.jpg 1 48 61 31 31
0496_0047_0032_0040_0040.jpg 1 47 32 40 40
0497_0018_0012_0045_0045.jpg 1 18 12 45 45
0498_0012_0005_0052_0052.jpg 1 12 5 52 52
0499_0009_0017_0034_0034.jpg 1 9 17 34 34
0500_0039_0027_0032_0032.jpg 1 39 27 32 32
0501_0006_0051_0039_0039.jpg 1 6 51 39 39
0502_0045_0040_0027_0027.jpg 1 45 40 27 27
0503_0034_0012_0053_0053.jpg 1 34 12 53 53
0504_0042_0055_0034_0034.jpg 1 42 55 34 34
0505_0010_0033_0053_0053.jpg 1 10 33 53 53
0506_0020_0061_0026_0026.jpg 1 20 61 26 26
0507_0028_0036_0045_0045.jpg 1 28 36 45 45
0508_0004_0029_0061_0061.jpg 1 4 29 61 61
0509_0044_0039_0045_0045.jpg 1 44 39 45 45
0510_0029_0014_0065_0065.jpg 1 29 14 65 65
0511_0015_0033_0036_0036.jpg 1 15 33 36 36
0512_0022_0014_0039_0039.jpg 1 22 14 39 39
0513_0029_0023_0052_0052.jpg 1 29 23 52 52
0514_0016_0006_0040_0040.jpg 1 16 6 40 40
0515_0029_0063_0029_0029.jpg 1 29 63 29 29
0516_0029_0032_0034_0034.jpg 1 29 32 34 34
0517_0023_0025_0027_0027.jpg 1 23 25 27 27
0518_0018_0034_0044_0044.jpg 1 18 34 44 44
0519_0021_0018_0038_0038.jpg 1 21 18 38 38
0520_0048_0012_0042_0042.jpg 1 48 12 42 42
0521_0007_0009_0051_0051.jpg 1 7 9 51 51
0522_0013_0015_0052_0052.jpg 1 13 15 52 52
0523_0025_0042_0025_0025.jpg 1 25 42 25 25
0524_0037_0038_0033_0033.jpg 1 37 38 33 33
0525_0025_0050_0024_0024.jpg 1 25 50 24 24
0526_0022_0016_0067_0067.jpg 1 22 16 67 67
0527_0033_0019_0041_0041.jpg 1 33 19 41 41
0528_0018_0031_0060_0060.jpg 1 18 31 60 60
0529_0040_0034_0054_0054.jpg 1 40 34 54 54
0530_0012_0029_0063_0063.jpg 1 12 29 63 63
0531_0021_0032_0061_0061.jpg 1 21 32 61 61
0532_0035_0009_0060_0060.jpg 1 35 9 60 60
0533_0019_0049_0041_0041.jpg 1 19 49 41 41
0534_0007_0034_0059_0059.jpg 1 7 34 59 59
0535_0009_0035_0049_0049.jpg 1 9 35 49 49
0536_0019_0052_0041_0041.jpg 1 19 52 41 41
0537_0043_0013_0048_0048.jpg 1 43 13 48 48
0538_0024_0044_0040_0040.jpg 1 24 44 40 40
0539_0009_0020_0067_0067.jpg 1 9 20 67 67
0540_0011_0044_0027_0027.jpg 1 11 44 27 27
0541_0006_0018_0063_0063.jpg 1 6 18 63 63
0542_0063_0009_0024_0024.jpg 1 63 9 24 24
0543_0021_0007_0057_0057.jpg 1 21 7 57 57
0544_0022_0014_0067_0067.jpg 1 22 14 67 67
0545_0024_0008_0048_0048.jpg 1 24 8 48 48
0546_0008_0040_0051_0051.jpg 1 8 40 51 51
0547_0051_0016_0024_0024.jpg 1 51 16 24 24
0548_0044_0010_0046_0046.jpg 1 44 10 46 46
0549_0059_0038_0032_0032.jpg 1 59 38 32 32
0550_0043_0012_0026_0026.jpg 1 43 12 26 26
0551_0025_0017_0047_0047.jpg 1 25 17 47 47
0552_0014_0036_0033_0033.jpg 1 14 36 33 33
0553_0041_0033_0034_0034.jpg 1 41 33 34 34
0554_0043_0030_0041_0041.jpg 1 43 30 41 41
0555_0061_0018_0028_0028.jpg 1 61 18 28 28
0556_0012_0024_0044_0044.jpg 1 12 24 44 44
0557_0032_0023_0061_0061.jpg 1 32 23 61 61
0558_0049_0058_0028_0028.jpg 1 49 58 28 28
0559_0028_0017_0062_0062.jpg 1 28 17 62 62
0560_0019_0030_0052_0052.jpg 1 19 30 52 52
0561_0044_0056_0035_0035.jpg 1 44 56 35 35
0562_0021_0016_0055_0055.jpg 1 21 16 55 55
0563_0007_0043_0030_0030.jpg 1 7 43 30 30
0564_0007_0026_0064_0064.jpg 1 7 26 64 64
0565_0051_0051_0025_0025.jpg 1 51 51 25 25
0566_0036_0029_0050_0050.jpg 1 36 29 50 50
0567_0021_0030_0031_0031.jpg 1 21 30 31 31
0568_0015_0032_0040_0040.jpg 1 15 32 40 40
0569_0035_0060_0025_0025.jpg 1 35 60 25 25
0570_0045_0010_0037_0037.jpg 1 45 10 37 37
0571_0012_0040_0046_0046.jpg 1 12 40 46 46
0572_0012_0023_0058_0058.jpg 1 12 23 58 58
0573_0028_0020_0051_0051.jpg 1 28 20 51 51
0574_0029_0043_0028_0028.jpg 1 29 43 28 28
0575_0021_0013_0057_0057.jpg 1 21 13 57 57
0576_0042_0013_0037_0037.jpg 1 42 13 37 37
0577_0039_0052_0024_0024.jpg 1 39 52 24 24
0578_0027_0065_0026_0026.jpg 1 27 65 26 26
0579_0026_0012_0057_0057.jpg 1 26 12 57 57
0580_0059_0033_0032_0032.jpg 1 59 33 32 32
0581_0004_0028_0065_0065.jpg 1 4 28 65 65
0582_0055_0048_0036_0036.jpg 1 55 48 36 36
0583_0022_0006_0067_0067.jpg 1 22 6 67 67
0584_0024_0015_0053_0053.jpg 1 24 15 53 53
0585_0029_0020_0065_0065.jpg 1 29 20 65 65
0586_0039_0011_0042_0042.jpg 1 39 11 42 42
0587_0011_0044_0030_0030.jpg 1 11 44 30 30
0588_0006_0038_0037_0037.jpg 1 6 38 37 37
0589_0015_0030_0043_0043.jpg 1 15 30 43 43
0590_0017_0024_0066_0066.jpg 1 17 24 66 66
0591_0037_0019_0040_0040.jpg 1 37 19 40 40
0592_0019_0009_0056_0056.jpg 1 19 9 56 56
0593_0031_0039_0050_0050.jpg 1 31 39 50 50
0594_0007_0016_0050_0050.jpg 1 7 16 50 50
0595_0020_0019_0066_0066.jpg 1 20 19 66 66
0596_0051_0057_0025_0025.jpg 1 51 57 25 25
0597_0028_0034_0043_0043.jpg 1 28 34 43 43
0598_0012_0016_0052_0052.jpg 1 12 16 52 52
0599_0032_0030_0045_0045.jpg 1 32 30 45 45
0600_0037_0036_0053_0053.jpg 1 37 36 53 53
0601_0040_0018_0036_0036.jpg 1 40 18 36 36
0602_0016_0029_0066_0066.jpg 1 16 29 66 66
0603_0005_0015_0042_0042.jpg 1 5 15 42 42
0604_0062_0012_0028_0028.jpg 1 62 12 28 28
0605_0040_0050_0031_0031.jpg 1 40 50 31 31
0606_0015_0013_0031_0031.jpg 1 15 13 31 31
0607_0018_0017_0061_0061.jpg 1 18 17 61 61
0608_0020_0033_0044_0044.jpg 1 20 33 44 44
0609_0059_0027_0024_0024.jpg 1 59 27 24 24
0610_0005_0040_0047_0047.jpg 1 5 40 47 47
0611_0034_0011_0051_0051.jpg 1 34 11 51 51
0612_0061_0040_0031_0031.jpg 1 61 40 31 31
0613_0028_0035_0052_0052.jpg 1 28 35 52 52
0614_0051_0033_0024_0024.jpg 1 51 33 24 24
0615_0028_0021_0063_0063.jpg 1 28 21 63 63
0616_0022_0033_0052_0052.jpg 1 22 33 52 52
0617_0013_0052_0024_0024.jpg 1 13 52 24 24
0618_0021_0058_0031_0031.jpg 1 21 58 31 31
0619_0004_0010_0055_0055.jpg 1 4 10 55 55
0620_0027_0030_0028_0028.jpg 1 27 30 28 28
0621_0007_0023_0039_0039.jpg 1 7 23 39 39
0622_0051_0027_0034_0034.jpg 1 51 27 34 34
0623_0008_0013_0037_0037.jpg 1 8 13 37 37
0624_0027_0024_0067_0067.jpg 1 27 24 67 67
0625_0011_0009_0026_0026.jpg 1 11 9 26 26
0626_0011_0013_0061_0061.jpg 1 11 13 61 61
0627_0028_0036_0043_0043.jpg 1 28 36 43 43
0628_0031_0046_0043_0043.jpg 1 31 46 43 43
0629_0036_0035_0044_0044.jpg 1 36 35 44 44
0630_0040_0044_0034_0034.jpg 1 40 44 34 34
0631_0043_0036_0043_0043.jpg 1 43 36 43 43
0632_0028_0029_0036_0036.jpg 1 28 29 36 36
0633_0055_0020_0030_0030.jpg 1 55 20 30 30
0634_0029_0053_0029_0029.jpg 1 29 53 29 29
0635_0047_0013_0043_0043.jpg 1 47 13 43 43
0636_0022_0023_0067_0067.jpg 1 22 23 67 67
0637_0033_0027_0036_0036.jpg 1 33 27 36 36
0638_0021_0012_0051_0051.jpg 1 21 12 51 51
0639_0004_0015_0064_0064.jpg 1 4 15 64 64
0640_0045_0021_0033_0033.jpg 1 45 21 33 33
0641_0035_0028_0037_0037.jpg 1 35 28 37 37
0642_0007_0027_0041_0041.jpg 1 7 27 41 41
0643_0043_0028_0027_0027.jpg 1 43 28 27 27
0644_0049_0043_0033_0033.jpg 1 49 43 33 33
0645_0023_0028_0038_0038.jpg 1 23 28 38 38
0646_0016_0035_0050_0050.jpg 1 16 35 50 50
0647_0031_0022_0063_0063.jpg 1 31 22 63 63
0648_0011_0031_0055_0055.jpg 1 11 31 55 55
0649_0021_0018_0033_0033.jpg 1 21 18 33 33
0650_0008_0028_0065_0065.jpg 1 8 28 65 65
0651_0041_0009_0029_0029.jpg 1 41 9 29 29
0652_0013_0040_0051_0051.jpg 1 13 40 51 51
0653_0020_0003_0069_0069.jpg 1 20 3 69 69
0654_0048_0036_0029_0029.jpg 1 48 36 29 29
0655_0034_0009_0053_0053.jpg 1 34 9 53 53
0656_0008_0021_0062_0062.jpg 1 8 21 62 62
0657_0010_0008_0067_0067.jpg 1 10 8 67 67
0658_0019_0018_0066_0066.jpg 1 19 18 66 66
0659_0016_0008_0059_0059.jpg 1 16 8 59 59
0660_0022_0003_0062_0062.jpg 1 22 3 62 62
0661_0028_0039_0042_0042.jpg 1 28 39 42 42
0662_0030_0029_0042_0042.jpg 1 30 29 42 42
0663_0022_0018_0058_0058.jpg 1 22 18 58 58
0664_0008_0005_0052_0052.jpg 1 8 5 52 52
0665_0009_0031_0025_0025.jpg 1 9 31 25 25
0666_0013_0040_0030_0030.jpg 1 13 40 30 30
0667_0023_0019_0062_0062.jpg 1 23 19 62 62
0668_0039_0020_0054_0054.jpg 1 39 20 54 54
0669_0050_0014_0040_0040.jpg 1 50 14 40 40
0670_0029_0009_0050_0050.jpg 1 29 9 50 50
0671_0012_0007_0046_0046.jpg 1 12 7 46 46
0672_0047_0015_0046_0046.jpg 1 47 15 46 46
0673_0036_0039_0037_0037.jpg 1 36 39 37 37
0674_0042_0038_0047_0047.jpg 1 42 38 47 47
0675_0014_0042_0040_0040.jpg 1 14 42 40 40
0676_0005_0017_0055_0055.jpg 1 5 17 55 55
0677_0020_0066_0026_0026.jpg 1 20 66 26 26
0678_0064_0052_0027_0027.jpg 1 64 52 27 27
0679_0026_0038_0042_0042.jpg 1 26 38 42 42
0680_0060_0039_0027_0027.jpg 1 60 39 27 27
0681_0015_0051_0033_0033.jpg 1 15 51 33 33
0682_0014_0032_0059_0059.jpg 1 14 32 59 59
0683_0047_0045_0032_0032.jpg 1 47 45 32 32
0684_0023_0012_0032_0032.jpg 1 23 12 32 32
0685_0031_0014_0056_0056.jpg 1 31 14 56 56
0686_0029_0013_0048_0048.jpg 1 29 13 48 48
0687_0057_0022_0034_0034.jpg 1 57 22 34 34
0688_0025_0024_0065_0065.jpg 1 25 24 65 65
0689_0024_0022_0045_0045.jpg 1 24 22 45 45
0690_0039_0017_0038_0038.jpg 1 39 17 38 38
0691_0011_0012_0031_0031.jpg 1 11 12 31 31
0692_0050_0033_0043_0043.jpg 1 50 33 43 43
0693_0023_0027_0051_0051.jpg 1 23 27 51 51
0694_0025_0029_0040_0040.jpg 1 25 29 40 40
0695_0016_0025_0052_0052.jpg 1 16 25 52 52
0696_0028_0027_0056_0056.jpg 1 28 27 56 56
0697_0036_0044_0034_0034.jpg 1 36 44 34 34
0698_0027_0030_0032_0032.jpg 1 27 30 32 32
0699_0024_0013_0044_0044.jpg 1 24 13 44 44
0700_0022_0042_0027_0027.jpg 1 22 42 27 27
0701_0005_0036_0059_0059.jpg 1 5 36 59 59
0702_0048_0030_0031_0031.jpg 1 48 30 31 31
0703_0012_0022_0061_0061.jpg 1 12 22 61 61
0704_0023_0046_0039_0039.jpg 1 23 46 39 39
0705_0025_0016_0048_0048.jpg 1 25 16 48 48
0706_0025_0018_0050_0050.jpg 1 25 18 50 50
0707_0021_0009_0069_0069.jpg 1 21 9 69 69
0708_0028_0019_0051_0051.jpg 1 28 19 51 51
0709_0021_0026_0067_0067.jpg 1 21 26 67 67
0710_0037_0020_0049_0049.jpg 1 37 20 49 49
0711_0023_0011_0049_0049.jpg 1 23 11 49 49
0712_0006_0029_0043_0043.jpg 1 6 29 43 43
0713_0020_0018_0066_0066.jpg 1 20 18 66 66
0714_0019_0038_0036_0036.jpg 1 19 38 36 36
0715_0028_0009_0057_0057.jpg 1 28 9 57 57
0716_0014_0019_0065_0065.jpg 1 14 19 65 65
0717_0030_0008_0032_0032.jpg 1 30 8 32 32
0718_0008_0032_0057_0057.jpg 1 8 32 57 57
0719_0012_0030_0039_0039.jpg 1 12 30 39 39
0720_0027_0012_0028_0028.jpg 1 27 12 28 28
0721_0013_0043_0037_0037.jpg 1 13 43 37 37
0722_0004_0032_0062_0062.jpg 1 4 32 62 62
0723_0024_0017_0062_0062.jpg 1 24 17 62 62
0724_0024_0039_0054_0054.jpg 1 24 39 54 54
0725_0018_0014_0059_0059.jpg 1 18 14 59 59
0726_0023_0014_0063_0063.jpg 1 23 14 63 63
0727_0010_0012_0041_0041.jpg 1 10 12 41 41
0728_0047_0043_0045_0045.jpg 1 47 43 45 45
0729_0040_0009_0054_0054.jpg 1 40 9 54 54
0730_0018_0046_0047_0047.jpg 1 18 46 47 47
0731_0003_0019_0069_0069.jpg 1 3 19 69 69
0732_0039_0061_0031_0031.jpg 1 39 61 31 31
0733_0012_0006_0064_0064.jpg 1 12 6 64 64
0734_0010_0020_0065_0065.jpg 1 10 20 65 65
0735_0056_0014_0031_0031.jpg 1 56 14 31 31
0736_0035_0004_0054_0054.jpg 1 35 4 54 54
0737_0032_0025_0027_0027.jpg 1 32 25 27 27
0738_0024_0013_0059_0059.jpg 1 24 13 59 59
0739_0036_0034_0051_0051.jpg 1 36 34 51 51
0740_0045_0018_0042_0042.jpg 1 45 18 42 42
0741_0017_0012_0062_0062.jpg 1 17 12 62 62
0742_0024_0008_0065_0065.jpg 1 24 8 65 65
0743_0007_0031_0063_0063.jpg 1 7 31 63 63
0744_0046_0058_0029_0029.jpg 1 46 58 29 29
0745_0050_0020_0032_0032.jpg 1 50 20 32 32
0746_0007_0011_0035_0035.jpg 1 7 11 35 35
0747_0023_0004_0062_0062.jpg 1 23 4 62 62
0748_0003_0020_0066_0066.jpg 1 3 20 66 66
0749_0024_0041_0046_0046.jpg 1 24 41 46 46
0750_0013_0011_0040_0040.jpg 1 13 11 40 40
0751_0028_0014_0063_0063.jpg 1 28 14 63 63
0752_0014_0022_0068_0068.jpg 1 14 22 68 68
0753_0048_0044_0043_0043.jpg 1 48 44 43 43
0754_0011_0043_0032_0032.jpg 1 11 43 32 32
0755_0008_0022_0037_0037.jpg 1 8 22 37 37
0756_0019_0041_0036_0036.jpg 1 19 41 36 36
0757_0053_0013_0038_0038.jpg 1 53 13 38 38
0758_0015_0004_0066_0066.jpg 1 15 4 66 66
0759_0032_0006_0052_0052.jpg 1 32 6 52 52
0760_0005_0014_0065_0065.jpg 1 5 14 65 65
0761_0064_0063_0027_0027.jpg 1 64 63 27 27
0762_0017_0009_0061_0061.jpg 1 17 9 61 61
0763_0009_0043_0042_0042.jpg 1 9 43 42 42
0764_0061_0031_0031_0031.jpg 1 61 31 31 31
0765_0021_0006_0041_0041.jpg 1 21 6 41 41
0766_0062_0021_0025_0025.jpg 1 62 21 25 25
0767_0028_0050_0034_0034.jpg 1 28 50 34 34
0768_0033_0026_0048_0048.jpg 1 33 26 48 48
0769_0011_0025_0042_0042.jpg 1 11 25 42 42
0770_0030_0010_0051_0051.jpg 1 30 10 51 51
0771_0028_0023_0057_0057.jpg 1 28 23 57 57
0772_0038_0039_0033_0033.jpg 1 38 39 33 33
0773_0022_0033_0058_0058.jpg 1 22 33 58 58
0774_0030_0035_0054_0054.jpg 1 30 35 54 54
0775_0021_0058_0028_0028.jpg 1 21 58 28 28
0776_0042_0048_0040_0040.jpg 1 42 48 40 40
0777_0031_0008_0027_0027.jpg 1 31 8 27 27
0778_0015_0032_0054_0054.jpg 1 15 32 54 54
0779_0027_0019_0066_0066.jpg 1 27 19 66 66
0780_0006_0014_0056_0056.jpg 1 6 14 56 56
0781_0045_0055_0026_0026.jpg 1 45 55 26 26
0782_0044_0007_0050_0050.jpg 1 44 7 50 50
0783_0014_0018_0043_0043.jpg 1 14 18 43 43
0784_0009_0032_0041_0041.jpg 1 9 32 41 41
0785_0034_0045_0025_0025.jpg 1 34 45 25 25
0786_0028_0011_0068_0068.jpg 1 28 11 68 68
0787_0041_0008_0036_0036.jpg 1 41 8 36 36
0788_0020_0012_0065_0065.jpg 1 20 12 65 65
0789_0045_0028_0040_0040.jpg 1 45 28 40 40
0790_0033_0037_0030_0030.jpg 1 33 37 30 30
0791_0009_0032_0059_0059.jpg 1 9 32 59 59
0792_0029_0006_0064_0064.jpg 1 29 6 64 64
0793_0028_0022_0038_0038.jpg 1 28 22 38 38
0794_0053_0042_0031_0031.jpg 1 53 42 31 31
0795_0006_0019_0056_0056.jpg 1 6 19 56 56
0796_0034_0062_0027_0027.jpg 1 34 62 27 27
0797_0028_0004_0061_0061.jpg 1 28 4 61 61
0798_0034_0009_0061_0061.jpg 1 34 9 61 61
0799_0021_0018_0041_0041.jpg 1 21 18 41 41
0800_0009_0019_0032_0032.jpg 1 9 19 32 32
0801_0019_0012_0049_0049.jpg 1 19 12 49 49
0802_0029_0006_0051_0051.jpg 1 29 6 51 51
0803_0023_0019_0035_0035.jpg 1 23 19 35 35
0804_0009_0058_0028_0028.jpg 1 9 58 28 28
0805_0006_0003_0068_0068.jpg 1 6 3 68 68
0806_0014_0025_0057_0057.jpg 1 14 25 57 57
0807_0050_0054_0034_0034.jpg 1 50 54 34 34
0808_0030_0026_0048_0048.jpg 1 30 26 48 48
0809_0038_0026_0057_0057.jpg 1 38 26 57 57
0810_0015_0004_0059_0059.jpg 1 15 4 59 59
0811_0006_0017_0046_0046.jpg 1 6 17 46 46
0812_0038_0047_0047_0047.jpg 1 38 47 47 47
0813_0038_0028_0050_0050.jpg 1 38 28 50 50
0814_0046_0049_0043_0043.jpg 1 46 49 43 43
0815_0030_0014_0062_0062.jpg 1 30 14 62 62
0816_0020_0024_0068_0068.jpg 1 20 24 68 68
0817_0040_0043_0032_0032.jpg 1 40 43 32 32
0818_0046_0046_0036_0036.jpg 1 46 46 36 36
0819_0018_0019_0036_0036.jpg 1 18 19 36 36
0820_0025_0056_0025_0025.jpg 1 25 56 25 25
0821_0009_0014_0044_0044.jpg 1 9 14 44 44
0822_0021_0028_0065_0065.jpg 1 21 28 65 65
0823_0009_0058_0025_0025.jpg 1 9 58 25 25
0824_0004_0035_0060_0060.jpg 1 4 35 60 60
0825_0016_0035_0054_0054.jpg 1 16 35 54 54
0826_0025_0004_0058_0058.jpg 1 25 4 58 58
0827_0028_0044_0037_0037.jpg 1 28 44 37 37
0828_0017_0005_0064_0064.jpg 1 17 5 64 64
0829_0013_0032_0056_0056.jpg 1 13 32 56 56
0830_0005_0010_0056_0056.jpg 1 5 10 56 56
0831_0053_0008_0031_0031.jpg 1 53 8 31 31
0832_0011_0030_0065_0065.jpg 1 11 30 65 65
0833_0024_0032_0034_0034.jpg 1 24 32 34 34
0834_0028_0023_0033_0033.jpg 1 28 23 33 33
0835_0036_0009_0037_0037.jpg 1 36 9 37 37
0836_0055_0009_0030_0030.jpg 1 55 9 30 30
0837_0026_0039_0029_0029.jpg 1 26 39 29 29
0838_0029_0039_0036_0036.jpg 1 29 39 36 36
0839_0032_0012_0058_0058.jpg 1 32 12 58 58
0840_0043_0019_0046_0046.jpg 1 43 19 46 46
0841_0004_0011_0066_0066.jpg 1 4 11 66 66
0842_0019_0009_0068_0068.jpg 1 19 9 68 68
0843_0009_0037_0034_0034.jpg 1 9 37 34 34
0844_0005_0018_0045_0045.jpg 1 5 18 45 45
0845_0037_0053_0024_0024.jpg 1 37 53 24 24
0846_0020_0013_0054_0054.jpg 1 20 13 54 54
0847_0035_0012_0049_0049.jpg 1 35 12 49 49
0848_0014_0024_0044_0044.jpg 1 14 24 44 44
0849_0035_0006_0052_0052.jpg 1 35 6 52 52
0850_0010_0043_0035_0035.jpg 1 10 43 35 35
0851_0006_0026_0063_0063.jpg 1 6 26 63 63
0852_0006_0031_0049_0049.jpg 1 6 31 49 49
0853_0006_0015_0060_0060.jpg 1 6 15 60 60
0854_0040_0036_0042_0042.jpg 1 40 36 42 42
0855_0045_0046_0046_0046.jpg 1 45 46 46 46
0856_0004_0004_0064_0064.jpg 1 4 4 64 64
0857_0008_0021_0061_0061.jpg 1 8 21 61 61
0858_0004_0018_0068_0068.jpg 1 4 18 68 68
0859_0039_0023_0037_0037.jpg 1 39 23 37 37
0860_0018_0035_0059_0059.jpg 1 18 35 59 59
0861_0054_0035_0028_0028.jpg 1 54 35 28 28
0862_0024_0037_0050_0050.jpg 1 24 37 50 50
0863_0061_0012_0027_0027.jpg 1 61 12 27 27
0864_0047_0043_0040_0040.jpg 1 47 43 40 40
0865_0011_0012_0068_0068.jpg 1 11 12 68 68
0866_0045_0030_0040_0040.jpg 1 45 30 40 40
0867_0012_0010_0062_0062.jpg 1 12 10 62 62
0868_0012_0029_0065_0065.jpg 1 12 29 65 65
0869_0054_0022_0027_0027.jpg 1 54 22 27 27
0870_0020_0031_0063_0063.jpg 1 20 31 63 63
0871_0011_0027_0046_0046.jpg 1 11 27 46 46
0872_0044_0049_0035_0035.jpg 1 44 49 35 35
0873_0031_0027_0065_0065.jpg 1 31 27 65 65
0874_0016_0009_0034_0034.jpg 1 16 9 34 34
0875_0031_0029_0061_0061.jpg 1 31 29 61 61
0876_0017_0017_0058_0058.jpg 1 17 17 58 58
0877_0020_0027_0042_0042.jpg 1 20 27 42 42
0878_0036_0036_0025_0025.jpg 1 36 36 25 25
0879_0025_0042_0042_0042.jpg 1 25 42 42 42
0880_0041_0025_0045_0045.jpg 1 41 25 45 45
0881_0037_0032_0031_0031.jpg 1 37 32 31 31
0882_0054_0028_0035_0035.jpg 1 54 28 35 35
0883_0019_0035_0046_0046.jpg 1 19 35 46 46
0884_0014_0035_0060_0060.jpg 1 14 35 60 60
0885_0026_0006_0050_0050.jpg 1 26 6 50 50
0886_0017_0023_0068_0068.jpg 1 17 23 68 68
0887_0007_0011_0058_0058.jpg 1 7 11 58 58
0888_0033_0047_0029_0029.jpg 1 33 47 29 29
0889_0042_0040_0035_0035.jpg 1 42 40 35 35
0890_0043_0012_0049_0049.jpg 1 43 12 49 49
0891_0023_0022_0066_0066.jpg 1 23 22 66 66
0892_0016_0050_0043_0043.jpg 1 16 50 43 43
0893_0012_0030_0027_0027.jpg 1 12 30 27 27
0894_0005_0031_0051_0051.jpg 1 5 31 51 51
0895_0047_0011_0045_0045.jpg 1 47 11 45 45
0896_0017_0020_0060_0060.jpg 1 17 20 60 60
0897_0026_0023_0066_0066.jpg 1 26 23 66 66
0898_0022_0033_0058_0058.jpg 1 22 33 58 58
0899_0043_0038_0033_0033.jpg 1 43 38 33 33
0900_0032_0032_0051_0051.jpg 1 32 32 51 51
0901_0014_0019_0062_0062.jpg 1 14 19 62 62
0902_0027_0013_0025_0025.jpg 1 27 13 25 25
0903_0016_0011_0065_0065.jpg 1 16 11 65 65
0904_0019_0026_0056_0056.jpg 1 19 26 56 56
0905_0034_0062_0027_0027.jpg 1 34 62 27 27
0906_0021_0013_0042_0042.jpg 1 21 13 42 42
0907_0062_0046_0026_0026.jpg 1 62 46 26 26
0908_0053_0066_0024_0024.jpg 1 53 66 24 24
0909_0030_0064_0025_0025.jpg 1 30 64 25 25
0910_0027_0007_0059_0059.jpg 1 27 7 59 59
0911_0013_0019_0061_0061.jpg 1 13 19 61 61
0912_0036_0020_0040_0040.jpg 1 36 20 40 40
0913_0011_0016_0068_0068.jpg 1 11 16 68 68
0914_0026_0011_0058_0058.jpg 1 26 11 58 58
0915_0026_0024_0061_0061.jpg 1 26 24 61 61
0916_0019_0041_0050_0050.jpg 1 19 41 50 50
0917_0013_0034_0037_0037.jpg 1 13 34 37 37
0918_0037_0026_0054_0054.jpg 1 37 26 54 54
0919_0032_0043_0048_0048.jpg 1 32 43 48 48
0920_0048_0045_0037_0037.jpg 1 48 45 37 37
0921_0028_0026_0058_0058.jpg 1 28 26 58 58
0922_0021_0035_0048_0048.jpg 1 21 35 48 48
0923_0028_0006_0038_0038.jpg 1 28 6 38 38
0924_0011_0038_0030_0030.jpg 1 11 38 30 30
0925_0045_0006_0042_0042.jpg 1 45 6 42 42
0926_0015_0033_0038_0038.jpg 1 15 33 38 38
0927_0010_0013_0068_0068.jpg 1 10 13 68 68
0928_0017_0042_0028_0028.jpg 1 17 42 28 28
0929_0013_0044_0048_0048.jpg 1 13 44 48 48
0930_0048_0044_0026_0026.jpg 1 48 44 26 26
0931_0043_0028_0044_0044.jpg 1 43 28 44 44
0932_0033_0030_0047_0047.jpg 1 33 30 47 47
0933_0031_0057_0028_0028.jpg 1 31 57 28 28
0934_0041_0047_0038_0038.jpg 1 41 47 38 38
0935_0022_0038_0053_0053.jpg 1 22 38 53 53
0936_0015_0019_0057_0057.jpg 1 15 19 57 57
0937_0016_0014_0043_0043.jpg 1 16 14 43 43
0938_0017_0013_0034_0034.jpg 1 17 13 34 34
0939_0028_0024_0048_0048.jpg 1 28 24 48 48
0940_0007_0011_0063_0063.jpg 1 7 11 63 63
0941_0030_0032_0060_0060.jpg 1 30 32 60 60
0942_0012_0032_0038_0038.jpg 1 12 32 38 38
0943_0040_0005_0053_0053.jpg 1 40 5 53 53
0944_0009_0019_0066_0066.jpg 1 9 19 66 66
0945_0040_0045_0032_0032.jpg 1 40 45 32 32
0946_0012_0041_0027_0027.jpg 1 12 41 27 27
0947_0035_0023_0041_0041.jpg 1 35 23 41 41
0948_0036_0017_0036_0036.jpg 1 36 17 36 36
0949_0056_0017_0032_0032.jpg 1 56 17 32 32
0950_0056_0041_0027_0027.jpg 1 56 41 27 27
0951_0049_0047_0045_0045.jpg 1 49 47 45 45
0952_0021_0013_0055_0055.jpg 1 21 13 55 55
0953_0025_0037_0051_0051.jpg 1 25 37 51 51
0954_0021_0017_0025_0025.jpg 1 21 17 25 25
0955_0040_0032_0032_0032.jpg 1 40 32 32 32
0956_0020_0026_0063_0063.jpg 1 20 26 63 63
0957_0027_0035_0046_0046.jpg 1 27 35 46 46
0958_0018_0022_0051_0051.jpg 1 18 22 51 51
0959_0003_0021_0069_0069.jpg 1 3 21 69 69
0960_0027_0015_0068_0068.jpg 1 27 15 68 68
0961_0024_0007_0031_0031.jpg 1 24 7 31 31
0962_0030_0003_0064_0064.jpg 1 30 3 64 64
0963_0026_0005_0061_0061.jpg 1 26 5 61 61
0964_0015_0045_0041_0041.jpg 1 15 45 41 41
0965_0025_0011_0053_0053.jpg 1 25 11 53 53
0966_0004_0008_0063_0063.jpg 1 4 8 63 63
0967_0045_0029_0034_0034.jpg 1 45 29 34 34
0968_0028_0032_0033_0033.jpg 1 28 32 33 33
0969_0046_0056_0037_0037.jpg 1 46 56 37 37
0970_0029_0025_0033_0033.jpg 1 29 25 33 33
0971_0046_0027_0047_0047.jpg 1 46 27 47 47
0972_0026_0023_0060_0060.jpg 1 26 23 60 60
0973_0012_0025_0034_0034.jpg 1 12 25 34 34
0974_0054_0056_0029_0029.jpg 1 54 56 29 29
0975_0007_0008_0062_0062.jpg 1 7 8 62 62
0976_0030_0029_0058_0058.jpg 1 30 29 58 58
0977_0023_0012_0044_0044.jpg 1 23 12 44 44
0978_0006_0015_0047_0047.jpg 1 6 15 47 47
0979_0012_0003_0068_0068.jpg 1 12 3 68 68
0980_0035_0032_0038_0038.jpg 1 35 32 38 38
0981_0039_0018_0030_0030.jpg 1 39 18 30 30
0982_0051_0030_0026_0026.jpg 1 51 30 26 26
0983_0007_0056_0037_0037.jpg 1 7 56 37 37
0984_0009_0035_0044_0044.jpg 1 9 35 44 44
0985_0015_0004_0068_0068.jpg 1 15 4 68 68
0986_0038_0021_0039_0039.jpg 1 38 21 39 39
0987_0028_0009_0048_0048.jpg 1 28 9 48 48
0988_0026_0005_0062_0062.jpg 1 26 5 62 62
0989_0008_0027_0067_0067.jpg 1 8 27 67 67
0990_0024_0037_0038_0038.jpg 1 24 37 38 38
0991_0014_0008_0069_0069.jpg 1 14 8 69 69
0992_0054_0016_0029_0029.jpg 1 54 16 29 29
0993_0030_0026_0061_0061.jpg 1 30 26 61 61
0994_0019_0021_0067_0067.jpg 1 19 21 67 67
0995_0030_0025_0058_0058.jpg 1 30 25 58 58
0996_0041_0042_0044_0044.jpg 1 41 42 44 44
0997_0028_0018_0053_0053.jpg 1 28 18 53 53
0998_0050_0049_0037_0037.jpg 1 50 49 37 37
0999_0008_0011_0059_0059.jpg 1 8 11 59 59
1000_0014_0033_0057_0057.jpg 1 14 33 57 57
1001_0007_0039_0053_0053.jpg 1 7 39 53 53
1002_0045_0031_0037_0037.jpg 1 45 31 37 37
1003_0019_0013_0055_0055.jpg 1 19 13 55 55
1004_0012_0036_0036_0036.jpg 1 12 36 36 36
1005_0021_0018_0051_0051.jpg 1 21 18 51 51
1006_0024_0053_0027_0027.jpg 1 24 53 27 27
1007_0052_0065_0026_0026.jpg 1 52 65 26 26
1008_0009_0032_0058_0058.jpg 1 9 32 58 58
1009_0035_0037_0048_0048.jpg 1 35 37 48 48
1010_0009_0035_0037_0037.jpg 1 9 35 37 37
1011_0034_0026_0046_0046.jpg 1 34 26 46 46
1012_0030_0030_0061_0061.jpg 1 30 30 61 61
1013_0059_0015_0024_0024.jpg 1 59 15 24 24
1014_0018_0038_0044_0044.jpg 1 18 38 44 44
1015_0024_0013_0031_0031.jpg 1 24 13 31 31
1016_0038_0023_0027_0027.jpg 1 38 23 27 27
1017_0057_0043_0029_0029.jpg 1 57 43 29 29
1018_0022_0026_0025_0025.jpg 1 22 26 25 25
1019_0017_0031_0046_0046.jpg 1 17 31 46 46
1020_0022_0041_0046_0046.jpg 1 22 41 46 46
1021_0044_0011_0049_0049.jpg 1 44 11 49 49
1022_0025_0043_0051_0051.jpg 1 25 43 51 51
1023_0025_0022_0035_0035.jpg 1 25 22 35 35
1024_0011_0019_0061_0061.jpg 1 11 19 61 61
1025_0024_0017_0064_0064.jpg 1 24 17 64 64
1026_0023_0014_0066_0066.jpg 1 23 14 66 66
1027_0040_0034_0047_0047.jpg 1 40 34 47 47
1028_0043_0018_0034_0034.jpg 1 43 18 34 34
1029_0031_0006_0062_0062.jpg 1 31 6 62 62
1030_0052_0033_0035_0035.jpg 1 52 33 35 35
1031_0054_0014_0024_0024.jpg 1 54 14 24 24
1032_0054_0037_0027_0027.jpg 1 54 37 27 27
1033_0036_0045_0043_0043.jpg 1 36 45 43 43
1034_0045_0024_0033_0033.jpg 1 45 24 33 33
1035_0028_0065_0027_0027.jpg 1 28 65 27 27
1036_0034_0027_0055_0055.jpg 1 34 27 55 55
1037_0050_0029_0040_0040.jpg 1 50 29 40 40
1038_0011_0058_0024_0024.jpg 1 11 58 24 24
1039_0019_0030_0045_0045.jpg 1 19 30 45 45
1040_0009_0022_0058_0058.jpg 1 9 22 58 58
1041_0030_0043_0041_0041.jpg 1 30 43 41 41
1042_0021_0023_0030_0030.jpg 1 21 23 30 30
1043_0023_0024_0068_0068.jpg 1 23 24 68 68
1044_0008_0028_0058_0058.jpg 1 8 28 58 58
1045_0029_0024_0067_0067.jpg 1 29 24 67 67
1046_0006_0019_0069_0069.jpg 1 6 19 69 69
1047_0021_0041_0050_0050.jpg 1 21 41 50 50
1048_0042_0014_0027_0027.jpg 1 42 14 27 27
1049_0036_0024_0053_0053.jpg 1 36 24 53 53
1050_0024_0004_0067_0067.jpg 1 24 4 67 67
1051_0026_0021_0024_0024.jpg 1 26 21 24 24
1052_0019_0019_0069_0069.jpg 1 19 19 69 69
1053_0018_0011_0029_0029.jpg 1 18 11 29 29
1054_0015_0042_0048_0048.jpg 1 15 42 48 48
1055_0023_0009_0048_0048.jpg 1 23 9 48 48
1056_0033_0019_0052_0052.jpg 1 33 19 52 52
1057_0025_0037_0036_0036.jpg 1 25 37 36 36
1058_0030_0031_0064_0064.jpg 1 30 31 64 64
1059_0014_0042_0049_0049.jpg 1 14 42 49 49
1060_0044_0012_0031_0031.jpg 1 44 12 31 31
1061_0014_0010_0068_0068.jpg 1 14 10 68 68
1062_0026_0034_0035_0035.jpg 1 26 34 35 35
1063_0045_0017_0037_0037.jpg 1 45 17 37 37
1064_0005_0010_0068_0068.jpg 1 5 10 68 68
1065_0032_0011_0033_0033.jpg 1 32 11 33 33
1066_0059_0049_0028_0028.jpg 1 59 49 28 28
1067_0030_0019_0036_0036.jpg 1 30 19 36 36
1068_0040_0026_0026_0026.jpg 1 40 26 26 26
1069_0035_0015_0046_0046.jpg 1 35 15 46 46
1070_0027_0038_0041_0041.jpg 1 27 38 41 41
1071_0019_0014_0066_0066.jpg 1 19 14 66 66
1072_0008_0026_0057_0057.jpg 1 8 26 57 57
1073_0023_0007_0039_0039.jpg 1 23 7 39 39
1074_0035_0009_0033_0033.jpg 1 35 9 33 33
1075_0019_0011_0026_0026.jpg 1 19 11 26 26
1076_0013_0034_0055_0055.jpg 1 13 34 55 55
1077_0027_0018_0068_0068.jpg 1 27 18 68 68
1078_0014_0011_0055_0055.jpg 1 14 11 55 55
1079_0050_0030_0040_0040.jpg 1 50 30 40 40
1080_0029_0048_0036_0036.jpg 1 29 48 36 36
1081_0042_0044_0032_0032.jpg 1 42 44 32 32
1082_0021_0009_0051_0051.jpg 1 21 9 51 51
1083_0032_0022_0040_0040.jpg 1 32 22 40 40
1084_0016_0014_0069_0069.jpg 1 16 14 69 69
1085_0029_0028_0062_0062.jpg 1 29 28 62 62
1086_0006_0031_0056_0056.jpg 1 6 31 56 56
1087_0032_0014_0062_0062.jpg 1 32 14 62 62
1088_0020_0012_0039_0039.jpg 1 20 12 39 39
1089_0006_0037_0040_0040.jpg 1 6 37 40 40
1090_0061_0034_0026_0026.jpg 1 61 34 26 26
1091_0046_0020_0027_0027.jpg 1 46 20 27 27
1092_0025_0035_0060_0060.jpg 1 25 35 60 60
1093_0015_0043_0036_0036.jpg 1 15 43 36 36
1094_0055_0009_0027_0027.jpg 1 55 9 27 27
1095_0018_0046_0026_0026.jpg 1 18 46 26 26
1096_0028_0018_0056_0056.jpg 1 28 18 56 56
1097_0029_0050_0032_0032.jpg 1 29 50 32 32
1098_0008_0010_0063_0063.jpg 1 8 10 63 63
1099_0016_0014_0068_0068.jpg 1 16 14 68 68
1100_0027_0017_0063_0063.jpg 1 27 17 63 63
1101_0022_0011_0063_0063.jpg 1 22 11 63 63
1102_0028_0027_0066_0066.jpg 1 28 27 66 66
1103_0011_0006_0052_0052.jpg 1 11 6 52 52
1104_0041_0058_0030_0030.jpg 1 41 58 30 30
1105_0020_0012_0034_0034.jpg 1 20 12 34 34
1106_0022_0053_0035_0035.jpg 1 22 53 35 35
1107_0030_0011_0038_0038.jpg 1 30 11 38 38
1108_0026_0009_0043_0043.jpg 1 26 9 43 43
1109_0041_0043_0050_0050.jpg 1 41 43 50 50
1110_0013_0026_0064_0064.jpg 1 13 26 64 64
1111_0007_0004_0067_0067.jpg 1 7 4 67 67
1112_0009_0009_0050_0050.jpg 1 9 9 50 50
1113_0007_0014_0061_0061.jpg 1 7 14 61 61
1114_0013_0004_0052_0052.jpg 1 13 4 52 52
1115_0019_0021_0064_0064.jpg 1 19 21 64 64
1116_0026_0030_0044_0044.jpg 1 26 30 44 44
1117_0061_0041_0026_0026.jpg 1 61 41 26 26
1118_0014_0023_0067_0067.jpg 1 14 23 67 67
1119_0026_0014_0064_0064.jpg 1 26 14 64 64
1120_0023_0012_0064_0064.jpg 1 23 12 64 64
1121_0046_0046_0039_0039.jpg 1 46 46 39 39
1122_0037_0052_0037_0037.jpg 1 37 52 37 37
1123_0030_0045_0042_0042.jpg 1 30 45 42 42
1124_0020_0063_0024_0024.jpg 1 20 63 24 24
1125_0011_0035_0060_0060.jpg 1 11 35 60 60
1126_0008_0004_0058_0058.jpg 1 8 4 58 58
1127_0043_0048_0039_0039.jpg 1 43 48 39 39
1128_0025_0007_0043_0043.jpg 1 25 7 43 43
1129_0019_0019_0027_0027.jpg 1 19 19 27 27
1130_0040_0018_0025_0025.jpg 1 40 18 25 25
1131_0010_0054_0029_0029.jpg 1 10 54 29 29
1132_0014_0044_0040_0040.jpg 1 14 44 40 40
1133_0007_0020_0066_0066.jpg 1 7 20 66 66
1134_0054_0023_0035_0035.jpg 1 54 23 35 35
1135_0009_0021_0060_0060.jpg 1 9 21 60 60
1136_0013_0032_0058_0058.jpg 1 13 32 58 58
1137_0006_0028_0051_0051.jpg 1 6 28 51 51
1138_0021_0011_0044_0044.jpg 1 21 11 44 44
1139_0037_0025_0034_0034.jpg 1 37 25 34 34
1140_0041_0035_0050_0050.jpg 1 41 35 50 50
1141_0041_0042_0026_0026.jpg 1 41 42 26 26
1142_0054_0023_0034_0034.jpg 1 54 23 34 34
1143_0033_0014_0037_0037.jpg 1 33 14 37 37
1144_0007_0016_0064_0064.jpg 1 7 16 64 64
1145_0037_0030_0047_0047.jpg 1 37 30 47 47
1146_0021_0012_0067_0067.jpg 1 21 12 67 67
1147_0029_0029_0047_0047.jpg 1 29 29 47 47
1148_0030_0040_0052_0052.jpg 1 30 40 52 52
1149_0024_0010_0056_0056.jpg 1 24 10 56 56
1150_0009_0010_0037_0037.jpg 1 9 10 37 37
1151_0049_0051_0040_0040.jpg 1 49 51 40 40
1152_0004_0010_0069_0069.jpg 1 4 10 69 69
1153_0059_0054_0025_0025.jpg 1 59 54 25 25
1154_0034_0021_0031_0031.jpg 1 34 21 31 31
1155_0011_0012_0050_0050.jpg 1 11 12 50 50
1156_0042_0029_0041_0041.jpg 1 42 29 41 41
1157_0028_0039_0029_0029.jpg 1 28 39 29 29
1158_0023_0024_0053_0053.jpg 1 23 24 53 53
1159_0010_0016_0060_0060.jpg 1 10 16 60 60
1160_0015_0024_0024_0024.jpg 1 15 24 24 24
1161_0022_0008_0059_0059.jpg 1 22 8 59 59
1162_0040_0011_0054_0054.jpg 1 40 11 54 54
1163_0029_0009_0052_0052.jpg 1 29 9 52 52
1164_0019_0019_0061_0061.jpg 1 19 19 61 61
1165_0034_0050_0040_0040.jpg 1 34 50 40 40
1166_0032_0022_0060_0060.jpg 1 32 22 60 60
1167_0032_0032_0053_0053.jpg 1 32 32 53 53
1168_0041_0044_0040_0040.jpg 1 41 44 40 40
1169_0010_0013_0063_0063.jpg 1 10 13 63 63
1170_0017_0014_0032_0032.jpg 1 17 14 32 32
1171_0020_0057_0030_0030.jpg 1 20 57 30 30
1172_0061_0038_0025_0025.jpg 1 61 38 25 25
1173_0031_0031_0035_0035.jpg 1 31 31 35 35
1174_0013_0019_0067_0067.jpg 1 13 19 67 67
1175_0025_0009_0034_0034.jpg 1 25 9 34 34
1176_0021_0043_0032_0032.jpg 1 21 43 32 32
1177_0048_0034_0036_0036.jpg 1 48 34 36 36
1178_0009_0024_0066_0066.jpg 1 9 24 66 66
1179_0020_0030_0032_0032.jpg 1 20 30 32 32
1180_0010_0031_0056_0056.jpg 1 10 31 56 56
1181_0054_0037_0039_0039.jpg 1 54 37 39 39
1182_0020_0030_0054_0054.jpg 1 20 30 54 54
1183_0038_0005_0042_0042.jpg 1 38 5 42 42
1184_0034_0028_0034_0034.jpg 1 34 28 34 34
1185_0020_0045_0046_0046.jpg 1 20 45 46 46
1186_0044_0008_0030_0030.jpg 1 44 8 30 30
1187_0051_0038_0026_0026.jpg 1 51 38 26 26
1188_0052_0043_0031_0031.jpg 1 52 43 31 31
1189_0023_0030_0059_0059.jpg 1 23 30 59 59
1190_0039_0020_0048_0048.jpg 1 39 20 48 48
1191_0009_0008_0056_0056.jpg 1 9 8 56 56
1192_0033_0009_0045_0045.jpg 1 33 9 45 45
1193_0012_0011_0065_0065.jpg 1 12 11 65 65
1194_0025_0055_0036_0036.jpg 1 25 55 36 36
1195_0041_0029_0053_0053.jpg 1 41 29 53 53
1196_0051_0048_0034_0034.jpg 1 51 48 34 34
1197_0012_0006_0064_0064.jpg 1 12 6 64 64
1198_0029_0010_0067_0067.jpg 1 29 10 67 67
1199_0012_0012_0048_0048.jpg 1 12 12 48 48
1200_0021_0030_0061_0061.jpg 1 21 30 61 61
1201_0034_0023_0052_0052.jpg 1 34 23 52 52
1202_0032_0032_0031_0031.jpg 1 32 32 31 31
1203_0032_0005_0049_0049.jpg 1 32 5 49 49
1204_0014_0032_0053_0053.jpg 1 14 32 53 53
1205_0042_0022_0027_0027.jpg 1 42 22 27 27
1206_0016_0019_0056_0056.jpg 1 16 19 56 56
1207_0019_0033_0054_0054.jpg 1 19 33 54 54
1208_0061_0047_0030_0030.jpg 1 61 47 30 30
1209_0022_0013_0063_0063.jpg 1 22 13 63 63
1210_0027_0006_0069_0069.jpg 1 27 6 69 69
1211_0010_0046_0040_0040.jpg 1 10 46 40 40
1212_0039_0041_0052_0052.jpg 1 39 41 52 52
1213_0014_0046_0026_0026.jpg 1 14 46 26 26
1214_0029_0009_0036_0036.jpg 1 29 9 36 36
1215_0037_0021_0034_0034.jpg 1 37 21 34 34
1216_0018_0010_0049_0049.jpg 1 18 10 49 49
1217_0057_0051_0034_0034.jpg 1 57 51 34 34
1218_0005_0028_0048_0048.jpg 1 5 28 48 48
1219_0006_0029_0046_0046.jpg 1 6 29 46 46
1220_0009_0012_0059_0059.jpg 1 9 12 59 59
1221_0009_0042_0032_0032.jpg 1 9 42 32 32
1222_0014_0005_0065_0065.jpg 1 14 5 65 65
1223_0010_0005_0049_0049.jpg 1 10 5 49 49
1224_0026_0026_0036_0036.jpg 1 26 26 36 36
1225_0022_0037_0028_0028.jpg 1 22 37 28 28
1226_0004_0025_0057_0057.jpg 1 4 25 57 57
1227_0009_0060_0032_0032.jpg 1 9 60 32 32
1228_0041_0025_0046_0046.jpg 1 41 25 46 46
1229_0009_0050_0031_0031.jpg 1 9 50 31 31
1230_0041_0032_0049_0049.jpg 1 41 32 49 49
1231_0007_0032_0062_0062.jpg 1 7 32 62 62
1232_0033_0006_0040_0040.jpg 1 33 6 40 40
1233_0044_0058_0033_0033.jpg 1 44 58 33 33
1234_0030_0043_0039_0039.jpg 1 30 43 39 39
1235_0041_0045_0024_0024.jpg 1 41 45 24 24
1236_0037_0013_0029_0029.jpg 1 37 13 29 29
1237_0012_0032_0055_0055.jpg 1 12 32 55 55
1238_0013_0017_0069_0069.jpg 1 13 17 69 69
1239_0006_0021_0060_0060.jpg 1 6 21 60 60
1240_0013_0018_0044_0044.jpg 1 13 18 44 44
1241_0022_0031_0033_0033.jpg 1 22 31 33 33
1242_0020_0010_0056_0056.jpg 1 20 10 56 56
1243_0035_0042_0030_0030.jpg 1 35 42 30 30
1244_0031_0004_0056_0056.jpg 1 31 4 56 56
1245_0032_0019_0046_0046.jpg 1 32 19 46 46
1246_0015_0033_0050_0050.jpg 1 15 33 50 50
1247_0040_0048_0031_0031.jpg 1 40 48 31 31
1248_0009_0005_0067_0067.jpg 1 9 5 67 67
1249_0010_0027_0031_0031.jpg 1 10 27 31 31
1250_0050_0044_0042_0042.jpg 1 50 44 42 42
1251_0020_0059_0026_0026.jpg 1 20 59 26 26
1252_0025_0013_0024_0024.jpg 1 25 13 24 24
1253_0037_0031_0040_0040.jpg 1 37 31 40 40
1254_0008_0026_0060_0060.jpg 1 8 26 60 60
1255_0031_0010_0052_0052.jpg 1 31 10 52 52
1256_0027_0010_0057_0057.jpg 1 27 10 57 57
1257_0058_0065_0024_0024.jpg 1 58 65 24 24
1258_0028_0010_0032_0032.jpg 1 28 10 32 32
1259_0015_0010_0064_0064.jpg 1 15 10 64 64
1260_0022_0010_0054_0054.jpg 1 22 10 54 54
1261_0029_0033_0042_0042.jpg 1 29 33 42 42
1262_0036_0008_0044_0044.jpg 1 36 8 44 44
1263_0007_0033_0062_0062.jpg 1 7 33 62 62
1264_0020_0039_0048_0048.jpg 1 20 39 48 48
1265_0026_0005_0068_0068.jpg 1 26 5 68 68
1266_0033_0035_0048_0048.jpg 1 33 35 48 48
1267_0054_0029_0025_0025.jpg 1 54 29 25 25
1268_0030_0031_0048_0048.jpg 1 30 31 48 48
1269_0016_0008_0064_0064.jpg 1 16 8 64 64
1270_0032_0034_0025_0025.jpg 1 32 34 25 25
1271_0031_0028_0034_0034.jpg 1 31 28 34 34
1272_0026_0008_0063_0063.jpg 1 26 8 63 63
1273_0026_0005_0047_0047.jpg 1 26 5 47 47
1274_0034_0024_0058_0058.jpg 1 34 24 58 58
1275_0022_0016_0069_0069.jpg 1 22 16 69 69
1276_0034_0045_0043_0043.jpg 1 34 45 43 43
1277_0005_0043_0050_0050.jpg 1 5 43 50 50
1278_0023_0014_0061_0061.jpg 1 23 14 61 61
1279_0031_0009_0028_0028.jpg 1 31 9 28 28
1280_0039_0035_0054_0054.jpg 1 39 35 54 54
1281_0060_0043_0024_0024.jpg 1 60 43 24 24
1282_0013_0015_0069_0069.jpg 1 13 15 69 69
1283_0042_0048_0027_0027.jpg 1 42 48 27 27
1284_0023_0010_0069_0069.jpg 1 23 10 69 69
1285_0034_0013_0061_0061.jpg 1 34 13 61 61
1286_0007_0015_0060_0060.jpg 1 7 15 60 60
1287_0038_0007_0038_0038.jpg 1 38 7 38 38
1288_0035_0053_0036_0036.jpg 1 35 53 36 36
1289_0004_0023_0067_0067.jpg 1 4 23 67 67
1290_0040_0031_0055_0055.jpg 1 40 31 55 55
1291_0027_0024_0065_0065.jpg 1 27 24 65 65
1292_0046_0025_0046_0046.jpg 1 46 25 46 46
1293_0029_0007_0043_0043.jpg 1 29 7 43 43
1294_0065_0028_0024_0024.jpg 1 65 28 24 24
1295_0005_0021_0062_0062.jpg 1 5 21 62 62
1296_0049_0014_0030_0030.jpg 1 49 14 30 30
1297_0059_0062_0028_0028.jpg 1 59 62 28 28
1298_0014_0031_0063_0063.jpg 1 14 31 63 63
1299_0018_0013_0068_0068.jpg 1 18 13 68 68
1300_0049_0038_0034_0034.jpg 1 49 38 34 34
1301_0042_0013_0031_0031.jpg 1 42 13 31 31
1302_0024_0013_0060_0060.jpg 1 24 13 60 60
1303_0022_0013_0045_0045.jpg 1 22 13 45 45
1304_0056_0013_0031_0031.jpg 1 56 13 31 31
1305_0017_0030_0062_0062.jpg 1 17 30 62 62
1306_0050_0037_0027_0027.jpg 1 50 37 27 27
1307_0023_0034_0058_0058.jpg 1 23 34 58 58
1308_0021_0027_0037_0037.jpg 1 21 27 37 37
1309_0015_0013_0067_0067.jpg 1 15 13 67 67
1310_0004_0007_0056_0056.jpg 1 4 7 56 56
1311_0054_0051_0033_0033.jpg 1 54 51 33 33
1312_0018_0007_0065_0065.jpg 1 18 7 65 65
1313_0035_0015_0052_0052.jpg 1 35 15 52 52
1314_0037_0016_0048_0048.jpg 1 37 16 48 48
1315_0039_0033_0038_0038.jpg 1 39 33 38 38
1316_0029_0034_0060_0060.jpg 1 29 34 60 60
1317_0030_0011_0049_0049.jpg 1 30 11 49 49
1318_0014_0048_0024_0024.jpg 1 14 48 24 24
1319_0030_0032_0062_0062.jpg 1 30 32 62 62
1320_0020_0008_0063_0063.jpg 1 20 8 63 63
1321_0010_0018_0037_0037.jpg 1 10 18 37 37
1322_0018_0014_0058_0058.jpg 1 18 14 58 58
1323_0030_0031_0034_0034.jpg 1 30 31 34 34
1324_0028_0048_0030_0030.jpg 1 28 48 30 30
1325_0027_0020_0035_0035.jpg 1 27 20 35 35
1326_0022_0050_0035_0035.jpg 1 22 50 35 35
1327_0004_0005_0057_0057.jpg 1 4 5 57 57
1328_0018_0007_0066_0066.jpg 1 18 7 66 66
1329_0013_0017_0063_0063.jpg 1 13 17 63 63
1330_0033_0032_0061_0061.jpg 1 33 32 61 61
1331_0029_0024_0059_0059.jpg 1 29 24 59 59
1332_0008_0020_0034_0034.jpg 1 8 20 34 34
1333_0016_0016_0063_0063.jpg 1 16 16 63 63
1334_0010_0046_0048_0048.jpg 1 10 46 48 48
1335_0034_0064_0028_0028.jpg 1 34 64 28 28
1336_0010_0009_0059_0059.jpg 1 10 9 59 59
1337_0052_0050_0041_0041.jpg 1 52 50 41 41
1338_0054_0044_0025_0025.jpg 1 54 44 25 25
1339_0026_0009_0050_0050.jpg 1 26 9 50 50
1340_0051_0014_0040_0040.jpg 1 51 14 40 40
1341_0030_0035_0049_0049.jpg 1 30 35 49 49
1342_0032_0043_0026_0026.jpg 1 32 43 26 26
1343_0039_0039_0053_0053.jpg 1 39 39 53 53
1344_0037_0012_0050_0050.jpg 1 37 12 50 50
1345_0040_0036_0042_0042.jpg 1 40 36 42 42
1346_0021_0037_0050_0050.jpg 1 21 37 50 50
1347_0018_0010_0064_0064.jpg 1 18 10 64 64
1348_0009_0018_0063_0063.jpg 1 9 18 63 63
1349_0048_0023_0029_0029.jpg 1 48 23 29 29
1350_0031_0018_0056_0056.jpg 1 31 18 56 56
1351_0060_0011_0031_0031.jpg 1 60 11 31 31
1352_0033_0029_0046_0046.jpg 1 33 29 46 46
1353_0011_0045_0041_0041.jpg 1 11 45 41 41
1354_0009_0032_0060_0060.jpg 1 9 32 60 60
1355_0007_0015_0045_0045.jpg 1 7 15 45 45
1356_0013_0048_0035_0035.jpg 1 13 48 35 35
1357_0054_0029_0032_0032.jpg 1 54 29 32 32
1358_0021_0026_0055_0055.jpg 1 21 26 55 55
1359_0036_0014_0046_0046.jpg 1 36 14 46 46
1360_0038_0055_0025_0025.jpg 1 38 55 25 25
1361_0013_0012_0056_0056.jpg 1 13 12 56 56
1362_0014_0024_0050_0050.jpg 1 14 24 50 50
1363_0018_0033_0048_0048.jpg 1 18 33 48 48
1364_0032_0021_0056_0056.jpg 1 32 21 56 56
1365_0013_0012_0056_0056.jpg 1 13 12 56 56
1366_0009_0019_0069_0069.jpg 1 9 19 69 69
1367_0021_0035_0056_0056.jpg 1 21 35 56 56
1368_0023_0024_0069_0069.jpg 1 23 24 69 69
1369_0020_0020_0049_0049.jpg 1 20 20 49 49
1370_0026_0013_0066_0066.jpg 1 26 13 66 66
1371_0044_0038_0047_0047.jpg 1 44 38 47 47
1372_0037_0024_0056_0056.jpg 1 37 24 56 56
1373_0017_0005_0053_0053.jpg 1 17 5 53 53
1374_0018_0016_0060_0060.jpg 1 18 16 60 60
1375_0035_0042_0045_0045.jpg 1 35 42 45 45
1376_0039_0006_0045_0045.jpg 1 39 6 45 45
1377_0016_0021_0059_0059.jpg 1 16 21 59 59
1378_0037_0059_0024_0024.jpg 1 37 59 24 24
1379_0042_0018_0052_0052.jpg 1 42 18 52 52
1380_0019_0020_0050_0050.jpg 1 19 20 50 50
1381_0038_0023_0032_0032.jpg 1 38 23 32 32
1382_0019_0027_0046_0046.jpg 1 19 27 46 46
1383_0040_0035_0040_0040.jpg 1 40 35 40 40
1384_0016_0032_0058_0058.jpg 1 16 32 58 58
1385_0014_0024_0038_0038.jpg 1 14 24 38 38
1386_0006_0031_0059_0059.jpg 1 6 31 59 59
1387_0015_0006_0061_0061.jpg 1 15 6 61 61
1388_0010_0016_0027_0027.jpg 1 10 16 27 27
1389_0030_0032_0051_0051.jpg 1 30 32 51 51
1390_0033_0027_0059_0059.jpg 1 33 27 59 59
1391_0013_0006_0036_0036.jpg 1 13 6 36 36
1392_0054_0021_0036_0036.jpg 1 54 21 36 36
1393_0008_0023_0039_0039.jpg 1 8 23 39 39
1394_0032_0020_0047_0047.jpg 1 32 20 47 47
1395_0035_0009_0040_0040.jpg 1 35 9 40 40
1396_0021_0009_0067_0067.jpg 1 21 9 67 67
1397_0006_0048_0044_0044.jpg 1 6 48 44 44
1398_0015_0031_0041_0041.jpg 1 15 31 41 41
1399_0020_0025_0042_0042.jpg 1 20 25 42 42
1400_0004_0028_0066_0066.jpg 1 4 28 66 66
1401_0009_0032_0049_0049.jpg 1 9 32 49 49
1402_0019_0049_0042_0042.jpg 1 19 49 42 42
1403_0005_0016_0054_0054.jpg 1 5 16 54 54
1404_0014_0019_0037_0037.jpg 1 14 19 37 37
1405_0021_0025_0044_0044.jpg 1 21 25 44 44
1406_0022_0041_0046_0046.jpg 1 22 41 46 46
1407_0021_0014_0046_0046.jpg 1 21 14 46 46
1408_0022_0009_0063_0063.jpg 1 22 9 63 63
1409_0013_0058_0027_0027.jpg 1 13 58 27 27
1410_0041_0028_0036_0036.jpg 1 41 28 36 36
1411_0019_0025_0068_0068.jpg 1 19 25 68 68
1412_0030_0004_0060_0060.jpg 1 30 4 60 60
1413_0038_0025_0057_0057.jpg 1 38 25 57 57
1414_0028_0029_0050_0050.jpg 1 28 29 50 50
1415_0054_0030_0036_0036.jpg 1 54 30 36 36
1416_0010_0025_0038_0038.jpg 1 10 25 38 38
1417_0033_0017_0028_0028.jpg 1 33 17 28 28
1418_0013_0032_0041_0041.jpg 1 13 32 41 41
1419_0035_0015_0060_0060.jpg 1 35 15 60 60
1420_0038_0042_0037_0037.jpg 1 38 42 37 37
1421_0034_0043_0040_0040.jpg 1 34 43 40 40
1422_0039_0036_0030_0030.jpg 1 39 36 30 30
1423_0006_0010_0061_0061.jpg 1 6 10 61 61
1424_0025_0036_0051_0051.jpg 1 25 36 51 51
1425_0022_0040_0028_0028.jpg 1 22 40 28 28
1426_0061_0064_0026_0026.jpg 1 61 64 26 26
1427_0030_0018_0033_0033.jpg 1 30 18 33 33
1428_0055_0028_0035_0035.jpg 1 55 28 35 35
1429_0015_0037_0035_0035.jpg 1 15 37 35 35
1430_0011_0013_0027_0027.jpg 1 11 13 27 27
1431_0024_0009_0037_0037.jpg 1 24 9 37 37
1432_0026_0055_0037_0037.jpg 1 26 55 37 37
1433_0051_0031_0033_0033.jpg 1 51 31 33 33
1434_0060_0014_0025_0025.jpg 1 60 14 25 25
1435_0036_0035_0057_0057.jpg 1 36 35 57 57
1436_0041_0038_0034_0034.jpg 1 41 38 34 34
1437_0043_0017_0026_0026.jpg 1 43 17 26 26
1438_0015_0011_0029_0029.jpg 1 15 11 29 29
1439_0042_0027_0047_0047.jpg 1 42 27 47 47
1440_0061_0029_0025_0025.jpg 1 61 29 25 25
1441_0047_0026_0038_0038.jpg 1 47 26 38 38
1442_0010_0033_0044_0044.jpg 1 10 33 44 44
1443_0059_0008_0026_0026.jpg 1 59 8 26 26
1444_0025_0005_0058_0058.jpg 1 25 5 58 58
1445_0038_0019_0042_0042.jpg 1 38 19 42 42
1446_0021_0028_0035_0035.jpg 1 21 28 35 35
1447_0053_0037_0040_0040.jpg 1 53 37 40 40
1448_0005_0010_0064_0064.jpg 1 5 10 64 64
1449_0018_0055_0027_0027.jpg 1 18 55 27 27
1450_0052_0021_0031_0031.jpg 1 52 21 31 31
1451_0007_0046_0048_0048.jpg 1 7 46 48 48
1452_0006_0012_0057_0057.jpg 1 6 12 57 57
1453_0015_0010_0043_0043.jpg 1 15 10 43 43
1454_0034_0013_0047_0047.jpg 1 34 13 47 47
1455_0038_0010_0053_0053.jpg 1 38 10 53 53
1456_0010_0023_0066_0066.jpg 1 10 23 66 66
1457_0023_0038_0031_0031.jpg 1 23 38 31 31
1458_0039_0043_0048_0048.jpg 1 39 43 48 48
1459_0024_0033_0058_0058.jpg 1 24 33 58 58
1460_0028_0048_0025_0025.jpg 1 28 48 25 25
1461_0035_0026_0055_0055.jpg 1 35 26 55 55
1462_0017_0022_0052_0052.jpg 1 17 22 52 52
1463_0037_0009_0046_0046.jpg 1 37 9 46 46
1464_0054_0015_0039_0039.jpg 1 54 15 39 39
1465_0066_0022_0025_0025.jpg 1 66 22 25 25
1466_0044_0026_0046_0046.jpg 1 44 26 46 46
1467_0022_0030_0062_0062.jpg 1 22 30 62 62
1468_0032_0025_0064_0064.jpg 1 32 25 64 64
1469_0010_0043_0042_0042.jpg 1 10 43 42 42
1470_0020_0006_0055_0055.jpg 1 20 6 55 55
1471_0014_0012_0067_0067.jpg 1 14 12 67 67
1472_0016_0028_0065_0065.jpg 1 16 28 65 65
1473_0050_0062_0028_0028.jpg 1 50 62 28 28
1474_0040_0040_0047_0047.jpg 1 40 40 47 47
1475_0006_0013_0063_0063.jpg 1 6 13 63 63
1476_0010_0023_0056_0056.jpg 1 10 23 56 56
1477_0005_0024_0061_0061.jpg 1 5 24 61 61
1478_0017_0027_0050_0050.jpg 1 17 27 50 50
1479_0042_0036_0050_0050.jpg 1 42 36 50 50
1480_0010_0029_0053_0053.jpg 1 10 29 53 53
1481_0059_0038_0031_0031.jpg 1 59 38 31 31
1482_0025_0011_0065_0065.jpg 1 25 11 65 65
1483_0029_0032_0043_0043.jpg 1 29 32 43 43
1484_0007_0019_0061_0061.jpg 1 7 19 61 61
1485_0029_0008_0048_0048.jpg 1 29 8 48 48
1486_0036_0062_0025_0025.jpg 1 36 62 25 25
1487_0017_0063_0025_0025.jpg 1 17 63 25 25
1488_0015_0042_0052_0052.jpg 1 15 42 52 52
1489_0034_0017_0043_0043.jpg 1 34 17 43 43
1490_0043_0011_0050_0050.jpg 1 43 11 50 50
1491_0022_0020_0065_0065.jpg 1 22 20 65 65
1492_0028_0016_0067_0067.jpg 1 28 16 67 67
1493_0053_0047_0029_0029.jpg 1 53 47 29 29
1494_0018_0014_0069_0069.jpg 1 18 14 69 69
1495_0028_0059_0028_0028.jpg 1 28 59 28 28
1496_0031_0027_0052_0052.jpg 1 31 27 52 52
1497_0028_0018_0055_0055.jpg 1 28 18 55 55
1498_0025_0047_0040_0040.jpg 1 25 47 40 40
1499_0024_0048_0029_0029.jpg 1 24 48 29 29
1500_0031_0015_0041_0041.jpg 1 31 15 41 41
1501_0003_0024_0065_0065.jpg 1 3 24 65 65
1502_0022_0016_0052_0052.jpg 1 22 16 52 52
1503_0008_0052_0033_0033.jpg 1 8 52 33 33
1504_0049_0020_0034_0034.jpg 1 49 20 34 34
1505_0027_0029_0057_0057.jpg 1 27 29 57 57
1506_0019_0018_0050_0050.jpg 1 19 18 50 50
1507_0026_0024_0034_0034.jpg 1 26 24 34 34
1508_0027_0012_0032_0032.jpg 1 27 12 32 32
1509_0008_0025_0043_0043.jpg 1 8 25 43 43
1510_0043_0021_0041_0041.jpg 1 43 21 41 41
1511_0018_0014_0044_0044.jpg 1 18 14 44 44
1512_0027_0010_0037_0037.jpg 1 27 10 37 37
1513_0025_0018_0060_0060.jpg 1 25 18 60 60
1514_0030_0037_0057_0057.jpg 1 30 37 57 57
1515_0042_0005_0051_0051.jpg 1 42 5 51 51
1516_0038_0019_0042_0042.jpg 1 38 19 42 42
1517_0027_0033_0047_0047.jpg 1 27 33 47 47
1518_0050_0028_0025_0025.jpg 1 50 28 25 25
1519_0011_0055_0036_0036.jpg 1 11 55 36 36
1520_0020_0046_0039_0039.jpg 1 20 46 39 39
1521_0041_0012_0052_0052.jpg 1 41 12 52 52
1522_0047_0034_0029_0029.jpg 1 47 34 29 29
1523_0015_0049_0032_0032.jpg 1 15 49 32 32
1524_0054_0014_0037_0037.jpg 1 54 14 37 37
1525_0024_0026_0069_0069.jpg 1 24 26 69 69
1526_0028_0015_0060_0060.jpg 1 28 15 60 60
1527_0037_0027_0048_0048.jpg 1 37 27 48 48
1528_0012_0022_0061_0061.jpg 1 12 22 61 61
1529_0024_0009_0069_0069.jpg 1 24 9 69 69
1530_0010_0007_0027_0027.jpg 1 10 7 27 27
1531_0035_0048_0045_0045.jpg 1 35 48 45 45
1532_0017_0012_0051_0051.jpg 1 17 12 51 51
1533_0047_0018_0030_0030.jpg 1 47 18 30 30
1534_0017_0036_0046_0046.jpg 1 17 36 46 46
1535_0014_0012_0057_0057.jpg 1 14 12 57 57
1536_0028_0017_0032_0032.jpg 1 28 17 32 32
1537_0007_0026_0068_0068.jpg 1 7 26 68 68
1538_0008_0024_0065_0065.jpg 1 8 24 65 65
1539_0018_0027_0060_0060.jpg 1 18 27 60 60
1540_0042_0049_0040_0040.jpg 1 42 49 40 40
1541_0008_0034_0046_0046.jpg 1 8 34 46 46
1542_0033_0030_0056_0056.jpg 1 33 30 56 56
1543_0047_0033_0025_0025.jpg 1 47 33 25 25
1544_0037_0019_0049_0049.jpg 1 37 19 49 49
1545_0034_0004_0057_0057.jpg 1 34 4 57 57
1546_0021_0023_0049_0049.jpg 1 21 23 49 49
1547_0020_0046_0029_0029.jpg 1 20 46 29 29
1548_0029_0008_0063_0063.jpg 1 29 8 63 63
1549_0021_0061_0030_0030.jpg 1 21 61 30 30
1550_0034_0032_0051_0051.jpg 1 34 32 51 51
1551_0012_0038_0055_0055.jpg 1 12 38 55 55
1552_0006_0014_0067_0067.jpg 1 6 14 67 67
1553_0025_0050_0025_0025.jpg 1 25 50 25 25
1554_0032_0016_0060_0060.jpg 1 32 16 60 60
1555_0010_0030_0042_0042.jpg 1 10 30 42 42
1556_0025_0061_0030_0030.jpg 1 25 61 30 30
1557_0025_0016_0036_0036.jpg 1 25 16 36 36
1558_0026_0011_0044_0044.jpg 1 26 11 44 44
1559_0044_0029_0042_0042.jpg 1 44 29 42 42
1560_0039_0015_0051_0051.jpg 1 39 15 51 51
1561_0043_0014_0032_0032.jpg 1 43 14 32 32
1562_0012_0032_0033_0033.jpg 1 12 32 33 33
1563_0014_0025_0066_0066.jpg 1 14 25 66 66
1564_0009_0017_0061_0061.jpg 1 9 17 61 61
1565_0062_0008_0029_0029.jpg 1 62 8 29 29
1566_0011_0017_0063_0063.jpg 1 11 17 63 63
1567_0007_0041_0027_0027.jpg 1 7 41 27 27
1568_0031_0030_0054_0054.jpg 1 31 30 54 54
1569_0027_0040_0054_0054.jpg 1 27 40 54 54
1570_0053_0038_0040_0040.jpg 1 53 38 40 40
1571_0016_0031_0044_0044.jpg 1 16 31 44 44
1572_0033_0051_0039_0039.jpg 1 33 51 39 39
1573_0053_0036_0039_0039.jpg 1 53 36 39 39
1574_0045_0011_0048_0048.jpg 1 45 11 48 48
1575_0031_0016_0064_0064.jpg 1 31 16 64 64
1576_0022_0018_0045_0045.jpg 1 22 18 45 45
1577_0023_0011_0064_0064.jpg 1 23 11 64 64
1578_0006_0010_0047_0047.jpg 1 6 10 47 47
1579_0030_0011_0026_0026.jpg 1 30 11 26 26
1580_0037_0022_0025_0025.jpg 1 37 22 25 25
1581_0023_0015_0027_0027.jpg 1 23 15 27 27
1582_0013_0007_0054_0054.jpg 1 13 7 54 54
1583_0012_0008_0062_0062.jpg 1 12 8 62 62
1584_0015_0034_0056_0056.jpg 1 15 34 56 56
1585_0018_0023_0045_0045.jpg 1 18 23 45 45
1586_0059_0052_0026_0026.jpg 1 59 52 26 26
1587_0053_0007_0034_0034.jpg 1 53 7 34 34
1588_0036_0049_0031_0031.jpg 1 36 49 31 31
1589_0016_0022_0063_0063.jpg 1 16 22 63 63
1590_0007_0057_0028_0028.jpg 1 7 57 28 28
1591_0011_0014_0069_0069.jpg 1 11 14 69 69
1592_0029_0024_0065_0065.jpg 1 29 24 65 65
1593_0023_0012_0056_0056.jpg 1 23 12 56 56
1594_0034_0007_0058_0058.jpg 1 34 7 58 58
1595_0006_0006_0041_0041.jpg 1 6 6 41 41
1596_0008_0010_0061_0061.jpg 1 8 10 61 61
1597_0011_0032_0039_0039.jpg 1 11 32 39 39
1598_0056_0026_0026_0026.jpg 1 56 26 26 26
1599_0008_0017_0026_0026.jpg 1 8 17 26 26
1600_0022_0019_0028_0028.jpg 1 22 19 28 28
1601_0061_0035_0026_0026.jpg 1 61 35 26 26
1602_0020_0009_0061_0061.jpg 1 20 9 61 61
1603_0025_0029_0050_0050.jpg 1 25 29 50 50
1604_0006_0010_0058_0058.jpg 1 6 10 58 58
1605_0022_0018_0024_0024.jpg 1 22 18 24 24
1606_0025_0028_0051_0051.jpg 1 25 28 51 51
1607_0048_0044_0024_0024.jpg 1 48 44 24 24
1608_0007_0037_0044_0044.jpg 1 7 37 44 44
1609_0010_0034_0051_0051.jpg 1 10 34 51 51
1610_0007_0038_0042_0042.jpg 1 7 38 42 42
1611_0032_0013_0061_0061.jpg 1 32 13 61 61
1612_0025_0015_0029_0029.jpg 1 25 15 29 29
1613_0009_0010_0055_0055.jpg 1 9 10 55 55
1614_0027_0021_0045_0045.jpg 1 27 21 45 45
1615_0023_0047_0028_0028.jpg 1 23 47 28 28
1616_0010_0014_0048_0048.jpg 1 10 14 48 48
1617_0022_0039_0041_0041.jpg 1 22 39 41 41
1618_0006_0032_0063_0063.jpg 1 6 32 63 63
1619_0023_0034_0025_0025.jpg 1 23 34 25 25
1620_0011_0016_0050_0050.jpg 1 11 16 50 50
1621_0014_0029_0061_0061.jpg 1 14 29 61 61
1622_0017_0033_0056_0056.jpg 1 17 33 56 56
1623_0034_0008_0034_0034.jpg 1 34 8 34 34
1624_0007_0013_0054_0054.jpg 1 7 13 54 54
1625_0013_0026_0048_0048.jpg 1 13 26 48 48
1626_0055_0040_0027_0027.jpg 1 55 40 27 27
1627_0030_0030_0060_0060.jpg 1 30 30 60 60
1628_0009_0012_0065_0065.jpg 1 9 12 65 65
1629_0032_0019_0053_0053.jpg 1 32 19 53 53
1630_0021_0066_0026_0026.jpg 1 21 66 26 26
1631_0007_0023_0067_0067.jpg 1 7 23 67 67
1632_0007_0005_0056_0056.jpg 1 7 5 56 56
1633_0028_0013_0034_0034.jpg 1 28 13 34 34
1634_0010_0026_0033_0033.jpg 1 10 26 33 33
1635_0022_0031_0030_0030.jpg 1 22 31 30 30
1636_0021_0019_0046_0046.jpg 1 21 19 46 46
1637_0032_0039_0032_0032.jpg 1 32 39 32 32
1638_0015_0011_0047_0047.jpg 1 15 11 47 47
1639_0032_0019_0057_0057.jpg 1 32 19 57 57
1640_0021_0008_0057_0057.jpg 1 21 8 57 57
1641_0013_0029_0064_0064.jpg 1 13 29 64 64
1642_0006_0047_0038_0038.jpg 1 6 47 38 38
1643_0042_0052_0035_0035.jpg 1 42 52 35 35
1644_0033_0041_0050_0050.jpg 1 33 41 50 50
1645_0034_0036_0058_0058.jpg 1 34 36 58 58
1646_0007_0062_0026_0026.jpg 1 7 62 26 26
1647_0039_0024_0047_0047.jpg 1 39 24 47 47
1648_0016_0006_0069_0069.jpg 1 16 6 69 69
1649_0040_0037_0045_0045.jpg 1 40 37 45 45
1650_0048_0011_0037_0037.jpg 1 48 11 37 37
1651_0034_0031_0057_0057.jpg 1 34 31 57 57
1652_0035_0036_0033_0033.jpg 1 35 36 33 33
1653_0020_0025_0030_0030.jpg 1 20 25 30 30
1654_0007_0023_0069_0069.jpg 1 7 23 69 69
1655_0027_0021_0055_0055.jpg 1 27 21 55 55
1656_0055_0042_0029_0029.jpg 1 55 42 29 29
1657_0038_0041_0030_0030.jpg 1 38 41 30 30
1658_0005_0011_0064_0064.jpg 1 5 11 64 64
1659_0009_0043_0045_0045.jpg 1 9 43 45 45
1660_0036_0015_0055_0055.jpg 1 36 15 55 55
1661_0034_0017_0050_0050.jpg 1 34 17 50 50
1662_0051_0011_0038_0038.jpg 1 51 11 38 38
1663_0038_0007_0040_0040.jpg 1 38 7 40 40
1664_0033_0037_0035_0035.jpg 1 33 37 35 35
1665_0005_0029_0064_0064.jpg 1 5 29 64 64
1666_0040_0053_0038_0038.jpg 1 40 53 38 38
1667_0029_0038_0040_0040.jpg 1 29 38 40 40
1668_0016_0035_0057_0057.jpg 1 16 35 57 57
1669_0038_0006_0051_0051.jpg 1 38 6 51 51
1670_0022_0051_0028_0028.jpg 1 22 51 28 28
1671_0046_0012_0041_0041.jpg 1 46 12 41 41
1672_0032_0028_0056_0056.jpg 1 32 28 56 56
1673_0031_0058_0032_0032.jpg 1 31 58 32 32
1674_0020_0051_0029_0029.jpg 1 20 51 29 29
1675_0042_0020_0033_0033.jpg 1 42 20 33 33
1676_0012_0014_0061_0061.jpg 1 12 14 61 61
1677_0011_0034_0060_0060.jpg 1 11 34 60 60
1678_0030_0012_0056_0056.jpg 1 30 12 56 56
1679_0018_0040_0026_0026.jpg 1 18 40 26 26
1680_0047_0018_0047_0047.jpg 1 47 18 47 47
1681_0008_0005_0056_0056.jpg 1 8 5 56 56
1682_0047_0017_0032_0032.jpg 1 47 17 32 32
1683_0036_0046_0027_0027.jpg 1 36 46 27 27
1684_0045_0016_0046_0046.jpg 1 45 16 46 46
1685_0013_0008_0068_0068.jpg 1 13 8 68 68
1686_0043_0027_0046_0046.jpg 1 43 27 46 46
1687_0034_0033_0058_0058.jpg 1 34 33 58 58
1688_0034_0020_0035_0035.jpg 1 34 20 35 35
1689_0006_0029_0048_0048.jpg 1 6 29 48 48
1690_0033_0037_0056_0056.jpg 1 33 37 56 56
1691_0029_0017_0033_0033.jpg 1 29 17 33 33
1692_0021_0009_0038_0038.jpg 1 21 9 38 38
1693_0035_0025_0045_0045.jpg 1 35 25 45 45
1694_0019_0056_0024_0024.jpg 1 19 56 24 24
1695_0038_0057_0028_0028.jpg 1 38 57 28 28
1696_0040_0056_0036_0036.jpg 1 40 56 36 36
1697_0042_0026_0040_0040.jpg 1 42 26 40 40
1698_0025_0018_0046_0046.jpg 1 25 18 46 46
1699_0008_0030_0061_0061.jpg 1 8 30 61 61
1700_0025_0015_0062_0062.jpg 1 25 15 62 62
1701_0023_0010_0057_0057.jpg 1 23 10 57 57
1702_0037_0041_0047_0047.jpg 1 37 41 47 47
1703_0019_0050_0038_0038.jpg 1 19 50 38 38
1704_0015_0032_0033_0033.jpg 1 15 32 33 33
1705_0025_0021_0038_0038.jpg 1 25 21 38 38
1706_0037_0027_0053_0053.jpg 1 37 27 53 53
1707_0010_0006_0059_0059.jpg 1 10 6 59 59
1708_0007_0021_0025_0025.jpg 1 7 21 25 25
1709_0015_0020_0050_0050.jpg 1 15 20 50 50
1710_0056_0024_0035_0035.jpg 1 56 24 35 35
1711_0015_0052_0039_0039.jpg 1 15 52 39 39
1712_0023_0025_0057_0057.jpg 1 23 25 57 57
1713_0060_0057_0024_0024.jpg 1 60 57 24 24
1714_0053_0019_0037_0037.jpg 1 53 19 37 37
1715_0016_0037_0058_0058.jpg 1 16 37 58 58
1716_0051_0034_0031_0031.jpg 1 51 34 31 31
1717_0028_0036_0058_0058.jpg 1 28 36 58 58
1718_0005_0011_0058_0058.jpg 1 5 11 58 58
1719_0016_0021_0055_0055.jpg 1 16 21 55 55
1720_0010_0038_0035_0035.jpg 1 10 38 35 35
1721_0022_0015_0035_0035.jpg 1 22 15 35 35
1722_0018_0037_0026_0026.jpg 1 18 37 26 26
1723_0014_0026_0068_0068.jpg 1 14 26 68 68
1724_0024_0024_0043_0043.jpg 1 24 24 43 43
1725_0017_0006_0044_0044.jpg 1 17 6 44 44
1726_0015_0009_0055_0055.jpg 1 15 9 55 55
1727_0018_0012_0063_0063.jpg 1 18 12 63 63
1728_0016_0015_0057_0057.jpg 1 16 15 57 57
1729_0041_0038_0051_0051.jpg 1 41 38 51 51
1730_0015_0018_0056_0056.jpg 1 15 18 56 56
1731_0008_0009_0026_0026.jpg 1 8 9 26 26
1732_0026_0043_0039_0039.jpg 1 26 43 39 39
1733_0058_0054_0025_0025.jpg 1 58 54 25 25
1734_0023_0005_0052_0052.jpg 1 23 5 52 52
1735_0028_0019_0067_0067.jpg 1 28 19 67 67
1736_0015_0049_0034_0034.jpg 1 15 49 34 34
1737_0011_0025_0058_0058.jpg 1 11 25 58 58
1738_0027_0015_0053_0053.jpg 1 27 15 53 53
1739_0014_0016_0067_0067.jpg 1 14 16 67 67
1740_0016_0017_0063_0063.jpg 1 16 17 63 63
1741_0040_0026_0045_0045.jpg 1 40 26 45 45
1742_0025_0018_0069_0069.jpg 1 25 18 69 69
1743_0026_0036_0051_0051.jpg 1 26 36 51 51
1744_0005_0008_0050_0050.jpg 1 5 8 50 50
1745_0006_0004_0054_0054.jpg 1 6 4 54 54
1746_0048_0035_0042_0042.jpg 1 48 35 42 42
1747_0025_0036_0057_0057.jpg 1 25 36 57 57
1748_0010_0021_0043_0043.jpg 1 10 21 43 43
1749_0049_0061_0027_0027.jpg 1 49 61 27 27
1750_0033_0006_0050_0050.jpg 1 33 6 50 50
1751_0034_0022_0050_0050.jpg 1 34 22 50 50
1752_0024_0022_0064_0064.jpg 1 24 22 64 64
1753_0044_0050_0032_0032.jpg 1 44 50 32 32
1754_0013_0027_0039_0039.jpg 1 13 27 39 39
1755_0026_0006_0039_0039.jpg 1 26 6 39 39
1756_0031_0054_0037_0037.jpg 1 31 54 37 37
1757_0027_0019_0063_0063.jpg 1 27 19 63 63
1758_0005_0010_0057_0057.jpg 1 5 10 57 57
1759_0047_0038_0036_0036.jpg 1 47 38 36 36
1760_0047_0022_0043_0043.jpg 1 47 22 43 43
1761_0038_0009_0048_0048.jpg 1 38 9 48 48
1762_0035_0013_0059_0059.jpg 1 35 13 59 59
1763_0018_0026_0034_0034.jpg 1 18 26 34 34
1764_0032_0023_0057_0057.jpg 1 32 23 57 57
1765_0036_0024_0043_0043.jpg 1 36 24 43 43
1766_0039_0021_0056_0056.jpg 1 39 21 56 56
1767_0044_0022_0044_0044.jpg 1 44 22 44 44
1768_0015_0044_0031_0031.jpg 1 15 44 31 31
1769_0010_0049_0033_0033.jpg 1 10 49 33 33
1770_0012_0015_0069_0069.jpg 1 12 15 69 69
1771_0021_0035_0047_0047.jpg 1 21 35 47 47
1772_0017_0024_0039_0039.jpg 1 17 24 39 39
1773_0037_0051_0027_0027.jpg 1 37 51 27 27
1774_0020_0040_0048_0048.jpg 1 20 40 48 48
1775_0015_0019_0067_0067.jpg 1 15 19 67 67
1776_0016_0004_0061_0061.jpg 1 16 4 61 61
1777_0027_0017_0061_0061.jpg 1 27 17 61 61
1778_0006_0028_0067_0067.jpg 1 6 28 67 67
1779_0035_0041_0051_0051.jpg 1 35 41 51 51
1780_0029_0037_0046_0046.jpg 1 29 37 46 46
1781_0006_0028_0052_0052.jpg 1 6 28 52 52
1782_0019_0021_0045_0045.jpg 1 19 21 45 45
1783_0044_0045_0043_0043.jpg 1 44 45 43 43
1784_0061_0023_0030_0030.jpg 1 61 23 30 30
1785_0022_0007_0067_0067.jpg 1 22 7 67 67
1786_0009_0031_0050_0050.jpg 1 9 31 50 50
1787_0010_0025_0033_0033.jpg 1 10 25 33 33
1788_0007_0034_0056_0056.jpg 1 7 34 56 56
1789_0017_0017_0069_0069.jpg 1 17 17 69 69
1790_0039_0022_0056_0056.jpg 1 39 22 56 56
1791_0028_0036_0037_0037.jpg 1 28 36 37 37
1792_0020_0036_0055_0055.jpg 1 20 36 55 55
1793_0011_0017_0064_0064.jpg 1 11 17 64 64
1794_0049_0022_0035_0035.jpg 1 49 22 35 35
1795_0024_0007_0055_0055.jpg 1 24 7 55 55
1796_0041_0019_0034_0034.jpg 1 41 19 34 34
1797_0012_0027_0056_0056.jpg 1 12 27 56 56
1798_0053_0040_0039_0039.jpg 1 53 40 39 39
1799_0023_0017_0055_0055.jpg 1 23 17 55 55
1800_0044_0009_0047_0047.jpg 1 44 9 47 47
1801_0005_0029_0053_0053.jpg 1 5 29 53 53
1802_0017_0017_0069_0069.jpg 1 17 17 69 69
1803_0026_0013_0063_0063.jpg 1 26 13 63 63
1804_0022_0032_0064_0064.jpg 1 22 32 64 64
1805_0032_0008_0063_0063.jpg 1 32 8 63 63
1806_0027_0019_0063_0063.jpg 1 27 19 63 63
1807_0040_0055_0038_0038.jpg 1 40 55 38 38
1808_0010_0011_0064_0064.jpg 1 10 11 64 64
1809_0013_0028_0057_0057.jpg 1 13 28 57 57
1810_0040_0039_0044_0044.jpg 1 40 39 44 44
1811_0029_0028_0041_0041.jpg 1 29 28 41 41
1812_0016_0050_0041_0041.jpg 1 16 50 41 41
1813_0009_0014_0056_0056.jpg 1 9 14 56 56
1814_0053_0016_0024_0024.jpg 1 53 16 24 24
1815_0049_0054_0031_0031.jpg 1 49 54 31 31
1816_0040_0010_0043_0043.jpg 1 40 10 43 43
1817_0012_0015_0060_0060.jpg 1 12 15 60 60
1818_0042_0019_0043_0043.jpg 1 42 19 43 43
1819_0010_0012_0040_0040.jpg 1 10 12 40 40
1820_0026_0008_0064_0064.jpg 1 26 8 64 64
1821_0018_0018_0030_0030.jpg 1 18 18 30 30
1822_0005_0009_0069_0069.jpg 1 5 9 69 69
1823_0009_0021_0057_0057.jpg 1 9 21 57 57
1824_0053_0059_0033_0033.jpg 1 53 59 33 33
1825_0047_0053_0034_0034.jpg 1 47 53 34 34
1826_0028_0016_0026_0026.jpg 1 28 16 26 26
1827_0035_0018_0049_0049.jpg 1 35 18 49 49
1828_0019_0052_0040_0040.jpg 1 19 52 40 40
1829_0020_0025_0065_0065.jpg 1 20 25 65 65
1830_0046_0034_0046_0046.jpg 1 46 34 46 46
1831_0023_0005_0057_0057.jpg 1 23 5 57 57
1832_0027_0010_0058_0058.jpg 1 27 10 58 58
1833_0034_0035_0057_0057.jpg 1 34 35 57 57
1834_0040_0017_0039_0039.jpg 1 40 17 39 39
1835_0036_0039_0038_0038.jpg 1 36 39 38 38
1836_0025_0027_0044_0044.jpg 1 25 27 44 44
1837_0009_0023_0049_0049.jpg 1 9 23 49 49
1838_0024_0023_0056_0056.jpg 1 24 23 56 56
1839_0021_0019_0049_0049.jpg 1 21 19 49 49
1840_0009_0013_0050_0050.jpg 1 9 13 50 50
1841_0009_0008_0054_0054.jpg 1 9 8 54 54
1842_0022_0021_0048_0048.jpg 1 22 21 48 48
1843_0012_0018_0060_0060.jpg 1 12 18 60 60
1844_0034_0052_0032_0032.jpg 1 34 52 32 32
1845_0016_0007_0069_0069.jpg 1 16 7 69 69
1846_0050_0009_0041_0041.jpg 1 50 9 41 41
1847_0023_0021_0048_0048.jpg 1 23 21 48 48
1848_0012_0030_0033_0033.jpg 1 12 30 33 33
1849_0020_0007_0066_0066.jpg 1 20 7 66 66
1850_0033_0007_0042_0042.jpg 1 33 7 42 42
1851_0036_0037_0050_0050.jpg 1 36 37 50 50
1852_0016_0028_0051_0051.jpg 1 16 28 51 51
1853_0006_0020_0050_0050.jpg 1 6 20 50 50
1854_0037_0015_0040_0040.jpg 1 37 15 40 40
1855_0050_0032_0041_0041.jpg 1 50 32 41 41
1856_0034_0064_0025_0025.jpg 1 34 64 25 25
1857_0033_0024_0043_0043.jpg 1 33 24 43 43
1858_0023_0009_0049_0049.jpg 1 23 9 49 49
1859_0018_0023_0040_0040.jpg 1 18 23 40 40
1860_0016_0004_0061_0061.jpg 1 16 4 61 61
1861_0022_0030_0063_0063.jpg 1 22 30 63 63
1862_0033_0035_0043_0043.jpg 1 33 35 43 43
1863_0014_0014_0064_0064.jpg 1 14 14 64 64
1864_0028_0013_0058_0058.jpg 1 28 13 58 58
1865_0028_0015_0034_0034.jpg 1 28 15 34 34
1866_0028_0031_0059_0059.jpg 1 28 31 59 59
1867_0014_0016_0056_0056.jpg 1 14 16 56 56
1868_0043_0037_0047_0047.jpg 1 43 37 47 47
1869_0014_0012_0059_0059.jpg 1 14 12 59 59
1870_0010_0040_0042_0042.jpg 1 10 40 42 42
1871_0007_0031_0041_0041.jpg 1 7 31 41 41
1872_0020_0028_0068_0068.jpg 1 20 28 68 68
1873_0020_0025_0068_0068.jpg 1 20 25 68 68
1874_0041_0017_0031_0031.jpg 1 41 17 31 31
1875_0015_0026_0066_0066.jpg 1 15 26 66 66
1876_0053_0007_0038_0038.jpg 1 53 7 38 38
1877_0009_0011_0061_0061.jpg 1 9 11 61 61
1878_0041_0013_0048_0048.jpg 1 41 13 48 48
1879_0019_0025_0053_0053.jpg 1 19 25 53 53
1880_0054_0046_0039_0039.jpg 1 54 46 39 39
1881_0017_0007_0058_0058.jpg 1 17 7 58 58
1882_0020_0006_0056_0056.jpg 1 20 6 56 56
1883_0021_0043_0029_0029.jpg 1 21 43 29 29
1884_0015_0016_0068_0068.jpg 1 15 16 68 68
1885_0029_0026_0049_0049.jpg 1 29 26 49 49
1886_0020_0018_0069_0069.jpg 1 20 18 69 69
1887_0021_0011_0056_0056.jpg 1 21 11 56 56
1888_0034_0009_0059_0059.jpg 1 34 9 59 59
1889_0042_0026_0028_0028.jpg 1 42 26 28 28
1890_0004_0015_0066_0066.jpg 1 4 15 66 66
1891_0034_0048_0026_0026.jpg 1 34 48 26 26
1892_0046_0025_0048_0048.jpg 1 46 25 48 48
1893_0026_0017_0054_0054.jpg 1 26 17 54 54
1894_0046_0034_0039_0039.jpg 1 46 34 39 39
1895_0026_0038_0054_0054.jpg 1 26 38 54 54
1896_0046_0017_0040_0040.jpg 1 46 17 40 40
1897_0020_0013_0052_0052.jpg 1 20 13 52 52
1898_0020_0047_0032_0032.jpg 1 20 47 32 32
1899_0037_0035_0046_0046.jpg 1 37 35 46 46
1900_0042_0039_0038_0038.jpg 1 42 39 38 38
1901_0022_0021_0048_0048.jpg 1 22 21 48 48
1902_0036_0062_0028_0028.jpg 1 36 62 28 28
1903_0034_0043_0043_0043.jpg 1 34 43 43 43
1904_0065_0008_0027_0027.jpg 1 65 8 27 27
1905_0027_0016_0047_0047.jpg 1 27 16 47 47
1906_0046_0010_0044_0044.jpg 1 46 10 44 44
1907_0027_0031_0028_0028.jpg 1 27 31 28 28
1908_0012_0007_0057_0057.jpg 1 12 7 57 57
1909_0020_0030_0062_0062.jpg 1 20 30 62 62
1910_0018_0023_0026_0026.jpg 1 18 23 26 26
1911_0007_0013_0053_0053.jpg 1 7 13 53 53
1912_0017_0042_0028_0028.jpg 1 17 42 28 28
1913_0017_0019_0044_0044.jpg 1 17 19 44 44
1914_0048_0013_0033_0033.jpg 1 48 13 33 33
1915_0030_0010_0046_0046.jpg 1 30 10 46 46
1916_0007_0007_0036_0036.jpg 1 7 7 36 36
1917_0030_0039_0024_0024.jpg 1 30 39 24 24
1918_0046_0041_0046_0046.jpg 1 46 41 46 46
1919_0012_0036_0044_0044.jpg 1 12 36 44 44
1920_0048_0036_0041_0041.jpg 1 48 36 41 41
1921_0026_0008_0045_0045.jpg 1 26 8 45 45
1922_0009_0041_0046_0046.jpg 1 9 41 46 46
1923_0018_0053_0040_0040.jpg 1 18 53 40 40
1924_0010_0039_0029_0029.jpg 1 10 39 29 29
1925_0029_0017_0033_0033.jpg 1 29 17 33 33
1926_0027_0024_0050_0050.jpg 1 27 24 50 50
1927_0014_0018_0057_0057.jpg 1 14 18 57 57
1928_0014_0021_0069_0069.jpg 1 14 21 69 69
1929_0010_0013_0061_0061.jpg 1 10 13 61 61
1930_0008_0010_0058_0058.jpg 1 8 10 58 58
1931_0015_0010_0049_0049.jpg 1 15 10 49 49
1932_0018_0014_0061_0061.jpg 1 18 14 61 61
1933_0016_0053_0032_0032.jpg 1 16 53 32 32
1934_0064_0044_0027_0027.jpg 1 64 44 27 27
1935_0040_0007_0040_0040.jpg 1 40 7 40 40
1936_0044_0015_0024_0024.jpg 1 44 15 24 24
1937_0022_0033_0042_0042.jpg 1 22 33 42 42
1938_0021_0026_0066_0066.jpg 1 21 26 66 66
1939_0051_0036_0026_0026.jpg 1 51 36 26 26
1940_0011_0017_0055_0055.jpg 1 11 17 55 55
1941_0012_0031_0058_0058.jpg 1 12 31 58 58
1942_0038_0019_0056_0056.jpg 1 38 19 56 56
1943_0024_0008_0034_0034.jpg 1 24 8 34 34
1944_0007_0010_0032_0032.jpg 1 7 10 32 32
1945_0028_0006_0041_0041.jpg 1 28 6 41 41
1946_0026_0045_0026_0026.jpg 1 26 45 26 26
1947_0066_0027_0024_0024.jpg 1 66 27 24 24
1948_0016_0032_0057_0057.jpg 1 16 32 57 57
1949_0036_0010_0057_0057.jpg 1 36 10 57 57
1950_0019_0010_0069_0069.jpg 1 19 10 69 69
1951_0024_0034_0044_0044.jpg 1 24 34 44 44
1952_0033_0030_0059_0059.jpg 1 33 30 59 59
1953_0045_0024_0047_0047.jpg 1 45 24 47 47
1954_0051_0032_0028_0028.jpg 1 51 32 28 28
1955_0020_0038_0057_0057.jpg 1 20 38 57 57
1956_0021_0025_0039_0039.jpg 1 21 25 39 39
1957_0047_0018_0028_0028.jpg 1 47 18 28 28
1958_0046_0048_0025_0025.jpg 1 46 48 25 25
1959_0033_0018_0061_0061.jpg 1 33 18 61 61
1960_0028_0017_0058_0058.jpg 1 28 17 58 58
1961_0006_0009_0039_0039.jpg 1 6 9 39 39
1962_0008_0040_0033_0033.jpg 1 8 40 33 33
1963_0012_0023_0027_0027.jpg 1 12 23 27 27
1964_0012_0036_0029_0029.jpg 1 12 36 29 29
1965_0044_0008_0037_0037.jpg 1 44 8 37 37
1966_0040_0062_0028_0028.jpg 1 40 62 28 28
1967_0011_0044_0040_0040.jpg 1 11 44 40 40
1968_0024_0014_0059_0059.jpg 1 24 14 59 59
1969_0004_0017_0060_0060.jpg 1 4 17 60 60
1970_0016_0043_0038_0038.jpg 1 16 43 38 38
1971_0053_0021_0035_0035.jpg 1 53 21 35 35
1972_0041_0041_0052_0052.jpg 1 41 41 52 52
1973_0011_0040_0042_0042.jpg 1 11 40 42 42
1974_0022_0005_0058_0058.jpg 1 22 5 58 58
1975_0018_0026_0057_0057.jpg 1 18 26 57 57
1976_0010_0024_0056_0056.jpg 1 10 24 56 56
1977_0044_0025_0041_0041.jpg 1 44 25 41 41
1978_0010_0028_0065_0065.jpg 1 10 28 65 65
1979_0031_0057_0031_0031.jpg 1 31 57 31 31
1980_0018_0024_0054_0054.jpg 1 18 24 54 54
1981_0032_0015_0064_0064.jpg 1 32 15 64 64
1982_0003_0020_0063_0063.jpg 1 3 20 63 63
1983_0063_0024_0028_0028.jpg 1 63 24 28 28
1984_0025_0013_0028_0028.jpg 1 25 13 28 28
1985_0011_0038_0036_0036.jpg 1 11 38 36 36
1986_0041_0039_0050_0050.jpg 1 41 39 50 50
1987_0011_0066_0024_0024.jpg 1 11 66 24 24
1988_0006_0048_0036_0036.jpg 1 6 48 36 36
1989_0019_0003_0068_0068.jpg 1 19 3 68 68
1990_0024_0026_0030_0030.jpg 1 24 26 30 30
1991_0052_0047_0032_0032.jpg 1 52 47 32 32
1992_0043_0015_0045_0045.jpg 1 43 15 45 45
1993_0024_0015_0065_0065.jpg 1 24 15 65 65
1994_0008_0014_0040_0040.jpg 1 8 14 40 40
1995_0022_0047_0044_0044.jpg 1 22 47 44 44
1996_0005_0013_0066_0066.jpg 1 5 13 66 66
1997_0012_0010_0045_0045.jpg 1 12 10 45 45
1998_0019_0033_0053_0053.jpg 1 19 33 53 53
1999_0035_0043_0043_0043.jpg 1 35 43 43 43
2000_0024_0006_0069_0069.jpg 1 24 6 69 69
